Loaded config file: /Users/karan/microsegmentation/generation/generate_configs/easy.json5
Using depolymerization rate: 0.28653240989527606

Loading MT points from /Users/karan/tubulaton/tubulaton-run/tubulaton-501.vtk to numpy array...
Simulating positions of fluorophores...
Number of FPs: 9362914744.97031
Generating label segmentation...
39845 tubulin found in focal plane.
Calculating fluorophore density over focal plane...
47195 fluorophores found in the focal plane.
Calculating fluorophore photon emission rate...
Fluorophore photon emission per second = 9470381.451524047
Applying point spread function to light intensity array...
Simulating shot noise...
Quantizing intensities...

Saved data to /Users/karan/microsegmentation/SyntheticData_EASY_DENSE/Images/image-501.png and /Users/karan/microsegmentation/SyntheticData_EASY_DENSE/Labels/label-501.png.

Took 23.70 seconds.

Loading MT points from /Users/karan/tubulaton/tubulaton-run/tubulaton-502.vtk to numpy array...
Simulating positions of fluorophores...
Number of FPs: 8878559777.909338
Generating label segmentation...
41130 tubulin found in focal plane.
Calculating fluorophore density over focal plane...
47489 fluorophores found in the focal plane.
Calculating fluorophore photon emission rate...
Fluorophore photon emission per second = 9470381.451524047
Applying point spread function to light intensity array...
Simulating shot noise...
Quantizing intensities...

Saved data to /Users/karan/microsegmentation/SyntheticData_EASY_DENSE/Images/image-502.png and /Users/karan/microsegmentation/SyntheticData_EASY_DENSE/Labels/label-502.png.

Took 21.98 seconds.

Loading MT points from /Users/karan/tubulaton/tubulaton-run/tubulaton-503.vtk to numpy array...
Simulating positions of fluorophores...
Number of FPs: 8977127513.442896
Generating label segmentation...
39875 tubulin found in focal plane.
Calculating fluorophore density over focal plane...
49885 fluorophores found in the focal plane.
Calculating fluorophore photon emission rate...
Fluorophore photon emission per second = 9470381.451524047
Applying point spread function to light intensity array...
Simulating shot noise...
Quantizing intensities...

Saved data to /Users/karan/microsegmentation/SyntheticData_EASY_DENSE/Images/image-503.png and /Users/karan/microsegmentation/SyntheticData_EASY_DENSE/Labels/label-503.png.

Took 20.02 seconds.

Loading MT points from /Users/karan/tubulaton/tubulaton-run/tubulaton-504.vtk to numpy array...
Simulating positions of fluorophores...
Number of FPs: 8903400149.283966
Generating label segmentation...
51584 tubulin found in focal plane.
Calculating fluorophore density over focal plane...
58950 fluorophores found in the focal plane.
Calculating fluorophore photon emission rate...
Fluorophore photon emission per second = 9470381.451524047
Applying point spread function to light intensity array...
Simulating shot noise...
Quantizing intensities...

Saved data to /Users/karan/microsegmentation/SyntheticData_EASY_DENSE/Images/image-504.png and /Users/karan/microsegmentation/SyntheticData_EASY_DENSE/Labels/label-504.png.

Took 18.82 seconds.

Loading MT points from /Users/karan/tubulaton/tubulaton-run/tubulaton-505.vtk to numpy array...
Simulating positions of fluorophores...
Number of FPs: 9070848956.892763
Generating label segmentation...
39230 tubulin found in focal plane.
Calculating fluorophore density over focal plane...
46138 fluorophores found in the focal plane.
Calculating fluorophore photon emission rate...
Fluorophore photon emission per second = 9470381.451524047
Applying point spread function to light intensity array...
Simulating shot noise...
Quantizing intensities...

Saved data to /Users/karan/microsegmentation/SyntheticData_EASY_DENSE/Images/image-505.png and /Users/karan/microsegmentation/SyntheticData_EASY_DENSE/Labels/label-505.png.

Took 18.25 seconds.

Loading MT points from /Users/karan/tubulaton/tubulaton-run/tubulaton-506.vtk to numpy array...
Simulating positions of fluorophores...
Number of FPs: 9126439018.684938
Generating label segmentation...
35660 tubulin found in focal plane.
Calculating fluorophore density over focal plane...
51349 fluorophores found in the focal plane.
Calculating fluorophore photon emission rate...
Fluorophore photon emission per second = 9470381.451524047
Applying point spread function to light intensity array...
Simulating shot noise...
Quantizing intensities...

Saved data to /Users/karan/microsegmentation/SyntheticData_EASY_DENSE/Images/image-506.png and /Users/karan/microsegmentation/SyntheticData_EASY_DENSE/Labels/label-506.png.

Took 18.75 seconds.

Loading MT points from /Users/karan/tubulaton/tubulaton-run/tubulaton-507.vtk to numpy array...
Simulating positions of fluorophores...
Number of FPs: 9012728418.01731
Generating label segmentation...
40540 tubulin found in focal plane.
Calculating fluorophore density over focal plane...
55490 fluorophores found in the focal plane.
Calculating fluorophore photon emission rate...
Fluorophore photon emission per second = 9470381.451524047
Applying point spread function to light intensity array...
Simulating shot noise...
Quantizing intensities...

Saved data to /Users/karan/microsegmentation/SyntheticData_EASY_DENSE/Images/image-507.png and /Users/karan/microsegmentation/SyntheticData_EASY_DENSE/Labels/label-507.png.

Took 18.13 seconds.

Loading MT points from /Users/karan/tubulaton/tubulaton-run/tubulaton-508.vtk to numpy array...
Simulating positions of fluorophores...
Number of FPs: 9480028577.30322
Generating label segmentation...
30512 tubulin found in focal plane.
Calculating fluorophore density over focal plane...
44415 fluorophores found in the focal plane.
Calculating fluorophore photon emission rate...
Fluorophore photon emission per second = 9470381.451524047
Applying point spread function to light intensity array...
Simulating shot noise...
Quantizing intensities...

Saved data to /Users/karan/microsegmentation/SyntheticData_EASY_DENSE/Images/image-508.png and /Users/karan/microsegmentation/SyntheticData_EASY_DENSE/Labels/label-508.png.

Took 19.21 seconds.

Loading MT points from /Users/karan/tubulaton/tubulaton-run/tubulaton-509.vtk to numpy array...
Simulating positions of fluorophores...
Number of FPs: 9216843190.790678
Generating label segmentation...
33589 tubulin found in focal plane.
Calculating fluorophore density over focal plane...
43231 fluorophores found in the focal plane.
Calculating fluorophore photon emission rate...
Fluorophore photon emission per second = 9470381.451524047
Applying point spread function to light intensity array...
Simulating shot noise...
Quantizing intensities...

Saved data to /Users/karan/microsegmentation/SyntheticData_EASY_DENSE/Images/image-509.png and /Users/karan/microsegmentation/SyntheticData_EASY_DENSE/Labels/label-509.png.

Took 18.30 seconds.

Loading MT points from /Users/karan/tubulaton/tubulaton-run/tubulaton-510.vtk to numpy array...
Simulating positions of fluorophores...
Number of FPs: 9012535515.468477
Generating label segmentation...
45479 tubulin found in focal plane.
Calculating fluorophore density over focal plane...
56231 fluorophores found in the focal plane.
Calculating fluorophore photon emission rate...
Fluorophore photon emission per second = 9470381.451524047
Applying point spread function to light intensity array...
Simulating shot noise...
Quantizing intensities...

Saved data to /Users/karan/microsegmentation/SyntheticData_EASY_DENSE/Images/image-510.png and /Users/karan/microsegmentation/SyntheticData_EASY_DENSE/Labels/label-510.png.

Took 18.40 seconds.

Loading MT points from /Users/karan/tubulaton/tubulaton-run/tubulaton-511.vtk to numpy array...
Simulating positions of fluorophores...
Number of FPs: 9424496483.22828
Generating label segmentation...
38373 tubulin found in focal plane.
Calculating fluorophore density over focal plane...
49804 fluorophores found in the focal plane.
Calculating fluorophore photon emission rate...
Fluorophore photon emission per second = 9470381.451524047
Applying point spread function to light intensity array...
Simulating shot noise...
Quantizing intensities...

Saved data to /Users/karan/microsegmentation/SyntheticData_EASY_DENSE/Images/image-511.png and /Users/karan/microsegmentation/SyntheticData_EASY_DENSE/Labels/label-511.png.

Took 18.16 seconds.

Loading MT points from /Users/karan/tubulaton/tubulaton-run/tubulaton-512.vtk to numpy array...
Simulating positions of fluorophores...
Number of FPs: 9350422724.743746
Generating label segmentation...
39357 tubulin found in focal plane.
Calculating fluorophore density over focal plane...
51777 fluorophores found in the focal plane.
Calculating fluorophore photon emission rate...
Fluorophore photon emission per second = 9470381.451524047
Applying point spread function to light intensity array...
Simulating shot noise...
Quantizing intensities...

Saved data to /Users/karan/microsegmentation/SyntheticData_EASY_DENSE/Images/image-512.png and /Users/karan/microsegmentation/SyntheticData_EASY_DENSE/Labels/label-512.png.

Took 18.08 seconds.

Loading MT points from /Users/karan/tubulaton/tubulaton-run/tubulaton-513.vtk to numpy array...
Simulating positions of fluorophores...
Number of FPs: 9226244035.021776
Generating label segmentation...
44715 tubulin found in focal plane.
Calculating fluorophore density over focal plane...
55632 fluorophores found in the focal plane.
Calculating fluorophore photon emission rate...
Fluorophore photon emission per second = 9470381.451524047
Applying point spread function to light intensity array...
Simulating shot noise...
Quantizing intensities...

Saved data to /Users/karan/microsegmentation/SyntheticData_EASY_DENSE/Images/image-513.png and /Users/karan/microsegmentation/SyntheticData_EASY_DENSE/Labels/label-513.png.

Took 19.11 seconds.

Loading MT points from /Users/karan/tubulaton/tubulaton-run/tubulaton-514.vtk to numpy array...
Simulating positions of fluorophores...
Number of FPs: 9119374825.29354
Generating label segmentation...
40367 tubulin found in focal plane.
Calculating fluorophore density over focal plane...
51504 fluorophores found in the focal plane.
Calculating fluorophore photon emission rate...
Fluorophore photon emission per second = 9470381.451524047
Applying point spread function to light intensity array...
Simulating shot noise...
Quantizing intensities...

Saved data to /Users/karan/microsegmentation/SyntheticData_EASY_DENSE/Images/image-514.png and /Users/karan/microsegmentation/SyntheticData_EASY_DENSE/Labels/label-514.png.

Took 18.37 seconds.

Loading MT points from /Users/karan/tubulaton/tubulaton-run/tubulaton-515.vtk to numpy array...
Simulating positions of fluorophores...
Number of FPs: 8643540567.417604
Generating label segmentation...
40601 tubulin found in focal plane.
Calculating fluorophore density over focal plane...
52989 fluorophores found in the focal plane.
Calculating fluorophore photon emission rate...
Fluorophore photon emission per second = 9470381.451524047
Applying point spread function to light intensity array...
Simulating shot noise...
Quantizing intensities...

Saved data to /Users/karan/microsegmentation/SyntheticData_EASY_DENSE/Images/image-515.png and /Users/karan/microsegmentation/SyntheticData_EASY_DENSE/Labels/label-515.png.

Took 17.74 seconds.

Loading MT points from /Users/karan/tubulaton/tubulaton-run/tubulaton-516.vtk to numpy array...
Simulating positions of fluorophores...
Number of FPs: 9249077908.410934
Generating label segmentation...
33253 tubulin found in focal plane.
Calculating fluorophore density over focal plane...
49100 fluorophores found in the focal plane.
Calculating fluorophore photon emission rate...
Fluorophore photon emission per second = 9470381.451524047
Applying point spread function to light intensity array...
Simulating shot noise...
Quantizing intensities...

Saved data to /Users/karan/microsegmentation/SyntheticData_EASY_DENSE/Images/image-516.png and /Users/karan/microsegmentation/SyntheticData_EASY_DENSE/Labels/label-516.png.

Took 18.66 seconds.

Loading MT points from /Users/karan/tubulaton/tubulaton-run/tubulaton-517.vtk to numpy array...
Simulating positions of fluorophores...
Number of FPs: 9068129028.029823
Generating label segmentation...
36355 tubulin found in focal plane.
Calculating fluorophore density over focal plane...
50481 fluorophores found in the focal plane.
Calculating fluorophore photon emission rate...
Fluorophore photon emission per second = 9470381.451524047
Applying point spread function to light intensity array...
Simulating shot noise...
Quantizing intensities...

Saved data to /Users/karan/microsegmentation/SyntheticData_EASY_DENSE/Images/image-517.png and /Users/karan/microsegmentation/SyntheticData_EASY_DENSE/Labels/label-517.png.

Took 18.38 seconds.

Loading MT points from /Users/karan/tubulaton/tubulaton-run/tubulaton-518.vtk to numpy array...
Simulating positions of fluorophores...
Number of FPs: 8854543936.1885
Generating label segmentation...
39882 tubulin found in focal plane.
Calculating fluorophore density over focal plane...
46325 fluorophores found in the focal plane.
Calculating fluorophore photon emission rate...
Fluorophore photon emission per second = 9470381.451524047
Applying point spread function to light intensity array...
Simulating shot noise...
Quantizing intensities...

Saved data to /Users/karan/microsegmentation/SyntheticData_EASY_DENSE/Images/image-518.png and /Users/karan/microsegmentation/SyntheticData_EASY_DENSE/Labels/label-518.png.

Took 17.64 seconds.

Loading MT points from /Users/karan/tubulaton/tubulaton-run/tubulaton-519.vtk to numpy array...
Simulating positions of fluorophores...
Number of FPs: 9185765923.565523
Generating label segmentation...
40383 tubulin found in focal plane.
Calculating fluorophore density over focal plane...
54586 fluorophores found in the focal plane.
Calculating fluorophore photon emission rate...
Fluorophore photon emission per second = 9470381.451524047
Applying point spread function to light intensity array...
Simulating shot noise...
Quantizing intensities...

Saved data to /Users/karan/microsegmentation/SyntheticData_EASY_DENSE/Images/image-519.png and /Users/karan/microsegmentation/SyntheticData_EASY_DENSE/Labels/label-519.png.

Took 18.35 seconds.

Loading MT points from /Users/karan/tubulaton/tubulaton-run/tubulaton-520.vtk to numpy array...
Simulating positions of fluorophores...
Number of FPs: 9163442201.604343
Generating label segmentation...
39158 tubulin found in focal plane.
Calculating fluorophore density over focal plane...
46637 fluorophores found in the focal plane.
Calculating fluorophore photon emission rate...
Fluorophore photon emission per second = 9470381.451524047
Applying point spread function to light intensity array...
Simulating shot noise...
Quantizing intensities...

Saved data to /Users/karan/microsegmentation/SyntheticData_EASY_DENSE/Images/image-520.png and /Users/karan/microsegmentation/SyntheticData_EASY_DENSE/Labels/label-520.png.

Took 18.66 seconds.

Loading MT points from /Users/karan/tubulaton/tubulaton-run/tubulaton-521.vtk to numpy array...
Simulating positions of fluorophores...
Number of FPs: 9139373072.248276
Generating label segmentation...
41740 tubulin found in focal plane.
Calculating fluorophore density over focal plane...
52228 fluorophores found in the focal plane.
Calculating fluorophore photon emission rate...
Fluorophore photon emission per second = 9470381.451524047
Applying point spread function to light intensity array...
Simulating shot noise...
Quantizing intensities...

Saved data to /Users/karan/microsegmentation/SyntheticData_EASY_DENSE/Images/image-521.png and /Users/karan/microsegmentation/SyntheticData_EASY_DENSE/Labels/label-521.png.

Took 18.56 seconds.

Loading MT points from /Users/karan/tubulaton/tubulaton-run/tubulaton-522.vtk to numpy array...
Simulating positions of fluorophores...
Number of FPs: 9003807277.02272
Generating label segmentation...
39474 tubulin found in focal plane.
Calculating fluorophore density over focal plane...
51338 fluorophores found in the focal plane.
Calculating fluorophore photon emission rate...
Fluorophore photon emission per second = 9470381.451524047
Applying point spread function to light intensity array...
Simulating shot noise...
Quantizing intensities...

Saved data to /Users/karan/microsegmentation/SyntheticData_EASY_DENSE/Images/image-522.png and /Users/karan/microsegmentation/SyntheticData_EASY_DENSE/Labels/label-522.png.

Took 18.03 seconds.

Loading MT points from /Users/karan/tubulaton/tubulaton-run/tubulaton-523.vtk to numpy array...
Simulating positions of fluorophores...
Number of FPs: 9308417697.974146
Generating label segmentation...
33442 tubulin found in focal plane.
Calculating fluorophore density over focal plane...
48164 fluorophores found in the focal plane.
Calculating fluorophore photon emission rate...
Fluorophore photon emission per second = 9470381.451524047
Applying point spread function to light intensity array...
Simulating shot noise...
Quantizing intensities...

Saved data to /Users/karan/microsegmentation/SyntheticData_EASY_DENSE/Images/image-523.png and /Users/karan/microsegmentation/SyntheticData_EASY_DENSE/Labels/label-523.png.

Took 17.90 seconds.

Loading MT points from /Users/karan/tubulaton/tubulaton-run/tubulaton-524.vtk to numpy array...
Simulating positions of fluorophores...
Number of FPs: 9351912668.397821
Generating label segmentation...
41027 tubulin found in focal plane.
Calculating fluorophore density over focal plane...
50737 fluorophores found in the focal plane.
Calculating fluorophore photon emission rate...
Fluorophore photon emission per second = 9470381.451524047
Applying point spread function to light intensity array...
Simulating shot noise...
Quantizing intensities...

Saved data to /Users/karan/microsegmentation/SyntheticData_EASY_DENSE/Images/image-524.png and /Users/karan/microsegmentation/SyntheticData_EASY_DENSE/Labels/label-524.png.

Took 18.49 seconds.

Loading MT points from /Users/karan/tubulaton/tubulaton-run/tubulaton-525.vtk to numpy array...
Simulating positions of fluorophores...
Number of FPs: 9144225337.793167
Generating label segmentation...
55227 tubulin found in focal plane.
Calculating fluorophore density over focal plane...
58776 fluorophores found in the focal plane.
Calculating fluorophore photon emission rate...
Fluorophore photon emission per second = 9470381.451524047
Applying point spread function to light intensity array...
Simulating shot noise...
Quantizing intensities...

Saved data to /Users/karan/microsegmentation/SyntheticData_EASY_DENSE/Images/image-525.png and /Users/karan/microsegmentation/SyntheticData_EASY_DENSE/Labels/label-525.png.

Took 18.64 seconds.

Loading MT points from /Users/karan/tubulaton/tubulaton-run/tubulaton-526.vtk to numpy array...
Simulating positions of fluorophores...
Number of FPs: 9048422358.62617
Generating label segmentation...
46585 tubulin found in focal plane.
Calculating fluorophore density over focal plane...
56562 fluorophores found in the focal plane.
Calculating fluorophore photon emission rate...
Fluorophore photon emission per second = 9470381.451524047
Applying point spread function to light intensity array...
Simulating shot noise...
Quantizing intensities...

Saved data to /Users/karan/microsegmentation/SyntheticData_EASY_DENSE/Images/image-526.png and /Users/karan/microsegmentation/SyntheticData_EASY_DENSE/Labels/label-526.png.

Took 18.50 seconds.

Loading MT points from /Users/karan/tubulaton/tubulaton-run/tubulaton-527.vtk to numpy array...
Simulating positions of fluorophores...
Number of FPs: 9455055327.254082
Generating label segmentation...
44119 tubulin found in focal plane.
Calculating fluorophore density over focal plane...
61417 fluorophores found in the focal plane.
Calculating fluorophore photon emission rate...
Fluorophore photon emission per second = 9470381.451524047
Applying point spread function to light intensity array...
Simulating shot noise...
Quantizing intensities...

Saved data to /Users/karan/microsegmentation/SyntheticData_EASY_DENSE/Images/image-527.png and /Users/karan/microsegmentation/SyntheticData_EASY_DENSE/Labels/label-527.png.

Took 18.90 seconds.

Loading MT points from /Users/karan/tubulaton/tubulaton-run/tubulaton-528.vtk to numpy array...
Simulating positions of fluorophores...
Number of FPs: 9329377875.628952
Generating label segmentation...
36879 tubulin found in focal plane.
Calculating fluorophore density over focal plane...
48393 fluorophores found in the focal plane.
Calculating fluorophore photon emission rate...
Fluorophore photon emission per second = 9470381.451524047
Applying point spread function to light intensity array...
Simulating shot noise...
Quantizing intensities...

Saved data to /Users/karan/microsegmentation/SyntheticData_EASY_DENSE/Images/image-528.png and /Users/karan/microsegmentation/SyntheticData_EASY_DENSE/Labels/label-528.png.

Took 18.19 seconds.

Loading MT points from /Users/karan/tubulaton/tubulaton-run/tubulaton-529.vtk to numpy array...
Simulating positions of fluorophores...
Number of FPs: 8931937911.173302
Generating label segmentation...
50192 tubulin found in focal plane.
Calculating fluorophore density over focal plane...
58673 fluorophores found in the focal plane.
Calculating fluorophore photon emission rate...
Fluorophore photon emission per second = 9470381.451524047
Applying point spread function to light intensity array...
Simulating shot noise...
Quantizing intensities...

Saved data to /Users/karan/microsegmentation/SyntheticData_EASY_DENSE/Images/image-529.png and /Users/karan/microsegmentation/SyntheticData_EASY_DENSE/Labels/label-529.png.

Took 18.12 seconds.

Loading MT points from /Users/karan/tubulaton/tubulaton-run/tubulaton-530.vtk to numpy array...
Simulating positions of fluorophores...
Number of FPs: 8920197272.730566
Generating label segmentation...
45026 tubulin found in focal plane.
Calculating fluorophore density over focal plane...
53849 fluorophores found in the focal plane.
Calculating fluorophore photon emission rate...
Fluorophore photon emission per second = 9470381.451524047
Applying point spread function to light intensity array...
Simulating shot noise...
Quantizing intensities...

Saved data to /Users/karan/microsegmentation/SyntheticData_EASY_DENSE/Images/image-530.png and /Users/karan/microsegmentation/SyntheticData_EASY_DENSE/Labels/label-530.png.

Took 18.32 seconds.

Loading MT points from /Users/karan/tubulaton/tubulaton-run/tubulaton-531.vtk to numpy array...
Simulating positions of fluorophores...
Number of FPs: 9430371383.96149
Generating label segmentation...
39849 tubulin found in focal plane.
Calculating fluorophore density over focal plane...
52190 fluorophores found in the focal plane.
Calculating fluorophore photon emission rate...
Fluorophore photon emission per second = 9470381.451524047
Applying point spread function to light intensity array...
Simulating shot noise...
Quantizing intensities...

Saved data to /Users/karan/microsegmentation/SyntheticData_EASY_DENSE/Images/image-531.png and /Users/karan/microsegmentation/SyntheticData_EASY_DENSE/Labels/label-531.png.

Took 18.42 seconds.

Loading MT points from /Users/karan/tubulaton/tubulaton-run/tubulaton-532.vtk to numpy array...
Simulating positions of fluorophores...
Number of FPs: 9391627369.48554
Generating label segmentation...
43392 tubulin found in focal plane.
Calculating fluorophore density over focal plane...
53076 fluorophores found in the focal plane.
Calculating fluorophore photon emission rate...
Fluorophore photon emission per second = 9470381.451524047
Applying point spread function to light intensity array...
Simulating shot noise...
Quantizing intensities...

Saved data to /Users/karan/microsegmentation/SyntheticData_EASY_DENSE/Images/image-532.png and /Users/karan/microsegmentation/SyntheticData_EASY_DENSE/Labels/label-532.png.

Took 18.62 seconds.

Loading MT points from /Users/karan/tubulaton/tubulaton-run/tubulaton-533.vtk to numpy array...
Simulating positions of fluorophores...
Number of FPs: 8840390148.140446
Generating label segmentation...
45593 tubulin found in focal plane.
Calculating fluorophore density over focal plane...
51507 fluorophores found in the focal plane.
Calculating fluorophore photon emission rate...
Fluorophore photon emission per second = 9470381.451524047
Applying point spread function to light intensity array...
Simulating shot noise...
Quantizing intensities...

Saved data to /Users/karan/microsegmentation/SyntheticData_EASY_DENSE/Images/image-533.png and /Users/karan/microsegmentation/SyntheticData_EASY_DENSE/Labels/label-533.png.

Took 18.19 seconds.

Loading MT points from /Users/karan/tubulaton/tubulaton-run/tubulaton-534.vtk to numpy array...
Simulating positions of fluorophores...
Number of FPs: 8884367170.696817
Generating label segmentation...
49745 tubulin found in focal plane.
Calculating fluorophore density over focal plane...
55816 fluorophores found in the focal plane.
Calculating fluorophore photon emission rate...
Fluorophore photon emission per second = 9470381.451524047
Applying point spread function to light intensity array...
Simulating shot noise...
Quantizing intensities...

Saved data to /Users/karan/microsegmentation/SyntheticData_EASY_DENSE/Images/image-534.png and /Users/karan/microsegmentation/SyntheticData_EASY_DENSE/Labels/label-534.png.

Took 18.17 seconds.

Loading MT points from /Users/karan/tubulaton/tubulaton-run/tubulaton-535.vtk to numpy array...
Simulating positions of fluorophores...
Number of FPs: 9046646158.252253
Generating label segmentation...
43531 tubulin found in focal plane.
Calculating fluorophore density over focal plane...
46748 fluorophores found in the focal plane.
Calculating fluorophore photon emission rate...
Fluorophore photon emission per second = 9470381.451524047
Applying point spread function to light intensity array...
Simulating shot noise...
Quantizing intensities...

Saved data to /Users/karan/microsegmentation/SyntheticData_EASY_DENSE/Images/image-535.png and /Users/karan/microsegmentation/SyntheticData_EASY_DENSE/Labels/label-535.png.

Took 18.47 seconds.

Loading MT points from /Users/karan/tubulaton/tubulaton-run/tubulaton-536.vtk to numpy array...
Simulating positions of fluorophores...
Number of FPs: 9148312728.687204
Generating label segmentation...
45121 tubulin found in focal plane.
Calculating fluorophore density over focal plane...
51061 fluorophores found in the focal plane.
Calculating fluorophore photon emission rate...
Fluorophore photon emission per second = 9470381.451524047
Applying point spread function to light intensity array...
Simulating shot noise...
Quantizing intensities...

Saved data to /Users/karan/microsegmentation/SyntheticData_EASY_DENSE/Images/image-536.png and /Users/karan/microsegmentation/SyntheticData_EASY_DENSE/Labels/label-536.png.

Took 18.47 seconds.

Loading MT points from /Users/karan/tubulaton/tubulaton-run/tubulaton-537.vtk to numpy array...
Simulating positions of fluorophores...
Number of FPs: 9686556902.296272
Generating label segmentation...
31436 tubulin found in focal plane.
Calculating fluorophore density over focal plane...
47158 fluorophores found in the focal plane.
Calculating fluorophore photon emission rate...
Fluorophore photon emission per second = 9470381.451524047
Applying point spread function to light intensity array...
Simulating shot noise...
Quantizing intensities...

Saved data to /Users/karan/microsegmentation/SyntheticData_EASY_DENSE/Images/image-537.png and /Users/karan/microsegmentation/SyntheticData_EASY_DENSE/Labels/label-537.png.

Took 18.38 seconds.

Loading MT points from /Users/karan/tubulaton/tubulaton-run/tubulaton-538.vtk to numpy array...
Simulating positions of fluorophores...
Number of FPs: 9154125062.181686
Generating label segmentation...
34744 tubulin found in focal plane.
Calculating fluorophore density over focal plane...
50573 fluorophores found in the focal plane.
Calculating fluorophore photon emission rate...
Fluorophore photon emission per second = 9470381.451524047
Applying point spread function to light intensity array...
Simulating shot noise...
Quantizing intensities...

Saved data to /Users/karan/microsegmentation/SyntheticData_EASY_DENSE/Images/image-538.png and /Users/karan/microsegmentation/SyntheticData_EASY_DENSE/Labels/label-538.png.

Took 18.79 seconds.

Loading MT points from /Users/karan/tubulaton/tubulaton-run/tubulaton-539.vtk to numpy array...
Simulating positions of fluorophores...
Number of FPs: 8894899198.91844
Generating label segmentation...
44715 tubulin found in focal plane.
Calculating fluorophore density over focal plane...
56791 fluorophores found in the focal plane.
Calculating fluorophore photon emission rate...
Fluorophore photon emission per second = 9470381.451524047
Applying point spread function to light intensity array...
Simulating shot noise...
Quantizing intensities...

Saved data to /Users/karan/microsegmentation/SyntheticData_EASY_DENSE/Images/image-539.png and /Users/karan/microsegmentation/SyntheticData_EASY_DENSE/Labels/label-539.png.

Took 18.26 seconds.

Loading MT points from /Users/karan/tubulaton/tubulaton-run/tubulaton-540.vtk to numpy array...
Simulating positions of fluorophores...
Number of FPs: 9112284181.97558
Generating label segmentation...
37765 tubulin found in focal plane.
Calculating fluorophore density over focal plane...
48845 fluorophores found in the focal plane.
Calculating fluorophore photon emission rate...
Fluorophore photon emission per second = 9470381.451524047
Applying point spread function to light intensity array...
Simulating shot noise...
Quantizing intensities...

Saved data to /Users/karan/microsegmentation/SyntheticData_EASY_DENSE/Images/image-540.png and /Users/karan/microsegmentation/SyntheticData_EASY_DENSE/Labels/label-540.png.

Took 18.54 seconds.

Loading MT points from /Users/karan/tubulaton/tubulaton-run/tubulaton-541.vtk to numpy array...
Simulating positions of fluorophores...
Number of FPs: 9341333339.979673
Generating label segmentation...
34771 tubulin found in focal plane.
Calculating fluorophore density over focal plane...
51864 fluorophores found in the focal plane.
Calculating fluorophore photon emission rate...
Fluorophore photon emission per second = 9470381.451524047
Applying point spread function to light intensity array...
Simulating shot noise...
Quantizing intensities...

Saved data to /Users/karan/microsegmentation/SyntheticData_EASY_DENSE/Images/image-541.png and /Users/karan/microsegmentation/SyntheticData_EASY_DENSE/Labels/label-541.png.

Took 18.25 seconds.

Loading MT points from /Users/karan/tubulaton/tubulaton-run/tubulaton-542.vtk to numpy array...
Simulating positions of fluorophores...
Number of FPs: 9514134522.550955
Generating label segmentation...
43649 tubulin found in focal plane.
Calculating fluorophore density over focal plane...
59781 fluorophores found in the focal plane.
Calculating fluorophore photon emission rate...
Fluorophore photon emission per second = 9470381.451524047
Applying point spread function to light intensity array...
Simulating shot noise...
Quantizing intensities...

Saved data to /Users/karan/microsegmentation/SyntheticData_EASY_DENSE/Images/image-542.png and /Users/karan/microsegmentation/SyntheticData_EASY_DENSE/Labels/label-542.png.

Took 18.96 seconds.

Loading MT points from /Users/karan/tubulaton/tubulaton-run/tubulaton-543.vtk to numpy array...
Simulating positions of fluorophores...
Number of FPs: 8926791018.213419
Generating label segmentation...
39255 tubulin found in focal plane.
Calculating fluorophore density over focal plane...
51705 fluorophores found in the focal plane.
Calculating fluorophore photon emission rate...
Fluorophore photon emission per second = 9470381.451524047
Applying point spread function to light intensity array...
Simulating shot noise...
Quantizing intensities...

Saved data to /Users/karan/microsegmentation/SyntheticData_EASY_DENSE/Images/image-543.png and /Users/karan/microsegmentation/SyntheticData_EASY_DENSE/Labels/label-543.png.

Took 18.43 seconds.

Loading MT points from /Users/karan/tubulaton/tubulaton-run/tubulaton-544.vtk to numpy array...
Simulating positions of fluorophores...
Number of FPs: 9050564476.96399
Generating label segmentation...
38221 tubulin found in focal plane.
Calculating fluorophore density over focal plane...
52854 fluorophores found in the focal plane.
Calculating fluorophore photon emission rate...
Fluorophore photon emission per second = 9470381.451524047
Applying point spread function to light intensity array...
Simulating shot noise...
Quantizing intensities...

Saved data to /Users/karan/microsegmentation/SyntheticData_EASY_DENSE/Images/image-544.png and /Users/karan/microsegmentation/SyntheticData_EASY_DENSE/Labels/label-544.png.

Took 18.17 seconds.

Loading MT points from /Users/karan/tubulaton/tubulaton-run/tubulaton-545.vtk to numpy array...
Simulating positions of fluorophores...
Number of FPs: 9240682853.050686
Generating label segmentation...
42473 tubulin found in focal plane.
Calculating fluorophore density over focal plane...
53749 fluorophores found in the focal plane.
Calculating fluorophore photon emission rate...
Fluorophore photon emission per second = 9470381.451524047
Applying point spread function to light intensity array...
Simulating shot noise...
Quantizing intensities...

Saved data to /Users/karan/microsegmentation/SyntheticData_EASY_DENSE/Images/image-545.png and /Users/karan/microsegmentation/SyntheticData_EASY_DENSE/Labels/label-545.png.

Took 18.72 seconds.

Loading MT points from /Users/karan/tubulaton/tubulaton-run/tubulaton-546.vtk to numpy array...
Simulating positions of fluorophores...
Number of FPs: 9104567681.87401
Generating label segmentation...
49288 tubulin found in focal plane.
Calculating fluorophore density over focal plane...
62494 fluorophores found in the focal plane.
Calculating fluorophore photon emission rate...
Fluorophore photon emission per second = 9470381.451524047
Applying point spread function to light intensity array...
Simulating shot noise...
Quantizing intensities...

Saved data to /Users/karan/microsegmentation/SyntheticData_EASY_DENSE/Images/image-546.png and /Users/karan/microsegmentation/SyntheticData_EASY_DENSE/Labels/label-546.png.

Took 18.35 seconds.

Loading MT points from /Users/karan/tubulaton/tubulaton-run/tubulaton-547.vtk to numpy array...
Simulating positions of fluorophores...
Number of FPs: 9255772496.359371
Generating label segmentation...
45457 tubulin found in focal plane.
Calculating fluorophore density over focal plane...
56973 fluorophores found in the focal plane.
Calculating fluorophore photon emission rate...
Fluorophore photon emission per second = 9470381.451524047
Applying point spread function to light intensity array...
Simulating shot noise...
Quantizing intensities...

Saved data to /Users/karan/microsegmentation/SyntheticData_EASY_DENSE/Images/image-547.png and /Users/karan/microsegmentation/SyntheticData_EASY_DENSE/Labels/label-547.png.

Took 18.94 seconds.

Loading MT points from /Users/karan/tubulaton/tubulaton-run/tubulaton-548.vtk to numpy array...
Simulating positions of fluorophores...
Number of FPs: 9286385416.778236
Generating label segmentation...
37281 tubulin found in focal plane.
Calculating fluorophore density over focal plane...
49203 fluorophores found in the focal plane.
Calculating fluorophore photon emission rate...
Fluorophore photon emission per second = 9470381.451524047
Applying point spread function to light intensity array...
Simulating shot noise...
Quantizing intensities...

Saved data to /Users/karan/microsegmentation/SyntheticData_EASY_DENSE/Images/image-548.png and /Users/karan/microsegmentation/SyntheticData_EASY_DENSE/Labels/label-548.png.

Took 19.02 seconds.

Loading MT points from /Users/karan/tubulaton/tubulaton-run/tubulaton-549.vtk to numpy array...
Simulating positions of fluorophores...
Number of FPs: 9277042335.806145
Generating label segmentation...
37666 tubulin found in focal plane.
Calculating fluorophore density over focal plane...
56256 fluorophores found in the focal plane.
Calculating fluorophore photon emission rate...
Fluorophore photon emission per second = 9470381.451524047
Applying point spread function to light intensity array...
Simulating shot noise...
Quantizing intensities...

Saved data to /Users/karan/microsegmentation/SyntheticData_EASY_DENSE/Images/image-549.png and /Users/karan/microsegmentation/SyntheticData_EASY_DENSE/Labels/label-549.png.

Took 18.87 seconds.

Loading MT points from /Users/karan/tubulaton/tubulaton-run/tubulaton-550.vtk to numpy array...
Simulating positions of fluorophores...
Number of FPs: 8710173975.527113
Generating label segmentation...
47333 tubulin found in focal plane.
Calculating fluorophore density over focal plane...
48999 fluorophores found in the focal plane.
Calculating fluorophore photon emission rate...
Fluorophore photon emission per second = 9470381.451524047
Applying point spread function to light intensity array...
Simulating shot noise...
Quantizing intensities...

Saved data to /Users/karan/microsegmentation/SyntheticData_EASY_DENSE/Images/image-550.png and /Users/karan/microsegmentation/SyntheticData_EASY_DENSE/Labels/label-550.png.

Took 17.79 seconds.

Loading MT points from /Users/karan/tubulaton/tubulaton-run/tubulaton-551.vtk to numpy array...
Simulating positions of fluorophores...
Number of FPs: 9253841794.617458
Generating label segmentation...
42608 tubulin found in focal plane.
Calculating fluorophore density over focal plane...
53852 fluorophores found in the focal plane.
Calculating fluorophore photon emission rate...
Fluorophore photon emission per second = 9470381.451524047
Applying point spread function to light intensity array...
Simulating shot noise...
Quantizing intensities...

Saved data to /Users/karan/microsegmentation/SyntheticData_EASY_DENSE/Images/image-551.png and /Users/karan/microsegmentation/SyntheticData_EASY_DENSE/Labels/label-551.png.

Took 18.93 seconds.

Loading MT points from /Users/karan/tubulaton/tubulaton-run/tubulaton-552.vtk to numpy array...
Simulating positions of fluorophores...
Number of FPs: 9040821295.610294
Generating label segmentation...
41015 tubulin found in focal plane.
Calculating fluorophore density over focal plane...
48345 fluorophores found in the focal plane.
Calculating fluorophore photon emission rate...
Fluorophore photon emission per second = 9470381.451524047
Applying point spread function to light intensity array...
Simulating shot noise...
Quantizing intensities...

Saved data to /Users/karan/microsegmentation/SyntheticData_EASY_DENSE/Images/image-552.png and /Users/karan/microsegmentation/SyntheticData_EASY_DENSE/Labels/label-552.png.

Took 18.17 seconds.

Loading MT points from /Users/karan/tubulaton/tubulaton-run/tubulaton-553.vtk to numpy array...
Simulating positions of fluorophores...
Number of FPs: 9219546473.306267
Generating label segmentation...
35630 tubulin found in focal plane.
Calculating fluorophore density over focal plane...
46717 fluorophores found in the focal plane.
Calculating fluorophore photon emission rate...
Fluorophore photon emission per second = 9470381.451524047
Applying point spread function to light intensity array...
Simulating shot noise...
Quantizing intensities...

Saved data to /Users/karan/microsegmentation/SyntheticData_EASY_DENSE/Images/image-553.png and /Users/karan/microsegmentation/SyntheticData_EASY_DENSE/Labels/label-553.png.

Took 18.20 seconds.

Loading MT points from /Users/karan/tubulaton/tubulaton-run/tubulaton-554.vtk to numpy array...
Simulating positions of fluorophores...
Number of FPs: 9117549456.320044
Generating label segmentation...
50449 tubulin found in focal plane.
Calculating fluorophore density over focal plane...
60851 fluorophores found in the focal plane.
Calculating fluorophore photon emission rate...
Fluorophore photon emission per second = 9470381.451524047
Applying point spread function to light intensity array...
Simulating shot noise...
Quantizing intensities...

Saved data to /Users/karan/microsegmentation/SyntheticData_EASY_DENSE/Images/image-554.png and /Users/karan/microsegmentation/SyntheticData_EASY_DENSE/Labels/label-554.png.

Took 18.45 seconds.

Loading MT points from /Users/karan/tubulaton/tubulaton-run/tubulaton-555.vtk to numpy array...
Simulating positions of fluorophores...
Number of FPs: 9227344321.151861
Generating label segmentation...
32733 tubulin found in focal plane.
Calculating fluorophore density over focal plane...
45473 fluorophores found in the focal plane.
Calculating fluorophore photon emission rate...
Fluorophore photon emission per second = 9470381.451524047
Applying point spread function to light intensity array...
Simulating shot noise...
Quantizing intensities...

Saved data to /Users/karan/microsegmentation/SyntheticData_EASY_DENSE/Images/image-555.png and /Users/karan/microsegmentation/SyntheticData_EASY_DENSE/Labels/label-555.png.

Took 18.84 seconds.

Loading MT points from /Users/karan/tubulaton/tubulaton-run/tubulaton-556.vtk to numpy array...
Simulating positions of fluorophores...
Number of FPs: 9110521829.811815
Generating label segmentation...
42226 tubulin found in focal plane.
Calculating fluorophore density over focal plane...
55809 fluorophores found in the focal plane.
Calculating fluorophore photon emission rate...
Fluorophore photon emission per second = 9470381.451524047
Applying point spread function to light intensity array...
Simulating shot noise...
Quantizing intensities...

Saved data to /Users/karan/microsegmentation/SyntheticData_EASY_DENSE/Images/image-556.png and /Users/karan/microsegmentation/SyntheticData_EASY_DENSE/Labels/label-556.png.

Took 18.05 seconds.

Loading MT points from /Users/karan/tubulaton/tubulaton-run/tubulaton-557.vtk to numpy array...
Simulating positions of fluorophores...
Number of FPs: 8773368789.196154
Generating label segmentation...
39781 tubulin found in focal plane.
Calculating fluorophore density over focal plane...
49329 fluorophores found in the focal plane.
Calculating fluorophore photon emission rate...
Fluorophore photon emission per second = 9470381.451524047
Applying point spread function to light intensity array...
Simulating shot noise...
Quantizing intensities...

Saved data to /Users/karan/microsegmentation/SyntheticData_EASY_DENSE/Images/image-557.png and /Users/karan/microsegmentation/SyntheticData_EASY_DENSE/Labels/label-557.png.

Took 18.20 seconds.

Loading MT points from /Users/karan/tubulaton/tubulaton-run/tubulaton-558.vtk to numpy array...
Simulating positions of fluorophores...
Number of FPs: 9150668417.28535
Generating label segmentation...
39679 tubulin found in focal plane.
Calculating fluorophore density over focal plane...
51069 fluorophores found in the focal plane.
Calculating fluorophore photon emission rate...
Fluorophore photon emission per second = 9470381.451524047
Applying point spread function to light intensity array...
Simulating shot noise...
Quantizing intensities...

Saved data to /Users/karan/microsegmentation/SyntheticData_EASY_DENSE/Images/image-558.png and /Users/karan/microsegmentation/SyntheticData_EASY_DENSE/Labels/label-558.png.

Took 17.62 seconds.

Loading MT points from /Users/karan/tubulaton/tubulaton-run/tubulaton-559.vtk to numpy array...
Simulating positions of fluorophores...
Number of FPs: 9000433712.063417
Generating label segmentation...
41965 tubulin found in focal plane.
Calculating fluorophore density over focal plane...
49452 fluorophores found in the focal plane.
Calculating fluorophore photon emission rate...
Fluorophore photon emission per second = 9470381.451524047
Applying point spread function to light intensity array...
Simulating shot noise...
Quantizing intensities...

Saved data to /Users/karan/microsegmentation/SyntheticData_EASY_DENSE/Images/image-559.png and /Users/karan/microsegmentation/SyntheticData_EASY_DENSE/Labels/label-559.png.

Took 17.86 seconds.

Loading MT points from /Users/karan/tubulaton/tubulaton-run/tubulaton-560.vtk to numpy array...
Simulating positions of fluorophores...
Number of FPs: 9131075056.738657
Generating label segmentation...
44194 tubulin found in focal plane.
Calculating fluorophore density over focal plane...
56613 fluorophores found in the focal plane.
Calculating fluorophore photon emission rate...
Fluorophore photon emission per second = 9470381.451524047
Applying point spread function to light intensity array...
Simulating shot noise...
Quantizing intensities...

Saved data to /Users/karan/microsegmentation/SyntheticData_EASY_DENSE/Images/image-560.png and /Users/karan/microsegmentation/SyntheticData_EASY_DENSE/Labels/label-560.png.

Took 18.35 seconds.

Loading MT points from /Users/karan/tubulaton/tubulaton-run/tubulaton-561.vtk to numpy array...
Simulating positions of fluorophores...
Number of FPs: 9362552556.349947
Generating label segmentation...
33708 tubulin found in focal plane.
Calculating fluorophore density over focal plane...
47614 fluorophores found in the focal plane.
Calculating fluorophore photon emission rate...
Fluorophore photon emission per second = 9470381.451524047
Applying point spread function to light intensity array...
Simulating shot noise...
Quantizing intensities...

Saved data to /Users/karan/microsegmentation/SyntheticData_EASY_DENSE/Images/image-561.png and /Users/karan/microsegmentation/SyntheticData_EASY_DENSE/Labels/label-561.png.

Took 18.59 seconds.

Loading MT points from /Users/karan/tubulaton/tubulaton-run/tubulaton-562.vtk to numpy array...
Simulating positions of fluorophores...
Number of FPs: 9065624174.916359
Generating label segmentation...
41282 tubulin found in focal plane.
Calculating fluorophore density over focal plane...
52173 fluorophores found in the focal plane.
Calculating fluorophore photon emission rate...
Fluorophore photon emission per second = 9470381.451524047
Applying point spread function to light intensity array...
Simulating shot noise...
Quantizing intensities...

Saved data to /Users/karan/microsegmentation/SyntheticData_EASY_DENSE/Images/image-562.png and /Users/karan/microsegmentation/SyntheticData_EASY_DENSE/Labels/label-562.png.

Took 18.10 seconds.

Loading MT points from /Users/karan/tubulaton/tubulaton-run/tubulaton-563.vtk to numpy array...
Simulating positions of fluorophores...
Number of FPs: 9099181038.402721
Generating label segmentation...
34763 tubulin found in focal plane.
Calculating fluorophore density over focal plane...
47906 fluorophores found in the focal plane.
Calculating fluorophore photon emission rate...
Fluorophore photon emission per second = 9470381.451524047
Applying point spread function to light intensity array...
Simulating shot noise...
Quantizing intensities...

Saved data to /Users/karan/microsegmentation/SyntheticData_EASY_DENSE/Images/image-563.png and /Users/karan/microsegmentation/SyntheticData_EASY_DENSE/Labels/label-563.png.

Took 18.27 seconds.

Loading MT points from /Users/karan/tubulaton/tubulaton-run/tubulaton-564.vtk to numpy array...
Simulating positions of fluorophores...
Number of FPs: 9693865599.862707
Generating label segmentation...
44085 tubulin found in focal plane.
Calculating fluorophore density over focal plane...
52913 fluorophores found in the focal plane.
Calculating fluorophore photon emission rate...
Fluorophore photon emission per second = 9470381.451524047
Applying point spread function to light intensity array...
Simulating shot noise...
Quantizing intensities...

Saved data to /Users/karan/microsegmentation/SyntheticData_EASY_DENSE/Images/image-564.png and /Users/karan/microsegmentation/SyntheticData_EASY_DENSE/Labels/label-564.png.

Took 18.76 seconds.

Loading MT points from /Users/karan/tubulaton/tubulaton-run/tubulaton-565.vtk to numpy array...
Simulating positions of fluorophores...
Number of FPs: 8963098036.011309
Generating label segmentation...
36942 tubulin found in focal plane.
Calculating fluorophore density over focal plane...
41531 fluorophores found in the focal plane.
Calculating fluorophore photon emission rate...
Fluorophore photon emission per second = 9470381.451524047
Applying point spread function to light intensity array...
Simulating shot noise...
Quantizing intensities...

Saved data to /Users/karan/microsegmentation/SyntheticData_EASY_DENSE/Images/image-565.png and /Users/karan/microsegmentation/SyntheticData_EASY_DENSE/Labels/label-565.png.

Took 17.96 seconds.

Loading MT points from /Users/karan/tubulaton/tubulaton-run/tubulaton-566.vtk to numpy array...
Simulating positions of fluorophores...
Number of FPs: 9870465052.092094
Generating label segmentation...
32936 tubulin found in focal plane.
Calculating fluorophore density over focal plane...
47117 fluorophores found in the focal plane.
Calculating fluorophore photon emission rate...
Fluorophore photon emission per second = 9470381.451524047
Applying point spread function to light intensity array...
Simulating shot noise...
Quantizing intensities...

Saved data to /Users/karan/microsegmentation/SyntheticData_EASY_DENSE/Images/image-566.png and /Users/karan/microsegmentation/SyntheticData_EASY_DENSE/Labels/label-566.png.

Took 19.05 seconds.

Loading MT points from /Users/karan/tubulaton/tubulaton-run/tubulaton-567.vtk to numpy array...
Simulating positions of fluorophores...
Number of FPs: 9090778075.79409
Generating label segmentation...
42961 tubulin found in focal plane.
Calculating fluorophore density over focal plane...
57129 fluorophores found in the focal plane.
Calculating fluorophore photon emission rate...
Fluorophore photon emission per second = 9470381.451524047
Applying point spread function to light intensity array...
Simulating shot noise...
Quantizing intensities...

Saved data to /Users/karan/microsegmentation/SyntheticData_EASY_DENSE/Images/image-567.png and /Users/karan/microsegmentation/SyntheticData_EASY_DENSE/Labels/label-567.png.

Took 18.23 seconds.

Loading MT points from /Users/karan/tubulaton/tubulaton-run/tubulaton-568.vtk to numpy array...
Simulating positions of fluorophores...
Number of FPs: 9128927540.966358
Generating label segmentation...
53897 tubulin found in focal plane.
Calculating fluorophore density over focal plane...
58568 fluorophores found in the focal plane.
Calculating fluorophore photon emission rate...
Fluorophore photon emission per second = 9470381.451524047
Applying point spread function to light intensity array...
Simulating shot noise...
Quantizing intensities...

Saved data to /Users/karan/microsegmentation/SyntheticData_EASY_DENSE/Images/image-568.png and /Users/karan/microsegmentation/SyntheticData_EASY_DENSE/Labels/label-568.png.

Took 18.47 seconds.

Loading MT points from /Users/karan/tubulaton/tubulaton-run/tubulaton-569.vtk to numpy array...
Simulating positions of fluorophores...
Number of FPs: 9302822479.30542
Generating label segmentation...
31293 tubulin found in focal plane.
Calculating fluorophore density over focal plane...
45389 fluorophores found in the focal plane.
Calculating fluorophore photon emission rate...
Fluorophore photon emission per second = 9470381.451524047
Applying point spread function to light intensity array...
Simulating shot noise...
Quantizing intensities...

Saved data to /Users/karan/microsegmentation/SyntheticData_EASY_DENSE/Images/image-569.png and /Users/karan/microsegmentation/SyntheticData_EASY_DENSE/Labels/label-569.png.

Took 18.28 seconds.

Loading MT points from /Users/karan/tubulaton/tubulaton-run/tubulaton-570.vtk to numpy array...
Simulating positions of fluorophores...
Number of FPs: 9111278506.648306
Generating label segmentation...
41737 tubulin found in focal plane.
Calculating fluorophore density over focal plane...
48333 fluorophores found in the focal plane.
Calculating fluorophore photon emission rate...
Fluorophore photon emission per second = 9470381.451524047
Applying point spread function to light intensity array...
Simulating shot noise...
Quantizing intensities...

Saved data to /Users/karan/microsegmentation/SyntheticData_EASY_DENSE/Images/image-570.png and /Users/karan/microsegmentation/SyntheticData_EASY_DENSE/Labels/label-570.png.

Took 18.52 seconds.

Loading MT points from /Users/karan/tubulaton/tubulaton-run/tubulaton-571.vtk to numpy array...
Simulating positions of fluorophores...
Number of FPs: 9490722532.307367
Generating label segmentation...
43179 tubulin found in focal plane.
Calculating fluorophore density over focal plane...
54368 fluorophores found in the focal plane.
Calculating fluorophore photon emission rate...
Fluorophore photon emission per second = 9470381.451524047
Applying point spread function to light intensity array...
Simulating shot noise...
Quantizing intensities...

Saved data to /Users/karan/microsegmentation/SyntheticData_EASY_DENSE/Images/image-571.png and /Users/karan/microsegmentation/SyntheticData_EASY_DENSE/Labels/label-571.png.

Took 19.04 seconds.

Loading MT points from /Users/karan/tubulaton/tubulaton-run/tubulaton-572.vtk to numpy array...
Simulating positions of fluorophores...
Number of FPs: 9184116065.381464
Generating label segmentation...
44851 tubulin found in focal plane.
Calculating fluorophore density over focal plane...
53627 fluorophores found in the focal plane.
Calculating fluorophore photon emission rate...
Fluorophore photon emission per second = 9470381.451524047
Applying point spread function to light intensity array...
Simulating shot noise...
Quantizing intensities...

Saved data to /Users/karan/microsegmentation/SyntheticData_EASY_DENSE/Images/image-572.png and /Users/karan/microsegmentation/SyntheticData_EASY_DENSE/Labels/label-572.png.

Took 18.76 seconds.

Loading MT points from /Users/karan/tubulaton/tubulaton-run/tubulaton-573.vtk to numpy array...
Simulating positions of fluorophores...
Number of FPs: 9274051988.378605
Generating label segmentation...
38224 tubulin found in focal plane.
Calculating fluorophore density over focal plane...
51872 fluorophores found in the focal plane.
Calculating fluorophore photon emission rate...
Fluorophore photon emission per second = 9470381.451524047
Applying point spread function to light intensity array...
Simulating shot noise...
Quantizing intensities...

Saved data to /Users/karan/microsegmentation/SyntheticData_EASY_DENSE/Images/image-573.png and /Users/karan/microsegmentation/SyntheticData_EASY_DENSE/Labels/label-573.png.

Took 18.44 seconds.

Loading MT points from /Users/karan/tubulaton/tubulaton-run/tubulaton-574.vtk to numpy array...
Simulating positions of fluorophores...
Number of FPs: 9459334205.636776
Generating label segmentation...
37953 tubulin found in focal plane.
Calculating fluorophore density over focal plane...
53265 fluorophores found in the focal plane.
Calculating fluorophore photon emission rate...
Fluorophore photon emission per second = 9470381.451524047
Applying point spread function to light intensity array...
Simulating shot noise...
Quantizing intensities...

Saved data to /Users/karan/microsegmentation/SyntheticData_EASY_DENSE/Images/image-574.png and /Users/karan/microsegmentation/SyntheticData_EASY_DENSE/Labels/label-574.png.

Took 18.37 seconds.

Loading MT points from /Users/karan/tubulaton/tubulaton-run/tubulaton-575.vtk to numpy array...
Simulating positions of fluorophores...
Number of FPs: 9108663303.811651
Generating label segmentation...
37302 tubulin found in focal plane.
Calculating fluorophore density over focal plane...
45706 fluorophores found in the focal plane.
Calculating fluorophore photon emission rate...
Fluorophore photon emission per second = 9470381.451524047
Applying point spread function to light intensity array...
Simulating shot noise...
Quantizing intensities...

Saved data to /Users/karan/microsegmentation/SyntheticData_EASY_DENSE/Images/image-575.png and /Users/karan/microsegmentation/SyntheticData_EASY_DENSE/Labels/label-575.png.

Took 18.09 seconds.

Loading MT points from /Users/karan/tubulaton/tubulaton-run/tubulaton-576.vtk to numpy array...
Simulating positions of fluorophores...
Number of FPs: 9578433201.701279
Generating label segmentation...
37709 tubulin found in focal plane.
Calculating fluorophore density over focal plane...
46902 fluorophores found in the focal plane.
Calculating fluorophore photon emission rate...
Fluorophore photon emission per second = 9470381.451524047
Applying point spread function to light intensity array...
Simulating shot noise...
Quantizing intensities...

Saved data to /Users/karan/microsegmentation/SyntheticData_EASY_DENSE/Images/image-576.png and /Users/karan/microsegmentation/SyntheticData_EASY_DENSE/Labels/label-576.png.

Took 18.79 seconds.

Loading MT points from /Users/karan/tubulaton/tubulaton-run/tubulaton-577.vtk to numpy array...
Simulating positions of fluorophores...
Number of FPs: 9294979218.111198
Generating label segmentation...
36900 tubulin found in focal plane.
Calculating fluorophore density over focal plane...
50933 fluorophores found in the focal plane.
Calculating fluorophore photon emission rate...
Fluorophore photon emission per second = 9470381.451524047
Applying point spread function to light intensity array...
Simulating shot noise...
Quantizing intensities...

Saved data to /Users/karan/microsegmentation/SyntheticData_EASY_DENSE/Images/image-577.png and /Users/karan/microsegmentation/SyntheticData_EASY_DENSE/Labels/label-577.png.

Took 18.22 seconds.

Loading MT points from /Users/karan/tubulaton/tubulaton-run/tubulaton-578.vtk to numpy array...
Simulating positions of fluorophores...
Number of FPs: 9063099120.578918
Generating label segmentation...
50645 tubulin found in focal plane.
Calculating fluorophore density over focal plane...
61104 fluorophores found in the focal plane.
Calculating fluorophore photon emission rate...
Fluorophore photon emission per second = 9470381.451524047
Applying point spread function to light intensity array...
Simulating shot noise...
Quantizing intensities...

Saved data to /Users/karan/microsegmentation/SyntheticData_EASY_DENSE/Images/image-578.png and /Users/karan/microsegmentation/SyntheticData_EASY_DENSE/Labels/label-578.png.

Took 18.32 seconds.

Loading MT points from /Users/karan/tubulaton/tubulaton-run/tubulaton-579.vtk to numpy array...
Simulating positions of fluorophores...
Number of FPs: 9457984654.699642
Generating label segmentation...
34435 tubulin found in focal plane.
Calculating fluorophore density over focal plane...
48527 fluorophores found in the focal plane.
Calculating fluorophore photon emission rate...
Fluorophore photon emission per second = 9470381.451524047
Applying point spread function to light intensity array...
Simulating shot noise...
Quantizing intensities...

Saved data to /Users/karan/microsegmentation/SyntheticData_EASY_DENSE/Images/image-579.png and /Users/karan/microsegmentation/SyntheticData_EASY_DENSE/Labels/label-579.png.

Took 18.54 seconds.

Loading MT points from /Users/karan/tubulaton/tubulaton-run/tubulaton-580.vtk to numpy array...
Simulating positions of fluorophores...
Number of FPs: 9347486876.847633
Generating label segmentation...
44936 tubulin found in focal plane.
Calculating fluorophore density over focal plane...
55634 fluorophores found in the focal plane.
Calculating fluorophore photon emission rate...
Fluorophore photon emission per second = 9470381.451524047
Applying point spread function to light intensity array...
Simulating shot noise...
Quantizing intensities...

Saved data to /Users/karan/microsegmentation/SyntheticData_EASY_DENSE/Images/image-580.png and /Users/karan/microsegmentation/SyntheticData_EASY_DENSE/Labels/label-580.png.

Took 18.71 seconds.

Loading MT points from /Users/karan/tubulaton/tubulaton-run/tubulaton-581.vtk to numpy array...
Simulating positions of fluorophores...
Number of FPs: 9434405269.648165
Generating label segmentation...
43538 tubulin found in focal plane.
Calculating fluorophore density over focal plane...
57055 fluorophores found in the focal plane.
Calculating fluorophore photon emission rate...
Fluorophore photon emission per second = 9470381.451524047
Applying point spread function to light intensity array...
Simulating shot noise...
Quantizing intensities...

Saved data to /Users/karan/microsegmentation/SyntheticData_EASY_DENSE/Images/image-581.png and /Users/karan/microsegmentation/SyntheticData_EASY_DENSE/Labels/label-581.png.

Took 18.82 seconds.

Loading MT points from /Users/karan/tubulaton/tubulaton-run/tubulaton-582.vtk to numpy array...
Simulating positions of fluorophores...
Number of FPs: 9110426739.727997
Generating label segmentation...
36417 tubulin found in focal plane.
Calculating fluorophore density over focal plane...
48043 fluorophores found in the focal plane.
Calculating fluorophore photon emission rate...
Fluorophore photon emission per second = 9470381.451524047
Applying point spread function to light intensity array...
Simulating shot noise...
Quantizing intensities...

Saved data to /Users/karan/microsegmentation/SyntheticData_EASY_DENSE/Images/image-582.png and /Users/karan/microsegmentation/SyntheticData_EASY_DENSE/Labels/label-582.png.

Took 18.84 seconds.

Loading MT points from /Users/karan/tubulaton/tubulaton-run/tubulaton-583.vtk to numpy array...
Simulating positions of fluorophores...
Number of FPs: 9256570097.442661
Generating label segmentation...
57225 tubulin found in focal plane.
Calculating fluorophore density over focal plane...
67494 fluorophores found in the focal plane.
Calculating fluorophore photon emission rate...
Fluorophore photon emission per second = 9470381.451524047
Applying point spread function to light intensity array...
Simulating shot noise...
Quantizing intensities...

Saved data to /Users/karan/microsegmentation/SyntheticData_EASY_DENSE/Images/image-583.png and /Users/karan/microsegmentation/SyntheticData_EASY_DENSE/Labels/label-583.png.

Took 18.67 seconds.

Loading MT points from /Users/karan/tubulaton/tubulaton-run/tubulaton-584.vtk to numpy array...
Simulating positions of fluorophores...
Number of FPs: 8998574418.348925
Generating label segmentation...
38119 tubulin found in focal plane.
Calculating fluorophore density over focal plane...
45165 fluorophores found in the focal plane.
Calculating fluorophore photon emission rate...
Fluorophore photon emission per second = 9470381.451524047
Applying point spread function to light intensity array...
Simulating shot noise...
Quantizing intensities...

Saved data to /Users/karan/microsegmentation/SyntheticData_EASY_DENSE/Images/image-584.png and /Users/karan/microsegmentation/SyntheticData_EASY_DENSE/Labels/label-584.png.

Took 18.04 seconds.

Loading MT points from /Users/karan/tubulaton/tubulaton-run/tubulaton-585.vtk to numpy array...
Simulating positions of fluorophores...
Number of FPs: 8807966238.2898
Generating label segmentation...
32218 tubulin found in focal plane.
Calculating fluorophore density over focal plane...
49390 fluorophores found in the focal plane.
Calculating fluorophore photon emission rate...
Fluorophore photon emission per second = 9470381.451524047
Applying point spread function to light intensity array...
Simulating shot noise...
Quantizing intensities...

Saved data to /Users/karan/microsegmentation/SyntheticData_EASY_DENSE/Images/image-585.png and /Users/karan/microsegmentation/SyntheticData_EASY_DENSE/Labels/label-585.png.

Took 18.36 seconds.

Loading MT points from /Users/karan/tubulaton/tubulaton-run/tubulaton-586.vtk to numpy array...
Simulating positions of fluorophores...
Number of FPs: 9201534065.809181
Generating label segmentation...
37788 tubulin found in focal plane.
Calculating fluorophore density over focal plane...
50789 fluorophores found in the focal plane.
Calculating fluorophore photon emission rate...
Fluorophore photon emission per second = 9470381.451524047
Applying point spread function to light intensity array...
Simulating shot noise...
Quantizing intensities...

Saved data to /Users/karan/microsegmentation/SyntheticData_EASY_DENSE/Images/image-586.png and /Users/karan/microsegmentation/SyntheticData_EASY_DENSE/Labels/label-586.png.

Took 18.29 seconds.

Loading MT points from /Users/karan/tubulaton/tubulaton-run/tubulaton-587.vtk to numpy array...
Simulating positions of fluorophores...
Number of FPs: 9183247562.392508
Generating label segmentation...
39906 tubulin found in focal plane.
Calculating fluorophore density over focal plane...
48864 fluorophores found in the focal plane.
Calculating fluorophore photon emission rate...
Fluorophore photon emission per second = 9470381.451524047
Applying point spread function to light intensity array...
Simulating shot noise...
Quantizing intensities...

Saved data to /Users/karan/microsegmentation/SyntheticData_EASY_DENSE/Images/image-587.png and /Users/karan/microsegmentation/SyntheticData_EASY_DENSE/Labels/label-587.png.

Took 17.92 seconds.

Loading MT points from /Users/karan/tubulaton/tubulaton-run/tubulaton-588.vtk to numpy array...
Simulating positions of fluorophores...
Number of FPs: 9293060177.82666
Generating label segmentation...
38004 tubulin found in focal plane.
Calculating fluorophore density over focal plane...
53444 fluorophores found in the focal plane.
Calculating fluorophore photon emission rate...
Fluorophore photon emission per second = 9470381.451524047
Applying point spread function to light intensity array...
Simulating shot noise...
Quantizing intensities...

Saved data to /Users/karan/microsegmentation/SyntheticData_EASY_DENSE/Images/image-588.png and /Users/karan/microsegmentation/SyntheticData_EASY_DENSE/Labels/label-588.png.

Took 18.57 seconds.

Loading MT points from /Users/karan/tubulaton/tubulaton-run/tubulaton-589.vtk to numpy array...
Simulating positions of fluorophores...
Number of FPs: 9064636983.064651
Generating label segmentation...
38441 tubulin found in focal plane.
Calculating fluorophore density over focal plane...
50691 fluorophores found in the focal plane.
Calculating fluorophore photon emission rate...
Fluorophore photon emission per second = 9470381.451524047
Applying point spread function to light intensity array...
Simulating shot noise...
Quantizing intensities...

Saved data to /Users/karan/microsegmentation/SyntheticData_EASY_DENSE/Images/image-589.png and /Users/karan/microsegmentation/SyntheticData_EASY_DENSE/Labels/label-589.png.

Took 17.74 seconds.

Loading MT points from /Users/karan/tubulaton/tubulaton-run/tubulaton-590.vtk to numpy array...
Simulating positions of fluorophores...
Number of FPs: 9156663969.964361
Generating label segmentation...
33520 tubulin found in focal plane.
Calculating fluorophore density over focal plane...
50632 fluorophores found in the focal plane.
Calculating fluorophore photon emission rate...
Fluorophore photon emission per second = 9470381.451524047
Applying point spread function to light intensity array...
Simulating shot noise...
Quantizing intensities...

Saved data to /Users/karan/microsegmentation/SyntheticData_EASY_DENSE/Images/image-590.png and /Users/karan/microsegmentation/SyntheticData_EASY_DENSE/Labels/label-590.png.

Took 18.22 seconds.

Loading MT points from /Users/karan/tubulaton/tubulaton-run/tubulaton-591.vtk to numpy array...
Simulating positions of fluorophores...
Number of FPs: 8822044770.41044
Generating label segmentation...
40807 tubulin found in focal plane.
Calculating fluorophore density over focal plane...
48669 fluorophores found in the focal plane.
Calculating fluorophore photon emission rate...
Fluorophore photon emission per second = 9470381.451524047
Applying point spread function to light intensity array...
Simulating shot noise...
Quantizing intensities...

Saved data to /Users/karan/microsegmentation/SyntheticData_EASY_DENSE/Images/image-591.png and /Users/karan/microsegmentation/SyntheticData_EASY_DENSE/Labels/label-591.png.

Took 18.43 seconds.

Loading MT points from /Users/karan/tubulaton/tubulaton-run/tubulaton-592.vtk to numpy array...
Simulating positions of fluorophores...
Number of FPs: 9138344440.134325
Generating label segmentation...
40727 tubulin found in focal plane.
Calculating fluorophore density over focal plane...
52236 fluorophores found in the focal plane.
Calculating fluorophore photon emission rate...
Fluorophore photon emission per second = 9470381.451524047
Applying point spread function to light intensity array...
Simulating shot noise...
Quantizing intensities...

Saved data to /Users/karan/microsegmentation/SyntheticData_EASY_DENSE/Images/image-592.png and /Users/karan/microsegmentation/SyntheticData_EASY_DENSE/Labels/label-592.png.

Took 18.21 seconds.

Loading MT points from /Users/karan/tubulaton/tubulaton-run/tubulaton-593.vtk to numpy array...
Simulating positions of fluorophores...
Number of FPs: 9227645841.625206
Generating label segmentation...
31880 tubulin found in focal plane.
Calculating fluorophore density over focal plane...
46507 fluorophores found in the focal plane.
Calculating fluorophore photon emission rate...
Fluorophore photon emission per second = 9470381.451524047
Applying point spread function to light intensity array...
Simulating shot noise...
Quantizing intensities...

Saved data to /Users/karan/microsegmentation/SyntheticData_EASY_DENSE/Images/image-593.png and /Users/karan/microsegmentation/SyntheticData_EASY_DENSE/Labels/label-593.png.

Took 960.02 seconds.

Loading MT points from /Users/karan/tubulaton/tubulaton-run/tubulaton-594.vtk to numpy array...
Simulating positions of fluorophores...
Number of FPs: 9055615081.838667
Generating label segmentation...
36048 tubulin found in focal plane.
Calculating fluorophore density over focal plane...
47861 fluorophores found in the focal plane.
Calculating fluorophore photon emission rate...
Fluorophore photon emission per second = 9470381.451524047
Applying point spread function to light intensity array...
Simulating shot noise...
Quantizing intensities...

Saved data to /Users/karan/microsegmentation/SyntheticData_EASY_DENSE/Images/image-594.png and /Users/karan/microsegmentation/SyntheticData_EASY_DENSE/Labels/label-594.png.

Took 18.05 seconds.

Loading MT points from /Users/karan/tubulaton/tubulaton-run/tubulaton-595.vtk to numpy array...
Simulating positions of fluorophores...
Number of FPs: 9681034399.942953
Generating label segmentation...
30654 tubulin found in focal plane.
Calculating fluorophore density over focal plane...
49392 fluorophores found in the focal plane.
Calculating fluorophore photon emission rate...
Fluorophore photon emission per second = 9470381.451524047
Applying point spread function to light intensity array...
Simulating shot noise...
Quantizing intensities...

Saved data to /Users/karan/microsegmentation/SyntheticData_EASY_DENSE/Images/image-595.png and /Users/karan/microsegmentation/SyntheticData_EASY_DENSE/Labels/label-595.png.

Took 18.66 seconds.

Loading MT points from /Users/karan/tubulaton/tubulaton-run/tubulaton-596.vtk to numpy array...
Simulating positions of fluorophores...
Number of FPs: 9097504786.24809
Generating label segmentation...
45053 tubulin found in focal plane.
Calculating fluorophore density over focal plane...
52580 fluorophores found in the focal plane.
Calculating fluorophore photon emission rate...
Fluorophore photon emission per second = 9470381.451524047
Applying point spread function to light intensity array...
Simulating shot noise...
Quantizing intensities...

Saved data to /Users/karan/microsegmentation/SyntheticData_EASY_DENSE/Images/image-596.png and /Users/karan/microsegmentation/SyntheticData_EASY_DENSE/Labels/label-596.png.

Took 20.41 seconds.

Loading MT points from /Users/karan/tubulaton/tubulaton-run/tubulaton-597.vtk to numpy array...
Simulating positions of fluorophores...
Number of FPs: 9467700124.59273
Generating label segmentation...
43549 tubulin found in focal plane.
Calculating fluorophore density over focal plane...
53169 fluorophores found in the focal plane.
Calculating fluorophore photon emission rate...
Fluorophore photon emission per second = 9470381.451524047
Applying point spread function to light intensity array...
Simulating shot noise...
Quantizing intensities...

Saved data to /Users/karan/microsegmentation/SyntheticData_EASY_DENSE/Images/image-597.png and /Users/karan/microsegmentation/SyntheticData_EASY_DENSE/Labels/label-597.png.

Took 1055.72 seconds.

Loading MT points from /Users/karan/tubulaton/tubulaton-run/tubulaton-598.vtk to numpy array...
Simulating positions of fluorophores...
Number of FPs: 9325329497.86317
Generating label segmentation...
30941 tubulin found in focal plane.
Calculating fluorophore density over focal plane...
44936 fluorophores found in the focal plane.
Calculating fluorophore photon emission rate...
Fluorophore photon emission per second = 9470381.451524047
Applying point spread function to light intensity array...
Simulating shot noise...
Quantizing intensities...

Saved data to /Users/karan/microsegmentation/SyntheticData_EASY_DENSE/Images/image-598.png and /Users/karan/microsegmentation/SyntheticData_EASY_DENSE/Labels/label-598.png.

Took 22.60 seconds.

Loading MT points from /Users/karan/tubulaton/tubulaton-run/tubulaton-599.vtk to numpy array...
Simulating positions of fluorophores...
Number of FPs: 9292737106.63889
Generating label segmentation...
41783 tubulin found in focal plane.
Calculating fluorophore density over focal plane...
53070 fluorophores found in the focal plane.
Calculating fluorophore photon emission rate...
Fluorophore photon emission per second = 9470381.451524047
Applying point spread function to light intensity array...
Simulating shot noise...
Quantizing intensities...

Saved data to /Users/karan/microsegmentation/SyntheticData_EASY_DENSE/Images/image-599.png and /Users/karan/microsegmentation/SyntheticData_EASY_DENSE/Labels/label-599.png.

Took 22.99 seconds.

Loading MT points from /Users/karan/tubulaton/tubulaton-run/tubulaton-600.vtk to numpy array...
Simulating positions of fluorophores...
Number of FPs: 9216915398.979723
Generating label segmentation...
39787 tubulin found in focal plane.
Calculating fluorophore density over focal plane...
50149 fluorophores found in the focal plane.
Calculating fluorophore photon emission rate...
Fluorophore photon emission per second = 9470381.451524047
Applying point spread function to light intensity array...
Simulating shot noise...
Quantizing intensities...

Saved data to /Users/karan/microsegmentation/SyntheticData_EASY_DENSE/Images/image-600.png and /Users/karan/microsegmentation/SyntheticData_EASY_DENSE/Labels/label-600.png.

Took 998.27 seconds.


Took 4821.15 seconds in total.
(48.21 seconds per .vtk file)
