Loaded config file: /Users/karan/microsegmentation/generation/generate_configs/easy.json5
Using depolymerization rate: 0.10652995056604064

Loading MT points from /Users/karan/tubulaton/tubulaton-run/tubulaton-901.vtk to numpy array...
Simulating positions of fluorophores...
Number of FPs: 8523638329.576025
Generating label segmentation...
60410 tubulin found in focal plane.
Calculating fluorophore density over focal plane...
52176 fluorophores found in the focal plane.
Calculating fluorophore photon emission rate...
Fluorophore photon emission per second = 9470381.451524047
Applying point spread function to light intensity array...
Simulating shot noise...
Quantizing intensities...

Saved data to /Users/karan/microsegmentation/SyntheticData_EASY_DENSE/Images/image-901.png and /Users/karan/microsegmentation/SyntheticData_EASY_DENSE/Labels/label-901.png.

Took 23.09 seconds.

Loading MT points from /Users/karan/tubulaton/tubulaton-run/tubulaton-902.vtk to numpy array...
Simulating positions of fluorophores...
Number of FPs: 9116474725.307209
Generating label segmentation...
60833 tubulin found in focal plane.
Calculating fluorophore density over focal plane...
58077 fluorophores found in the focal plane.
Calculating fluorophore photon emission rate...
Fluorophore photon emission per second = 9470381.451524047
Applying point spread function to light intensity array...
Simulating shot noise...
Quantizing intensities...

Saved data to /Users/karan/microsegmentation/SyntheticData_EASY_DENSE/Images/image-902.png and /Users/karan/microsegmentation/SyntheticData_EASY_DENSE/Labels/label-902.png.

Took 21.25 seconds.

Loading MT points from /Users/karan/tubulaton/tubulaton-run/tubulaton-903.vtk to numpy array...
Simulating positions of fluorophores...
Number of FPs: 8741861272.46894
Generating label segmentation...
38511 tubulin found in focal plane.
Calculating fluorophore density over focal plane...
38900 fluorophores found in the focal plane.
Calculating fluorophore photon emission rate...
Fluorophore photon emission per second = 9470381.451524047
Applying point spread function to light intensity array...
Simulating shot noise...
Quantizing intensities...

Saved data to /Users/karan/microsegmentation/SyntheticData_EASY_DENSE/Images/image-903.png and /Users/karan/microsegmentation/SyntheticData_EASY_DENSE/Labels/label-903.png.

Took 19.30 seconds.

Loading MT points from /Users/karan/tubulaton/tubulaton-run/tubulaton-904.vtk to numpy array...
Simulating positions of fluorophores...
Number of FPs: 8598349895.34271
Generating label segmentation...
41421 tubulin found in focal plane.
Calculating fluorophore density over focal plane...
43363 fluorophores found in the focal plane.
Calculating fluorophore photon emission rate...
Fluorophore photon emission per second = 9470381.451524047
Applying point spread function to light intensity array...
Simulating shot noise...
Quantizing intensities...

Saved data to /Users/karan/microsegmentation/SyntheticData_EASY_DENSE/Images/image-904.png and /Users/karan/microsegmentation/SyntheticData_EASY_DENSE/Labels/label-904.png.

Took 19.73 seconds.

Loading MT points from /Users/karan/tubulaton/tubulaton-run/tubulaton-905.vtk to numpy array...
Simulating positions of fluorophores...
Number of FPs: 8996454736.531061
Generating label segmentation...
56380 tubulin found in focal plane.
Calculating fluorophore density over focal plane...
49850 fluorophores found in the focal plane.
Calculating fluorophore photon emission rate...
Fluorophore photon emission per second = 9470381.451524047
Applying point spread function to light intensity array...
Simulating shot noise...
Quantizing intensities...

Saved data to /Users/karan/microsegmentation/SyntheticData_EASY_DENSE/Images/image-905.png and /Users/karan/microsegmentation/SyntheticData_EASY_DENSE/Labels/label-905.png.

Took 18.35 seconds.

Loading MT points from /Users/karan/tubulaton/tubulaton-run/tubulaton-906.vtk to numpy array...
Simulating positions of fluorophores...
Number of FPs: 8483823792.953221
Generating label segmentation...
49331 tubulin found in focal plane.
Calculating fluorophore density over focal plane...
45274 fluorophores found in the focal plane.
Calculating fluorophore photon emission rate...
Fluorophore photon emission per second = 9470381.451524047
Applying point spread function to light intensity array...
Simulating shot noise...
Quantizing intensities...

Saved data to /Users/karan/microsegmentation/SyntheticData_EASY_DENSE/Images/image-906.png and /Users/karan/microsegmentation/SyntheticData_EASY_DENSE/Labels/label-906.png.

Took 17.33 seconds.

Loading MT points from /Users/karan/tubulaton/tubulaton-run/tubulaton-907.vtk to numpy array...
Simulating positions of fluorophores...
Number of FPs: 8527009499.51888
Generating label segmentation...
65566 tubulin found in focal plane.
Calculating fluorophore density over focal plane...
57929 fluorophores found in the focal plane.
Calculating fluorophore photon emission rate...
Fluorophore photon emission per second = 9470381.451524047
Applying point spread function to light intensity array...
Simulating shot noise...
Quantizing intensities...

Saved data to /Users/karan/microsegmentation/SyntheticData_EASY_DENSE/Images/image-907.png and /Users/karan/microsegmentation/SyntheticData_EASY_DENSE/Labels/label-907.png.

Took 17.64 seconds.

Loading MT points from /Users/karan/tubulaton/tubulaton-run/tubulaton-908.vtk to numpy array...
Simulating positions of fluorophores...
Number of FPs: 8786756706.2302
Generating label segmentation...
54243 tubulin found in focal plane.
Calculating fluorophore density over focal plane...
51763 fluorophores found in the focal plane.
Calculating fluorophore photon emission rate...
Fluorophore photon emission per second = 9470381.451524047
Applying point spread function to light intensity array...
Simulating shot noise...
Quantizing intensities...

Saved data to /Users/karan/microsegmentation/SyntheticData_EASY_DENSE/Images/image-908.png and /Users/karan/microsegmentation/SyntheticData_EASY_DENSE/Labels/label-908.png.

Took 17.81 seconds.

Loading MT points from /Users/karan/tubulaton/tubulaton-run/tubulaton-909.vtk to numpy array...
Simulating positions of fluorophores...
Number of FPs: 8636798534.963377
Generating label segmentation...
45312 tubulin found in focal plane.
Calculating fluorophore density over focal plane...
45564 fluorophores found in the focal plane.
Calculating fluorophore photon emission rate...
Fluorophore photon emission per second = 9470381.451524047
Applying point spread function to light intensity array...
Simulating shot noise...
Quantizing intensities...

Saved data to /Users/karan/microsegmentation/SyntheticData_EASY_DENSE/Images/image-909.png and /Users/karan/microsegmentation/SyntheticData_EASY_DENSE/Labels/label-909.png.

Took 16.81 seconds.

Loading MT points from /Users/karan/tubulaton/tubulaton-run/tubulaton-910.vtk to numpy array...
Simulating positions of fluorophores...
Number of FPs: 9746252551.60474
Generating label segmentation...
51634 tubulin found in focal plane.
Calculating fluorophore density over focal plane...
56633 fluorophores found in the focal plane.
Calculating fluorophore photon emission rate...
Fluorophore photon emission per second = 9470381.451524047
Applying point spread function to light intensity array...
Simulating shot noise...
Quantizing intensities...

Saved data to /Users/karan/microsegmentation/SyntheticData_EASY_DENSE/Images/image-910.png and /Users/karan/microsegmentation/SyntheticData_EASY_DENSE/Labels/label-910.png.

Took 20.69 seconds.

Loading MT points from /Users/karan/tubulaton/tubulaton-run/tubulaton-911.vtk to numpy array...
Simulating positions of fluorophores...
Number of FPs: 8169280366.090704
Generating label segmentation...
68043 tubulin found in focal plane.
Calculating fluorophore density over focal plane...
54399 fluorophores found in the focal plane.
Calculating fluorophore photon emission rate...
Fluorophore photon emission per second = 9470381.451524047
Applying point spread function to light intensity array...
Simulating shot noise...
Quantizing intensities...

Saved data to /Users/karan/microsegmentation/SyntheticData_EASY_DENSE/Images/image-911.png and /Users/karan/microsegmentation/SyntheticData_EASY_DENSE/Labels/label-911.png.

Took 17.06 seconds.

Loading MT points from /Users/karan/tubulaton/tubulaton-run/tubulaton-912.vtk to numpy array...
Simulating positions of fluorophores...
Number of FPs: 8894573420.649576
Generating label segmentation...
55042 tubulin found in focal plane.
Calculating fluorophore density over focal plane...
50375 fluorophores found in the focal plane.
Calculating fluorophore photon emission rate...
Fluorophore photon emission per second = 9470381.451524047
Applying point spread function to light intensity array...
Simulating shot noise...
Quantizing intensities...

Saved data to /Users/karan/microsegmentation/SyntheticData_EASY_DENSE/Images/image-912.png and /Users/karan/microsegmentation/SyntheticData_EASY_DENSE/Labels/label-912.png.

Took 17.75 seconds.

Loading MT points from /Users/karan/tubulaton/tubulaton-run/tubulaton-913.vtk to numpy array...
Simulating positions of fluorophores...
Number of FPs: 8830657040.41044
Generating label segmentation...
56507 tubulin found in focal plane.
Calculating fluorophore density over focal plane...
53819 fluorophores found in the focal plane.
Calculating fluorophore photon emission rate...
Fluorophore photon emission per second = 9470381.451524047
Applying point spread function to light intensity array...
Simulating shot noise...
Quantizing intensities...

Saved data to /Users/karan/microsegmentation/SyntheticData_EASY_DENSE/Images/image-913.png and /Users/karan/microsegmentation/SyntheticData_EASY_DENSE/Labels/label-913.png.

Took 17.99 seconds.

Loading MT points from /Users/karan/tubulaton/tubulaton-run/tubulaton-914.vtk to numpy array...
Simulating positions of fluorophores...
Number of FPs: 8519058724.926177
Generating label segmentation...
44460 tubulin found in focal plane.
Calculating fluorophore density over focal plane...
44768 fluorophores found in the focal plane.
Calculating fluorophore photon emission rate...
Fluorophore photon emission per second = 9470381.451524047
Applying point spread function to light intensity array...
Simulating shot noise...
Quantizing intensities...

Saved data to /Users/karan/microsegmentation/SyntheticData_EASY_DENSE/Images/image-914.png and /Users/karan/microsegmentation/SyntheticData_EASY_DENSE/Labels/label-914.png.

Took 17.65 seconds.

Loading MT points from /Users/karan/tubulaton/tubulaton-run/tubulaton-915.vtk to numpy array...
Simulating positions of fluorophores...
Number of FPs: 9022116328.164776
Generating label segmentation...
45186 tubulin found in focal plane.
Calculating fluorophore density over focal plane...
49032 fluorophores found in the focal plane.
Calculating fluorophore photon emission rate...
Fluorophore photon emission per second = 9470381.451524047
Applying point spread function to light intensity array...
Simulating shot noise...
Quantizing intensities...

Saved data to /Users/karan/microsegmentation/SyntheticData_EASY_DENSE/Images/image-915.png and /Users/karan/microsegmentation/SyntheticData_EASY_DENSE/Labels/label-915.png.

Took 18.12 seconds.

Loading MT points from /Users/karan/tubulaton/tubulaton-run/tubulaton-916.vtk to numpy array...
Simulating positions of fluorophores...
Number of FPs: 8812043470.058292
Generating label segmentation...
59812 tubulin found in focal plane.
Calculating fluorophore density over focal plane...
57845 fluorophores found in the focal plane.
Calculating fluorophore photon emission rate...
Fluorophore photon emission per second = 9470381.451524047
Applying point spread function to light intensity array...
Simulating shot noise...
Quantizing intensities...

Saved data to /Users/karan/microsegmentation/SyntheticData_EASY_DENSE/Images/image-916.png and /Users/karan/microsegmentation/SyntheticData_EASY_DENSE/Labels/label-916.png.

Took 17.56 seconds.

Loading MT points from /Users/karan/tubulaton/tubulaton-run/tubulaton-917.vtk to numpy array...
Simulating positions of fluorophores...
Number of FPs: 9226530025.547035
Generating label segmentation...
42087 tubulin found in focal plane.
Calculating fluorophore density over focal plane...
45391 fluorophores found in the focal plane.
Calculating fluorophore photon emission rate...
Fluorophore photon emission per second = 9470381.451524047
Applying point spread function to light intensity array...
Simulating shot noise...
Quantizing intensities...

Saved data to /Users/karan/microsegmentation/SyntheticData_EASY_DENSE/Images/image-917.png and /Users/karan/microsegmentation/SyntheticData_EASY_DENSE/Labels/label-917.png.

Took 18.78 seconds.

Loading MT points from /Users/karan/tubulaton/tubulaton-run/tubulaton-918.vtk to numpy array...
Simulating positions of fluorophores...
Number of FPs: 8790575300.845892
Generating label segmentation...
53333 tubulin found in focal plane.
Calculating fluorophore density over focal plane...
45894 fluorophores found in the focal plane.
Calculating fluorophore photon emission rate...
Fluorophore photon emission per second = 9470381.451524047
Applying point spread function to light intensity array...
Simulating shot noise...
Quantizing intensities...

Saved data to /Users/karan/microsegmentation/SyntheticData_EASY_DENSE/Images/image-918.png and /Users/karan/microsegmentation/SyntheticData_EASY_DENSE/Labels/label-918.png.

Took 17.39 seconds.

Loading MT points from /Users/karan/tubulaton/tubulaton-run/tubulaton-919.vtk to numpy array...
Simulating positions of fluorophores...
Number of FPs: 8411391154.04951
Generating label segmentation...
61437 tubulin found in focal plane.
Calculating fluorophore density over focal plane...
52258 fluorophores found in the focal plane.
Calculating fluorophore photon emission rate...
Fluorophore photon emission per second = 9470381.451524047
Applying point spread function to light intensity array...
Simulating shot noise...
Quantizing intensities...

Saved data to /Users/karan/microsegmentation/SyntheticData_EASY_DENSE/Images/image-919.png and /Users/karan/microsegmentation/SyntheticData_EASY_DENSE/Labels/label-919.png.

Took 17.30 seconds.

Loading MT points from /Users/karan/tubulaton/tubulaton-run/tubulaton-920.vtk to numpy array...
Simulating positions of fluorophores...
Number of FPs: 8661692366.9345
Generating label segmentation...
48973 tubulin found in focal plane.
Calculating fluorophore density over focal plane...
49958 fluorophores found in the focal plane.
Calculating fluorophore photon emission rate...
Fluorophore photon emission per second = 9470381.451524047
Applying point spread function to light intensity array...
Simulating shot noise...
Quantizing intensities...

Saved data to /Users/karan/microsegmentation/SyntheticData_EASY_DENSE/Images/image-920.png and /Users/karan/microsegmentation/SyntheticData_EASY_DENSE/Labels/label-920.png.

Took 17.53 seconds.

Loading MT points from /Users/karan/tubulaton/tubulaton-run/tubulaton-921.vtk to numpy array...
Simulating positions of fluorophores...
Number of FPs: 8770339829.066393
Generating label segmentation...
48812 tubulin found in focal plane.
Calculating fluorophore density over focal plane...
48204 fluorophores found in the focal plane.
Calculating fluorophore photon emission rate...
Fluorophore photon emission per second = 9470381.451524047
Applying point spread function to light intensity array...
Simulating shot noise...
Quantizing intensities...

Saved data to /Users/karan/microsegmentation/SyntheticData_EASY_DENSE/Images/image-921.png and /Users/karan/microsegmentation/SyntheticData_EASY_DENSE/Labels/label-921.png.

Took 17.04 seconds.

Loading MT points from /Users/karan/tubulaton/tubulaton-run/tubulaton-922.vtk to numpy array...
Simulating positions of fluorophores...
Number of FPs: 8565337700.514168
Generating label segmentation...
47284 tubulin found in focal plane.
Calculating fluorophore density over focal plane...
46163 fluorophores found in the focal plane.
Calculating fluorophore photon emission rate...
Fluorophore photon emission per second = 9470381.451524047
Applying point spread function to light intensity array...
Simulating shot noise...
Quantizing intensities...

Saved data to /Users/karan/microsegmentation/SyntheticData_EASY_DENSE/Images/image-922.png and /Users/karan/microsegmentation/SyntheticData_EASY_DENSE/Labels/label-922.png.

Took 16.74 seconds.

Loading MT points from /Users/karan/tubulaton/tubulaton-run/tubulaton-923.vtk to numpy array...
Simulating positions of fluorophores...
Number of FPs: 8663395037.596615
Generating label segmentation...
44398 tubulin found in focal plane.
Calculating fluorophore density over focal plane...
43021 fluorophores found in the focal plane.
Calculating fluorophore photon emission rate...
Fluorophore photon emission per second = 9470381.451524047
Applying point spread function to light intensity array...
Simulating shot noise...
Quantizing intensities...

Saved data to /Users/karan/microsegmentation/SyntheticData_EASY_DENSE/Images/image-923.png and /Users/karan/microsegmentation/SyntheticData_EASY_DENSE/Labels/label-923.png.

Took 17.04 seconds.

Loading MT points from /Users/karan/tubulaton/tubulaton-run/tubulaton-924.vtk to numpy array...
Simulating positions of fluorophores...
Number of FPs: 8886305054.49338
Generating label segmentation...
47837 tubulin found in focal plane.
Calculating fluorophore density over focal plane...
48113 fluorophores found in the focal plane.
Calculating fluorophore photon emission rate...
Fluorophore photon emission per second = 9470381.451524047
Applying point spread function to light intensity array...
Simulating shot noise...
Quantizing intensities...

Saved data to /Users/karan/microsegmentation/SyntheticData_EASY_DENSE/Images/image-924.png and /Users/karan/microsegmentation/SyntheticData_EASY_DENSE/Labels/label-924.png.

Took 17.37 seconds.

Loading MT points from /Users/karan/tubulaton/tubulaton-run/tubulaton-925.vtk to numpy array...
Simulating positions of fluorophores...
Number of FPs: 9448078998.983181
Generating label segmentation...
47615 tubulin found in focal plane.
Calculating fluorophore density over focal plane...
53569 fluorophores found in the focal plane.
Calculating fluorophore photon emission rate...
Fluorophore photon emission per second = 9470381.451524047
Applying point spread function to light intensity array...
Simulating shot noise...
Quantizing intensities...

Saved data to /Users/karan/microsegmentation/SyntheticData_EASY_DENSE/Images/image-925.png and /Users/karan/microsegmentation/SyntheticData_EASY_DENSE/Labels/label-925.png.

Took 18.53 seconds.

Loading MT points from /Users/karan/tubulaton/tubulaton-run/tubulaton-926.vtk to numpy array...
Simulating positions of fluorophores...
Number of FPs: 8861957471.712091
Generating label segmentation...
45517 tubulin found in focal plane.
Calculating fluorophore density over focal plane...
50327 fluorophores found in the focal plane.
Calculating fluorophore photon emission rate...
Fluorophore photon emission per second = 9470381.451524047
Applying point spread function to light intensity array...
Simulating shot noise...
Quantizing intensities...

Saved data to /Users/karan/microsegmentation/SyntheticData_EASY_DENSE/Images/image-926.png and /Users/karan/microsegmentation/SyntheticData_EASY_DENSE/Labels/label-926.png.

Took 17.46 seconds.

Loading MT points from /Users/karan/tubulaton/tubulaton-run/tubulaton-927.vtk to numpy array...
Simulating positions of fluorophores...
Number of FPs: 8059952339.634034
Generating label segmentation...
59161 tubulin found in focal plane.
Calculating fluorophore density over focal plane...
52126 fluorophores found in the focal plane.
Calculating fluorophore photon emission rate...
Fluorophore photon emission per second = 9470381.451524047
Applying point spread function to light intensity array...
Simulating shot noise...
Quantizing intensities...

Saved data to /Users/karan/microsegmentation/SyntheticData_EASY_DENSE/Images/image-927.png and /Users/karan/microsegmentation/SyntheticData_EASY_DENSE/Labels/label-927.png.

Took 17.10 seconds.

Loading MT points from /Users/karan/tubulaton/tubulaton-run/tubulaton-928.vtk to numpy array...
Simulating positions of fluorophores...
Number of FPs: 8504825487.659292
Generating label segmentation...
62509 tubulin found in focal plane.
Calculating fluorophore density over focal plane...
54908 fluorophores found in the focal plane.
Calculating fluorophore photon emission rate...
Fluorophore photon emission per second = 9470381.451524047
Applying point spread function to light intensity array...
Simulating shot noise...
Quantizing intensities...

Saved data to /Users/karan/microsegmentation/SyntheticData_EASY_DENSE/Images/image-928.png and /Users/karan/microsegmentation/SyntheticData_EASY_DENSE/Labels/label-928.png.

Took 17.89 seconds.

Loading MT points from /Users/karan/tubulaton/tubulaton-run/tubulaton-929.vtk to numpy array...
Simulating positions of fluorophores...
Number of FPs: 8621373279.711514
Generating label segmentation...
42392 tubulin found in focal plane.
Calculating fluorophore density over focal plane...
40869 fluorophores found in the focal plane.
Calculating fluorophore photon emission rate...
Fluorophore photon emission per second = 9470381.451524047
Applying point spread function to light intensity array...
Simulating shot noise...
Quantizing intensities...

Saved data to /Users/karan/microsegmentation/SyntheticData_EASY_DENSE/Images/image-929.png and /Users/karan/microsegmentation/SyntheticData_EASY_DENSE/Labels/label-929.png.

Took 17.63 seconds.

Loading MT points from /Users/karan/tubulaton/tubulaton-run/tubulaton-930.vtk to numpy array...
Simulating positions of fluorophores...
Number of FPs: 8266746047.055113
Generating label segmentation...
59661 tubulin found in focal plane.
Calculating fluorophore density over focal plane...
56239 fluorophores found in the focal plane.
Calculating fluorophore photon emission rate...
Fluorophore photon emission per second = 9470381.451524047
Applying point spread function to light intensity array...
Simulating shot noise...
Quantizing intensities...

Saved data to /Users/karan/microsegmentation/SyntheticData_EASY_DENSE/Images/image-930.png and /Users/karan/microsegmentation/SyntheticData_EASY_DENSE/Labels/label-930.png.

Took 17.11 seconds.

Loading MT points from /Users/karan/tubulaton/tubulaton-run/tubulaton-931.vtk to numpy array...
Simulating positions of fluorophores...
Number of FPs: 8892633400.119617
Generating label segmentation...
48997 tubulin found in focal plane.
Calculating fluorophore density over focal plane...
48784 fluorophores found in the focal plane.
Calculating fluorophore photon emission rate...
Fluorophore photon emission per second = 9470381.451524047
Applying point spread function to light intensity array...
Simulating shot noise...
Quantizing intensities...

Saved data to /Users/karan/microsegmentation/SyntheticData_EASY_DENSE/Images/image-931.png and /Users/karan/microsegmentation/SyntheticData_EASY_DENSE/Labels/label-931.png.

Took 17.49 seconds.

Loading MT points from /Users/karan/tubulaton/tubulaton-run/tubulaton-932.vtk to numpy array...
Simulating positions of fluorophores...
Number of FPs: 8489449578.919161
Generating label segmentation...
48370 tubulin found in focal plane.
Calculating fluorophore density over focal plane...
50048 fluorophores found in the focal plane.
Calculating fluorophore photon emission rate...
Fluorophore photon emission per second = 9470381.451524047
Applying point spread function to light intensity array...
Simulating shot noise...
Quantizing intensities...

Saved data to /Users/karan/microsegmentation/SyntheticData_EASY_DENSE/Images/image-932.png and /Users/karan/microsegmentation/SyntheticData_EASY_DENSE/Labels/label-932.png.

Took 17.74 seconds.

Loading MT points from /Users/karan/tubulaton/tubulaton-run/tubulaton-933.vtk to numpy array...
Simulating positions of fluorophores...
Number of FPs: 8184745844.861806
Generating label segmentation...
50182 tubulin found in focal plane.
Calculating fluorophore density over focal plane...
46446 fluorophores found in the focal plane.
Calculating fluorophore photon emission rate...
Fluorophore photon emission per second = 9470381.451524047
Applying point spread function to light intensity array...
Simulating shot noise...
Quantizing intensities...

Saved data to /Users/karan/microsegmentation/SyntheticData_EASY_DENSE/Images/image-933.png and /Users/karan/microsegmentation/SyntheticData_EASY_DENSE/Labels/label-933.png.

Took 17.53 seconds.

Loading MT points from /Users/karan/tubulaton/tubulaton-run/tubulaton-934.vtk to numpy array...
Simulating positions of fluorophores...
Number of FPs: 8798148173.752188
Generating label segmentation...
58057 tubulin found in focal plane.
Calculating fluorophore density over focal plane...
54936 fluorophores found in the focal plane.
Calculating fluorophore photon emission rate...
Fluorophore photon emission per second = 9470381.451524047
Applying point spread function to light intensity array...
Simulating shot noise...
Quantizing intensities...

Saved data to /Users/karan/microsegmentation/SyntheticData_EASY_DENSE/Images/image-934.png and /Users/karan/microsegmentation/SyntheticData_EASY_DENSE/Labels/label-934.png.

Took 18.02 seconds.

Loading MT points from /Users/karan/tubulaton/tubulaton-run/tubulaton-935.vtk to numpy array...
Simulating positions of fluorophores...
Number of FPs: 8154539752.016649
Generating label segmentation...
46090 tubulin found in focal plane.
Calculating fluorophore density over focal plane...
45476 fluorophores found in the focal plane.
Calculating fluorophore photon emission rate...
Fluorophore photon emission per second = 9470381.451524047
Applying point spread function to light intensity array...
Simulating shot noise...
Quantizing intensities...

Saved data to /Users/karan/microsegmentation/SyntheticData_EASY_DENSE/Images/image-935.png and /Users/karan/microsegmentation/SyntheticData_EASY_DENSE/Labels/label-935.png.

Took 17.05 seconds.

Loading MT points from /Users/karan/tubulaton/tubulaton-run/tubulaton-936.vtk to numpy array...
Simulating positions of fluorophores...
Number of FPs: 8335577807.553472
Generating label segmentation...
55276 tubulin found in focal plane.
Calculating fluorophore density over focal plane...
48635 fluorophores found in the focal plane.
Calculating fluorophore photon emission rate...
Fluorophore photon emission per second = 9470381.451524047
Applying point spread function to light intensity array...
Simulating shot noise...
Quantizing intensities...

Saved data to /Users/karan/microsegmentation/SyntheticData_EASY_DENSE/Images/image-936.png and /Users/karan/microsegmentation/SyntheticData_EASY_DENSE/Labels/label-936.png.

Took 17.48 seconds.

Loading MT points from /Users/karan/tubulaton/tubulaton-run/tubulaton-937.vtk to numpy array...
Simulating positions of fluorophores...
Number of FPs: 8566840819.111059
Generating label segmentation...
67629 tubulin found in focal plane.
Calculating fluorophore density over focal plane...
55846 fluorophores found in the focal plane.
Calculating fluorophore photon emission rate...
Fluorophore photon emission per second = 9470381.451524047
Applying point spread function to light intensity array...
Simulating shot noise...
Quantizing intensities...

Saved data to /Users/karan/microsegmentation/SyntheticData_EASY_DENSE/Images/image-937.png and /Users/karan/microsegmentation/SyntheticData_EASY_DENSE/Labels/label-937.png.

Took 17.49 seconds.

Loading MT points from /Users/karan/tubulaton/tubulaton-run/tubulaton-938.vtk to numpy array...
Simulating positions of fluorophores...
Number of FPs: 8459925798.107748
Generating label segmentation...
64704 tubulin found in focal plane.
Calculating fluorophore density over focal plane...
57087 fluorophores found in the focal plane.
Calculating fluorophore photon emission rate...
Fluorophore photon emission per second = 9470381.451524047
Applying point spread function to light intensity array...
Simulating shot noise...
Quantizing intensities...

Saved data to /Users/karan/microsegmentation/SyntheticData_EASY_DENSE/Images/image-938.png and /Users/karan/microsegmentation/SyntheticData_EASY_DENSE/Labels/label-938.png.

Took 18.35 seconds.

Loading MT points from /Users/karan/tubulaton/tubulaton-run/tubulaton-939.vtk to numpy array...
Simulating positions of fluorophores...
Number of FPs: 8383188993.803644
Generating label segmentation...
44462 tubulin found in focal plane.
Calculating fluorophore density over focal plane...
45694 fluorophores found in the focal plane.
Calculating fluorophore photon emission rate...
Fluorophore photon emission per second = 9470381.451524047
Applying point spread function to light intensity array...
Simulating shot noise...
Quantizing intensities...

Saved data to /Users/karan/microsegmentation/SyntheticData_EASY_DENSE/Images/image-939.png and /Users/karan/microsegmentation/SyntheticData_EASY_DENSE/Labels/label-939.png.

Took 17.32 seconds.

Loading MT points from /Users/karan/tubulaton/tubulaton-run/tubulaton-940.vtk to numpy array...
Simulating positions of fluorophores...
Number of FPs: 9179913707.229866
Generating label segmentation...
58904 tubulin found in focal plane.
Calculating fluorophore density over focal plane...
54693 fluorophores found in the focal plane.
Calculating fluorophore photon emission rate...
Fluorophore photon emission per second = 9470381.451524047
Applying point spread function to light intensity array...
Simulating shot noise...
Quantizing intensities...

Saved data to /Users/karan/microsegmentation/SyntheticData_EASY_DENSE/Images/image-940.png and /Users/karan/microsegmentation/SyntheticData_EASY_DENSE/Labels/label-940.png.

Took 17.94 seconds.

Loading MT points from /Users/karan/tubulaton/tubulaton-run/tubulaton-941.vtk to numpy array...
Simulating positions of fluorophores...
Number of FPs: 8355051781.216226
Generating label segmentation...
49301 tubulin found in focal plane.
Calculating fluorophore density over focal plane...
47415 fluorophores found in the focal plane.
Calculating fluorophore photon emission rate...
Fluorophore photon emission per second = 9470381.451524047
Applying point spread function to light intensity array...
Simulating shot noise...
Quantizing intensities...

Saved data to /Users/karan/microsegmentation/SyntheticData_EASY_DENSE/Images/image-941.png and /Users/karan/microsegmentation/SyntheticData_EASY_DENSE/Labels/label-941.png.

Took 17.48 seconds.

Loading MT points from /Users/karan/tubulaton/tubulaton-run/tubulaton-942.vtk to numpy array...
Simulating positions of fluorophores...
Number of FPs: 8394795082.8564
Generating label segmentation...
38432 tubulin found in focal plane.
Calculating fluorophore density over focal plane...
39773 fluorophores found in the focal plane.
Calculating fluorophore photon emission rate...
Fluorophore photon emission per second = 9470381.451524047
Applying point spread function to light intensity array...
Simulating shot noise...
Quantizing intensities...

Saved data to /Users/karan/microsegmentation/SyntheticData_EASY_DENSE/Images/image-942.png and /Users/karan/microsegmentation/SyntheticData_EASY_DENSE/Labels/label-942.png.

Took 16.81 seconds.

Loading MT points from /Users/karan/tubulaton/tubulaton-run/tubulaton-943.vtk to numpy array...
Simulating positions of fluorophores...
Number of FPs: 8604319309.783781
Generating label segmentation...
56929 tubulin found in focal plane.
Calculating fluorophore density over focal plane...
52158 fluorophores found in the focal plane.
Calculating fluorophore photon emission rate...
Fluorophore photon emission per second = 9470381.451524047
Applying point spread function to light intensity array...
Simulating shot noise...
Quantizing intensities...

Saved data to /Users/karan/microsegmentation/SyntheticData_EASY_DENSE/Images/image-943.png and /Users/karan/microsegmentation/SyntheticData_EASY_DENSE/Labels/label-943.png.

Took 17.53 seconds.

Loading MT points from /Users/karan/tubulaton/tubulaton-run/tubulaton-944.vtk to numpy array...
Simulating positions of fluorophores...
Number of FPs: 9143973893.459114
Generating label segmentation...
46250 tubulin found in focal plane.
Calculating fluorophore density over focal plane...
45169 fluorophores found in the focal plane.
Calculating fluorophore photon emission rate...
Fluorophore photon emission per second = 9470381.451524047
Applying point spread function to light intensity array...
Simulating shot noise...
Quantizing intensities...

Saved data to /Users/karan/microsegmentation/SyntheticData_EASY_DENSE/Images/image-944.png and /Users/karan/microsegmentation/SyntheticData_EASY_DENSE/Labels/label-944.png.

Took 17.76 seconds.

Loading MT points from /Users/karan/tubulaton/tubulaton-run/tubulaton-945.vtk to numpy array...
Simulating positions of fluorophores...
Number of FPs: 8927789010.139523
Generating label segmentation...
42953 tubulin found in focal plane.
Calculating fluorophore density over focal plane...
46400 fluorophores found in the focal plane.
Calculating fluorophore photon emission rate...
Fluorophore photon emission per second = 9470381.451524047
Applying point spread function to light intensity array...
Simulating shot noise...
Quantizing intensities...

Saved data to /Users/karan/microsegmentation/SyntheticData_EASY_DENSE/Images/image-945.png and /Users/karan/microsegmentation/SyntheticData_EASY_DENSE/Labels/label-945.png.

Took 17.47 seconds.

Loading MT points from /Users/karan/tubulaton/tubulaton-run/tubulaton-946.vtk to numpy array...
Simulating positions of fluorophores...
Number of FPs: 9077197935.0453
Generating label segmentation...
50137 tubulin found in focal plane.
Calculating fluorophore density over focal plane...
50931 fluorophores found in the focal plane.
Calculating fluorophore photon emission rate...
Fluorophore photon emission per second = 9470381.451524047
Applying point spread function to light intensity array...
Simulating shot noise...
Quantizing intensities...

Saved data to /Users/karan/microsegmentation/SyntheticData_EASY_DENSE/Images/image-946.png and /Users/karan/microsegmentation/SyntheticData_EASY_DENSE/Labels/label-946.png.

Took 17.71 seconds.

Loading MT points from /Users/karan/tubulaton/tubulaton-run/tubulaton-947.vtk to numpy array...
Simulating positions of fluorophores...
Number of FPs: 8610892298.573797
Generating label segmentation...
53220 tubulin found in focal plane.
Calculating fluorophore density over focal plane...
43656 fluorophores found in the focal plane.
Calculating fluorophore photon emission rate...
Fluorophore photon emission per second = 9470381.451524047
Applying point spread function to light intensity array...
Simulating shot noise...
Quantizing intensities...

Saved data to /Users/karan/microsegmentation/SyntheticData_EASY_DENSE/Images/image-947.png and /Users/karan/microsegmentation/SyntheticData_EASY_DENSE/Labels/label-947.png.

Took 17.48 seconds.

Loading MT points from /Users/karan/tubulaton/tubulaton-run/tubulaton-948.vtk to numpy array...
Simulating positions of fluorophores...
Number of FPs: 8876845805.131945
Generating label segmentation...
43528 tubulin found in focal plane.
Calculating fluorophore density over focal plane...
44947 fluorophores found in the focal plane.
Calculating fluorophore photon emission rate...
Fluorophore photon emission per second = 9470381.451524047
Applying point spread function to light intensity array...
Simulating shot noise...
Quantizing intensities...

Saved data to /Users/karan/microsegmentation/SyntheticData_EASY_DENSE/Images/image-948.png and /Users/karan/microsegmentation/SyntheticData_EASY_DENSE/Labels/label-948.png.

Took 17.42 seconds.

Loading MT points from /Users/karan/tubulaton/tubulaton-run/tubulaton-949.vtk to numpy array...
Simulating positions of fluorophores...
Number of FPs: 8674848498.236982
Generating label segmentation...
51273 tubulin found in focal plane.
Calculating fluorophore density over focal plane...
52761 fluorophores found in the focal plane.
Calculating fluorophore photon emission rate...
Fluorophore photon emission per second = 9470381.451524047
Applying point spread function to light intensity array...
Simulating shot noise...
Quantizing intensities...

Saved data to /Users/karan/microsegmentation/SyntheticData_EASY_DENSE/Images/image-949.png and /Users/karan/microsegmentation/SyntheticData_EASY_DENSE/Labels/label-949.png.

Took 17.25 seconds.

Loading MT points from /Users/karan/tubulaton/tubulaton-run/tubulaton-950.vtk to numpy array...
Simulating positions of fluorophores...
Number of FPs: 9027559055.143948
Generating label segmentation...
55550 tubulin found in focal plane.
Calculating fluorophore density over focal plane...
56698 fluorophores found in the focal plane.
Calculating fluorophore photon emission rate...
Fluorophore photon emission per second = 9470381.451524047
Applying point spread function to light intensity array...
Simulating shot noise...
Quantizing intensities...

Saved data to /Users/karan/microsegmentation/SyntheticData_EASY_DENSE/Images/image-950.png and /Users/karan/microsegmentation/SyntheticData_EASY_DENSE/Labels/label-950.png.

Took 19.19 seconds.

Loading MT points from /Users/karan/tubulaton/tubulaton-run/tubulaton-951.vtk to numpy array...
Simulating positions of fluorophores...
Number of FPs: 8767976251.73672
Generating label segmentation...
51387 tubulin found in focal plane.
Calculating fluorophore density over focal plane...
46429 fluorophores found in the focal plane.
Calculating fluorophore photon emission rate...
Fluorophore photon emission per second = 9470381.451524047
Applying point spread function to light intensity array...
Simulating shot noise...
Quantizing intensities...

Saved data to /Users/karan/microsegmentation/SyntheticData_EASY_DENSE/Images/image-951.png and /Users/karan/microsegmentation/SyntheticData_EASY_DENSE/Labels/label-951.png.

Took 17.42 seconds.

Loading MT points from /Users/karan/tubulaton/tubulaton-run/tubulaton-952.vtk to numpy array...
Simulating positions of fluorophores...
Number of FPs: 8732161366.206003
Generating label segmentation...
63415 tubulin found in focal plane.
Calculating fluorophore density over focal plane...
55621 fluorophores found in the focal plane.
Calculating fluorophore photon emission rate...
Fluorophore photon emission per second = 9470381.451524047
Applying point spread function to light intensity array...
Simulating shot noise...
Quantizing intensities...

Saved data to /Users/karan/microsegmentation/SyntheticData_EASY_DENSE/Images/image-952.png and /Users/karan/microsegmentation/SyntheticData_EASY_DENSE/Labels/label-952.png.

Took 17.74 seconds.

Loading MT points from /Users/karan/tubulaton/tubulaton-run/tubulaton-953.vtk to numpy array...
Simulating positions of fluorophores...
Number of FPs: 8578107372.438306
Generating label segmentation...
61925 tubulin found in focal plane.
Calculating fluorophore density over focal plane...
54139 fluorophores found in the focal plane.
Calculating fluorophore photon emission rate...
Fluorophore photon emission per second = 9470381.451524047
Applying point spread function to light intensity array...
Simulating shot noise...
Quantizing intensities...

Saved data to /Users/karan/microsegmentation/SyntheticData_EASY_DENSE/Images/image-953.png and /Users/karan/microsegmentation/SyntheticData_EASY_DENSE/Labels/label-953.png.

Took 17.81 seconds.

Loading MT points from /Users/karan/tubulaton/tubulaton-run/tubulaton-954.vtk to numpy array...
Simulating positions of fluorophores...
Number of FPs: 8755060090.61278
Generating label segmentation...
60650 tubulin found in focal plane.
Calculating fluorophore density over focal plane...
55250 fluorophores found in the focal plane.
Calculating fluorophore photon emission rate...
Fluorophore photon emission per second = 9470381.451524047
Applying point spread function to light intensity array...
Simulating shot noise...
Quantizing intensities...

Saved data to /Users/karan/microsegmentation/SyntheticData_EASY_DENSE/Images/image-954.png and /Users/karan/microsegmentation/SyntheticData_EASY_DENSE/Labels/label-954.png.

Took 17.65 seconds.

Loading MT points from /Users/karan/tubulaton/tubulaton-run/tubulaton-955.vtk to numpy array...
Simulating positions of fluorophores...
Number of FPs: 8926253772.154308
Generating label segmentation...
49494 tubulin found in focal plane.
Calculating fluorophore density over focal plane...
48718 fluorophores found in the focal plane.
Calculating fluorophore photon emission rate...
Fluorophore photon emission per second = 9470381.451524047
Applying point spread function to light intensity array...
Simulating shot noise...
Quantizing intensities...

Saved data to /Users/karan/microsegmentation/SyntheticData_EASY_DENSE/Images/image-955.png and /Users/karan/microsegmentation/SyntheticData_EASY_DENSE/Labels/label-955.png.

Took 17.52 seconds.

Loading MT points from /Users/karan/tubulaton/tubulaton-run/tubulaton-956.vtk to numpy array...
Simulating positions of fluorophores...
Number of FPs: 8907531305.871347
Generating label segmentation...
46319 tubulin found in focal plane.
Calculating fluorophore density over focal plane...
43345 fluorophores found in the focal plane.
Calculating fluorophore photon emission rate...
Fluorophore photon emission per second = 9470381.451524047
Applying point spread function to light intensity array...
Simulating shot noise...
Quantizing intensities...

Saved data to /Users/karan/microsegmentation/SyntheticData_EASY_DENSE/Images/image-956.png and /Users/karan/microsegmentation/SyntheticData_EASY_DENSE/Labels/label-956.png.

Took 17.47 seconds.

Loading MT points from /Users/karan/tubulaton/tubulaton-run/tubulaton-957.vtk to numpy array...
Simulating positions of fluorophores...
Number of FPs: 8685057157.33555
Generating label segmentation...
46104 tubulin found in focal plane.
Calculating fluorophore density over focal plane...
46482 fluorophores found in the focal plane.
Calculating fluorophore photon emission rate...
Fluorophore photon emission per second = 9470381.451524047
Applying point spread function to light intensity array...
Simulating shot noise...
Quantizing intensities...

Saved data to /Users/karan/microsegmentation/SyntheticData_EASY_DENSE/Images/image-957.png and /Users/karan/microsegmentation/SyntheticData_EASY_DENSE/Labels/label-957.png.

Took 17.55 seconds.

Loading MT points from /Users/karan/tubulaton/tubulaton-run/tubulaton-958.vtk to numpy array...
Simulating positions of fluorophores...
Number of FPs: 9001107384.765518
Generating label segmentation...
60586 tubulin found in focal plane.
Calculating fluorophore density over focal plane...
53955 fluorophores found in the focal plane.
Calculating fluorophore photon emission rate...
Fluorophore photon emission per second = 9470381.451524047
Applying point spread function to light intensity array...
Simulating shot noise...
Quantizing intensities...

Saved data to /Users/karan/microsegmentation/SyntheticData_EASY_DENSE/Images/image-958.png and /Users/karan/microsegmentation/SyntheticData_EASY_DENSE/Labels/label-958.png.

Took 17.69 seconds.

Loading MT points from /Users/karan/tubulaton/tubulaton-run/tubulaton-959.vtk to numpy array...
Simulating positions of fluorophores...
Number of FPs: 8666338064.159048
Generating label segmentation...
50439 tubulin found in focal plane.
Calculating fluorophore density over focal plane...
50104 fluorophores found in the focal plane.
Calculating fluorophore photon emission rate...
Fluorophore photon emission per second = 9470381.451524047
Applying point spread function to light intensity array...
Simulating shot noise...
Quantizing intensities...

Saved data to /Users/karan/microsegmentation/SyntheticData_EASY_DENSE/Images/image-959.png and /Users/karan/microsegmentation/SyntheticData_EASY_DENSE/Labels/label-959.png.

Took 17.48 seconds.

Loading MT points from /Users/karan/tubulaton/tubulaton-run/tubulaton-960.vtk to numpy array...
Simulating positions of fluorophores...
Number of FPs: 8303575547.332182
Generating label segmentation...
55342 tubulin found in focal plane.
Calculating fluorophore density over focal plane...
51366 fluorophores found in the focal plane.
Calculating fluorophore photon emission rate...
Fluorophore photon emission per second = 9470381.451524047
Applying point spread function to light intensity array...
Simulating shot noise...
Quantizing intensities...

Saved data to /Users/karan/microsegmentation/SyntheticData_EASY_DENSE/Images/image-960.png and /Users/karan/microsegmentation/SyntheticData_EASY_DENSE/Labels/label-960.png.

Took 17.17 seconds.

Loading MT points from /Users/karan/tubulaton/tubulaton-run/tubulaton-961.vtk to numpy array...
Simulating positions of fluorophores...
Number of FPs: 8868463570.062332
Generating label segmentation...
45845 tubulin found in focal plane.
Calculating fluorophore density over focal plane...
43970 fluorophores found in the focal plane.
Calculating fluorophore photon emission rate...
Fluorophore photon emission per second = 9470381.451524047
Applying point spread function to light intensity array...
Simulating shot noise...
Quantizing intensities...

Saved data to /Users/karan/microsegmentation/SyntheticData_EASY_DENSE/Images/image-961.png and /Users/karan/microsegmentation/SyntheticData_EASY_DENSE/Labels/label-961.png.

Took 17.61 seconds.

Loading MT points from /Users/karan/tubulaton/tubulaton-run/tubulaton-962.vtk to numpy array...
Simulating positions of fluorophores...
Number of FPs: 8332217725.613084
Generating label segmentation...
59445 tubulin found in focal plane.
Calculating fluorophore density over focal plane...
50791 fluorophores found in the focal plane.
Calculating fluorophore photon emission rate...
Fluorophore photon emission per second = 9470381.451524047
Applying point spread function to light intensity array...
Simulating shot noise...
Quantizing intensities...

Saved data to /Users/karan/microsegmentation/SyntheticData_EASY_DENSE/Images/image-962.png and /Users/karan/microsegmentation/SyntheticData_EASY_DENSE/Labels/label-962.png.

Took 17.62 seconds.

Loading MT points from /Users/karan/tubulaton/tubulaton-run/tubulaton-963.vtk to numpy array...
Simulating positions of fluorophores...
Number of FPs: 8529280261.378561
Generating label segmentation...
56463 tubulin found in focal plane.
Calculating fluorophore density over focal plane...
52687 fluorophores found in the focal plane.
Calculating fluorophore photon emission rate...
Fluorophore photon emission per second = 9470381.451524047
Applying point spread function to light intensity array...
Simulating shot noise...
Quantizing intensities...

Saved data to /Users/karan/microsegmentation/SyntheticData_EASY_DENSE/Images/image-963.png and /Users/karan/microsegmentation/SyntheticData_EASY_DENSE/Labels/label-963.png.

Took 17.66 seconds.

Loading MT points from /Users/karan/tubulaton/tubulaton-run/tubulaton-964.vtk to numpy array...
Simulating positions of fluorophores...
Number of FPs: 9040261095.08376
Generating label segmentation...
52543 tubulin found in focal plane.
Calculating fluorophore density over focal plane...
50593 fluorophores found in the focal plane.
Calculating fluorophore photon emission rate...
Fluorophore photon emission per second = 9470381.451524047
Applying point spread function to light intensity array...
Simulating shot noise...
Quantizing intensities...

Saved data to /Users/karan/microsegmentation/SyntheticData_EASY_DENSE/Images/image-964.png and /Users/karan/microsegmentation/SyntheticData_EASY_DENSE/Labels/label-964.png.

Took 17.61 seconds.

Loading MT points from /Users/karan/tubulaton/tubulaton-run/tubulaton-965.vtk to numpy array...
Simulating positions of fluorophores...
Number of FPs: 7998878959.638824
Generating label segmentation...
59755 tubulin found in focal plane.
Calculating fluorophore density over focal plane...
54426 fluorophores found in the focal plane.
Calculating fluorophore photon emission rate...
Fluorophore photon emission per second = 9470381.451524047
Applying point spread function to light intensity array...
Simulating shot noise...
Quantizing intensities...

Saved data to /Users/karan/microsegmentation/SyntheticData_EASY_DENSE/Images/image-965.png and /Users/karan/microsegmentation/SyntheticData_EASY_DENSE/Labels/label-965.png.

Took 17.15 seconds.

Loading MT points from /Users/karan/tubulaton/tubulaton-run/tubulaton-966.vtk to numpy array...
Simulating positions of fluorophores...
Number of FPs: 8743302996.11
Generating label segmentation...
52721 tubulin found in focal plane.
Calculating fluorophore density over focal plane...
55248 fluorophores found in the focal plane.
Calculating fluorophore photon emission rate...
Fluorophore photon emission per second = 9470381.451524047
Applying point spread function to light intensity array...
Simulating shot noise...
Quantizing intensities...

Saved data to /Users/karan/microsegmentation/SyntheticData_EASY_DENSE/Images/image-966.png and /Users/karan/microsegmentation/SyntheticData_EASY_DENSE/Labels/label-966.png.

Took 17.46 seconds.

Loading MT points from /Users/karan/tubulaton/tubulaton-run/tubulaton-967.vtk to numpy array...
Simulating positions of fluorophores...
Number of FPs: 8550008940.794481
Generating label segmentation...
49288 tubulin found in focal plane.
Calculating fluorophore density over focal plane...
47930 fluorophores found in the focal plane.
Calculating fluorophore photon emission rate...
Fluorophore photon emission per second = 9470381.451524047
Applying point spread function to light intensity array...
Simulating shot noise...
Quantizing intensities...

Saved data to /Users/karan/microsegmentation/SyntheticData_EASY_DENSE/Images/image-967.png and /Users/karan/microsegmentation/SyntheticData_EASY_DENSE/Labels/label-967.png.

Took 17.31 seconds.

Loading MT points from /Users/karan/tubulaton/tubulaton-run/tubulaton-968.vtk to numpy array...
Simulating positions of fluorophores...
Number of FPs: 8563964611.613622
Generating label segmentation...
53351 tubulin found in focal plane.
Calculating fluorophore density over focal plane...
50328 fluorophores found in the focal plane.
Calculating fluorophore photon emission rate...
Fluorophore photon emission per second = 9470381.451524047
Applying point spread function to light intensity array...
Simulating shot noise...
Quantizing intensities...

Saved data to /Users/karan/microsegmentation/SyntheticData_EASY_DENSE/Images/image-968.png and /Users/karan/microsegmentation/SyntheticData_EASY_DENSE/Labels/label-968.png.

Took 17.24 seconds.

Loading MT points from /Users/karan/tubulaton/tubulaton-run/tubulaton-969.vtk to numpy array...
Simulating positions of fluorophores...
Number of FPs: 8452635744.867315
Generating label segmentation...
49611 tubulin found in focal plane.
Calculating fluorophore density over focal plane...
48280 fluorophores found in the focal plane.
Calculating fluorophore photon emission rate...
Fluorophore photon emission per second = 9470381.451524047
Applying point spread function to light intensity array...
Simulating shot noise...
Quantizing intensities...

Saved data to /Users/karan/microsegmentation/SyntheticData_EASY_DENSE/Images/image-969.png and /Users/karan/microsegmentation/SyntheticData_EASY_DENSE/Labels/label-969.png.

Took 17.45 seconds.

Loading MT points from /Users/karan/tubulaton/tubulaton-run/tubulaton-970.vtk to numpy array...
Simulating positions of fluorophores...
Number of FPs: 8333103338.062448
Generating label segmentation...
55366 tubulin found in focal plane.
Calculating fluorophore density over focal plane...
49722 fluorophores found in the focal plane.
Calculating fluorophore photon emission rate...
Fluorophore photon emission per second = 9470381.451524047
Applying point spread function to light intensity array...
Simulating shot noise...
Quantizing intensities...

Saved data to /Users/karan/microsegmentation/SyntheticData_EASY_DENSE/Images/image-970.png and /Users/karan/microsegmentation/SyntheticData_EASY_DENSE/Labels/label-970.png.

Took 17.00 seconds.

Loading MT points from /Users/karan/tubulaton/tubulaton-run/tubulaton-971.vtk to numpy array...
Simulating positions of fluorophores...
Number of FPs: 8613206466.715809
Generating label segmentation...
56946 tubulin found in focal plane.
Calculating fluorophore density over focal plane...
52860 fluorophores found in the focal plane.
Calculating fluorophore photon emission rate...
Fluorophore photon emission per second = 9470381.451524047
Applying point spread function to light intensity array...
Simulating shot noise...
Quantizing intensities...

Saved data to /Users/karan/microsegmentation/SyntheticData_EASY_DENSE/Images/image-971.png and /Users/karan/microsegmentation/SyntheticData_EASY_DENSE/Labels/label-971.png.

Took 17.54 seconds.

Loading MT points from /Users/karan/tubulaton/tubulaton-run/tubulaton-972.vtk to numpy array...
Simulating positions of fluorophores...
Number of FPs: 8510105153.157469
Generating label segmentation...
67228 tubulin found in focal plane.
Calculating fluorophore density over focal plane...
54217 fluorophores found in the focal plane.
Calculating fluorophore photon emission rate...
Fluorophore photon emission per second = 9470381.451524047
Applying point spread function to light intensity array...
Simulating shot noise...
Quantizing intensities...

Saved data to /Users/karan/microsegmentation/SyntheticData_EASY_DENSE/Images/image-972.png and /Users/karan/microsegmentation/SyntheticData_EASY_DENSE/Labels/label-972.png.

Took 17.50 seconds.

Loading MT points from /Users/karan/tubulaton/tubulaton-run/tubulaton-973.vtk to numpy array...
Simulating positions of fluorophores...
Number of FPs: 8972154257.507044
Generating label segmentation...
38903 tubulin found in focal plane.
Calculating fluorophore density over focal plane...
40913 fluorophores found in the focal plane.
Calculating fluorophore photon emission rate...
Fluorophore photon emission per second = 9470381.451524047
Applying point spread function to light intensity array...
Simulating shot noise...
Quantizing intensities...

Saved data to /Users/karan/microsegmentation/SyntheticData_EASY_DENSE/Images/image-973.png and /Users/karan/microsegmentation/SyntheticData_EASY_DENSE/Labels/label-973.png.

Took 17.53 seconds.

Loading MT points from /Users/karan/tubulaton/tubulaton-run/tubulaton-974.vtk to numpy array...
Simulating positions of fluorophores...
Number of FPs: 8360055711.738559
Generating label segmentation...
59017 tubulin found in focal plane.
Calculating fluorophore density over focal plane...
49450 fluorophores found in the focal plane.
Calculating fluorophore photon emission rate...
Fluorophore photon emission per second = 9470381.451524047
Applying point spread function to light intensity array...
Simulating shot noise...
Quantizing intensities...

Saved data to /Users/karan/microsegmentation/SyntheticData_EASY_DENSE/Images/image-974.png and /Users/karan/microsegmentation/SyntheticData_EASY_DENSE/Labels/label-974.png.

Took 16.98 seconds.

Loading MT points from /Users/karan/tubulaton/tubulaton-run/tubulaton-975.vtk to numpy array...
Simulating positions of fluorophores...
Number of FPs: 8759997019.737833
Generating label segmentation...
43347 tubulin found in focal plane.
Calculating fluorophore density over focal plane...
50807 fluorophores found in the focal plane.
Calculating fluorophore photon emission rate...
Fluorophore photon emission per second = 9470381.451524047
Applying point spread function to light intensity array...
Simulating shot noise...
Quantizing intensities...

Saved data to /Users/karan/microsegmentation/SyntheticData_EASY_DENSE/Images/image-975.png and /Users/karan/microsegmentation/SyntheticData_EASY_DENSE/Labels/label-975.png.

Took 17.04 seconds.

Loading MT points from /Users/karan/tubulaton/tubulaton-run/tubulaton-976.vtk to numpy array...
Simulating positions of fluorophores...
Number of FPs: 8783077165.815895
Generating label segmentation...
50200 tubulin found in focal plane.
Calculating fluorophore density over focal plane...
50164 fluorophores found in the focal plane.
Calculating fluorophore photon emission rate...
Fluorophore photon emission per second = 9470381.451524047
Applying point spread function to light intensity array...
Simulating shot noise...
Quantizing intensities...

Saved data to /Users/karan/microsegmentation/SyntheticData_EASY_DENSE/Images/image-976.png and /Users/karan/microsegmentation/SyntheticData_EASY_DENSE/Labels/label-976.png.

Took 17.10 seconds.

Loading MT points from /Users/karan/tubulaton/tubulaton-run/tubulaton-977.vtk to numpy array...
Simulating positions of fluorophores...
Number of FPs: 8508664884.933093
Generating label segmentation...
47830 tubulin found in focal plane.
Calculating fluorophore density over focal plane...
45506 fluorophores found in the focal plane.
Calculating fluorophore photon emission rate...
Fluorophore photon emission per second = 9470381.451524047
Applying point spread function to light intensity array...
Simulating shot noise...
Quantizing intensities...

Saved data to /Users/karan/microsegmentation/SyntheticData_EASY_DENSE/Images/image-977.png and /Users/karan/microsegmentation/SyntheticData_EASY_DENSE/Labels/label-977.png.

Took 16.90 seconds.

Loading MT points from /Users/karan/tubulaton/tubulaton-run/tubulaton-978.vtk to numpy array...
Simulating positions of fluorophores...
Number of FPs: 8878864315.90871
Generating label segmentation...
59252 tubulin found in focal plane.
Calculating fluorophore density over focal plane...
56133 fluorophores found in the focal plane.
Calculating fluorophore photon emission rate...
Fluorophore photon emission per second = 9470381.451524047
Applying point spread function to light intensity array...
Simulating shot noise...
Quantizing intensities...

Saved data to /Users/karan/microsegmentation/SyntheticData_EASY_DENSE/Images/image-978.png and /Users/karan/microsegmentation/SyntheticData_EASY_DENSE/Labels/label-978.png.

Took 17.41 seconds.

Loading MT points from /Users/karan/tubulaton/tubulaton-run/tubulaton-979.vtk to numpy array...
Simulating positions of fluorophores...
Number of FPs: 8846892238.341967
Generating label segmentation...
52385 tubulin found in focal plane.
Calculating fluorophore density over focal plane...
50239 fluorophores found in the focal plane.
Calculating fluorophore photon emission rate...
Fluorophore photon emission per second = 9470381.451524047
Applying point spread function to light intensity array...
Simulating shot noise...
Quantizing intensities...

Saved data to /Users/karan/microsegmentation/SyntheticData_EASY_DENSE/Images/image-979.png and /Users/karan/microsegmentation/SyntheticData_EASY_DENSE/Labels/label-979.png.

Took 18.08 seconds.

Loading MT points from /Users/karan/tubulaton/tubulaton-run/tubulaton-980.vtk to numpy array...
Simulating positions of fluorophores...
Number of FPs: 8859318993.5889
Generating label segmentation...
49596 tubulin found in focal plane.
Calculating fluorophore density over focal plane...
46031 fluorophores found in the focal plane.
Calculating fluorophore photon emission rate...
Fluorophore photon emission per second = 9470381.451524047
Applying point spread function to light intensity array...
Simulating shot noise...
Quantizing intensities...

Saved data to /Users/karan/microsegmentation/SyntheticData_EASY_DENSE/Images/image-980.png and /Users/karan/microsegmentation/SyntheticData_EASY_DENSE/Labels/label-980.png.

Took 17.67 seconds.

Loading MT points from /Users/karan/tubulaton/tubulaton-run/tubulaton-981.vtk to numpy array...
Simulating positions of fluorophores...
Number of FPs: 8718061193.748045
Generating label segmentation...
49329 tubulin found in focal plane.
Calculating fluorophore density over focal plane...
47969 fluorophores found in the focal plane.
Calculating fluorophore photon emission rate...
Fluorophore photon emission per second = 9470381.451524047
Applying point spread function to light intensity array...
Simulating shot noise...
Quantizing intensities...

Saved data to /Users/karan/microsegmentation/SyntheticData_EASY_DENSE/Images/image-981.png and /Users/karan/microsegmentation/SyntheticData_EASY_DENSE/Labels/label-981.png.

Took 17.36 seconds.

Loading MT points from /Users/karan/tubulaton/tubulaton-run/tubulaton-982.vtk to numpy array...
Simulating positions of fluorophores...
Number of FPs: 8296008002.80905
Generating label segmentation...
49888 tubulin found in focal plane.
Calculating fluorophore density over focal plane...
48485 fluorophores found in the focal plane.
Calculating fluorophore photon emission rate...
Fluorophore photon emission per second = 9470381.451524047
Applying point spread function to light intensity array...
Simulating shot noise...
Quantizing intensities...

Saved data to /Users/karan/microsegmentation/SyntheticData_EASY_DENSE/Images/image-982.png and /Users/karan/microsegmentation/SyntheticData_EASY_DENSE/Labels/label-982.png.

Took 17.06 seconds.

Loading MT points from /Users/karan/tubulaton/tubulaton-run/tubulaton-983.vtk to numpy array...
Simulating positions of fluorophores...
Number of FPs: 8411211197.713417
Generating label segmentation...
55382 tubulin found in focal plane.
Calculating fluorophore density over focal plane...
51414 fluorophores found in the focal plane.
Calculating fluorophore photon emission rate...
Fluorophore photon emission per second = 9470381.451524047
Applying point spread function to light intensity array...
Simulating shot noise...
Quantizing intensities...

Saved data to /Users/karan/microsegmentation/SyntheticData_EASY_DENSE/Images/image-983.png and /Users/karan/microsegmentation/SyntheticData_EASY_DENSE/Labels/label-983.png.

Took 17.50 seconds.

Loading MT points from /Users/karan/tubulaton/tubulaton-run/tubulaton-984.vtk to numpy array...
Simulating positions of fluorophores...
Number of FPs: 8371071400.067657
Generating label segmentation...
45336 tubulin found in focal plane.
Calculating fluorophore density over focal plane...
44840 fluorophores found in the focal plane.
Calculating fluorophore photon emission rate...
Fluorophore photon emission per second = 9470381.451524047
Applying point spread function to light intensity array...
Simulating shot noise...
Quantizing intensities...

Saved data to /Users/karan/microsegmentation/SyntheticData_EASY_DENSE/Images/image-984.png and /Users/karan/microsegmentation/SyntheticData_EASY_DENSE/Labels/label-984.png.

Took 17.21 seconds.

Loading MT points from /Users/karan/tubulaton/tubulaton-run/tubulaton-985.vtk to numpy array...
Simulating positions of fluorophores...
Number of FPs: 8716579643.664806
Generating label segmentation...
37719 tubulin found in focal plane.
Calculating fluorophore density over focal plane...
40017 fluorophores found in the focal plane.
Calculating fluorophore photon emission rate...
Fluorophore photon emission per second = 9470381.451524047
Applying point spread function to light intensity array...
Simulating shot noise...
Quantizing intensities...

Saved data to /Users/karan/microsegmentation/SyntheticData_EASY_DENSE/Images/image-985.png and /Users/karan/microsegmentation/SyntheticData_EASY_DENSE/Labels/label-985.png.

Took 17.62 seconds.

Loading MT points from /Users/karan/tubulaton/tubulaton-run/tubulaton-986.vtk to numpy array...
Simulating positions of fluorophores...
Number of FPs: 8866703021.20613
Generating label segmentation...
52195 tubulin found in focal plane.
Calculating fluorophore density over focal plane...
51866 fluorophores found in the focal plane.
Calculating fluorophore photon emission rate...
Fluorophore photon emission per second = 9470381.451524047
Applying point spread function to light intensity array...
Simulating shot noise...
Quantizing intensities...

Saved data to /Users/karan/microsegmentation/SyntheticData_EASY_DENSE/Images/image-986.png and /Users/karan/microsegmentation/SyntheticData_EASY_DENSE/Labels/label-986.png.

Took 18.16 seconds.

Loading MT points from /Users/karan/tubulaton/tubulaton-run/tubulaton-987.vtk to numpy array...
Simulating positions of fluorophores...
Number of FPs: 8601494974.87886
Generating label segmentation...
54899 tubulin found in focal plane.
Calculating fluorophore density over focal plane...
55022 fluorophores found in the focal plane.
Calculating fluorophore photon emission rate...
Fluorophore photon emission per second = 9470381.451524047
Applying point spread function to light intensity array...
Simulating shot noise...
Quantizing intensities...

Saved data to /Users/karan/microsegmentation/SyntheticData_EASY_DENSE/Images/image-987.png and /Users/karan/microsegmentation/SyntheticData_EASY_DENSE/Labels/label-987.png.

Took 17.76 seconds.

Loading MT points from /Users/karan/tubulaton/tubulaton-run/tubulaton-988.vtk to numpy array...
Simulating positions of fluorophores...
Number of FPs: 8552133664.369388
Generating label segmentation...
36601 tubulin found in focal plane.
Calculating fluorophore density over focal plane...
38228 fluorophores found in the focal plane.
Calculating fluorophore photon emission rate...
Fluorophore photon emission per second = 9470381.451524047
Applying point spread function to light intensity array...
Simulating shot noise...
Quantizing intensities...

Saved data to /Users/karan/microsegmentation/SyntheticData_EASY_DENSE/Images/image-988.png and /Users/karan/microsegmentation/SyntheticData_EASY_DENSE/Labels/label-988.png.

Took 17.16 seconds.

Loading MT points from /Users/karan/tubulaton/tubulaton-run/tubulaton-989.vtk to numpy array...
Simulating positions of fluorophores...
Number of FPs: 8296590111.6171255
Generating label segmentation...
54699 tubulin found in focal plane.
Calculating fluorophore density over focal plane...
50026 fluorophores found in the focal plane.
Calculating fluorophore photon emission rate...
Fluorophore photon emission per second = 9470381.451524047
Applying point spread function to light intensity array...
Simulating shot noise...
Quantizing intensities...

Saved data to /Users/karan/microsegmentation/SyntheticData_EASY_DENSE/Images/image-989.png and /Users/karan/microsegmentation/SyntheticData_EASY_DENSE/Labels/label-989.png.

Took 17.18 seconds.

Loading MT points from /Users/karan/tubulaton/tubulaton-run/tubulaton-990.vtk to numpy array...
Simulating positions of fluorophores...
Number of FPs: 8619954507.720133
Generating label segmentation...
53150 tubulin found in focal plane.
Calculating fluorophore density over focal plane...
51912 fluorophores found in the focal plane.
Calculating fluorophore photon emission rate...
Fluorophore photon emission per second = 9470381.451524047
Applying point spread function to light intensity array...
Simulating shot noise...
Quantizing intensities...

Saved data to /Users/karan/microsegmentation/SyntheticData_EASY_DENSE/Images/image-990.png and /Users/karan/microsegmentation/SyntheticData_EASY_DENSE/Labels/label-990.png.

Took 17.20 seconds.

Loading MT points from /Users/karan/tubulaton/tubulaton-run/tubulaton-991.vtk to numpy array...
Simulating positions of fluorophores...
Number of FPs: 8732227567.86111
Generating label segmentation...
49109 tubulin found in focal plane.
Calculating fluorophore density over focal plane...
49347 fluorophores found in the focal plane.
Calculating fluorophore photon emission rate...
Fluorophore photon emission per second = 9470381.451524047
Applying point spread function to light intensity array...
Simulating shot noise...
Quantizing intensities...

Saved data to /Users/karan/microsegmentation/SyntheticData_EASY_DENSE/Images/image-991.png and /Users/karan/microsegmentation/SyntheticData_EASY_DENSE/Labels/label-991.png.

Took 17.43 seconds.

Loading MT points from /Users/karan/tubulaton/tubulaton-run/tubulaton-992.vtk to numpy array...
Simulating positions of fluorophores...
Number of FPs: 8648880821.612684
Generating label segmentation...
46349 tubulin found in focal plane.
Calculating fluorophore density over focal plane...
48846 fluorophores found in the focal plane.
Calculating fluorophore photon emission rate...
Fluorophore photon emission per second = 9470381.451524047
Applying point spread function to light intensity array...
Simulating shot noise...
Quantizing intensities...

Saved data to /Users/karan/microsegmentation/SyntheticData_EASY_DENSE/Images/image-992.png and /Users/karan/microsegmentation/SyntheticData_EASY_DENSE/Labels/label-992.png.

Took 17.70 seconds.

Loading MT points from /Users/karan/tubulaton/tubulaton-run/tubulaton-993.vtk to numpy array...
Simulating positions of fluorophores...
Number of FPs: 8403713729.472042
Generating label segmentation...
57130 tubulin found in focal plane.
Calculating fluorophore density over focal plane...
48975 fluorophores found in the focal plane.
Calculating fluorophore photon emission rate...
Fluorophore photon emission per second = 9470381.451524047
Applying point spread function to light intensity array...
Simulating shot noise...
Quantizing intensities...

Saved data to /Users/karan/microsegmentation/SyntheticData_EASY_DENSE/Images/image-993.png and /Users/karan/microsegmentation/SyntheticData_EASY_DENSE/Labels/label-993.png.

Took 17.04 seconds.

Loading MT points from /Users/karan/tubulaton/tubulaton-run/tubulaton-994.vtk to numpy array...
Simulating positions of fluorophores...
Number of FPs: 8445894611.941589
Generating label segmentation...
50946 tubulin found in focal plane.
Calculating fluorophore density over focal plane...
49955 fluorophores found in the focal plane.
Calculating fluorophore photon emission rate...
Fluorophore photon emission per second = 9470381.451524047
Applying point spread function to light intensity array...
Simulating shot noise...
Quantizing intensities...

Saved data to /Users/karan/microsegmentation/SyntheticData_EASY_DENSE/Images/image-994.png and /Users/karan/microsegmentation/SyntheticData_EASY_DENSE/Labels/label-994.png.

Took 17.58 seconds.

Loading MT points from /Users/karan/tubulaton/tubulaton-run/tubulaton-995.vtk to numpy array...
Simulating positions of fluorophores...
Number of FPs: 8409582925.595231
Generating label segmentation...
63078 tubulin found in focal plane.
Calculating fluorophore density over focal plane...
55535 fluorophores found in the focal plane.
Calculating fluorophore photon emission rate...
Fluorophore photon emission per second = 9470381.451524047
Applying point spread function to light intensity array...
Simulating shot noise...
Quantizing intensities...

Saved data to /Users/karan/microsegmentation/SyntheticData_EASY_DENSE/Images/image-995.png and /Users/karan/microsegmentation/SyntheticData_EASY_DENSE/Labels/label-995.png.

Took 17.32 seconds.

Loading MT points from /Users/karan/tubulaton/tubulaton-run/tubulaton-996.vtk to numpy array...
Simulating positions of fluorophores...
Number of FPs: 8818906983.962753
Generating label segmentation...
49358 tubulin found in focal plane.
Calculating fluorophore density over focal plane...
49567 fluorophores found in the focal plane.
Calculating fluorophore photon emission rate...
Fluorophore photon emission per second = 9470381.451524047
Applying point spread function to light intensity array...
Simulating shot noise...
Quantizing intensities...

Saved data to /Users/karan/microsegmentation/SyntheticData_EASY_DENSE/Images/image-996.png and /Users/karan/microsegmentation/SyntheticData_EASY_DENSE/Labels/label-996.png.

Took 17.83 seconds.

Loading MT points from /Users/karan/tubulaton/tubulaton-run/tubulaton-997.vtk to numpy array...
Simulating positions of fluorophores...
Number of FPs: 8499419879.584587
Generating label segmentation...
54864 tubulin found in focal plane.
Calculating fluorophore density over focal plane...
49823 fluorophores found in the focal plane.
Calculating fluorophore photon emission rate...
Fluorophore photon emission per second = 9470381.451524047
Applying point spread function to light intensity array...
Simulating shot noise...
Quantizing intensities...

Saved data to /Users/karan/microsegmentation/SyntheticData_EASY_DENSE/Images/image-997.png and /Users/karan/microsegmentation/SyntheticData_EASY_DENSE/Labels/label-997.png.

Took 17.73 seconds.

Loading MT points from /Users/karan/tubulaton/tubulaton-run/tubulaton-998.vtk to numpy array...
Simulating positions of fluorophores...
Number of FPs: 8900021312.744808
Generating label segmentation...
53209 tubulin found in focal plane.
Calculating fluorophore density over focal plane...
51388 fluorophores found in the focal plane.
Calculating fluorophore photon emission rate...
Fluorophore photon emission per second = 9470381.451524047
Applying point spread function to light intensity array...
Simulating shot noise...
Quantizing intensities...

Saved data to /Users/karan/microsegmentation/SyntheticData_EASY_DENSE/Images/image-998.png and /Users/karan/microsegmentation/SyntheticData_EASY_DENSE/Labels/label-998.png.

Took 958.93 seconds.

Loading MT points from /Users/karan/tubulaton/tubulaton-run/tubulaton-999.vtk to numpy array...
Simulating positions of fluorophores...
Number of FPs: 8226543164.822263
Generating label segmentation...
56051 tubulin found in focal plane.
Calculating fluorophore density over focal plane...
50514 fluorophores found in the focal plane.
Calculating fluorophore photon emission rate...
Fluorophore photon emission per second = 9470381.451524047
Applying point spread function to light intensity array...
Simulating shot noise...
Quantizing intensities...

Saved data to /Users/karan/microsegmentation/SyntheticData_EASY_DENSE/Images/image-999.png and /Users/karan/microsegmentation/SyntheticData_EASY_DENSE/Labels/label-999.png.

Took 17.34 seconds.

Loading MT points from /Users/karan/tubulaton/tubulaton-run/tubulaton-1000.vtk to numpy array...
Simulating positions of fluorophores...
Number of FPs: 8742588053.981993
Generating label segmentation...
44756 tubulin found in focal plane.
Calculating fluorophore density over focal plane...
39858 fluorophores found in the focal plane.
Calculating fluorophore photon emission rate...
Fluorophore photon emission per second = 9470381.451524047
Applying point spread function to light intensity array...
Simulating shot noise...
Quantizing intensities...

Saved data to /Users/karan/microsegmentation/SyntheticData_EASY_DENSE/Images/image-1000.png and /Users/karan/microsegmentation/SyntheticData_EASY_DENSE/Labels/label-1000.png.

Took 17.21 seconds.


Took 2709.25 seconds in total.
(27.09 seconds per .vtk file)
