Loaded config file: /Users/karan/microsegmentation/generation/generate_configs/easy.json5
Using depolymerization rate: 0.5079801590444487

Loading MT points from /Users/karan/tubulaton/tubulaton-run/tubulaton-401.vtk to numpy array...
Simulating positions of fluorophores...
Number of FPs: 9859167639.141724
Generating label segmentation...
26288 tubulin found in focal plane.
Calculating fluorophore density over focal plane...
47417 fluorophores found in the focal plane.
Calculating fluorophore photon emission rate...
Fluorophore photon emission per second = 9470381.451524047
Applying point spread function to light intensity array...
Simulating shot noise...
Quantizing intensities...

Saved data to /Users/karan/microsegmentation/SyntheticData_EASY_DENSE/Images/image-401.png and /Users/karan/microsegmentation/SyntheticData_EASY_DENSE/Labels/label-401.png.

Took 21.24 seconds.

Loading MT points from /Users/karan/tubulaton/tubulaton-run/tubulaton-402.vtk to numpy array...
Simulating positions of fluorophores...
Number of FPs: 9338635926.227291
Generating label segmentation...
24405 tubulin found in focal plane.
Calculating fluorophore density over focal plane...
52126 fluorophores found in the focal plane.
Calculating fluorophore photon emission rate...
Fluorophore photon emission per second = 9470381.451524047
Applying point spread function to light intensity array...
Simulating shot noise...
Quantizing intensities...

Saved data to /Users/karan/microsegmentation/SyntheticData_EASY_DENSE/Images/image-402.png and /Users/karan/microsegmentation/SyntheticData_EASY_DENSE/Labels/label-402.png.

Took 19.02 seconds.

Loading MT points from /Users/karan/tubulaton/tubulaton-run/tubulaton-403.vtk to numpy array...
Simulating positions of fluorophores...
Number of FPs: 9339625137.118317
Generating label segmentation...
29223 tubulin found in focal plane.
Calculating fluorophore density over focal plane...
55415 fluorophores found in the focal plane.
Calculating fluorophore photon emission rate...
Fluorophore photon emission per second = 9470381.451524047
Applying point spread function to light intensity array...
Simulating shot noise...
Quantizing intensities...

Saved data to /Users/karan/microsegmentation/SyntheticData_EASY_DENSE/Images/image-403.png and /Users/karan/microsegmentation/SyntheticData_EASY_DENSE/Labels/label-403.png.

Took 19.56 seconds.

Loading MT points from /Users/karan/tubulaton/tubulaton-run/tubulaton-404.vtk to numpy array...
Simulating positions of fluorophores...
Number of FPs: 9523861356.361841
Generating label segmentation...
34066 tubulin found in focal plane.
Calculating fluorophore density over focal plane...
56769 fluorophores found in the focal plane.
Calculating fluorophore photon emission rate...
Fluorophore photon emission per second = 9470381.451524047
Applying point spread function to light intensity array...
Simulating shot noise...
Quantizing intensities...

Saved data to /Users/karan/microsegmentation/SyntheticData_EASY_DENSE/Images/image-404.png and /Users/karan/microsegmentation/SyntheticData_EASY_DENSE/Labels/label-404.png.

Took 19.31 seconds.

Loading MT points from /Users/karan/tubulaton/tubulaton-run/tubulaton-405.vtk to numpy array...
Simulating positions of fluorophores...
Number of FPs: 9496705688.434618
Generating label segmentation...
25882 tubulin found in focal plane.
Calculating fluorophore density over focal plane...
50527 fluorophores found in the focal plane.
Calculating fluorophore photon emission rate...
Fluorophore photon emission per second = 9470381.451524047
Applying point spread function to light intensity array...
Simulating shot noise...
Quantizing intensities...

Saved data to /Users/karan/microsegmentation/SyntheticData_EASY_DENSE/Images/image-405.png and /Users/karan/microsegmentation/SyntheticData_EASY_DENSE/Labels/label-405.png.

Took 18.76 seconds.

Loading MT points from /Users/karan/tubulaton/tubulaton-run/tubulaton-406.vtk to numpy array...
Simulating positions of fluorophores...
Number of FPs: 9319876578.462143
Generating label segmentation...
36098 tubulin found in focal plane.
Calculating fluorophore density over focal plane...
50692 fluorophores found in the focal plane.
Calculating fluorophore photon emission rate...
Fluorophore photon emission per second = 9470381.451524047
Applying point spread function to light intensity array...
Simulating shot noise...
Quantizing intensities...

Saved data to /Users/karan/microsegmentation/SyntheticData_EASY_DENSE/Images/image-406.png and /Users/karan/microsegmentation/SyntheticData_EASY_DENSE/Labels/label-406.png.

Took 18.83 seconds.

Loading MT points from /Users/karan/tubulaton/tubulaton-run/tubulaton-407.vtk to numpy array...
Simulating positions of fluorophores...
Number of FPs: 9228115721.191906
Generating label segmentation...
30540 tubulin found in focal plane.
Calculating fluorophore density over focal plane...
56431 fluorophores found in the focal plane.
Calculating fluorophore photon emission rate...
Fluorophore photon emission per second = 9470381.451524047
Applying point spread function to light intensity array...
Simulating shot noise...
Quantizing intensities...

Saved data to /Users/karan/microsegmentation/SyntheticData_EASY_DENSE/Images/image-407.png and /Users/karan/microsegmentation/SyntheticData_EASY_DENSE/Labels/label-407.png.

Took 19.33 seconds.

Loading MT points from /Users/karan/tubulaton/tubulaton-run/tubulaton-408.vtk to numpy array...
Simulating positions of fluorophores...
Number of FPs: 9281548670.14161
Generating label segmentation...
29467 tubulin found in focal plane.
Calculating fluorophore density over focal plane...
51772 fluorophores found in the focal plane.
Calculating fluorophore photon emission rate...
Fluorophore photon emission per second = 9470381.451524047
Applying point spread function to light intensity array...
Simulating shot noise...
Quantizing intensities...

Saved data to /Users/karan/microsegmentation/SyntheticData_EASY_DENSE/Images/image-408.png and /Users/karan/microsegmentation/SyntheticData_EASY_DENSE/Labels/label-408.png.

Took 18.96 seconds.

Loading MT points from /Users/karan/tubulaton/tubulaton-run/tubulaton-409.vtk to numpy array...
Simulating positions of fluorophores...
Number of FPs: 9632215555.326662
Generating label segmentation...
27723 tubulin found in focal plane.
Calculating fluorophore density over focal plane...
50585 fluorophores found in the focal plane.
Calculating fluorophore photon emission rate...
Fluorophore photon emission per second = 9470381.451524047
Applying point spread function to light intensity array...
Simulating shot noise...
Quantizing intensities...

Saved data to /Users/karan/microsegmentation/SyntheticData_EASY_DENSE/Images/image-409.png and /Users/karan/microsegmentation/SyntheticData_EASY_DENSE/Labels/label-409.png.

Took 18.96 seconds.

Loading MT points from /Users/karan/tubulaton/tubulaton-run/tubulaton-410.vtk to numpy array...
Simulating positions of fluorophores...
Number of FPs: 9078544632.461449
Generating label segmentation...
26512 tubulin found in focal plane.
Calculating fluorophore density over focal plane...
50195 fluorophores found in the focal plane.
Calculating fluorophore photon emission rate...
Fluorophore photon emission per second = 9470381.451524047
Applying point spread function to light intensity array...
Simulating shot noise...
Quantizing intensities...

Saved data to /Users/karan/microsegmentation/SyntheticData_EASY_DENSE/Images/image-410.png and /Users/karan/microsegmentation/SyntheticData_EASY_DENSE/Labels/label-410.png.

Took 18.75 seconds.

Loading MT points from /Users/karan/tubulaton/tubulaton-run/tubulaton-411.vtk to numpy array...
Simulating positions of fluorophores...
Number of FPs: 9144045174.563793
Generating label segmentation...
25808 tubulin found in focal plane.
Calculating fluorophore density over focal plane...
45446 fluorophores found in the focal plane.
Calculating fluorophore photon emission rate...
Fluorophore photon emission per second = 9470381.451524047
Applying point spread function to light intensity array...
Simulating shot noise...
Quantizing intensities...

Saved data to /Users/karan/microsegmentation/SyntheticData_EASY_DENSE/Images/image-411.png and /Users/karan/microsegmentation/SyntheticData_EASY_DENSE/Labels/label-411.png.

Took 18.34 seconds.

Loading MT points from /Users/karan/tubulaton/tubulaton-run/tubulaton-412.vtk to numpy array...
Simulating positions of fluorophores...
Number of FPs: 9374238659.957811
Generating label segmentation...
24411 tubulin found in focal plane.
Calculating fluorophore density over focal plane...
51766 fluorophores found in the focal plane.
Calculating fluorophore photon emission rate...
Fluorophore photon emission per second = 9470381.451524047
Applying point spread function to light intensity array...
Simulating shot noise...
Quantizing intensities...

Saved data to /Users/karan/microsegmentation/SyntheticData_EASY_DENSE/Images/image-412.png and /Users/karan/microsegmentation/SyntheticData_EASY_DENSE/Labels/label-412.png.

Took 18.97 seconds.

Loading MT points from /Users/karan/tubulaton/tubulaton-run/tubulaton-413.vtk to numpy array...
Simulating positions of fluorophores...
Number of FPs: 9057430254.109915
Generating label segmentation...
33296 tubulin found in focal plane.
Calculating fluorophore density over focal plane...
57884 fluorophores found in the focal plane.
Calculating fluorophore photon emission rate...
Fluorophore photon emission per second = 9470381.451524047
Applying point spread function to light intensity array...
Simulating shot noise...
Quantizing intensities...

Saved data to /Users/karan/microsegmentation/SyntheticData_EASY_DENSE/Images/image-413.png and /Users/karan/microsegmentation/SyntheticData_EASY_DENSE/Labels/label-413.png.

Took 18.96 seconds.

Loading MT points from /Users/karan/tubulaton/tubulaton-run/tubulaton-414.vtk to numpy array...
Simulating positions of fluorophores...
Number of FPs: 9617990786.463058
Generating label segmentation...
29430 tubulin found in focal plane.
Calculating fluorophore density over focal plane...
53665 fluorophores found in the focal plane.
Calculating fluorophore photon emission rate...
Fluorophore photon emission per second = 9470381.451524047
Applying point spread function to light intensity array...
Simulating shot noise...
Quantizing intensities...

Saved data to /Users/karan/microsegmentation/SyntheticData_EASY_DENSE/Images/image-414.png and /Users/karan/microsegmentation/SyntheticData_EASY_DENSE/Labels/label-414.png.

Took 19.30 seconds.

Loading MT points from /Users/karan/tubulaton/tubulaton-run/tubulaton-415.vtk to numpy array...
Simulating positions of fluorophores...
Number of FPs: 9142984870.666864
Generating label segmentation...
30187 tubulin found in focal plane.
Calculating fluorophore density over focal plane...
50910 fluorophores found in the focal plane.
Calculating fluorophore photon emission rate...
Fluorophore photon emission per second = 9470381.451524047
Applying point spread function to light intensity array...
Simulating shot noise...
Quantizing intensities...

Saved data to /Users/karan/microsegmentation/SyntheticData_EASY_DENSE/Images/image-415.png and /Users/karan/microsegmentation/SyntheticData_EASY_DENSE/Labels/label-415.png.

Took 18.38 seconds.

Loading MT points from /Users/karan/tubulaton/tubulaton-run/tubulaton-416.vtk to numpy array...
Simulating positions of fluorophores...
Number of FPs: 9294245866.325357
Generating label segmentation...
23654 tubulin found in focal plane.
Calculating fluorophore density over focal plane...
42772 fluorophores found in the focal plane.
Calculating fluorophore photon emission rate...
Fluorophore photon emission per second = 9470381.451524047
Applying point spread function to light intensity array...
Simulating shot noise...
Quantizing intensities...

Saved data to /Users/karan/microsegmentation/SyntheticData_EASY_DENSE/Images/image-416.png and /Users/karan/microsegmentation/SyntheticData_EASY_DENSE/Labels/label-416.png.

Took 18.54 seconds.

Loading MT points from /Users/karan/tubulaton/tubulaton-run/tubulaton-417.vtk to numpy array...
Simulating positions of fluorophores...
Number of FPs: 9429253455.643438
Generating label segmentation...
28947 tubulin found in focal plane.
Calculating fluorophore density over focal plane...
57867 fluorophores found in the focal plane.
Calculating fluorophore photon emission rate...
Fluorophore photon emission per second = 9470381.451524047
Applying point spread function to light intensity array...
Simulating shot noise...
Quantizing intensities...

Saved data to /Users/karan/microsegmentation/SyntheticData_EASY_DENSE/Images/image-417.png and /Users/karan/microsegmentation/SyntheticData_EASY_DENSE/Labels/label-417.png.

Took 19.06 seconds.

Loading MT points from /Users/karan/tubulaton/tubulaton-run/tubulaton-418.vtk to numpy array...
Simulating positions of fluorophores...
Number of FPs: 9537486538.523174
Generating label segmentation...
22551 tubulin found in focal plane.
Calculating fluorophore density over focal plane...
48512 fluorophores found in the focal plane.
Calculating fluorophore photon emission rate...
Fluorophore photon emission per second = 9470381.451524047
Applying point spread function to light intensity array...
Simulating shot noise...
Quantizing intensities...

Saved data to /Users/karan/microsegmentation/SyntheticData_EASY_DENSE/Images/image-418.png and /Users/karan/microsegmentation/SyntheticData_EASY_DENSE/Labels/label-418.png.

Took 19.07 seconds.

Loading MT points from /Users/karan/tubulaton/tubulaton-run/tubulaton-419.vtk to numpy array...
Simulating positions of fluorophores...
Number of FPs: 9150246210.63091
Generating label segmentation...
18510 tubulin found in focal plane.
Calculating fluorophore density over focal plane...
44272 fluorophores found in the focal plane.
Calculating fluorophore photon emission rate...
Fluorophore photon emission per second = 9470381.451524047
Applying point spread function to light intensity array...
Simulating shot noise...
Quantizing intensities...

Saved data to /Users/karan/microsegmentation/SyntheticData_EASY_DENSE/Images/image-419.png and /Users/karan/microsegmentation/SyntheticData_EASY_DENSE/Labels/label-419.png.

Took 18.72 seconds.

Loading MT points from /Users/karan/tubulaton/tubulaton-run/tubulaton-420.vtk to numpy array...
Simulating positions of fluorophores...
Number of FPs: 9642518609.752924
Generating label segmentation...
28141 tubulin found in focal plane.
Calculating fluorophore density over focal plane...
50983 fluorophores found in the focal plane.
Calculating fluorophore photon emission rate...
Fluorophore photon emission per second = 9470381.451524047
Applying point spread function to light intensity array...
Simulating shot noise...
Quantizing intensities...

Saved data to /Users/karan/microsegmentation/SyntheticData_EASY_DENSE/Images/image-420.png and /Users/karan/microsegmentation/SyntheticData_EASY_DENSE/Labels/label-420.png.

Took 19.12 seconds.

Loading MT points from /Users/karan/tubulaton/tubulaton-run/tubulaton-421.vtk to numpy array...
Simulating positions of fluorophores...
Number of FPs: 9194563018.370579
Generating label segmentation...
27015 tubulin found in focal plane.
Calculating fluorophore density over focal plane...
49587 fluorophores found in the focal plane.
Calculating fluorophore photon emission rate...
Fluorophore photon emission per second = 9470381.451524047
Applying point spread function to light intensity array...
Simulating shot noise...
Quantizing intensities...

Saved data to /Users/karan/microsegmentation/SyntheticData_EASY_DENSE/Images/image-421.png and /Users/karan/microsegmentation/SyntheticData_EASY_DENSE/Labels/label-421.png.

Took 18.85 seconds.

Loading MT points from /Users/karan/tubulaton/tubulaton-run/tubulaton-422.vtk to numpy array...
Simulating positions of fluorophores...
Number of FPs: 10000313905.21005
Generating label segmentation...
26155 tubulin found in focal plane.
Calculating fluorophore density over focal plane...
52722 fluorophores found in the focal plane.
Calculating fluorophore photon emission rate...
Fluorophore photon emission per second = 9470381.451524047
Applying point spread function to light intensity array...
Simulating shot noise...
Quantizing intensities...

Saved data to /Users/karan/microsegmentation/SyntheticData_EASY_DENSE/Images/image-422.png and /Users/karan/microsegmentation/SyntheticData_EASY_DENSE/Labels/label-422.png.

Took 19.82 seconds.

Loading MT points from /Users/karan/tubulaton/tubulaton-run/tubulaton-423.vtk to numpy array...
Simulating positions of fluorophores...
Number of FPs: 9346821717.761368
Generating label segmentation...
24489 tubulin found in focal plane.
Calculating fluorophore density over focal plane...
49511 fluorophores found in the focal plane.
Calculating fluorophore photon emission rate...
Fluorophore photon emission per second = 9470381.451524047
Applying point spread function to light intensity array...
Simulating shot noise...
Quantizing intensities...

Saved data to /Users/karan/microsegmentation/SyntheticData_EASY_DENSE/Images/image-423.png and /Users/karan/microsegmentation/SyntheticData_EASY_DENSE/Labels/label-423.png.

Took 19.16 seconds.

Loading MT points from /Users/karan/tubulaton/tubulaton-run/tubulaton-424.vtk to numpy array...
Simulating positions of fluorophores...
Number of FPs: 9490713118.565311
Generating label segmentation...
27794 tubulin found in focal plane.
Calculating fluorophore density over focal plane...
55074 fluorophores found in the focal plane.
Calculating fluorophore photon emission rate...
Fluorophore photon emission per second = 9470381.451524047
Applying point spread function to light intensity array...
Simulating shot noise...
Quantizing intensities...

Saved data to /Users/karan/microsegmentation/SyntheticData_EASY_DENSE/Images/image-424.png and /Users/karan/microsegmentation/SyntheticData_EASY_DENSE/Labels/label-424.png.

Took 19.16 seconds.

Loading MT points from /Users/karan/tubulaton/tubulaton-run/tubulaton-425.vtk to numpy array...
Simulating positions of fluorophores...
Number of FPs: 9542056167.571918
Generating label segmentation...
24981 tubulin found in focal plane.
Calculating fluorophore density over focal plane...
43532 fluorophores found in the focal plane.
Calculating fluorophore photon emission rate...
Fluorophore photon emission per second = 9470381.451524047
Applying point spread function to light intensity array...
Simulating shot noise...
Quantizing intensities...

Saved data to /Users/karan/microsegmentation/SyntheticData_EASY_DENSE/Images/image-425.png and /Users/karan/microsegmentation/SyntheticData_EASY_DENSE/Labels/label-425.png.

Took 19.17 seconds.

Loading MT points from /Users/karan/tubulaton/tubulaton-run/tubulaton-426.vtk to numpy array...
Simulating positions of fluorophores...
Number of FPs: 9184832804.091421
Generating label segmentation...
25731 tubulin found in focal plane.
Calculating fluorophore density over focal plane...
46710 fluorophores found in the focal plane.
Calculating fluorophore photon emission rate...
Fluorophore photon emission per second = 9470381.451524047
Applying point spread function to light intensity array...
Simulating shot noise...
Quantizing intensities...

Saved data to /Users/karan/microsegmentation/SyntheticData_EASY_DENSE/Images/image-426.png and /Users/karan/microsegmentation/SyntheticData_EASY_DENSE/Labels/label-426.png.

Took 18.46 seconds.

Loading MT points from /Users/karan/tubulaton/tubulaton-run/tubulaton-427.vtk to numpy array...
Simulating positions of fluorophores...
Number of FPs: 9315492644.000622
Generating label segmentation...
25931 tubulin found in focal plane.
Calculating fluorophore density over focal plane...
47055 fluorophores found in the focal plane.
Calculating fluorophore photon emission rate...
Fluorophore photon emission per second = 9470381.451524047
Applying point spread function to light intensity array...
Simulating shot noise...
Quantizing intensities...

Saved data to /Users/karan/microsegmentation/SyntheticData_EASY_DENSE/Images/image-427.png and /Users/karan/microsegmentation/SyntheticData_EASY_DENSE/Labels/label-427.png.

Took 19.11 seconds.

Loading MT points from /Users/karan/tubulaton/tubulaton-run/tubulaton-428.vtk to numpy array...
Simulating positions of fluorophores...
Number of FPs: 9405503266.011347
Generating label segmentation...
23889 tubulin found in focal plane.
Calculating fluorophore density over focal plane...
46978 fluorophores found in the focal plane.
Calculating fluorophore photon emission rate...
Fluorophore photon emission per second = 9470381.451524047
Applying point spread function to light intensity array...
Simulating shot noise...
Quantizing intensities...

Saved data to /Users/karan/microsegmentation/SyntheticData_EASY_DENSE/Images/image-428.png and /Users/karan/microsegmentation/SyntheticData_EASY_DENSE/Labels/label-428.png.

Took 19.40 seconds.

Loading MT points from /Users/karan/tubulaton/tubulaton-run/tubulaton-429.vtk to numpy array...
Simulating positions of fluorophores...
Number of FPs: 9516871810.469582
Generating label segmentation...
27781 tubulin found in focal plane.
Calculating fluorophore density over focal plane...
55665 fluorophores found in the focal plane.
Calculating fluorophore photon emission rate...
Fluorophore photon emission per second = 9470381.451524047
Applying point spread function to light intensity array...
Simulating shot noise...
Quantizing intensities...

Saved data to /Users/karan/microsegmentation/SyntheticData_EASY_DENSE/Images/image-429.png and /Users/karan/microsegmentation/SyntheticData_EASY_DENSE/Labels/label-429.png.

Took 19.60 seconds.

Loading MT points from /Users/karan/tubulaton/tubulaton-run/tubulaton-430.vtk to numpy array...
Simulating positions of fluorophores...
Number of FPs: 9644166725.504025
Generating label segmentation...
24743 tubulin found in focal plane.
Calculating fluorophore density over focal plane...
52716 fluorophores found in the focal plane.
Calculating fluorophore photon emission rate...
Fluorophore photon emission per second = 9470381.451524047
Applying point spread function to light intensity array...
Simulating shot noise...
Quantizing intensities...

Saved data to /Users/karan/microsegmentation/SyntheticData_EASY_DENSE/Images/image-430.png and /Users/karan/microsegmentation/SyntheticData_EASY_DENSE/Labels/label-430.png.

Took 18.94 seconds.

Loading MT points from /Users/karan/tubulaton/tubulaton-run/tubulaton-431.vtk to numpy array...
Simulating positions of fluorophores...
Number of FPs: 9361377893.581598
Generating label segmentation...
18701 tubulin found in focal plane.
Calculating fluorophore density over focal plane...
45333 fluorophores found in the focal plane.
Calculating fluorophore photon emission rate...
Fluorophore photon emission per second = 9470381.451524047
Applying point spread function to light intensity array...
Simulating shot noise...
Quantizing intensities...

Saved data to /Users/karan/microsegmentation/SyntheticData_EASY_DENSE/Images/image-431.png and /Users/karan/microsegmentation/SyntheticData_EASY_DENSE/Labels/label-431.png.

Took 19.52 seconds.

Loading MT points from /Users/karan/tubulaton/tubulaton-run/tubulaton-432.vtk to numpy array...
Simulating positions of fluorophores...
Number of FPs: 9605895092.625105
Generating label segmentation...
29483 tubulin found in focal plane.
Calculating fluorophore density over focal plane...
46881 fluorophores found in the focal plane.
Calculating fluorophore photon emission rate...
Fluorophore photon emission per second = 9470381.451524047
Applying point spread function to light intensity array...
Simulating shot noise...
Quantizing intensities...

Saved data to /Users/karan/microsegmentation/SyntheticData_EASY_DENSE/Images/image-432.png and /Users/karan/microsegmentation/SyntheticData_EASY_DENSE/Labels/label-432.png.

Took 19.32 seconds.

Loading MT points from /Users/karan/tubulaton/tubulaton-run/tubulaton-433.vtk to numpy array...
Simulating positions of fluorophores...
Number of FPs: 9379830427.661068
Generating label segmentation...
28023 tubulin found in focal plane.
Calculating fluorophore density over focal plane...
49493 fluorophores found in the focal plane.
Calculating fluorophore photon emission rate...
Fluorophore photon emission per second = 9470381.451524047
Applying point spread function to light intensity array...
Simulating shot noise...
Quantizing intensities...

Saved data to /Users/karan/microsegmentation/SyntheticData_EASY_DENSE/Images/image-433.png and /Users/karan/microsegmentation/SyntheticData_EASY_DENSE/Labels/label-433.png.

Took 18.88 seconds.

Loading MT points from /Users/karan/tubulaton/tubulaton-run/tubulaton-434.vtk to numpy array...
Simulating positions of fluorophores...
Number of FPs: 9099489748.421457
Generating label segmentation...
31345 tubulin found in focal plane.
Calculating fluorophore density over focal plane...
54541 fluorophores found in the focal plane.
Calculating fluorophore photon emission rate...
Fluorophore photon emission per second = 9470381.451524047
Applying point spread function to light intensity array...
Simulating shot noise...
Quantizing intensities...

Saved data to /Users/karan/microsegmentation/SyntheticData_EASY_DENSE/Images/image-434.png and /Users/karan/microsegmentation/SyntheticData_EASY_DENSE/Labels/label-434.png.

Took 18.43 seconds.

Loading MT points from /Users/karan/tubulaton/tubulaton-run/tubulaton-435.vtk to numpy array...
Simulating positions of fluorophores...
Number of FPs: 9340275963.21905
Generating label segmentation...
21392 tubulin found in focal plane.
Calculating fluorophore density over focal plane...
43979 fluorophores found in the focal plane.
Calculating fluorophore photon emission rate...
Fluorophore photon emission per second = 9470381.451524047
Applying point spread function to light intensity array...
Simulating shot noise...
Quantizing intensities...

Saved data to /Users/karan/microsegmentation/SyntheticData_EASY_DENSE/Images/image-435.png and /Users/karan/microsegmentation/SyntheticData_EASY_DENSE/Labels/label-435.png.

Took 18.68 seconds.

Loading MT points from /Users/karan/tubulaton/tubulaton-run/tubulaton-436.vtk to numpy array...
Simulating positions of fluorophores...
Number of FPs: 9428696500.651274
Generating label segmentation...
29222 tubulin found in focal plane.
Calculating fluorophore density over focal plane...
46525 fluorophores found in the focal plane.
Calculating fluorophore photon emission rate...
Fluorophore photon emission per second = 9470381.451524047
Applying point spread function to light intensity array...
Simulating shot noise...
Quantizing intensities...

Saved data to /Users/karan/microsegmentation/SyntheticData_EASY_DENSE/Images/image-436.png and /Users/karan/microsegmentation/SyntheticData_EASY_DENSE/Labels/label-436.png.

Took 19.06 seconds.

Loading MT points from /Users/karan/tubulaton/tubulaton-run/tubulaton-437.vtk to numpy array...
Simulating positions of fluorophores...
Number of FPs: 9034778143.8473
Generating label segmentation...
25707 tubulin found in focal plane.
Calculating fluorophore density over focal plane...
50395 fluorophores found in the focal plane.
Calculating fluorophore photon emission rate...
Fluorophore photon emission per second = 9470381.451524047
Applying point spread function to light intensity array...
Simulating shot noise...
Quantizing intensities...

Saved data to /Users/karan/microsegmentation/SyntheticData_EASY_DENSE/Images/image-437.png and /Users/karan/microsegmentation/SyntheticData_EASY_DENSE/Labels/label-437.png.

Took 18.57 seconds.

Loading MT points from /Users/karan/tubulaton/tubulaton-run/tubulaton-438.vtk to numpy array...
Simulating positions of fluorophores...
Number of FPs: 9366106222.279755
Generating label segmentation...
23667 tubulin found in focal plane.
Calculating fluorophore density over focal plane...
46036 fluorophores found in the focal plane.
Calculating fluorophore photon emission rate...
Fluorophore photon emission per second = 9470381.451524047
Applying point spread function to light intensity array...
Simulating shot noise...
Quantizing intensities...

Saved data to /Users/karan/microsegmentation/SyntheticData_EASY_DENSE/Images/image-438.png and /Users/karan/microsegmentation/SyntheticData_EASY_DENSE/Labels/label-438.png.

Took 18.60 seconds.

Loading MT points from /Users/karan/tubulaton/tubulaton-run/tubulaton-439.vtk to numpy array...
Simulating positions of fluorophores...
Number of FPs: 9230379580.563936
Generating label segmentation...
26864 tubulin found in focal plane.
Calculating fluorophore density over focal plane...
50560 fluorophores found in the focal plane.
Calculating fluorophore photon emission rate...
Fluorophore photon emission per second = 9470381.451524047
Applying point spread function to light intensity array...
Simulating shot noise...
Quantizing intensities...

Saved data to /Users/karan/microsegmentation/SyntheticData_EASY_DENSE/Images/image-439.png and /Users/karan/microsegmentation/SyntheticData_EASY_DENSE/Labels/label-439.png.

Took 18.84 seconds.

Loading MT points from /Users/karan/tubulaton/tubulaton-run/tubulaton-440.vtk to numpy array...
Simulating positions of fluorophores...
Number of FPs: 8990439648.614231
Generating label segmentation...
38335 tubulin found in focal plane.
Calculating fluorophore density over focal plane...
52461 fluorophores found in the focal plane.
Calculating fluorophore photon emission rate...
Fluorophore photon emission per second = 9470381.451524047
Applying point spread function to light intensity array...
Simulating shot noise...
Quantizing intensities...

Saved data to /Users/karan/microsegmentation/SyntheticData_EASY_DENSE/Images/image-440.png and /Users/karan/microsegmentation/SyntheticData_EASY_DENSE/Labels/label-440.png.

Took 18.73 seconds.

Loading MT points from /Users/karan/tubulaton/tubulaton-run/tubulaton-441.vtk to numpy array...
Simulating positions of fluorophores...
Number of FPs: 9466201450.757107
Generating label segmentation...
24943 tubulin found in focal plane.
Calculating fluorophore density over focal plane...
52799 fluorophores found in the focal plane.
Calculating fluorophore photon emission rate...
Fluorophore photon emission per second = 9470381.451524047
Applying point spread function to light intensity array...
Simulating shot noise...
Quantizing intensities...

Saved data to /Users/karan/microsegmentation/SyntheticData_EASY_DENSE/Images/image-441.png and /Users/karan/microsegmentation/SyntheticData_EASY_DENSE/Labels/label-441.png.

Took 18.96 seconds.

Loading MT points from /Users/karan/tubulaton/tubulaton-run/tubulaton-442.vtk to numpy array...
Simulating positions of fluorophores...
Number of FPs: 9114480686.290573
Generating label segmentation...
28147 tubulin found in focal plane.
Calculating fluorophore density over focal plane...
57990 fluorophores found in the focal plane.
Calculating fluorophore photon emission rate...
Fluorophore photon emission per second = 9470381.451524047
Applying point spread function to light intensity array...
Simulating shot noise...
Quantizing intensities...

Saved data to /Users/karan/microsegmentation/SyntheticData_EASY_DENSE/Images/image-442.png and /Users/karan/microsegmentation/SyntheticData_EASY_DENSE/Labels/label-442.png.

Took 19.08 seconds.

Loading MT points from /Users/karan/tubulaton/tubulaton-run/tubulaton-443.vtk to numpy array...
Simulating positions of fluorophores...
Number of FPs: 9070889594.069864
Generating label segmentation...
23310 tubulin found in focal plane.
Calculating fluorophore density over focal plane...
52201 fluorophores found in the focal plane.
Calculating fluorophore photon emission rate...
Fluorophore photon emission per second = 9470381.451524047
Applying point spread function to light intensity array...
Simulating shot noise...
Quantizing intensities...

Saved data to /Users/karan/microsegmentation/SyntheticData_EASY_DENSE/Images/image-443.png and /Users/karan/microsegmentation/SyntheticData_EASY_DENSE/Labels/label-443.png.

Took 18.58 seconds.

Loading MT points from /Users/karan/tubulaton/tubulaton-run/tubulaton-444.vtk to numpy array...
Simulating positions of fluorophores...
Number of FPs: 9576387225.411232
Generating label segmentation...
21739 tubulin found in focal plane.
Calculating fluorophore density over focal plane...
49722 fluorophores found in the focal plane.
Calculating fluorophore photon emission rate...
Fluorophore photon emission per second = 9470381.451524047
Applying point spread function to light intensity array...
Simulating shot noise...
Quantizing intensities...

Saved data to /Users/karan/microsegmentation/SyntheticData_EASY_DENSE/Images/image-444.png and /Users/karan/microsegmentation/SyntheticData_EASY_DENSE/Labels/label-444.png.

Took 19.50 seconds.

Loading MT points from /Users/karan/tubulaton/tubulaton-run/tubulaton-445.vtk to numpy array...
Simulating positions of fluorophores...
Number of FPs: 9288196083.490133
Generating label segmentation...
27422 tubulin found in focal plane.
Calculating fluorophore density over focal plane...
54220 fluorophores found in the focal plane.
Calculating fluorophore photon emission rate...
Fluorophore photon emission per second = 9470381.451524047
Applying point spread function to light intensity array...
Simulating shot noise...
Quantizing intensities...

Saved data to /Users/karan/microsegmentation/SyntheticData_EASY_DENSE/Images/image-445.png and /Users/karan/microsegmentation/SyntheticData_EASY_DENSE/Labels/label-445.png.

Took 19.32 seconds.

Loading MT points from /Users/karan/tubulaton/tubulaton-run/tubulaton-446.vtk to numpy array...
Simulating positions of fluorophores...
Number of FPs: 9153084784.041748
Generating label segmentation...
26178 tubulin found in focal plane.
Calculating fluorophore density over focal plane...
47311 fluorophores found in the focal plane.
Calculating fluorophore photon emission rate...
Fluorophore photon emission per second = 9470381.451524047
Applying point spread function to light intensity array...
Simulating shot noise...
Quantizing intensities...

Saved data to /Users/karan/microsegmentation/SyntheticData_EASY_DENSE/Images/image-446.png and /Users/karan/microsegmentation/SyntheticData_EASY_DENSE/Labels/label-446.png.

Took 18.59 seconds.

Loading MT points from /Users/karan/tubulaton/tubulaton-run/tubulaton-447.vtk to numpy array...
Simulating positions of fluorophores...
Number of FPs: 9120240329.941225
Generating label segmentation...
27002 tubulin found in focal plane.
Calculating fluorophore density over focal plane...
45796 fluorophores found in the focal plane.
Calculating fluorophore photon emission rate...
Fluorophore photon emission per second = 9470381.451524047
Applying point spread function to light intensity array...
Simulating shot noise...
Quantizing intensities...

Saved data to /Users/karan/microsegmentation/SyntheticData_EASY_DENSE/Images/image-447.png and /Users/karan/microsegmentation/SyntheticData_EASY_DENSE/Labels/label-447.png.

Took 18.44 seconds.

Loading MT points from /Users/karan/tubulaton/tubulaton-run/tubulaton-448.vtk to numpy array...
Simulating positions of fluorophores...
Number of FPs: 9732757565.898245
Generating label segmentation...
23053 tubulin found in focal plane.
Calculating fluorophore density over focal plane...
45859 fluorophores found in the focal plane.
Calculating fluorophore photon emission rate...
Fluorophore photon emission per second = 9470381.451524047
Applying point spread function to light intensity array...
Simulating shot noise...
Quantizing intensities...

Saved data to /Users/karan/microsegmentation/SyntheticData_EASY_DENSE/Images/image-448.png and /Users/karan/microsegmentation/SyntheticData_EASY_DENSE/Labels/label-448.png.

Took 19.20 seconds.

Loading MT points from /Users/karan/tubulaton/tubulaton-run/tubulaton-449.vtk to numpy array...
Simulating positions of fluorophores...
Number of FPs: 9402857709.66585
Generating label segmentation...
26179 tubulin found in focal plane.
Calculating fluorophore density over focal plane...
51002 fluorophores found in the focal plane.
Calculating fluorophore photon emission rate...
Fluorophore photon emission per second = 9470381.451524047
Applying point spread function to light intensity array...
Simulating shot noise...
Quantizing intensities...

Saved data to /Users/karan/microsegmentation/SyntheticData_EASY_DENSE/Images/image-449.png and /Users/karan/microsegmentation/SyntheticData_EASY_DENSE/Labels/label-449.png.

Took 19.17 seconds.

Loading MT points from /Users/karan/tubulaton/tubulaton-run/tubulaton-450.vtk to numpy array...
Simulating positions of fluorophores...
Number of FPs: 9736784307.205149
Generating label segmentation...
26799 tubulin found in focal plane.
Calculating fluorophore density over focal plane...
44916 fluorophores found in the focal plane.
Calculating fluorophore photon emission rate...
Fluorophore photon emission per second = 9470381.451524047
Applying point spread function to light intensity array...
Simulating shot noise...
Quantizing intensities...

Saved data to /Users/karan/microsegmentation/SyntheticData_EASY_DENSE/Images/image-450.png and /Users/karan/microsegmentation/SyntheticData_EASY_DENSE/Labels/label-450.png.

Took 18.80 seconds.

Loading MT points from /Users/karan/tubulaton/tubulaton-run/tubulaton-451.vtk to numpy array...
Simulating positions of fluorophores...
Number of FPs: 9348644507.179386
Generating label segmentation...
31414 tubulin found in focal plane.
Calculating fluorophore density over focal plane...
59089 fluorophores found in the focal plane.
Calculating fluorophore photon emission rate...
Fluorophore photon emission per second = 9470381.451524047
Applying point spread function to light intensity array...
Simulating shot noise...
Quantizing intensities...

Saved data to /Users/karan/microsegmentation/SyntheticData_EASY_DENSE/Images/image-451.png and /Users/karan/microsegmentation/SyntheticData_EASY_DENSE/Labels/label-451.png.

Took 18.99 seconds.

Loading MT points from /Users/karan/tubulaton/tubulaton-run/tubulaton-452.vtk to numpy array...
Simulating positions of fluorophores...
Number of FPs: 9238862009.7231
Generating label segmentation...
30801 tubulin found in focal plane.
Calculating fluorophore density over focal plane...
51116 fluorophores found in the focal plane.
Calculating fluorophore photon emission rate...
Fluorophore photon emission per second = 9470381.451524047
Applying point spread function to light intensity array...
Simulating shot noise...
Quantizing intensities...

Saved data to /Users/karan/microsegmentation/SyntheticData_EASY_DENSE/Images/image-452.png and /Users/karan/microsegmentation/SyntheticData_EASY_DENSE/Labels/label-452.png.

Took 18.79 seconds.

Loading MT points from /Users/karan/tubulaton/tubulaton-run/tubulaton-453.vtk to numpy array...
Simulating positions of fluorophores...
Number of FPs: 10038219389.133068
Generating label segmentation...
23813 tubulin found in focal plane.
Calculating fluorophore density over focal plane...
45372 fluorophores found in the focal plane.
Calculating fluorophore photon emission rate...
Fluorophore photon emission per second = 9470381.451524047
Applying point spread function to light intensity array...
Simulating shot noise...
Quantizing intensities...

Saved data to /Users/karan/microsegmentation/SyntheticData_EASY_DENSE/Images/image-453.png and /Users/karan/microsegmentation/SyntheticData_EASY_DENSE/Labels/label-453.png.

Took 19.04 seconds.

Loading MT points from /Users/karan/tubulaton/tubulaton-run/tubulaton-454.vtk to numpy array...
Simulating positions of fluorophores...
Number of FPs: 9170467382.595943
Generating label segmentation...
25096 tubulin found in focal plane.
Calculating fluorophore density over focal plane...
43614 fluorophores found in the focal plane.
Calculating fluorophore photon emission rate...
Fluorophore photon emission per second = 9470381.451524047
Applying point spread function to light intensity array...
Simulating shot noise...
Quantizing intensities...

Saved data to /Users/karan/microsegmentation/SyntheticData_EASY_DENSE/Images/image-454.png and /Users/karan/microsegmentation/SyntheticData_EASY_DENSE/Labels/label-454.png.

Took 18.77 seconds.

Loading MT points from /Users/karan/tubulaton/tubulaton-run/tubulaton-455.vtk to numpy array...
Simulating positions of fluorophores...
Number of FPs: 9607123817.272493
Generating label segmentation...
25606 tubulin found in focal plane.
Calculating fluorophore density over focal plane...
52349 fluorophores found in the focal plane.
Calculating fluorophore photon emission rate...
Fluorophore photon emission per second = 9470381.451524047
Applying point spread function to light intensity array...
Simulating shot noise...
Quantizing intensities...

Saved data to /Users/karan/microsegmentation/SyntheticData_EASY_DENSE/Images/image-455.png and /Users/karan/microsegmentation/SyntheticData_EASY_DENSE/Labels/label-455.png.

Took 19.32 seconds.

Loading MT points from /Users/karan/tubulaton/tubulaton-run/tubulaton-456.vtk to numpy array...
Simulating positions of fluorophores...
Number of FPs: 9555966567.888844
Generating label segmentation...
31265 tubulin found in focal plane.
Calculating fluorophore density over focal plane...
54598 fluorophores found in the focal plane.
Calculating fluorophore photon emission rate...
Fluorophore photon emission per second = 9470381.451524047
Applying point spread function to light intensity array...
Simulating shot noise...
Quantizing intensities...

Saved data to /Users/karan/microsegmentation/SyntheticData_EASY_DENSE/Images/image-456.png and /Users/karan/microsegmentation/SyntheticData_EASY_DENSE/Labels/label-456.png.

Took 19.26 seconds.

Loading MT points from /Users/karan/tubulaton/tubulaton-run/tubulaton-457.vtk to numpy array...
Simulating positions of fluorophores...
Number of FPs: 9552456024.883146
Generating label segmentation...
18522 tubulin found in focal plane.
Calculating fluorophore density over focal plane...
45776 fluorophores found in the focal plane.
Calculating fluorophore photon emission rate...
Fluorophore photon emission per second = 9470381.451524047
Applying point spread function to light intensity array...
Simulating shot noise...
Quantizing intensities...

Saved data to /Users/karan/microsegmentation/SyntheticData_EASY_DENSE/Images/image-457.png and /Users/karan/microsegmentation/SyntheticData_EASY_DENSE/Labels/label-457.png.

Took 18.64 seconds.

Loading MT points from /Users/karan/tubulaton/tubulaton-run/tubulaton-458.vtk to numpy array...
Simulating positions of fluorophores...
Number of FPs: 9275735443.869385
Generating label segmentation...
29847 tubulin found in focal plane.
Calculating fluorophore density over focal plane...
49050 fluorophores found in the focal plane.
Calculating fluorophore photon emission rate...
Fluorophore photon emission per second = 9470381.451524047
Applying point spread function to light intensity array...
Simulating shot noise...
Quantizing intensities...

Saved data to /Users/karan/microsegmentation/SyntheticData_EASY_DENSE/Images/image-458.png and /Users/karan/microsegmentation/SyntheticData_EASY_DENSE/Labels/label-458.png.

Took 19.36 seconds.

Loading MT points from /Users/karan/tubulaton/tubulaton-run/tubulaton-459.vtk to numpy array...
Simulating positions of fluorophores...
Number of FPs: 9343367639.99503
Generating label segmentation...
24461 tubulin found in focal plane.
Calculating fluorophore density over focal plane...
45037 fluorophores found in the focal plane.
Calculating fluorophore photon emission rate...
Fluorophore photon emission per second = 9470381.451524047
Applying point spread function to light intensity array...
Simulating shot noise...
Quantizing intensities...

Saved data to /Users/karan/microsegmentation/SyntheticData_EASY_DENSE/Images/image-459.png and /Users/karan/microsegmentation/SyntheticData_EASY_DENSE/Labels/label-459.png.

Took 19.22 seconds.

Loading MT points from /Users/karan/tubulaton/tubulaton-run/tubulaton-460.vtk to numpy array...
Simulating positions of fluorophores...
Number of FPs: 9298998966.175531
Generating label segmentation...
23621 tubulin found in focal plane.
Calculating fluorophore density over focal plane...
45499 fluorophores found in the focal plane.
Calculating fluorophore photon emission rate...
Fluorophore photon emission per second = 9470381.451524047
Applying point spread function to light intensity array...
Simulating shot noise...
Quantizing intensities...

Saved data to /Users/karan/microsegmentation/SyntheticData_EASY_DENSE/Images/image-460.png and /Users/karan/microsegmentation/SyntheticData_EASY_DENSE/Labels/label-460.png.

Took 19.21 seconds.

Loading MT points from /Users/karan/tubulaton/tubulaton-run/tubulaton-461.vtk to numpy array...
Simulating positions of fluorophores...
Number of FPs: 8935459357.109516
Generating label segmentation...
24393 tubulin found in focal plane.
Calculating fluorophore density over focal plane...
52520 fluorophores found in the focal plane.
Calculating fluorophore photon emission rate...
Fluorophore photon emission per second = 9470381.451524047
Applying point spread function to light intensity array...
Simulating shot noise...
Quantizing intensities...

Saved data to /Users/karan/microsegmentation/SyntheticData_EASY_DENSE/Images/image-461.png and /Users/karan/microsegmentation/SyntheticData_EASY_DENSE/Labels/label-461.png.

Took 18.82 seconds.

Loading MT points from /Users/karan/tubulaton/tubulaton-run/tubulaton-462.vtk to numpy array...
Simulating positions of fluorophores...
Number of FPs: 9319261783.378029
Generating label segmentation...
25590 tubulin found in focal plane.
Calculating fluorophore density over focal plane...
49031 fluorophores found in the focal plane.
Calculating fluorophore photon emission rate...
Fluorophore photon emission per second = 9470381.451524047
Applying point spread function to light intensity array...
Simulating shot noise...
Quantizing intensities...

Saved data to /Users/karan/microsegmentation/SyntheticData_EASY_DENSE/Images/image-462.png and /Users/karan/microsegmentation/SyntheticData_EASY_DENSE/Labels/label-462.png.

Took 18.92 seconds.

Loading MT points from /Users/karan/tubulaton/tubulaton-run/tubulaton-463.vtk to numpy array...
Simulating positions of fluorophores...
Number of FPs: 9468762905.029406
Generating label segmentation...
26885 tubulin found in focal plane.
Calculating fluorophore density over focal plane...
55518 fluorophores found in the focal plane.
Calculating fluorophore photon emission rate...
Fluorophore photon emission per second = 9470381.451524047
Applying point spread function to light intensity array...
Simulating shot noise...
Quantizing intensities...

Saved data to /Users/karan/microsegmentation/SyntheticData_EASY_DENSE/Images/image-463.png and /Users/karan/microsegmentation/SyntheticData_EASY_DENSE/Labels/label-463.png.

Took 19.57 seconds.

Loading MT points from /Users/karan/tubulaton/tubulaton-run/tubulaton-464.vtk to numpy array...
Simulating positions of fluorophores...
Number of FPs: 9508884024.94871
Generating label segmentation...
27430 tubulin found in focal plane.
Calculating fluorophore density over focal plane...
49756 fluorophores found in the focal plane.
Calculating fluorophore photon emission rate...
Fluorophore photon emission per second = 9470381.451524047
Applying point spread function to light intensity array...
Simulating shot noise...
Quantizing intensities...

Saved data to /Users/karan/microsegmentation/SyntheticData_EASY_DENSE/Images/image-464.png and /Users/karan/microsegmentation/SyntheticData_EASY_DENSE/Labels/label-464.png.

Took 19.80 seconds.

Loading MT points from /Users/karan/tubulaton/tubulaton-run/tubulaton-465.vtk to numpy array...
Simulating positions of fluorophores...
Number of FPs: 9375293120.368528
Generating label segmentation...
28205 tubulin found in focal plane.
Calculating fluorophore density over focal plane...
48362 fluorophores found in the focal plane.
Calculating fluorophore photon emission rate...
Fluorophore photon emission per second = 9470381.451524047
Applying point spread function to light intensity array...
Simulating shot noise...
Quantizing intensities...

Saved data to /Users/karan/microsegmentation/SyntheticData_EASY_DENSE/Images/image-465.png and /Users/karan/microsegmentation/SyntheticData_EASY_DENSE/Labels/label-465.png.

Took 19.10 seconds.

Loading MT points from /Users/karan/tubulaton/tubulaton-run/tubulaton-466.vtk to numpy array...
Simulating positions of fluorophores...
Number of FPs: 9179651913.81458
Generating label segmentation...
30580 tubulin found in focal plane.
Calculating fluorophore density over focal plane...
53286 fluorophores found in the focal plane.
Calculating fluorophore photon emission rate...
Fluorophore photon emission per second = 9470381.451524047
Applying point spread function to light intensity array...
Simulating shot noise...
Quantizing intensities...

Saved data to /Users/karan/microsegmentation/SyntheticData_EASY_DENSE/Images/image-466.png and /Users/karan/microsegmentation/SyntheticData_EASY_DENSE/Labels/label-466.png.

Took 19.45 seconds.

Loading MT points from /Users/karan/tubulaton/tubulaton-run/tubulaton-467.vtk to numpy array...
Simulating positions of fluorophores...
Number of FPs: 9301881220.421572
Generating label segmentation...
31114 tubulin found in focal plane.
Calculating fluorophore density over focal plane...
54540 fluorophores found in the focal plane.
Calculating fluorophore photon emission rate...
Fluorophore photon emission per second = 9470381.451524047
Applying point spread function to light intensity array...
Simulating shot noise...
Quantizing intensities...

Saved data to /Users/karan/microsegmentation/SyntheticData_EASY_DENSE/Images/image-467.png and /Users/karan/microsegmentation/SyntheticData_EASY_DENSE/Labels/label-467.png.

Took 19.18 seconds.

Loading MT points from /Users/karan/tubulaton/tubulaton-run/tubulaton-468.vtk to numpy array...
Simulating positions of fluorophores...
Number of FPs: 9171804276.912598
Generating label segmentation...
33564 tubulin found in focal plane.
Calculating fluorophore density over focal plane...
56724 fluorophores found in the focal plane.
Calculating fluorophore photon emission rate...
Fluorophore photon emission per second = 9470381.451524047
Applying point spread function to light intensity array...
Simulating shot noise...
Quantizing intensities...

Saved data to /Users/karan/microsegmentation/SyntheticData_EASY_DENSE/Images/image-468.png and /Users/karan/microsegmentation/SyntheticData_EASY_DENSE/Labels/label-468.png.

Took 19.18 seconds.

Loading MT points from /Users/karan/tubulaton/tubulaton-run/tubulaton-469.vtk to numpy array...
Simulating positions of fluorophores...
Number of FPs: 9537802153.918455
Generating label segmentation...
29564 tubulin found in focal plane.
Calculating fluorophore density over focal plane...
54186 fluorophores found in the focal plane.
Calculating fluorophore photon emission rate...
Fluorophore photon emission per second = 9470381.451524047
Applying point spread function to light intensity array...
Simulating shot noise...
Quantizing intensities...

Saved data to /Users/karan/microsegmentation/SyntheticData_EASY_DENSE/Images/image-469.png and /Users/karan/microsegmentation/SyntheticData_EASY_DENSE/Labels/label-469.png.

Took 19.53 seconds.

Loading MT points from /Users/karan/tubulaton/tubulaton-run/tubulaton-470.vtk to numpy array...
Simulating positions of fluorophores...
Number of FPs: 9694455408.71029
Generating label segmentation...
26647 tubulin found in focal plane.
Calculating fluorophore density over focal plane...
50292 fluorophores found in the focal plane.
Calculating fluorophore photon emission rate...
Fluorophore photon emission per second = 9470381.451524047
Applying point spread function to light intensity array...
Simulating shot noise...
Quantizing intensities...

Saved data to /Users/karan/microsegmentation/SyntheticData_EASY_DENSE/Images/image-470.png and /Users/karan/microsegmentation/SyntheticData_EASY_DENSE/Labels/label-470.png.

Took 19.37 seconds.

Loading MT points from /Users/karan/tubulaton/tubulaton-run/tubulaton-471.vtk to numpy array...
Simulating positions of fluorophores...
Number of FPs: 9522852525.321508
Generating label segmentation...
33132 tubulin found in focal plane.
Calculating fluorophore density over focal plane...
57781 fluorophores found in the focal plane.
Calculating fluorophore photon emission rate...
Fluorophore photon emission per second = 9470381.451524047
Applying point spread function to light intensity array...
Simulating shot noise...
Quantizing intensities...

Saved data to /Users/karan/microsegmentation/SyntheticData_EASY_DENSE/Images/image-471.png and /Users/karan/microsegmentation/SyntheticData_EASY_DENSE/Labels/label-471.png.

Took 19.40 seconds.

Loading MT points from /Users/karan/tubulaton/tubulaton-run/tubulaton-472.vtk to numpy array...
Simulating positions of fluorophores...
Number of FPs: 9535755686.713951
Generating label segmentation...
32769 tubulin found in focal plane.
Calculating fluorophore density over focal plane...
54198 fluorophores found in the focal plane.
Calculating fluorophore photon emission rate...
Fluorophore photon emission per second = 9470381.451524047
Applying point spread function to light intensity array...
Simulating shot noise...
Quantizing intensities...

Saved data to /Users/karan/microsegmentation/SyntheticData_EASY_DENSE/Images/image-472.png and /Users/karan/microsegmentation/SyntheticData_EASY_DENSE/Labels/label-472.png.

Took 19.14 seconds.

Loading MT points from /Users/karan/tubulaton/tubulaton-run/tubulaton-473.vtk to numpy array...
Simulating positions of fluorophores...
Number of FPs: 8889710611.094631
Generating label segmentation...
28754 tubulin found in focal plane.
Calculating fluorophore density over focal plane...
47344 fluorophores found in the focal plane.
Calculating fluorophore photon emission rate...
Fluorophore photon emission per second = 9470381.451524047
Applying point spread function to light intensity array...
Simulating shot noise...
Quantizing intensities...

Saved data to /Users/karan/microsegmentation/SyntheticData_EASY_DENSE/Images/image-473.png and /Users/karan/microsegmentation/SyntheticData_EASY_DENSE/Labels/label-473.png.

Took 18.40 seconds.

Loading MT points from /Users/karan/tubulaton/tubulaton-run/tubulaton-474.vtk to numpy array...
Simulating positions of fluorophores...
Number of FPs: 9509504697.922644
Generating label segmentation...
41205 tubulin found in focal plane.
Calculating fluorophore density over focal plane...
65371 fluorophores found in the focal plane.
Calculating fluorophore photon emission rate...
Fluorophore photon emission per second = 9470381.451524047
Applying point spread function to light intensity array...
Simulating shot noise...
Quantizing intensities...

Saved data to /Users/karan/microsegmentation/SyntheticData_EASY_DENSE/Images/image-474.png and /Users/karan/microsegmentation/SyntheticData_EASY_DENSE/Labels/label-474.png.

Took 19.18 seconds.

Loading MT points from /Users/karan/tubulaton/tubulaton-run/tubulaton-475.vtk to numpy array...
Simulating positions of fluorophores...
Number of FPs: 9041134599.4392
Generating label segmentation...
27024 tubulin found in focal plane.
Calculating fluorophore density over focal plane...
47355 fluorophores found in the focal plane.
Calculating fluorophore photon emission rate...
Fluorophore photon emission per second = 9470381.451524047
Applying point spread function to light intensity array...
Simulating shot noise...
Quantizing intensities...

Saved data to /Users/karan/microsegmentation/SyntheticData_EASY_DENSE/Images/image-475.png and /Users/karan/microsegmentation/SyntheticData_EASY_DENSE/Labels/label-475.png.

Took 18.69 seconds.

Loading MT points from /Users/karan/tubulaton/tubulaton-run/tubulaton-476.vtk to numpy array...
Simulating positions of fluorophores...
Number of FPs: 9650210301.884031
Generating label segmentation...
29144 tubulin found in focal plane.
Calculating fluorophore density over focal plane...
48010 fluorophores found in the focal plane.
Calculating fluorophore photon emission rate...
Fluorophore photon emission per second = 9470381.451524047
Applying point spread function to light intensity array...
Simulating shot noise...
Quantizing intensities...

Saved data to /Users/karan/microsegmentation/SyntheticData_EASY_DENSE/Images/image-476.png and /Users/karan/microsegmentation/SyntheticData_EASY_DENSE/Labels/label-476.png.

Took 18.79 seconds.

Loading MT points from /Users/karan/tubulaton/tubulaton-run/tubulaton-477.vtk to numpy array...
Simulating positions of fluorophores...
Number of FPs: 9341716634.344315
Generating label segmentation...
26239 tubulin found in focal plane.
Calculating fluorophore density over focal plane...
51133 fluorophores found in the focal plane.
Calculating fluorophore photon emission rate...
Fluorophore photon emission per second = 9470381.451524047
Applying point spread function to light intensity array...
Simulating shot noise...
Quantizing intensities...

Saved data to /Users/karan/microsegmentation/SyntheticData_EASY_DENSE/Images/image-477.png and /Users/karan/microsegmentation/SyntheticData_EASY_DENSE/Labels/label-477.png.

Took 18.56 seconds.

Loading MT points from /Users/karan/tubulaton/tubulaton-run/tubulaton-478.vtk to numpy array...
Simulating positions of fluorophores...
Number of FPs: 9408118327.581879
Generating label segmentation...
27926 tubulin found in focal plane.
Calculating fluorophore density over focal plane...
54523 fluorophores found in the focal plane.
Calculating fluorophore photon emission rate...
Fluorophore photon emission per second = 9470381.451524047
Applying point spread function to light intensity array...
Simulating shot noise...
Quantizing intensities...

Saved data to /Users/karan/microsegmentation/SyntheticData_EASY_DENSE/Images/image-478.png and /Users/karan/microsegmentation/SyntheticData_EASY_DENSE/Labels/label-478.png.

Took 19.02 seconds.

Loading MT points from /Users/karan/tubulaton/tubulaton-run/tubulaton-479.vtk to numpy array...
Simulating positions of fluorophores...
Number of FPs: 9031010653.972452
Generating label segmentation...
20718 tubulin found in focal plane.
Calculating fluorophore density over focal plane...
41991 fluorophores found in the focal plane.
Calculating fluorophore photon emission rate...
Fluorophore photon emission per second = 9470381.451524047
Applying point spread function to light intensity array...
Simulating shot noise...
Quantizing intensities...

Saved data to /Users/karan/microsegmentation/SyntheticData_EASY_DENSE/Images/image-479.png and /Users/karan/microsegmentation/SyntheticData_EASY_DENSE/Labels/label-479.png.

Took 18.30 seconds.

Loading MT points from /Users/karan/tubulaton/tubulaton-run/tubulaton-480.vtk to numpy array...
Simulating positions of fluorophores...
Number of FPs: 9288902116.8647
Generating label segmentation...
29270 tubulin found in focal plane.
Calculating fluorophore density over focal plane...
50892 fluorophores found in the focal plane.
Calculating fluorophore photon emission rate...
Fluorophore photon emission per second = 9470381.451524047
Applying point spread function to light intensity array...
Simulating shot noise...
Quantizing intensities...

Saved data to /Users/karan/microsegmentation/SyntheticData_EASY_DENSE/Images/image-480.png and /Users/karan/microsegmentation/SyntheticData_EASY_DENSE/Labels/label-480.png.

Took 19.11 seconds.

Loading MT points from /Users/karan/tubulaton/tubulaton-run/tubulaton-481.vtk to numpy array...
Simulating positions of fluorophores...
Number of FPs: 9073452708.17753
Generating label segmentation...
29834 tubulin found in focal plane.
Calculating fluorophore density over focal plane...
52914 fluorophores found in the focal plane.
Calculating fluorophore photon emission rate...
Fluorophore photon emission per second = 9470381.451524047
Applying point spread function to light intensity array...
Simulating shot noise...
Quantizing intensities...

Saved data to /Users/karan/microsegmentation/SyntheticData_EASY_DENSE/Images/image-481.png and /Users/karan/microsegmentation/SyntheticData_EASY_DENSE/Labels/label-481.png.

Took 18.87 seconds.

Loading MT points from /Users/karan/tubulaton/tubulaton-run/tubulaton-482.vtk to numpy array...
Simulating positions of fluorophores...
Number of FPs: 9523084842.602955
Generating label segmentation...
30167 tubulin found in focal plane.
Calculating fluorophore density over focal plane...
54732 fluorophores found in the focal plane.
Calculating fluorophore photon emission rate...
Fluorophore photon emission per second = 9470381.451524047
Applying point spread function to light intensity array...
Simulating shot noise...
Quantizing intensities...

Saved data to /Users/karan/microsegmentation/SyntheticData_EASY_DENSE/Images/image-482.png and /Users/karan/microsegmentation/SyntheticData_EASY_DENSE/Labels/label-482.png.

Took 19.16 seconds.

Loading MT points from /Users/karan/tubulaton/tubulaton-run/tubulaton-483.vtk to numpy array...
Simulating positions of fluorophores...
Number of FPs: 9764800548.457197
Generating label segmentation...
31217 tubulin found in focal plane.
Calculating fluorophore density over focal plane...
59287 fluorophores found in the focal plane.
Calculating fluorophore photon emission rate...
Fluorophore photon emission per second = 9470381.451524047
Applying point spread function to light intensity array...
Simulating shot noise...
Quantizing intensities...

Saved data to /Users/karan/microsegmentation/SyntheticData_EASY_DENSE/Images/image-483.png and /Users/karan/microsegmentation/SyntheticData_EASY_DENSE/Labels/label-483.png.

Took 18.79 seconds.

Loading MT points from /Users/karan/tubulaton/tubulaton-run/tubulaton-484.vtk to numpy array...
Simulating positions of fluorophores...
Number of FPs: 9449007131.28563
Generating label segmentation...
32248 tubulin found in focal plane.
Calculating fluorophore density over focal plane...
58684 fluorophores found in the focal plane.
Calculating fluorophore photon emission rate...
Fluorophore photon emission per second = 9470381.451524047
Applying point spread function to light intensity array...
Simulating shot noise...
Quantizing intensities...

Saved data to /Users/karan/microsegmentation/SyntheticData_EASY_DENSE/Images/image-484.png and /Users/karan/microsegmentation/SyntheticData_EASY_DENSE/Labels/label-484.png.

Took 19.30 seconds.

Loading MT points from /Users/karan/tubulaton/tubulaton-run/tubulaton-485.vtk to numpy array...
Simulating positions of fluorophores...
Number of FPs: 9690778713.72953
Generating label segmentation...
24610 tubulin found in focal plane.
Calculating fluorophore density over focal plane...
43117 fluorophores found in the focal plane.
Calculating fluorophore photon emission rate...
Fluorophore photon emission per second = 9470381.451524047
Applying point spread function to light intensity array...
Simulating shot noise...
Quantizing intensities...

Saved data to /Users/karan/microsegmentation/SyntheticData_EASY_DENSE/Images/image-485.png and /Users/karan/microsegmentation/SyntheticData_EASY_DENSE/Labels/label-485.png.

Took 18.73 seconds.

Loading MT points from /Users/karan/tubulaton/tubulaton-run/tubulaton-486.vtk to numpy array...
Simulating positions of fluorophores...
Number of FPs: 9547377631.221064
Generating label segmentation...
31848 tubulin found in focal plane.
Calculating fluorophore density over focal plane...
51705 fluorophores found in the focal plane.
Calculating fluorophore photon emission rate...
Fluorophore photon emission per second = 9470381.451524047
Applying point spread function to light intensity array...
Simulating shot noise...
Quantizing intensities...

Saved data to /Users/karan/microsegmentation/SyntheticData_EASY_DENSE/Images/image-486.png and /Users/karan/microsegmentation/SyntheticData_EASY_DENSE/Labels/label-486.png.

Took 18.48 seconds.

Loading MT points from /Users/karan/tubulaton/tubulaton-run/tubulaton-487.vtk to numpy array...
Simulating positions of fluorophores...
Number of FPs: 9465256331.60683
Generating label segmentation...
21894 tubulin found in focal plane.
Calculating fluorophore density over focal plane...
55338 fluorophores found in the focal plane.
Calculating fluorophore photon emission rate...
Fluorophore photon emission per second = 9470381.451524047
Applying point spread function to light intensity array...
Simulating shot noise...
Quantizing intensities...

Saved data to /Users/karan/microsegmentation/SyntheticData_EASY_DENSE/Images/image-487.png and /Users/karan/microsegmentation/SyntheticData_EASY_DENSE/Labels/label-487.png.

Took 19.18 seconds.

Loading MT points from /Users/karan/tubulaton/tubulaton-run/tubulaton-488.vtk to numpy array...
Simulating positions of fluorophores...
Number of FPs: 9881479351.703619
Generating label segmentation...
29276 tubulin found in focal plane.
Calculating fluorophore density over focal plane...
51738 fluorophores found in the focal plane.
Calculating fluorophore photon emission rate...
Fluorophore photon emission per second = 9470381.451524047
Applying point spread function to light intensity array...
Simulating shot noise...
Quantizing intensities...

Saved data to /Users/karan/microsegmentation/SyntheticData_EASY_DENSE/Images/image-488.png and /Users/karan/microsegmentation/SyntheticData_EASY_DENSE/Labels/label-488.png.

Took 19.15 seconds.

Loading MT points from /Users/karan/tubulaton/tubulaton-run/tubulaton-489.vtk to numpy array...
Simulating positions of fluorophores...
Number of FPs: 9688590218.870667
Generating label segmentation...
31166 tubulin found in focal plane.
Calculating fluorophore density over focal plane...
56356 fluorophores found in the focal plane.
Calculating fluorophore photon emission rate...
Fluorophore photon emission per second = 9470381.451524047
Applying point spread function to light intensity array...
Simulating shot noise...
Quantizing intensities...

Saved data to /Users/karan/microsegmentation/SyntheticData_EASY_DENSE/Images/image-489.png and /Users/karan/microsegmentation/SyntheticData_EASY_DENSE/Labels/label-489.png.

Took 19.33 seconds.

Loading MT points from /Users/karan/tubulaton/tubulaton-run/tubulaton-490.vtk to numpy array...
Simulating positions of fluorophores...
Number of FPs: 9501045811.914768
Generating label segmentation...
26861 tubulin found in focal plane.
Calculating fluorophore density over focal plane...
50373 fluorophores found in the focal plane.
Calculating fluorophore photon emission rate...
Fluorophore photon emission per second = 9470381.451524047
Applying point spread function to light intensity array...
Simulating shot noise...
Quantizing intensities...

Saved data to /Users/karan/microsegmentation/SyntheticData_EASY_DENSE/Images/image-490.png and /Users/karan/microsegmentation/SyntheticData_EASY_DENSE/Labels/label-490.png.

Took 19.01 seconds.

Loading MT points from /Users/karan/tubulaton/tubulaton-run/tubulaton-491.vtk to numpy array...
Simulating positions of fluorophores...
Number of FPs: 9531996079.351936
Generating label segmentation...
29832 tubulin found in focal plane.
Calculating fluorophore density over focal plane...
58450 fluorophores found in the focal plane.
Calculating fluorophore photon emission rate...
Fluorophore photon emission per second = 9470381.451524047
Applying point spread function to light intensity array...
Simulating shot noise...
Quantizing intensities...

Saved data to /Users/karan/microsegmentation/SyntheticData_EASY_DENSE/Images/image-491.png and /Users/karan/microsegmentation/SyntheticData_EASY_DENSE/Labels/label-491.png.

Took 19.26 seconds.

Loading MT points from /Users/karan/tubulaton/tubulaton-run/tubulaton-492.vtk to numpy array...
Simulating positions of fluorophores...
Number of FPs: 9324829364.304632
Generating label segmentation...
24654 tubulin found in focal plane.
Calculating fluorophore density over focal plane...
50830 fluorophores found in the focal plane.
Calculating fluorophore photon emission rate...
Fluorophore photon emission per second = 9470381.451524047
Applying point spread function to light intensity array...
Simulating shot noise...
Quantizing intensities...

Saved data to /Users/karan/microsegmentation/SyntheticData_EASY_DENSE/Images/image-492.png and /Users/karan/microsegmentation/SyntheticData_EASY_DENSE/Labels/label-492.png.

Took 19.05 seconds.

Loading MT points from /Users/karan/tubulaton/tubulaton-run/tubulaton-493.vtk to numpy array...
Simulating positions of fluorophores...
Number of FPs: 9385109837.512197
Generating label segmentation...
29567 tubulin found in focal plane.
Calculating fluorophore density over focal plane...
55989 fluorophores found in the focal plane.
Calculating fluorophore photon emission rate...
Fluorophore photon emission per second = 9470381.451524047
Applying point spread function to light intensity array...
Simulating shot noise...
Quantizing intensities...

Saved data to /Users/karan/microsegmentation/SyntheticData_EASY_DENSE/Images/image-493.png and /Users/karan/microsegmentation/SyntheticData_EASY_DENSE/Labels/label-493.png.

Took 18.79 seconds.

Loading MT points from /Users/karan/tubulaton/tubulaton-run/tubulaton-494.vtk to numpy array...
Simulating positions of fluorophores...
Number of FPs: 9336286822.2108
Generating label segmentation...
29952 tubulin found in focal plane.
Calculating fluorophore density over focal plane...
49719 fluorophores found in the focal plane.
Calculating fluorophore photon emission rate...
Fluorophore photon emission per second = 9470381.451524047
Applying point spread function to light intensity array...
Simulating shot noise...
Quantizing intensities...

Saved data to /Users/karan/microsegmentation/SyntheticData_EASY_DENSE/Images/image-494.png and /Users/karan/microsegmentation/SyntheticData_EASY_DENSE/Labels/label-494.png.

Took 19.09 seconds.

Loading MT points from /Users/karan/tubulaton/tubulaton-run/tubulaton-495.vtk to numpy array...
Simulating positions of fluorophores...
Number of FPs: 9313418862.683334
Generating label segmentation...
22160 tubulin found in focal plane.
Calculating fluorophore density over focal plane...
42041 fluorophores found in the focal plane.
Calculating fluorophore photon emission rate...
Fluorophore photon emission per second = 9470381.451524047
Applying point spread function to light intensity array...
Simulating shot noise...
Quantizing intensities...

Saved data to /Users/karan/microsegmentation/SyntheticData_EASY_DENSE/Images/image-495.png and /Users/karan/microsegmentation/SyntheticData_EASY_DENSE/Labels/label-495.png.

Took 18.54 seconds.

Loading MT points from /Users/karan/tubulaton/tubulaton-run/tubulaton-496.vtk to numpy array...
Simulating positions of fluorophores...
Number of FPs: 9119019847.19848
Generating label segmentation...
27416 tubulin found in focal plane.
Calculating fluorophore density over focal plane...
44029 fluorophores found in the focal plane.
Calculating fluorophore photon emission rate...
Fluorophore photon emission per second = 9470381.451524047
Applying point spread function to light intensity array...
Simulating shot noise...
Quantizing intensities...

Saved data to /Users/karan/microsegmentation/SyntheticData_EASY_DENSE/Images/image-496.png and /Users/karan/microsegmentation/SyntheticData_EASY_DENSE/Labels/label-496.png.

Took 18.63 seconds.

Loading MT points from /Users/karan/tubulaton/tubulaton-run/tubulaton-497.vtk to numpy array...
Simulating positions of fluorophores...
Number of FPs: 9480477421.06969
Generating label segmentation...
21241 tubulin found in focal plane.
Calculating fluorophore density over focal plane...
46698 fluorophores found in the focal plane.
Calculating fluorophore photon emission rate...
Fluorophore photon emission per second = 9470381.451524047
Applying point spread function to light intensity array...
Simulating shot noise...
Quantizing intensities...

Saved data to /Users/karan/microsegmentation/SyntheticData_EASY_DENSE/Images/image-497.png and /Users/karan/microsegmentation/SyntheticData_EASY_DENSE/Labels/label-497.png.

Took 18.83 seconds.

Loading MT points from /Users/karan/tubulaton/tubulaton-run/tubulaton-498.vtk to numpy array...
Simulating positions of fluorophores...
Number of FPs: 9514196454.083738
Generating label segmentation...
24049 tubulin found in focal plane.
Calculating fluorophore density over focal plane...
50414 fluorophores found in the focal plane.
Calculating fluorophore photon emission rate...
Fluorophore photon emission per second = 9470381.451524047
Applying point spread function to light intensity array...
Simulating shot noise...
Quantizing intensities...

Saved data to /Users/karan/microsegmentation/SyntheticData_EASY_DENSE/Images/image-498.png and /Users/karan/microsegmentation/SyntheticData_EASY_DENSE/Labels/label-498.png.

Took 19.14 seconds.

Loading MT points from /Users/karan/tubulaton/tubulaton-run/tubulaton-499.vtk to numpy array...
Simulating positions of fluorophores...
Number of FPs: 9365289538.895712
Generating label segmentation...
30504 tubulin found in focal plane.
Calculating fluorophore density over focal plane...
57557 fluorophores found in the focal plane.
Calculating fluorophore photon emission rate...
Fluorophore photon emission per second = 9470381.451524047
Applying point spread function to light intensity array...
Simulating shot noise...
Quantizing intensities...

Saved data to /Users/karan/microsegmentation/SyntheticData_EASY_DENSE/Images/image-499.png and /Users/karan/microsegmentation/SyntheticData_EASY_DENSE/Labels/label-499.png.

Took 19.07 seconds.

Loading MT points from /Users/karan/tubulaton/tubulaton-run/tubulaton-500.vtk to numpy array...
Simulating positions of fluorophores...
Number of FPs: 9700457638.654629
Generating label segmentation...
23088 tubulin found in focal plane.
Calculating fluorophore density over focal plane...
51021 fluorophores found in the focal plane.
Calculating fluorophore photon emission rate...
Fluorophore photon emission per second = 9470381.451524047
Applying point spread function to light intensity array...
Simulating shot noise...
Quantizing intensities...

Saved data to /Users/karan/microsegmentation/SyntheticData_EASY_DENSE/Images/image-500.png and /Users/karan/microsegmentation/SyntheticData_EASY_DENSE/Labels/label-500.png.

Took 20.12 seconds.


Took 1903.70 seconds in total.
(19.04 seconds per .vtk file)
