Loaded config file: /Users/karan/microsegmentation/generation/generate_configs/easy.json5
Using depolymerization rate: 0.7988558182193836

Loading MT points from /Users/karan/tubulaton/tubulaton-run/tubulaton-1.vtk to numpy array...
Simulating positions of fluorophores...
Number of FPs: 9265054345.878382
Generating label segmentation...
12994 tubulin found in focal plane.
Calculating fluorophore density over focal plane...
52088 fluorophores found in the focal plane.
Calculating fluorophore photon emission rate...
Fluorophore photon emission per second = 9470381.451524047
Applying point spread function to light intensity array...
Simulating shot noise...
Quantizing intensities...

Saved data to /Users/karan/microsegmentation/SyntheticData_EASY_DENSE/Images/image-1.png and /Users/karan/microsegmentation/SyntheticData_EASY_DENSE/Labels/label-1.png.

Took 21.61 seconds.

Loading MT points from /Users/karan/tubulaton/tubulaton-run/tubulaton-2.vtk to numpy array...
Simulating positions of fluorophores...
Number of FPs: 9602672568.910732
Generating label segmentation...
16610 tubulin found in focal plane.
Calculating fluorophore density over focal plane...
54979 fluorophores found in the focal plane.
Calculating fluorophore photon emission rate...
Fluorophore photon emission per second = 9470381.451524047
Applying point spread function to light intensity array...
Simulating shot noise...
Quantizing intensities...

Saved data to /Users/karan/microsegmentation/SyntheticData_EASY_DENSE/Images/image-2.png and /Users/karan/microsegmentation/SyntheticData_EASY_DENSE/Labels/label-2.png.

Took 19.84 seconds.

Loading MT points from /Users/karan/tubulaton/tubulaton-run/tubulaton-3.vtk to numpy array...
Simulating positions of fluorophores...
Number of FPs: 9484927598.729527
Generating label segmentation...
14877 tubulin found in focal plane.
Calculating fluorophore density over focal plane...
52171 fluorophores found in the focal plane.
Calculating fluorophore photon emission rate...
Fluorophore photon emission per second = 9470381.451524047
Applying point spread function to light intensity array...
Simulating shot noise...
Quantizing intensities...

Saved data to /Users/karan/microsegmentation/SyntheticData_EASY_DENSE/Images/image-3.png and /Users/karan/microsegmentation/SyntheticData_EASY_DENSE/Labels/label-3.png.

Took 19.80 seconds.

Loading MT points from /Users/karan/tubulaton/tubulaton-run/tubulaton-4.vtk to numpy array...
Simulating positions of fluorophores...
Number of FPs: 9676158053.214493
Generating label segmentation...
10629 tubulin found in focal plane.
Calculating fluorophore density over focal plane...
49146 fluorophores found in the focal plane.
Calculating fluorophore photon emission rate...
Fluorophore photon emission per second = 9470381.451524047
Applying point spread function to light intensity array...
Simulating shot noise...
Quantizing intensities...

Saved data to /Users/karan/microsegmentation/SyntheticData_EASY_DENSE/Images/image-4.png and /Users/karan/microsegmentation/SyntheticData_EASY_DENSE/Labels/label-4.png.

Took 19.60 seconds.

Loading MT points from /Users/karan/tubulaton/tubulaton-run/tubulaton-5.vtk to numpy array...
Simulating positions of fluorophores...
Number of FPs: 9657842203.317553
Generating label segmentation...
10242 tubulin found in focal plane.
Calculating fluorophore density over focal plane...
50358 fluorophores found in the focal plane.
Calculating fluorophore photon emission rate...
Fluorophore photon emission per second = 9470381.451524047
Applying point spread function to light intensity array...
Simulating shot noise...
Quantizing intensities...

Saved data to /Users/karan/microsegmentation/SyntheticData_EASY_DENSE/Images/image-5.png and /Users/karan/microsegmentation/SyntheticData_EASY_DENSE/Labels/label-5.png.

Took 19.20 seconds.

Loading MT points from /Users/karan/tubulaton/tubulaton-run/tubulaton-6.vtk to numpy array...
Simulating positions of fluorophores...
Number of FPs: 9887267244.926908
Generating label segmentation...
15569 tubulin found in focal plane.
Calculating fluorophore density over focal plane...
50745 fluorophores found in the focal plane.
Calculating fluorophore photon emission rate...
Fluorophore photon emission per second = 9470381.451524047
Applying point spread function to light intensity array...
Simulating shot noise...
Quantizing intensities...

Saved data to /Users/karan/microsegmentation/SyntheticData_EASY_DENSE/Images/image-6.png and /Users/karan/microsegmentation/SyntheticData_EASY_DENSE/Labels/label-6.png.

Took 19.82 seconds.

Loading MT points from /Users/karan/tubulaton/tubulaton-run/tubulaton-7.vtk to numpy array...
Simulating positions of fluorophores...
Number of FPs: 9712446475.993902
Generating label segmentation...
10791 tubulin found in focal plane.
Calculating fluorophore density over focal plane...
52702 fluorophores found in the focal plane.
Calculating fluorophore photon emission rate...
Fluorophore photon emission per second = 9470381.451524047
Applying point spread function to light intensity array...
Simulating shot noise...
Quantizing intensities...

Saved data to /Users/karan/microsegmentation/SyntheticData_EASY_DENSE/Images/image-7.png and /Users/karan/microsegmentation/SyntheticData_EASY_DENSE/Labels/label-7.png.

Took 19.76 seconds.

Loading MT points from /Users/karan/tubulaton/tubulaton-run/tubulaton-8.vtk to numpy array...
Simulating positions of fluorophores...
Number of FPs: 9688751540.687502
Generating label segmentation...
14842 tubulin found in focal plane.
Calculating fluorophore density over focal plane...
49420 fluorophores found in the focal plane.
Calculating fluorophore photon emission rate...
Fluorophore photon emission per second = 9470381.451524047
Applying point spread function to light intensity array...
Simulating shot noise...
Quantizing intensities...

Saved data to /Users/karan/microsegmentation/SyntheticData_EASY_DENSE/Images/image-8.png and /Users/karan/microsegmentation/SyntheticData_EASY_DENSE/Labels/label-8.png.

Took 19.59 seconds.

Loading MT points from /Users/karan/tubulaton/tubulaton-run/tubulaton-9.vtk to numpy array...
Simulating positions of fluorophores...
Number of FPs: 9890445964.294806
Generating label segmentation...
15630 tubulin found in focal plane.
Calculating fluorophore density over focal plane...
52920 fluorophores found in the focal plane.
Calculating fluorophore photon emission rate...
Fluorophore photon emission per second = 9470381.451524047
Applying point spread function to light intensity array...
Simulating shot noise...
Quantizing intensities...

Saved data to /Users/karan/microsegmentation/SyntheticData_EASY_DENSE/Images/image-9.png and /Users/karan/microsegmentation/SyntheticData_EASY_DENSE/Labels/label-9.png.

Took 19.89 seconds.

Loading MT points from /Users/karan/tubulaton/tubulaton-run/tubulaton-10.vtk to numpy array...
Simulating positions of fluorophores...
Number of FPs: 9422074802.389154
Generating label segmentation...
12422 tubulin found in focal plane.
Calculating fluorophore density over focal plane...
49386 fluorophores found in the focal plane.
Calculating fluorophore photon emission rate...
Fluorophore photon emission per second = 9470381.451524047
Applying point spread function to light intensity array...
Simulating shot noise...
Quantizing intensities...

Saved data to /Users/karan/microsegmentation/SyntheticData_EASY_DENSE/Images/image-10.png and /Users/karan/microsegmentation/SyntheticData_EASY_DENSE/Labels/label-10.png.

Took 19.81 seconds.

Loading MT points from /Users/karan/tubulaton/tubulaton-run/tubulaton-11.vtk to numpy array...
Simulating positions of fluorophores...
Number of FPs: 9300111887.476225
Generating label segmentation...
13777 tubulin found in focal plane.
Calculating fluorophore density over focal plane...
53873 fluorophores found in the focal plane.
Calculating fluorophore photon emission rate...
Fluorophore photon emission per second = 9470381.451524047
Applying point spread function to light intensity array...
Simulating shot noise...
Quantizing intensities...

Saved data to /Users/karan/microsegmentation/SyntheticData_EASY_DENSE/Images/image-11.png and /Users/karan/microsegmentation/SyntheticData_EASY_DENSE/Labels/label-11.png.

Took 19.31 seconds.

Loading MT points from /Users/karan/tubulaton/tubulaton-run/tubulaton-12.vtk to numpy array...
Simulating positions of fluorophores...
Number of FPs: 10273897938.1961
Generating label segmentation...
9042 tubulin found in focal plane.
Calculating fluorophore density over focal plane...
44987 fluorophores found in the focal plane.
Calculating fluorophore photon emission rate...
Fluorophore photon emission per second = 9470381.451524047
Applying point spread function to light intensity array...
Simulating shot noise...
Quantizing intensities...

Saved data to /Users/karan/microsegmentation/SyntheticData_EASY_DENSE/Images/image-12.png and /Users/karan/microsegmentation/SyntheticData_EASY_DENSE/Labels/label-12.png.

Took 20.09 seconds.

Loading MT points from /Users/karan/tubulaton/tubulaton-run/tubulaton-13.vtk to numpy array...
Simulating positions of fluorophores...
Number of FPs: 9201053866.919285
Generating label segmentation...
12836 tubulin found in focal plane.
Calculating fluorophore density over focal plane...
57120 fluorophores found in the focal plane.
Calculating fluorophore photon emission rate...
Fluorophore photon emission per second = 9470381.451524047
Applying point spread function to light intensity array...
Simulating shot noise...
Quantizing intensities...

Saved data to /Users/karan/microsegmentation/SyntheticData_EASY_DENSE/Images/image-13.png and /Users/karan/microsegmentation/SyntheticData_EASY_DENSE/Labels/label-13.png.

Took 19.22 seconds.

Loading MT points from /Users/karan/tubulaton/tubulaton-run/tubulaton-14.vtk to numpy array...
Simulating positions of fluorophores...
Number of FPs: 9898244208.501247
Generating label segmentation...
7202 tubulin found in focal plane.
Calculating fluorophore density over focal plane...
48275 fluorophores found in the focal plane.
Calculating fluorophore photon emission rate...
Fluorophore photon emission per second = 9470381.451524047
Applying point spread function to light intensity array...
Simulating shot noise...
Quantizing intensities...

Saved data to /Users/karan/microsegmentation/SyntheticData_EASY_DENSE/Images/image-14.png and /Users/karan/microsegmentation/SyntheticData_EASY_DENSE/Labels/label-14.png.

Took 19.43 seconds.

Loading MT points from /Users/karan/tubulaton/tubulaton-run/tubulaton-15.vtk to numpy array...
Simulating positions of fluorophores...
Number of FPs: 9481352809.755005
Generating label segmentation...
12514 tubulin found in focal plane.
Calculating fluorophore density over focal plane...
52744 fluorophores found in the focal plane.
Calculating fluorophore photon emission rate...
Fluorophore photon emission per second = 9470381.451524047
Applying point spread function to light intensity array...
Simulating shot noise...
Quantizing intensities...

Saved data to /Users/karan/microsegmentation/SyntheticData_EASY_DENSE/Images/image-15.png and /Users/karan/microsegmentation/SyntheticData_EASY_DENSE/Labels/label-15.png.

Took 19.54 seconds.

Loading MT points from /Users/karan/tubulaton/tubulaton-run/tubulaton-16.vtk to numpy array...
Simulating positions of fluorophores...
Number of FPs: 9460152868.993776
Generating label segmentation...
11996 tubulin found in focal plane.
Calculating fluorophore density over focal plane...
50178 fluorophores found in the focal plane.
Calculating fluorophore photon emission rate...
Fluorophore photon emission per second = 9470381.451524047
Applying point spread function to light intensity array...
Simulating shot noise...
Quantizing intensities...

Saved data to /Users/karan/microsegmentation/SyntheticData_EASY_DENSE/Images/image-16.png and /Users/karan/microsegmentation/SyntheticData_EASY_DENSE/Labels/label-16.png.

Took 19.78 seconds.

Loading MT points from /Users/karan/tubulaton/tubulaton-run/tubulaton-17.vtk to numpy array...
Simulating positions of fluorophores...
Number of FPs: 9600889662.435575
Generating label segmentation...
9966 tubulin found in focal plane.
Calculating fluorophore density over focal plane...
52393 fluorophores found in the focal plane.
Calculating fluorophore photon emission rate...
Fluorophore photon emission per second = 9470381.451524047
Applying point spread function to light intensity array...
Simulating shot noise...
Quantizing intensities...

Saved data to /Users/karan/microsegmentation/SyntheticData_EASY_DENSE/Images/image-17.png and /Users/karan/microsegmentation/SyntheticData_EASY_DENSE/Labels/label-17.png.

Took 19.67 seconds.

Loading MT points from /Users/karan/tubulaton/tubulaton-run/tubulaton-18.vtk to numpy array...
Simulating positions of fluorophores...
Number of FPs: 9623075324.089651
Generating label segmentation...
13063 tubulin found in focal plane.
Calculating fluorophore density over focal plane...
53578 fluorophores found in the focal plane.
Calculating fluorophore photon emission rate...
Fluorophore photon emission per second = 9470381.451524047
Applying point spread function to light intensity array...
Simulating shot noise...
Quantizing intensities...

Saved data to /Users/karan/microsegmentation/SyntheticData_EASY_DENSE/Images/image-18.png and /Users/karan/microsegmentation/SyntheticData_EASY_DENSE/Labels/label-18.png.

Took 19.52 seconds.

Loading MT points from /Users/karan/tubulaton/tubulaton-run/tubulaton-19.vtk to numpy array...
Simulating positions of fluorophores...
Number of FPs: 9803557416.189423
Generating label segmentation...
12615 tubulin found in focal plane.
Calculating fluorophore density over focal plane...
45123 fluorophores found in the focal plane.
Calculating fluorophore photon emission rate...
Fluorophore photon emission per second = 9470381.451524047
Applying point spread function to light intensity array...
Simulating shot noise...
Quantizing intensities...

Saved data to /Users/karan/microsegmentation/SyntheticData_EASY_DENSE/Images/image-19.png and /Users/karan/microsegmentation/SyntheticData_EASY_DENSE/Labels/label-19.png.

Took 19.80 seconds.

Loading MT points from /Users/karan/tubulaton/tubulaton-run/tubulaton-20.vtk to numpy array...
Simulating positions of fluorophores...
Number of FPs: 9562091785.549568
Generating label segmentation...
11537 tubulin found in focal plane.
Calculating fluorophore density over focal plane...
52705 fluorophores found in the focal plane.
Calculating fluorophore photon emission rate...
Fluorophore photon emission per second = 9470381.451524047
Applying point spread function to light intensity array...
Simulating shot noise...
Quantizing intensities...

Saved data to /Users/karan/microsegmentation/SyntheticData_EASY_DENSE/Images/image-20.png and /Users/karan/microsegmentation/SyntheticData_EASY_DENSE/Labels/label-20.png.

Took 19.91 seconds.

Loading MT points from /Users/karan/tubulaton/tubulaton-run/tubulaton-21.vtk to numpy array...
Simulating positions of fluorophores...
Number of FPs: 9429360520.454288
Generating label segmentation...
6341 tubulin found in focal plane.
Calculating fluorophore density over focal plane...
48580 fluorophores found in the focal plane.
Calculating fluorophore photon emission rate...
Fluorophore photon emission per second = 9470381.451524047
Applying point spread function to light intensity array...
Simulating shot noise...
Quantizing intensities...

Saved data to /Users/karan/microsegmentation/SyntheticData_EASY_DENSE/Images/image-21.png and /Users/karan/microsegmentation/SyntheticData_EASY_DENSE/Labels/label-21.png.

Took 19.40 seconds.

Loading MT points from /Users/karan/tubulaton/tubulaton-run/tubulaton-22.vtk to numpy array...
Simulating positions of fluorophores...
Number of FPs: 9325280887.060493
Generating label segmentation...
10083 tubulin found in focal plane.
Calculating fluorophore density over focal plane...
54546 fluorophores found in the focal plane.
Calculating fluorophore photon emission rate...
Fluorophore photon emission per second = 9470381.451524047
Applying point spread function to light intensity array...
Simulating shot noise...
Quantizing intensities...

Saved data to /Users/karan/microsegmentation/SyntheticData_EASY_DENSE/Images/image-22.png and /Users/karan/microsegmentation/SyntheticData_EASY_DENSE/Labels/label-22.png.

Took 19.84 seconds.

Loading MT points from /Users/karan/tubulaton/tubulaton-run/tubulaton-23.vtk to numpy array...
Simulating positions of fluorophores...
Number of FPs: 9472199051.36915
Generating label segmentation...
11053 tubulin found in focal plane.
Calculating fluorophore density over focal plane...
55648 fluorophores found in the focal plane.
Calculating fluorophore photon emission rate...
Fluorophore photon emission per second = 9470381.451524047
Applying point spread function to light intensity array...
Simulating shot noise...
Quantizing intensities...

Saved data to /Users/karan/microsegmentation/SyntheticData_EASY_DENSE/Images/image-23.png and /Users/karan/microsegmentation/SyntheticData_EASY_DENSE/Labels/label-23.png.

Took 19.49 seconds.

Loading MT points from /Users/karan/tubulaton/tubulaton-run/tubulaton-24.vtk to numpy array...
Simulating positions of fluorophores...
Number of FPs: 9574662264.260733
Generating label segmentation...
10807 tubulin found in focal plane.
Calculating fluorophore density over focal plane...
47877 fluorophores found in the focal plane.
Calculating fluorophore photon emission rate...
Fluorophore photon emission per second = 9470381.451524047
Applying point spread function to light intensity array...
Simulating shot noise...
Quantizing intensities...

Saved data to /Users/karan/microsegmentation/SyntheticData_EASY_DENSE/Images/image-24.png and /Users/karan/microsegmentation/SyntheticData_EASY_DENSE/Labels/label-24.png.

Took 19.01 seconds.

Loading MT points from /Users/karan/tubulaton/tubulaton-run/tubulaton-25.vtk to numpy array...
Simulating positions of fluorophores...
Number of FPs: 9536440456.175
Generating label segmentation...
10673 tubulin found in focal plane.
Calculating fluorophore density over focal plane...
50257 fluorophores found in the focal plane.
Calculating fluorophore photon emission rate...
Fluorophore photon emission per second = 9470381.451524047
Applying point spread function to light intensity array...
Simulating shot noise...
Quantizing intensities...

Saved data to /Users/karan/microsegmentation/SyntheticData_EASY_DENSE/Images/image-25.png and /Users/karan/microsegmentation/SyntheticData_EASY_DENSE/Labels/label-25.png.

Took 19.76 seconds.

Loading MT points from /Users/karan/tubulaton/tubulaton-run/tubulaton-26.vtk to numpy array...
Simulating positions of fluorophores...
Number of FPs: 9822990874.658184
Generating label segmentation...
11510 tubulin found in focal plane.
Calculating fluorophore density over focal plane...
47614 fluorophores found in the focal plane.
Calculating fluorophore photon emission rate...
Fluorophore photon emission per second = 9470381.451524047
Applying point spread function to light intensity array...
Simulating shot noise...
Quantizing intensities...

Saved data to /Users/karan/microsegmentation/SyntheticData_EASY_DENSE/Images/image-26.png and /Users/karan/microsegmentation/SyntheticData_EASY_DENSE/Labels/label-26.png.

Took 20.08 seconds.

Loading MT points from /Users/karan/tubulaton/tubulaton-run/tubulaton-27.vtk to numpy array...
Simulating positions of fluorophores...
Number of FPs: 9587240534.069632
Generating label segmentation...
13375 tubulin found in focal plane.
Calculating fluorophore density over focal plane...
55347 fluorophores found in the focal plane.
Calculating fluorophore photon emission rate...
Fluorophore photon emission per second = 9470381.451524047
Applying point spread function to light intensity array...
Simulating shot noise...
Quantizing intensities...

Saved data to /Users/karan/microsegmentation/SyntheticData_EASY_DENSE/Images/image-27.png and /Users/karan/microsegmentation/SyntheticData_EASY_DENSE/Labels/label-27.png.

Took 19.86 seconds.

Loading MT points from /Users/karan/tubulaton/tubulaton-run/tubulaton-28.vtk to numpy array...
Simulating positions of fluorophores...
Number of FPs: 9696951991.926798
Generating label segmentation...
9153 tubulin found in focal plane.
Calculating fluorophore density over focal plane...
52669 fluorophores found in the focal plane.
Calculating fluorophore photon emission rate...
Fluorophore photon emission per second = 9470381.451524047
Applying point spread function to light intensity array...
Simulating shot noise...
Quantizing intensities...

Saved data to /Users/karan/microsegmentation/SyntheticData_EASY_DENSE/Images/image-28.png and /Users/karan/microsegmentation/SyntheticData_EASY_DENSE/Labels/label-28.png.

Took 20.03 seconds.

Loading MT points from /Users/karan/tubulaton/tubulaton-run/tubulaton-29.vtk to numpy array...
Simulating positions of fluorophores...
Number of FPs: 9668168388.768454
Generating label segmentation...
16925 tubulin found in focal plane.
Calculating fluorophore density over focal plane...
54234 fluorophores found in the focal plane.
Calculating fluorophore photon emission rate...
Fluorophore photon emission per second = 9470381.451524047
Applying point spread function to light intensity array...
Simulating shot noise...
Quantizing intensities...

Saved data to /Users/karan/microsegmentation/SyntheticData_EASY_DENSE/Images/image-29.png and /Users/karan/microsegmentation/SyntheticData_EASY_DENSE/Labels/label-29.png.

Took 19.77 seconds.

Loading MT points from /Users/karan/tubulaton/tubulaton-run/tubulaton-30.vtk to numpy array...
Simulating positions of fluorophores...
Number of FPs: 9294251393.91241
Generating label segmentation...
18396 tubulin found in focal plane.
Calculating fluorophore density over focal plane...
55548 fluorophores found in the focal plane.
Calculating fluorophore photon emission rate...
Fluorophore photon emission per second = 9470381.451524047
Applying point spread function to light intensity array...
Simulating shot noise...
Quantizing intensities...

Saved data to /Users/karan/microsegmentation/SyntheticData_EASY_DENSE/Images/image-30.png and /Users/karan/microsegmentation/SyntheticData_EASY_DENSE/Labels/label-30.png.

Took 19.37 seconds.

Loading MT points from /Users/karan/tubulaton/tubulaton-run/tubulaton-31.vtk to numpy array...
Simulating positions of fluorophores...
Number of FPs: 9438011420.253824
Generating label segmentation...
7048 tubulin found in focal plane.
Calculating fluorophore density over focal plane...
45001 fluorophores found in the focal plane.
Calculating fluorophore photon emission rate...
Fluorophore photon emission per second = 9470381.451524047
Applying point spread function to light intensity array...
Simulating shot noise...
Quantizing intensities...

Saved data to /Users/karan/microsegmentation/SyntheticData_EASY_DENSE/Images/image-31.png and /Users/karan/microsegmentation/SyntheticData_EASY_DENSE/Labels/label-31.png.

Took 19.20 seconds.

Loading MT points from /Users/karan/tubulaton/tubulaton-run/tubulaton-32.vtk to numpy array...
Simulating positions of fluorophores...
Number of FPs: 9307241389.219143
Generating label segmentation...
13608 tubulin found in focal plane.
Calculating fluorophore density over focal plane...
52525 fluorophores found in the focal plane.
Calculating fluorophore photon emission rate...
Fluorophore photon emission per second = 9470381.451524047
Applying point spread function to light intensity array...
Simulating shot noise...
Quantizing intensities...

Saved data to /Users/karan/microsegmentation/SyntheticData_EASY_DENSE/Images/image-32.png and /Users/karan/microsegmentation/SyntheticData_EASY_DENSE/Labels/label-32.png.

Took 19.55 seconds.

Loading MT points from /Users/karan/tubulaton/tubulaton-run/tubulaton-33.vtk to numpy array...
Simulating positions of fluorophores...
Number of FPs: 9305695580.642267
Generating label segmentation...
13046 tubulin found in focal plane.
Calculating fluorophore density over focal plane...
59313 fluorophores found in the focal plane.
Calculating fluorophore photon emission rate...
Fluorophore photon emission per second = 9470381.451524047
Applying point spread function to light intensity array...
Simulating shot noise...
Quantizing intensities...

Saved data to /Users/karan/microsegmentation/SyntheticData_EASY_DENSE/Images/image-33.png and /Users/karan/microsegmentation/SyntheticData_EASY_DENSE/Labels/label-33.png.

Took 19.52 seconds.

Loading MT points from /Users/karan/tubulaton/tubulaton-run/tubulaton-34.vtk to numpy array...
Simulating positions of fluorophores...
Number of FPs: 9544010552.579853
Generating label segmentation...
13294 tubulin found in focal plane.
Calculating fluorophore density over focal plane...
48751 fluorophores found in the focal plane.
Calculating fluorophore photon emission rate...
Fluorophore photon emission per second = 9470381.451524047
Applying point spread function to light intensity array...
Simulating shot noise...
Quantizing intensities...

Saved data to /Users/karan/microsegmentation/SyntheticData_EASY_DENSE/Images/image-34.png and /Users/karan/microsegmentation/SyntheticData_EASY_DENSE/Labels/label-34.png.

Took 19.67 seconds.

Loading MT points from /Users/karan/tubulaton/tubulaton-run/tubulaton-35.vtk to numpy array...
Simulating positions of fluorophores...
Number of FPs: 9591227822.742361
Generating label segmentation...
11396 tubulin found in focal plane.
Calculating fluorophore density over focal plane...
50045 fluorophores found in the focal plane.
Calculating fluorophore photon emission rate...
Fluorophore photon emission per second = 9470381.451524047
Applying point spread function to light intensity array...
Simulating shot noise...
Quantizing intensities...

Saved data to /Users/karan/microsegmentation/SyntheticData_EASY_DENSE/Images/image-35.png and /Users/karan/microsegmentation/SyntheticData_EASY_DENSE/Labels/label-35.png.

Took 19.31 seconds.

Loading MT points from /Users/karan/tubulaton/tubulaton-run/tubulaton-36.vtk to numpy array...
Simulating positions of fluorophores...
Number of FPs: 9419995146.761787
Generating label segmentation...
9719 tubulin found in focal plane.
Calculating fluorophore density over focal plane...
51626 fluorophores found in the focal plane.
Calculating fluorophore photon emission rate...
Fluorophore photon emission per second = 9470381.451524047
Applying point spread function to light intensity array...
Simulating shot noise...
Quantizing intensities...

Saved data to /Users/karan/microsegmentation/SyntheticData_EASY_DENSE/Images/image-36.png and /Users/karan/microsegmentation/SyntheticData_EASY_DENSE/Labels/label-36.png.

Took 19.31 seconds.

Loading MT points from /Users/karan/tubulaton/tubulaton-run/tubulaton-37.vtk to numpy array...
Simulating positions of fluorophores...
Number of FPs: 9822177364.561169
Generating label segmentation...
12947 tubulin found in focal plane.
Calculating fluorophore density over focal plane...
50738 fluorophores found in the focal plane.
Calculating fluorophore photon emission rate...
Fluorophore photon emission per second = 9470381.451524047
Applying point spread function to light intensity array...
Simulating shot noise...
Quantizing intensities...

Saved data to /Users/karan/microsegmentation/SyntheticData_EASY_DENSE/Images/image-37.png and /Users/karan/microsegmentation/SyntheticData_EASY_DENSE/Labels/label-37.png.

Took 19.62 seconds.

Loading MT points from /Users/karan/tubulaton/tubulaton-run/tubulaton-38.vtk to numpy array...
Simulating positions of fluorophores...
Number of FPs: 10116736148.798899
Generating label segmentation...
10658 tubulin found in focal plane.
Calculating fluorophore density over focal plane...
44572 fluorophores found in the focal plane.
Calculating fluorophore photon emission rate...
Fluorophore photon emission per second = 9470381.451524047
Applying point spread function to light intensity array...
Simulating shot noise...
Quantizing intensities...

Saved data to /Users/karan/microsegmentation/SyntheticData_EASY_DENSE/Images/image-38.png and /Users/karan/microsegmentation/SyntheticData_EASY_DENSE/Labels/label-38.png.

Took 19.64 seconds.

Loading MT points from /Users/karan/tubulaton/tubulaton-run/tubulaton-39.vtk to numpy array...
Simulating positions of fluorophores...
Number of FPs: 9456452716.5991
Generating label segmentation...
12215 tubulin found in focal plane.
Calculating fluorophore density over focal plane...
52451 fluorophores found in the focal plane.
Calculating fluorophore photon emission rate...
Fluorophore photon emission per second = 9470381.451524047
Applying point spread function to light intensity array...
Simulating shot noise...
Quantizing intensities...

Saved data to /Users/karan/microsegmentation/SyntheticData_EASY_DENSE/Images/image-39.png and /Users/karan/microsegmentation/SyntheticData_EASY_DENSE/Labels/label-39.png.

Took 19.68 seconds.

Loading MT points from /Users/karan/tubulaton/tubulaton-run/tubulaton-40.vtk to numpy array...
Simulating positions of fluorophores...
Number of FPs: 9993356521.217886
Generating label segmentation...
12956 tubulin found in focal plane.
Calculating fluorophore density over focal plane...
55470 fluorophores found in the focal plane.
Calculating fluorophore photon emission rate...
Fluorophore photon emission per second = 9470381.451524047
Applying point spread function to light intensity array...
Simulating shot noise...
Quantizing intensities...

Saved data to /Users/karan/microsegmentation/SyntheticData_EASY_DENSE/Images/image-40.png and /Users/karan/microsegmentation/SyntheticData_EASY_DENSE/Labels/label-40.png.

Took 20.42 seconds.

Loading MT points from /Users/karan/tubulaton/tubulaton-run/tubulaton-41.vtk to numpy array...
Simulating positions of fluorophores...
Number of FPs: 9729885624.973772
Generating label segmentation...
12525 tubulin found in focal plane.
Calculating fluorophore density over focal plane...
51088 fluorophores found in the focal plane.
Calculating fluorophore photon emission rate...
Fluorophore photon emission per second = 9470381.451524047
Applying point spread function to light intensity array...
Simulating shot noise...
Quantizing intensities...

Saved data to /Users/karan/microsegmentation/SyntheticData_EASY_DENSE/Images/image-41.png and /Users/karan/microsegmentation/SyntheticData_EASY_DENSE/Labels/label-41.png.

Took 19.66 seconds.

Loading MT points from /Users/karan/tubulaton/tubulaton-run/tubulaton-42.vtk to numpy array...
Simulating positions of fluorophores...
Number of FPs: 9462228700.40795
Generating label segmentation...
7971 tubulin found in focal plane.
Calculating fluorophore density over focal plane...
51458 fluorophores found in the focal plane.
Calculating fluorophore photon emission rate...
Fluorophore photon emission per second = 9470381.451524047
Applying point spread function to light intensity array...
Simulating shot noise...
Quantizing intensities...

Saved data to /Users/karan/microsegmentation/SyntheticData_EASY_DENSE/Images/image-42.png and /Users/karan/microsegmentation/SyntheticData_EASY_DENSE/Labels/label-42.png.

Took 19.72 seconds.

Loading MT points from /Users/karan/tubulaton/tubulaton-run/tubulaton-43.vtk to numpy array...
Simulating positions of fluorophores...
Number of FPs: 9416299519.31206
Generating label segmentation...
10205 tubulin found in focal plane.
Calculating fluorophore density over focal plane...
51656 fluorophores found in the focal plane.
Calculating fluorophore photon emission rate...
Fluorophore photon emission per second = 9470381.451524047
Applying point spread function to light intensity array...
Simulating shot noise...
Quantizing intensities...

Saved data to /Users/karan/microsegmentation/SyntheticData_EASY_DENSE/Images/image-43.png and /Users/karan/microsegmentation/SyntheticData_EASY_DENSE/Labels/label-43.png.

Took 19.91 seconds.

Loading MT points from /Users/karan/tubulaton/tubulaton-run/tubulaton-44.vtk to numpy array...
Simulating positions of fluorophores...
Number of FPs: 9820309931.007622
Generating label segmentation...
8206 tubulin found in focal plane.
Calculating fluorophore density over focal plane...
53521 fluorophores found in the focal plane.
Calculating fluorophore photon emission rate...
Fluorophore photon emission per second = 9470381.451524047
Applying point spread function to light intensity array...
Simulating shot noise...
Quantizing intensities...

Saved data to /Users/karan/microsegmentation/SyntheticData_EASY_DENSE/Images/image-44.png and /Users/karan/microsegmentation/SyntheticData_EASY_DENSE/Labels/label-44.png.

Took 20.18 seconds.

Loading MT points from /Users/karan/tubulaton/tubulaton-run/tubulaton-45.vtk to numpy array...
Simulating positions of fluorophores...
Number of FPs: 9799139601.182707
Generating label segmentation...
7355 tubulin found in focal plane.
Calculating fluorophore density over focal plane...
55438 fluorophores found in the focal plane.
Calculating fluorophore photon emission rate...
Fluorophore photon emission per second = 9470381.451524047
Applying point spread function to light intensity array...
Simulating shot noise...
Quantizing intensities...

Saved data to /Users/karan/microsegmentation/SyntheticData_EASY_DENSE/Images/image-45.png and /Users/karan/microsegmentation/SyntheticData_EASY_DENSE/Labels/label-45.png.

Took 19.78 seconds.

Loading MT points from /Users/karan/tubulaton/tubulaton-run/tubulaton-46.vtk to numpy array...
Simulating positions of fluorophores...
Number of FPs: 9409051084.987057
Generating label segmentation...
14349 tubulin found in focal plane.
Calculating fluorophore density over focal plane...
53494 fluorophores found in the focal plane.
Calculating fluorophore photon emission rate...
Fluorophore photon emission per second = 9470381.451524047
Applying point spread function to light intensity array...
Simulating shot noise...
Quantizing intensities...

Saved data to /Users/karan/microsegmentation/SyntheticData_EASY_DENSE/Images/image-46.png and /Users/karan/microsegmentation/SyntheticData_EASY_DENSE/Labels/label-46.png.

Took 19.49 seconds.

Loading MT points from /Users/karan/tubulaton/tubulaton-run/tubulaton-47.vtk to numpy array...
Simulating positions of fluorophores...
Number of FPs: 9617418272.591656
Generating label segmentation...
10131 tubulin found in focal plane.
Calculating fluorophore density over focal plane...
44971 fluorophores found in the focal plane.
Calculating fluorophore photon emission rate...
Fluorophore photon emission per second = 9470381.451524047
Applying point spread function to light intensity array...
Simulating shot noise...
Quantizing intensities...

Saved data to /Users/karan/microsegmentation/SyntheticData_EASY_DENSE/Images/image-47.png and /Users/karan/microsegmentation/SyntheticData_EASY_DENSE/Labels/label-47.png.

Took 19.73 seconds.

Loading MT points from /Users/karan/tubulaton/tubulaton-run/tubulaton-48.vtk to numpy array...
Simulating positions of fluorophores...
Number of FPs: 9480506673.275187
Generating label segmentation...
10097 tubulin found in focal plane.
Calculating fluorophore density over focal plane...
49434 fluorophores found in the focal plane.
Calculating fluorophore photon emission rate...
Fluorophore photon emission per second = 9470381.451524047
Applying point spread function to light intensity array...
Simulating shot noise...
Quantizing intensities...

Saved data to /Users/karan/microsegmentation/SyntheticData_EASY_DENSE/Images/image-48.png and /Users/karan/microsegmentation/SyntheticData_EASY_DENSE/Labels/label-48.png.

Took 19.86 seconds.

Loading MT points from /Users/karan/tubulaton/tubulaton-run/tubulaton-49.vtk to numpy array...
Simulating positions of fluorophores...
Number of FPs: 9742274335.445583
Generating label segmentation...
8718 tubulin found in focal plane.
Calculating fluorophore density over focal plane...
46119 fluorophores found in the focal plane.
Calculating fluorophore photon emission rate...
Fluorophore photon emission per second = 9470381.451524047
Applying point spread function to light intensity array...
Simulating shot noise...
Quantizing intensities...

Saved data to /Users/karan/microsegmentation/SyntheticData_EASY_DENSE/Images/image-49.png and /Users/karan/microsegmentation/SyntheticData_EASY_DENSE/Labels/label-49.png.

Took 19.93 seconds.

Loading MT points from /Users/karan/tubulaton/tubulaton-run/tubulaton-50.vtk to numpy array...
Simulating positions of fluorophores...
Number of FPs: 9467045890.153519
Generating label segmentation...
13960 tubulin found in focal plane.
Calculating fluorophore density over focal plane...
55210 fluorophores found in the focal plane.
Calculating fluorophore photon emission rate...
Fluorophore photon emission per second = 9470381.451524047
Applying point spread function to light intensity array...
Simulating shot noise...
Quantizing intensities...

Saved data to /Users/karan/microsegmentation/SyntheticData_EASY_DENSE/Images/image-50.png and /Users/karan/microsegmentation/SyntheticData_EASY_DENSE/Labels/label-50.png.

Took 19.82 seconds.

Loading MT points from /Users/karan/tubulaton/tubulaton-run/tubulaton-51.vtk to numpy array...
Simulating positions of fluorophores...
Number of FPs: 9845372027.418507
Generating label segmentation...
15033 tubulin found in focal plane.
Calculating fluorophore density over focal plane...
58950 fluorophores found in the focal plane.
Calculating fluorophore photon emission rate...
Fluorophore photon emission per second = 9470381.451524047
Applying point spread function to light intensity array...
Simulating shot noise...
Quantizing intensities...

Saved data to /Users/karan/microsegmentation/SyntheticData_EASY_DENSE/Images/image-51.png and /Users/karan/microsegmentation/SyntheticData_EASY_DENSE/Labels/label-51.png.

Took 19.95 seconds.

Loading MT points from /Users/karan/tubulaton/tubulaton-run/tubulaton-52.vtk to numpy array...
Simulating positions of fluorophores...
Number of FPs: 9526710914.198645
Generating label segmentation...
11120 tubulin found in focal plane.
Calculating fluorophore density over focal plane...
49082 fluorophores found in the focal plane.
Calculating fluorophore photon emission rate...
Fluorophore photon emission per second = 9470381.451524047
Applying point spread function to light intensity array...
Simulating shot noise...
Quantizing intensities...

Saved data to /Users/karan/microsegmentation/SyntheticData_EASY_DENSE/Images/image-52.png and /Users/karan/microsegmentation/SyntheticData_EASY_DENSE/Labels/label-52.png.

Took 19.84 seconds.

Loading MT points from /Users/karan/tubulaton/tubulaton-run/tubulaton-53.vtk to numpy array...
Simulating positions of fluorophores...
Number of FPs: 9698212677.172607
Generating label segmentation...
8862 tubulin found in focal plane.
Calculating fluorophore density over focal plane...
48297 fluorophores found in the focal plane.
Calculating fluorophore photon emission rate...
Fluorophore photon emission per second = 9470381.451524047
Applying point spread function to light intensity array...
Simulating shot noise...
Quantizing intensities...

Saved data to /Users/karan/microsegmentation/SyntheticData_EASY_DENSE/Images/image-53.png and /Users/karan/microsegmentation/SyntheticData_EASY_DENSE/Labels/label-53.png.

Took 19.99 seconds.

Loading MT points from /Users/karan/tubulaton/tubulaton-run/tubulaton-54.vtk to numpy array...
Simulating positions of fluorophores...
Number of FPs: 9366926043.984116
Generating label segmentation...
12165 tubulin found in focal plane.
Calculating fluorophore density over focal plane...
54777 fluorophores found in the focal plane.
Calculating fluorophore photon emission rate...
Fluorophore photon emission per second = 9470381.451524047
Applying point spread function to light intensity array...
Simulating shot noise...
Quantizing intensities...

Saved data to /Users/karan/microsegmentation/SyntheticData_EASY_DENSE/Images/image-54.png and /Users/karan/microsegmentation/SyntheticData_EASY_DENSE/Labels/label-54.png.

Took 20.00 seconds.

Loading MT points from /Users/karan/tubulaton/tubulaton-run/tubulaton-55.vtk to numpy array...
Simulating positions of fluorophores...
Number of FPs: 9483941459.378256
Generating label segmentation...
10908 tubulin found in focal plane.
Calculating fluorophore density over focal plane...
38411 fluorophores found in the focal plane.
Calculating fluorophore photon emission rate...
Fluorophore photon emission per second = 9470381.451524047
Applying point spread function to light intensity array...
Simulating shot noise...
Quantizing intensities...

Saved data to /Users/karan/microsegmentation/SyntheticData_EASY_DENSE/Images/image-55.png and /Users/karan/microsegmentation/SyntheticData_EASY_DENSE/Labels/label-55.png.

Took 19.05 seconds.

Loading MT points from /Users/karan/tubulaton/tubulaton-run/tubulaton-56.vtk to numpy array...
Simulating positions of fluorophores...
Number of FPs: 9845019779.935165
Generating label segmentation...
6953 tubulin found in focal plane.
Calculating fluorophore density over focal plane...
50165 fluorophores found in the focal plane.
Calculating fluorophore photon emission rate...
Fluorophore photon emission per second = 9470381.451524047
Applying point spread function to light intensity array...
Simulating shot noise...
Quantizing intensities...

Saved data to /Users/karan/microsegmentation/SyntheticData_EASY_DENSE/Images/image-56.png and /Users/karan/microsegmentation/SyntheticData_EASY_DENSE/Labels/label-56.png.

Took 20.01 seconds.

Loading MT points from /Users/karan/tubulaton/tubulaton-run/tubulaton-57.vtk to numpy array...
Simulating positions of fluorophores...
Number of FPs: 9714699375.400297
Generating label segmentation...
10724 tubulin found in focal plane.
Calculating fluorophore density over focal plane...
55943 fluorophores found in the focal plane.
Calculating fluorophore photon emission rate...
Fluorophore photon emission per second = 9470381.451524047
Applying point spread function to light intensity array...
Simulating shot noise...
Quantizing intensities...

Saved data to /Users/karan/microsegmentation/SyntheticData_EASY_DENSE/Images/image-57.png and /Users/karan/microsegmentation/SyntheticData_EASY_DENSE/Labels/label-57.png.

Took 19.89 seconds.

Loading MT points from /Users/karan/tubulaton/tubulaton-run/tubulaton-58.vtk to numpy array...
Simulating positions of fluorophores...
Number of FPs: 9600232388.80496
Generating label segmentation...
7362 tubulin found in focal plane.
Calculating fluorophore density over focal plane...
44386 fluorophores found in the focal plane.
Calculating fluorophore photon emission rate...
Fluorophore photon emission per second = 9470381.451524047
Applying point spread function to light intensity array...
Simulating shot noise...
Quantizing intensities...

Saved data to /Users/karan/microsegmentation/SyntheticData_EASY_DENSE/Images/image-58.png and /Users/karan/microsegmentation/SyntheticData_EASY_DENSE/Labels/label-58.png.

Took 19.92 seconds.

Loading MT points from /Users/karan/tubulaton/tubulaton-run/tubulaton-59.vtk to numpy array...
Simulating positions of fluorophores...
Number of FPs: 9644328913.114952
Generating label segmentation...
11889 tubulin found in focal plane.
Calculating fluorophore density over focal plane...
53035 fluorophores found in the focal plane.
Calculating fluorophore photon emission rate...
Fluorophore photon emission per second = 9470381.451524047
Applying point spread function to light intensity array...
Simulating shot noise...
Quantizing intensities...

Saved data to /Users/karan/microsegmentation/SyntheticData_EASY_DENSE/Images/image-59.png and /Users/karan/microsegmentation/SyntheticData_EASY_DENSE/Labels/label-59.png.

Took 19.18 seconds.

Loading MT points from /Users/karan/tubulaton/tubulaton-run/tubulaton-60.vtk to numpy array...
Simulating positions of fluorophores...
Number of FPs: 9470682743.990385
Generating label segmentation...
10649 tubulin found in focal plane.
Calculating fluorophore density over focal plane...
47430 fluorophores found in the focal plane.
Calculating fluorophore photon emission rate...
Fluorophore photon emission per second = 9470381.451524047
Applying point spread function to light intensity array...
Simulating shot noise...
Quantizing intensities...

Saved data to /Users/karan/microsegmentation/SyntheticData_EASY_DENSE/Images/image-60.png and /Users/karan/microsegmentation/SyntheticData_EASY_DENSE/Labels/label-60.png.

Took 19.43 seconds.

Loading MT points from /Users/karan/tubulaton/tubulaton-run/tubulaton-61.vtk to numpy array...
Simulating positions of fluorophores...
Number of FPs: 9455140770.820906
Generating label segmentation...
12240 tubulin found in focal plane.
Calculating fluorophore density over focal plane...
54237 fluorophores found in the focal plane.
Calculating fluorophore photon emission rate...
Fluorophore photon emission per second = 9470381.451524047
Applying point spread function to light intensity array...
Simulating shot noise...
Quantizing intensities...

Saved data to /Users/karan/microsegmentation/SyntheticData_EASY_DENSE/Images/image-61.png and /Users/karan/microsegmentation/SyntheticData_EASY_DENSE/Labels/label-61.png.

Took 19.74 seconds.

Loading MT points from /Users/karan/tubulaton/tubulaton-run/tubulaton-62.vtk to numpy array...
Simulating positions of fluorophores...
Number of FPs: 9261067601.819252
Generating label segmentation...
11368 tubulin found in focal plane.
Calculating fluorophore density over focal plane...
52817 fluorophores found in the focal plane.
Calculating fluorophore photon emission rate...
Fluorophore photon emission per second = 9470381.451524047
Applying point spread function to light intensity array...
Simulating shot noise...
Quantizing intensities...

Saved data to /Users/karan/microsegmentation/SyntheticData_EASY_DENSE/Images/image-62.png and /Users/karan/microsegmentation/SyntheticData_EASY_DENSE/Labels/label-62.png.

Took 19.43 seconds.

Loading MT points from /Users/karan/tubulaton/tubulaton-run/tubulaton-63.vtk to numpy array...
Simulating positions of fluorophores...
Number of FPs: 9618369573.257387
Generating label segmentation...
9997 tubulin found in focal plane.
Calculating fluorophore density over focal plane...
56242 fluorophores found in the focal plane.
Calculating fluorophore photon emission rate...
Fluorophore photon emission per second = 9470381.451524047
Applying point spread function to light intensity array...
Simulating shot noise...
Quantizing intensities...

Saved data to /Users/karan/microsegmentation/SyntheticData_EASY_DENSE/Images/image-63.png and /Users/karan/microsegmentation/SyntheticData_EASY_DENSE/Labels/label-63.png.

Took 19.77 seconds.

Loading MT points from /Users/karan/tubulaton/tubulaton-run/tubulaton-64.vtk to numpy array...
Simulating positions of fluorophores...
Number of FPs: 9473291945.921625
Generating label segmentation...
14730 tubulin found in focal plane.
Calculating fluorophore density over focal plane...
61419 fluorophores found in the focal plane.
Calculating fluorophore photon emission rate...
Fluorophore photon emission per second = 9470381.451524047
Applying point spread function to light intensity array...
Simulating shot noise...
Quantizing intensities...

Saved data to /Users/karan/microsegmentation/SyntheticData_EASY_DENSE/Images/image-64.png and /Users/karan/microsegmentation/SyntheticData_EASY_DENSE/Labels/label-64.png.

Took 20.07 seconds.

Loading MT points from /Users/karan/tubulaton/tubulaton-run/tubulaton-65.vtk to numpy array...
Simulating positions of fluorophores...
Number of FPs: 9444286422.308458
Generating label segmentation...
7086 tubulin found in focal plane.
Calculating fluorophore density over focal plane...
45263 fluorophores found in the focal plane.
Calculating fluorophore photon emission rate...
Fluorophore photon emission per second = 9470381.451524047
Applying point spread function to light intensity array...
Simulating shot noise...
Quantizing intensities...

Saved data to /Users/karan/microsegmentation/SyntheticData_EASY_DENSE/Images/image-65.png and /Users/karan/microsegmentation/SyntheticData_EASY_DENSE/Labels/label-65.png.

Took 19.61 seconds.

Loading MT points from /Users/karan/tubulaton/tubulaton-run/tubulaton-66.vtk to numpy array...
Simulating positions of fluorophores...
Number of FPs: 9754750284.41292
Generating label segmentation...
9653 tubulin found in focal plane.
Calculating fluorophore density over focal plane...
39828 fluorophores found in the focal plane.
Calculating fluorophore photon emission rate...
Fluorophore photon emission per second = 9470381.451524047
Applying point spread function to light intensity array...
Simulating shot noise...
Quantizing intensities...

Saved data to /Users/karan/microsegmentation/SyntheticData_EASY_DENSE/Images/image-66.png and /Users/karan/microsegmentation/SyntheticData_EASY_DENSE/Labels/label-66.png.

Took 19.20 seconds.

Loading MT points from /Users/karan/tubulaton/tubulaton-run/tubulaton-67.vtk to numpy array...
Simulating positions of fluorophores...
Number of FPs: 9647377955.462236
Generating label segmentation...
8182 tubulin found in focal plane.
Calculating fluorophore density over focal plane...
46760 fluorophores found in the focal plane.
Calculating fluorophore photon emission rate...
Fluorophore photon emission per second = 9470381.451524047
Applying point spread function to light intensity array...
Simulating shot noise...
Quantizing intensities...

Saved data to /Users/karan/microsegmentation/SyntheticData_EASY_DENSE/Images/image-67.png and /Users/karan/microsegmentation/SyntheticData_EASY_DENSE/Labels/label-67.png.

Took 20.13 seconds.

Loading MT points from /Users/karan/tubulaton/tubulaton-run/tubulaton-68.vtk to numpy array...
Simulating positions of fluorophores...
Number of FPs: 9925591526.987146
Generating label segmentation...
8523 tubulin found in focal plane.
Calculating fluorophore density over focal plane...
48461 fluorophores found in the focal plane.
Calculating fluorophore photon emission rate...
Fluorophore photon emission per second = 9470381.451524047
Applying point spread function to light intensity array...
Simulating shot noise...
Quantizing intensities...

Saved data to /Users/karan/microsegmentation/SyntheticData_EASY_DENSE/Images/image-68.png and /Users/karan/microsegmentation/SyntheticData_EASY_DENSE/Labels/label-68.png.

Took 19.14 seconds.

Loading MT points from /Users/karan/tubulaton/tubulaton-run/tubulaton-69.vtk to numpy array...
Simulating positions of fluorophores...
Number of FPs: 9474030652.623064
Generating label segmentation...
9224 tubulin found in focal plane.
Calculating fluorophore density over focal plane...
59337 fluorophores found in the focal plane.
Calculating fluorophore photon emission rate...
Fluorophore photon emission per second = 9470381.451524047
Applying point spread function to light intensity array...
Simulating shot noise...
Quantizing intensities...

Saved data to /Users/karan/microsegmentation/SyntheticData_EASY_DENSE/Images/image-69.png and /Users/karan/microsegmentation/SyntheticData_EASY_DENSE/Labels/label-69.png.

Took 19.63 seconds.

Loading MT points from /Users/karan/tubulaton/tubulaton-run/tubulaton-70.vtk to numpy array...
Simulating positions of fluorophores...
Number of FPs: 9383224914.486885
Generating label segmentation...
6748 tubulin found in focal plane.
Calculating fluorophore density over focal plane...
48113 fluorophores found in the focal plane.
Calculating fluorophore photon emission rate...
Fluorophore photon emission per second = 9470381.451524047
Applying point spread function to light intensity array...
Simulating shot noise...
Quantizing intensities...

Saved data to /Users/karan/microsegmentation/SyntheticData_EASY_DENSE/Images/image-70.png and /Users/karan/microsegmentation/SyntheticData_EASY_DENSE/Labels/label-70.png.

Took 19.50 seconds.

Loading MT points from /Users/karan/tubulaton/tubulaton-run/tubulaton-71.vtk to numpy array...
Simulating positions of fluorophores...
Number of FPs: 9689791113.4079
Generating label segmentation...
8815 tubulin found in focal plane.
Calculating fluorophore density over focal plane...
45571 fluorophores found in the focal plane.
Calculating fluorophore photon emission rate...
Fluorophore photon emission per second = 9470381.451524047
Applying point spread function to light intensity array...
Simulating shot noise...
Quantizing intensities...

Saved data to /Users/karan/microsegmentation/SyntheticData_EASY_DENSE/Images/image-71.png and /Users/karan/microsegmentation/SyntheticData_EASY_DENSE/Labels/label-71.png.

Took 19.54 seconds.

Loading MT points from /Users/karan/tubulaton/tubulaton-run/tubulaton-72.vtk to numpy array...
Simulating positions of fluorophores...
Number of FPs: 9809127729.76873
Generating label segmentation...
9325 tubulin found in focal plane.
Calculating fluorophore density over focal plane...
56340 fluorophores found in the focal plane.
Calculating fluorophore photon emission rate...
Fluorophore photon emission per second = 9470381.451524047
Applying point spread function to light intensity array...
Simulating shot noise...
Quantizing intensities...

Saved data to /Users/karan/microsegmentation/SyntheticData_EASY_DENSE/Images/image-72.png and /Users/karan/microsegmentation/SyntheticData_EASY_DENSE/Labels/label-72.png.

Took 19.80 seconds.

Loading MT points from /Users/karan/tubulaton/tubulaton-run/tubulaton-73.vtk to numpy array...
Simulating positions of fluorophores...
Number of FPs: 9633480429.346235
Generating label segmentation...
11506 tubulin found in focal plane.
Calculating fluorophore density over focal plane...
55207 fluorophores found in the focal plane.
Calculating fluorophore photon emission rate...
Fluorophore photon emission per second = 9470381.451524047
Applying point spread function to light intensity array...
Simulating shot noise...
Quantizing intensities...

Saved data to /Users/karan/microsegmentation/SyntheticData_EASY_DENSE/Images/image-73.png and /Users/karan/microsegmentation/SyntheticData_EASY_DENSE/Labels/label-73.png.

Took 19.74 seconds.

Loading MT points from /Users/karan/tubulaton/tubulaton-run/tubulaton-74.vtk to numpy array...
Simulating positions of fluorophores...
Number of FPs: 9748247975.457762
Generating label segmentation...
8378 tubulin found in focal plane.
Calculating fluorophore density over focal plane...
49785 fluorophores found in the focal plane.
Calculating fluorophore photon emission rate...
Fluorophore photon emission per second = 9470381.451524047
Applying point spread function to light intensity array...
Simulating shot noise...
Quantizing intensities...

Saved data to /Users/karan/microsegmentation/SyntheticData_EASY_DENSE/Images/image-74.png and /Users/karan/microsegmentation/SyntheticData_EASY_DENSE/Labels/label-74.png.

Took 19.48 seconds.

Loading MT points from /Users/karan/tubulaton/tubulaton-run/tubulaton-75.vtk to numpy array...
Simulating positions of fluorophores...
Number of FPs: 9682060408.525091
Generating label segmentation...
9168 tubulin found in focal plane.
Calculating fluorophore density over focal plane...
46902 fluorophores found in the focal plane.
Calculating fluorophore photon emission rate...
Fluorophore photon emission per second = 9470381.451524047
Applying point spread function to light intensity array...
Simulating shot noise...
Quantizing intensities...

Saved data to /Users/karan/microsegmentation/SyntheticData_EASY_DENSE/Images/image-75.png and /Users/karan/microsegmentation/SyntheticData_EASY_DENSE/Labels/label-75.png.

Took 19.76 seconds.

Loading MT points from /Users/karan/tubulaton/tubulaton-run/tubulaton-76.vtk to numpy array...
Simulating positions of fluorophores...
Number of FPs: 9675267164.808615
Generating label segmentation...
8732 tubulin found in focal plane.
Calculating fluorophore density over focal plane...
47977 fluorophores found in the focal plane.
Calculating fluorophore photon emission rate...
Fluorophore photon emission per second = 9470381.451524047
Applying point spread function to light intensity array...
Simulating shot noise...
Quantizing intensities...

Saved data to /Users/karan/microsegmentation/SyntheticData_EASY_DENSE/Images/image-76.png and /Users/karan/microsegmentation/SyntheticData_EASY_DENSE/Labels/label-76.png.

Took 19.42 seconds.

Loading MT points from /Users/karan/tubulaton/tubulaton-run/tubulaton-77.vtk to numpy array...
Simulating positions of fluorophores...
Number of FPs: 9438167560.035614
Generating label segmentation...
9965 tubulin found in focal plane.
Calculating fluorophore density over focal plane...
46498 fluorophores found in the focal plane.
Calculating fluorophore photon emission rate...
Fluorophore photon emission per second = 9470381.451524047
Applying point spread function to light intensity array...
Simulating shot noise...
Quantizing intensities...

Saved data to /Users/karan/microsegmentation/SyntheticData_EASY_DENSE/Images/image-77.png and /Users/karan/microsegmentation/SyntheticData_EASY_DENSE/Labels/label-77.png.

Took 19.08 seconds.

Loading MT points from /Users/karan/tubulaton/tubulaton-run/tubulaton-78.vtk to numpy array...
Simulating positions of fluorophores...
Number of FPs: 9563888937.322947
Generating label segmentation...
12563 tubulin found in focal plane.
Calculating fluorophore density over focal plane...
48354 fluorophores found in the focal plane.
Calculating fluorophore photon emission rate...
Fluorophore photon emission per second = 9470381.451524047
Applying point spread function to light intensity array...
Simulating shot noise...
Quantizing intensities...

Saved data to /Users/karan/microsegmentation/SyntheticData_EASY_DENSE/Images/image-78.png and /Users/karan/microsegmentation/SyntheticData_EASY_DENSE/Labels/label-78.png.

Took 19.91 seconds.

Loading MT points from /Users/karan/tubulaton/tubulaton-run/tubulaton-79.vtk to numpy array...
Simulating positions of fluorophores...
Number of FPs: 9717936207.470802
Generating label segmentation...
5300 tubulin found in focal plane.
Calculating fluorophore density over focal plane...
49106 fluorophores found in the focal plane.
Calculating fluorophore photon emission rate...
Fluorophore photon emission per second = 9470381.451524047
Applying point spread function to light intensity array...
Simulating shot noise...
Quantizing intensities...

Saved data to /Users/karan/microsegmentation/SyntheticData_EASY_DENSE/Images/image-79.png and /Users/karan/microsegmentation/SyntheticData_EASY_DENSE/Labels/label-79.png.

Took 19.69 seconds.

Loading MT points from /Users/karan/tubulaton/tubulaton-run/tubulaton-80.vtk to numpy array...
Simulating positions of fluorophores...
Number of FPs: 9229188914.084654
Generating label segmentation...
10837 tubulin found in focal plane.
Calculating fluorophore density over focal plane...
45915 fluorophores found in the focal plane.
Calculating fluorophore photon emission rate...
Fluorophore photon emission per second = 9470381.451524047
Applying point spread function to light intensity array...
Simulating shot noise...
Quantizing intensities...

Saved data to /Users/karan/microsegmentation/SyntheticData_EASY_DENSE/Images/image-80.png and /Users/karan/microsegmentation/SyntheticData_EASY_DENSE/Labels/label-80.png.

Took 19.02 seconds.

Loading MT points from /Users/karan/tubulaton/tubulaton-run/tubulaton-81.vtk to numpy array...
Simulating positions of fluorophores...
Number of FPs: 9605019391.097837
Generating label segmentation...
16596 tubulin found in focal plane.
Calculating fluorophore density over focal plane...
53071 fluorophores found in the focal plane.
Calculating fluorophore photon emission rate...
Fluorophore photon emission per second = 9470381.451524047
Applying point spread function to light intensity array...
Simulating shot noise...
Quantizing intensities...

Saved data to /Users/karan/microsegmentation/SyntheticData_EASY_DENSE/Images/image-81.png and /Users/karan/microsegmentation/SyntheticData_EASY_DENSE/Labels/label-81.png.

Took 19.89 seconds.

Loading MT points from /Users/karan/tubulaton/tubulaton-run/tubulaton-82.vtk to numpy array...
Simulating positions of fluorophores...
Number of FPs: 9803401754.02329
Generating label segmentation...
15195 tubulin found in focal plane.
Calculating fluorophore density over focal plane...
59086 fluorophores found in the focal plane.
Calculating fluorophore photon emission rate...
Fluorophore photon emission per second = 9470381.451524047
Applying point spread function to light intensity array...
Simulating shot noise...
Quantizing intensities...

Saved data to /Users/karan/microsegmentation/SyntheticData_EASY_DENSE/Images/image-82.png and /Users/karan/microsegmentation/SyntheticData_EASY_DENSE/Labels/label-82.png.

Took 19.49 seconds.

Loading MT points from /Users/karan/tubulaton/tubulaton-run/tubulaton-83.vtk to numpy array...
Simulating positions of fluorophores...
Number of FPs: 10149671564.845964
Generating label segmentation...
7089 tubulin found in focal plane.
Calculating fluorophore density over focal plane...
43529 fluorophores found in the focal plane.
Calculating fluorophore photon emission rate...
Fluorophore photon emission per second = 9470381.451524047
Applying point spread function to light intensity array...
Simulating shot noise...
Quantizing intensities...

Saved data to /Users/karan/microsegmentation/SyntheticData_EASY_DENSE/Images/image-83.png and /Users/karan/microsegmentation/SyntheticData_EASY_DENSE/Labels/label-83.png.

Took 19.98 seconds.

Loading MT points from /Users/karan/tubulaton/tubulaton-run/tubulaton-84.vtk to numpy array...
Simulating positions of fluorophores...
Number of FPs: 9607988625.38302
Generating label segmentation...
12207 tubulin found in focal plane.
Calculating fluorophore density over focal plane...
54321 fluorophores found in the focal plane.
Calculating fluorophore photon emission rate...
Fluorophore photon emission per second = 9470381.451524047
Applying point spread function to light intensity array...
Simulating shot noise...
Quantizing intensities...

Saved data to /Users/karan/microsegmentation/SyntheticData_EASY_DENSE/Images/image-84.png and /Users/karan/microsegmentation/SyntheticData_EASY_DENSE/Labels/label-84.png.

Took 19.42 seconds.

Loading MT points from /Users/karan/tubulaton/tubulaton-run/tubulaton-85.vtk to numpy array...
Simulating positions of fluorophores...
Number of FPs: 9900818085.08803
Generating label segmentation...
12702 tubulin found in focal plane.
Calculating fluorophore density over focal plane...
48982 fluorophores found in the focal plane.
Calculating fluorophore photon emission rate...
Fluorophore photon emission per second = 9470381.451524047
Applying point spread function to light intensity array...
Simulating shot noise...
Quantizing intensities...

Saved data to /Users/karan/microsegmentation/SyntheticData_EASY_DENSE/Images/image-85.png and /Users/karan/microsegmentation/SyntheticData_EASY_DENSE/Labels/label-85.png.

Took 19.84 seconds.

Loading MT points from /Users/karan/tubulaton/tubulaton-run/tubulaton-86.vtk to numpy array...
Simulating positions of fluorophores...
Number of FPs: 9633688090.175327
Generating label segmentation...
9942 tubulin found in focal plane.
Calculating fluorophore density over focal plane...
55151 fluorophores found in the focal plane.
Calculating fluorophore photon emission rate...
Fluorophore photon emission per second = 9470381.451524047
Applying point spread function to light intensity array...
Simulating shot noise...
Quantizing intensities...

Saved data to /Users/karan/microsegmentation/SyntheticData_EASY_DENSE/Images/image-86.png and /Users/karan/microsegmentation/SyntheticData_EASY_DENSE/Labels/label-86.png.

Took 19.56 seconds.

Loading MT points from /Users/karan/tubulaton/tubulaton-run/tubulaton-87.vtk to numpy array...
Simulating positions of fluorophores...
Number of FPs: 9917565208.72585
Generating label segmentation...
11104 tubulin found in focal plane.
Calculating fluorophore density over focal plane...
55386 fluorophores found in the focal plane.
Calculating fluorophore photon emission rate...
Fluorophore photon emission per second = 9470381.451524047
Applying point spread function to light intensity array...
Simulating shot noise...
Quantizing intensities...

Saved data to /Users/karan/microsegmentation/SyntheticData_EASY_DENSE/Images/image-87.png and /Users/karan/microsegmentation/SyntheticData_EASY_DENSE/Labels/label-87.png.

Took 19.96 seconds.

Loading MT points from /Users/karan/tubulaton/tubulaton-run/tubulaton-88.vtk to numpy array...
Simulating positions of fluorophores...
Number of FPs: 9400688416.874416
Generating label segmentation...
16913 tubulin found in focal plane.
Calculating fluorophore density over focal plane...
56067 fluorophores found in the focal plane.
Calculating fluorophore photon emission rate...
Fluorophore photon emission per second = 9470381.451524047
Applying point spread function to light intensity array...
Simulating shot noise...
Quantizing intensities...

Saved data to /Users/karan/microsegmentation/SyntheticData_EASY_DENSE/Images/image-88.png and /Users/karan/microsegmentation/SyntheticData_EASY_DENSE/Labels/label-88.png.

Took 19.71 seconds.

Loading MT points from /Users/karan/tubulaton/tubulaton-run/tubulaton-89.vtk to numpy array...
Simulating positions of fluorophores...
Number of FPs: 9463854870.542412
Generating label segmentation...
15240 tubulin found in focal plane.
Calculating fluorophore density over focal plane...
55078 fluorophores found in the focal plane.
Calculating fluorophore photon emission rate...
Fluorophore photon emission per second = 9470381.451524047
Applying point spread function to light intensity array...
Simulating shot noise...
Quantizing intensities...

Saved data to /Users/karan/microsegmentation/SyntheticData_EASY_DENSE/Images/image-89.png and /Users/karan/microsegmentation/SyntheticData_EASY_DENSE/Labels/label-89.png.

Took 19.17 seconds.

Loading MT points from /Users/karan/tubulaton/tubulaton-run/tubulaton-90.vtk to numpy array...
Simulating positions of fluorophores...
Number of FPs: 9866298592.84134
Generating label segmentation...
11529 tubulin found in focal plane.
Calculating fluorophore density over focal plane...
54200 fluorophores found in the focal plane.
Calculating fluorophore photon emission rate...
Fluorophore photon emission per second = 9470381.451524047
Applying point spread function to light intensity array...
Simulating shot noise...
Quantizing intensities...

Saved data to /Users/karan/microsegmentation/SyntheticData_EASY_DENSE/Images/image-90.png and /Users/karan/microsegmentation/SyntheticData_EASY_DENSE/Labels/label-90.png.

Took 19.63 seconds.

Loading MT points from /Users/karan/tubulaton/tubulaton-run/tubulaton-91.vtk to numpy array...
Simulating positions of fluorophores...
Number of FPs: 9876691040.178623
Generating label segmentation...
9828 tubulin found in focal plane.
Calculating fluorophore density over focal plane...
52864 fluorophores found in the focal plane.
Calculating fluorophore photon emission rate...
Fluorophore photon emission per second = 9470381.451524047
Applying point spread function to light intensity array...
Simulating shot noise...
Quantizing intensities...

Saved data to /Users/karan/microsegmentation/SyntheticData_EASY_DENSE/Images/image-91.png and /Users/karan/microsegmentation/SyntheticData_EASY_DENSE/Labels/label-91.png.

Took 19.88 seconds.

Loading MT points from /Users/karan/tubulaton/tubulaton-run/tubulaton-92.vtk to numpy array...
Simulating positions of fluorophores...
Number of FPs: 9703212099.98243
Generating label segmentation...
11550 tubulin found in focal plane.
Calculating fluorophore density over focal plane...
42100 fluorophores found in the focal plane.
Calculating fluorophore photon emission rate...
Fluorophore photon emission per second = 9470381.451524047
Applying point spread function to light intensity array...
Simulating shot noise...
Quantizing intensities...

Saved data to /Users/karan/microsegmentation/SyntheticData_EASY_DENSE/Images/image-92.png and /Users/karan/microsegmentation/SyntheticData_EASY_DENSE/Labels/label-92.png.

Took 19.29 seconds.

Loading MT points from /Users/karan/tubulaton/tubulaton-run/tubulaton-93.vtk to numpy array...
Simulating positions of fluorophores...
Number of FPs: 9340396899.452045
Generating label segmentation...
8538 tubulin found in focal plane.
Calculating fluorophore density over focal plane...
40845 fluorophores found in the focal plane.
Calculating fluorophore photon emission rate...
Fluorophore photon emission per second = 9470381.451524047
Applying point spread function to light intensity array...
Simulating shot noise...
Quantizing intensities...

Saved data to /Users/karan/microsegmentation/SyntheticData_EASY_DENSE/Images/image-93.png and /Users/karan/microsegmentation/SyntheticData_EASY_DENSE/Labels/label-93.png.

Took 18.97 seconds.

Loading MT points from /Users/karan/tubulaton/tubulaton-run/tubulaton-94.vtk to numpy array...
Simulating positions of fluorophores...
Number of FPs: 9557175454.161638
Generating label segmentation...
12002 tubulin found in focal plane.
Calculating fluorophore density over focal plane...
51021 fluorophores found in the focal plane.
Calculating fluorophore photon emission rate...
Fluorophore photon emission per second = 9470381.451524047
Applying point spread function to light intensity array...
Simulating shot noise...
Quantizing intensities...

Saved data to /Users/karan/microsegmentation/SyntheticData_EASY_DENSE/Images/image-94.png and /Users/karan/microsegmentation/SyntheticData_EASY_DENSE/Labels/label-94.png.

Took 19.52 seconds.

Loading MT points from /Users/karan/tubulaton/tubulaton-run/tubulaton-95.vtk to numpy array...
Simulating positions of fluorophores...
Number of FPs: 9697926268.024715
Generating label segmentation...
8255 tubulin found in focal plane.
Calculating fluorophore density over focal plane...
49665 fluorophores found in the focal plane.
Calculating fluorophore photon emission rate...
Fluorophore photon emission per second = 9470381.451524047
Applying point spread function to light intensity array...
Simulating shot noise...
Quantizing intensities...

Saved data to /Users/karan/microsegmentation/SyntheticData_EASY_DENSE/Images/image-95.png and /Users/karan/microsegmentation/SyntheticData_EASY_DENSE/Labels/label-95.png.

Took 19.53 seconds.

Loading MT points from /Users/karan/tubulaton/tubulaton-run/tubulaton-96.vtk to numpy array...
Simulating positions of fluorophores...
Number of FPs: 9810500058.741621
Generating label segmentation...
10967 tubulin found in focal plane.
Calculating fluorophore density over focal plane...
56285 fluorophores found in the focal plane.
Calculating fluorophore photon emission rate...
Fluorophore photon emission per second = 9470381.451524047
Applying point spread function to light intensity array...
Simulating shot noise...
Quantizing intensities...

Saved data to /Users/karan/microsegmentation/SyntheticData_EASY_DENSE/Images/image-96.png and /Users/karan/microsegmentation/SyntheticData_EASY_DENSE/Labels/label-96.png.

Took 20.13 seconds.

Loading MT points from /Users/karan/tubulaton/tubulaton-run/tubulaton-97.vtk to numpy array...
Simulating positions of fluorophores...
Number of FPs: 9437092186.779987
Generating label segmentation...
9663 tubulin found in focal plane.
Calculating fluorophore density over focal plane...
46857 fluorophores found in the focal plane.
Calculating fluorophore photon emission rate...
Fluorophore photon emission per second = 9470381.451524047
Applying point spread function to light intensity array...
Simulating shot noise...
Quantizing intensities...

Saved data to /Users/karan/microsegmentation/SyntheticData_EASY_DENSE/Images/image-97.png and /Users/karan/microsegmentation/SyntheticData_EASY_DENSE/Labels/label-97.png.

Took 21.15 seconds.

Loading MT points from /Users/karan/tubulaton/tubulaton-run/tubulaton-98.vtk to numpy array...
Simulating positions of fluorophores...
Number of FPs: 9515494161.222927
Generating label segmentation...
9647 tubulin found in focal plane.
Calculating fluorophore density over focal plane...
53856 fluorophores found in the focal plane.
Calculating fluorophore photon emission rate...
Fluorophore photon emission per second = 9470381.451524047
Applying point spread function to light intensity array...
Simulating shot noise...
Quantizing intensities...

Saved data to /Users/karan/microsegmentation/SyntheticData_EASY_DENSE/Images/image-98.png and /Users/karan/microsegmentation/SyntheticData_EASY_DENSE/Labels/label-98.png.

Took 24.86 seconds.

Loading MT points from /Users/karan/tubulaton/tubulaton-run/tubulaton-99.vtk to numpy array...
Simulating positions of fluorophores...
Number of FPs: 9742370257.544014
Generating label segmentation...
14296 tubulin found in focal plane.
Calculating fluorophore density over focal plane...
55056 fluorophores found in the focal plane.
Calculating fluorophore photon emission rate...
Fluorophore photon emission per second = 9470381.451524047
Applying point spread function to light intensity array...
Simulating shot noise...
Quantizing intensities...

Saved data to /Users/karan/microsegmentation/SyntheticData_EASY_DENSE/Images/image-99.png and /Users/karan/microsegmentation/SyntheticData_EASY_DENSE/Labels/label-99.png.

Took 22.96 seconds.

Loading MT points from /Users/karan/tubulaton/tubulaton-run/tubulaton-100.vtk to numpy array...
Simulating positions of fluorophores...
Number of FPs: 9374680311.45229
Generating label segmentation...
14108 tubulin found in focal plane.
Calculating fluorophore density over focal plane...
54315 fluorophores found in the focal plane.
Calculating fluorophore photon emission rate...
Fluorophore photon emission per second = 9470381.451524047
Applying point spread function to light intensity array...
Simulating shot noise...
Quantizing intensities...

Saved data to /Users/karan/microsegmentation/SyntheticData_EASY_DENSE/Images/image-100.png and /Users/karan/microsegmentation/SyntheticData_EASY_DENSE/Labels/label-100.png.

Took 21.04 seconds.


Took 1978.72 seconds in total.
(19.79 seconds per .vtk file)
