Loaded config file: /Users/karan/microsegmentation/generation/generate_configs/easy.json5
Using depolymerization rate: 0.1004564024110498

Loading MT points from /Users/karan/tubulaton/tubulaton-run/tubulaton-601.vtk to numpy array...
Simulating positions of fluorophores...
Number of FPs: 8670858416.25523
Generating label segmentation...
49036 tubulin found in focal plane.
Calculating fluorophore density over focal plane...
51490 fluorophores found in the focal plane.
Calculating fluorophore photon emission rate...
Fluorophore photon emission per second = 9470381.451524047
Applying point spread function to light intensity array...
Simulating shot noise...
Quantizing intensities...

Saved data to /Users/karan/microsegmentation/SyntheticData_EASY_DENSE/Images/image-601.png and /Users/karan/microsegmentation/SyntheticData_EASY_DENSE/Labels/label-601.png.

Took 23.23 seconds.

Loading MT points from /Users/karan/tubulaton/tubulaton-run/tubulaton-602.vtk to numpy array...
Simulating positions of fluorophores...
Number of FPs: 9419017997.29146
Generating label segmentation...
45147 tubulin found in focal plane.
Calculating fluorophore density over focal plane...
53094 fluorophores found in the focal plane.
Calculating fluorophore photon emission rate...
Fluorophore photon emission per second = 9470381.451524047
Applying point spread function to light intensity array...
Simulating shot noise...
Quantizing intensities...

Saved data to /Users/karan/microsegmentation/SyntheticData_EASY_DENSE/Images/image-602.png and /Users/karan/microsegmentation/SyntheticData_EASY_DENSE/Labels/label-602.png.

Took 22.02 seconds.

Loading MT points from /Users/karan/tubulaton/tubulaton-run/tubulaton-603.vtk to numpy array...
Simulating positions of fluorophores...
Number of FPs: 8395323645.142341
Generating label segmentation...
56404 tubulin found in focal plane.
Calculating fluorophore density over focal plane...
53319 fluorophores found in the focal plane.
Calculating fluorophore photon emission rate...
Fluorophore photon emission per second = 9470381.451524047
Applying point spread function to light intensity array...
Simulating shot noise...
Quantizing intensities...

Saved data to /Users/karan/microsegmentation/SyntheticData_EASY_DENSE/Images/image-603.png and /Users/karan/microsegmentation/SyntheticData_EASY_DENSE/Labels/label-603.png.

Took 18.85 seconds.

Loading MT points from /Users/karan/tubulaton/tubulaton-run/tubulaton-604.vtk to numpy array...
Simulating positions of fluorophores...
Number of FPs: 9000784357.063427
Generating label segmentation...
47865 tubulin found in focal plane.
Calculating fluorophore density over focal plane...
52542 fluorophores found in the focal plane.
Calculating fluorophore photon emission rate...
Fluorophore photon emission per second = 9470381.451524047
Applying point spread function to light intensity array...
Simulating shot noise...
Quantizing intensities...

Saved data to /Users/karan/microsegmentation/SyntheticData_EASY_DENSE/Images/image-604.png and /Users/karan/microsegmentation/SyntheticData_EASY_DENSE/Labels/label-604.png.

Took 18.45 seconds.

Loading MT points from /Users/karan/tubulaton/tubulaton-run/tubulaton-605.vtk to numpy array...
Simulating positions of fluorophores...
Number of FPs: 8368521799.174733
Generating label segmentation...
57960 tubulin found in focal plane.
Calculating fluorophore density over focal plane...
49905 fluorophores found in the focal plane.
Calculating fluorophore photon emission rate...
Fluorophore photon emission per second = 9470381.451524047
Applying point spread function to light intensity array...
Simulating shot noise...
Quantizing intensities...

Saved data to /Users/karan/microsegmentation/SyntheticData_EASY_DENSE/Images/image-605.png and /Users/karan/microsegmentation/SyntheticData_EASY_DENSE/Labels/label-605.png.

Took 17.23 seconds.

Loading MT points from /Users/karan/tubulaton/tubulaton-run/tubulaton-606.vtk to numpy array...
Simulating positions of fluorophores...
Number of FPs: 8481192847.776358
Generating label segmentation...
67395 tubulin found in focal plane.
Calculating fluorophore density over focal plane...
57106 fluorophores found in the focal plane.
Calculating fluorophore photon emission rate...
Fluorophore photon emission per second = 9470381.451524047
Applying point spread function to light intensity array...
Simulating shot noise...
Quantizing intensities...

Saved data to /Users/karan/microsegmentation/SyntheticData_EASY_DENSE/Images/image-606.png and /Users/karan/microsegmentation/SyntheticData_EASY_DENSE/Labels/label-606.png.

Took 17.71 seconds.

Loading MT points from /Users/karan/tubulaton/tubulaton-run/tubulaton-607.vtk to numpy array...
Simulating positions of fluorophores...
Number of FPs: 8871572602.068905
Generating label segmentation...
48784 tubulin found in focal plane.
Calculating fluorophore density over focal plane...
46216 fluorophores found in the focal plane.
Calculating fluorophore photon emission rate...
Fluorophore photon emission per second = 9470381.451524047
Applying point spread function to light intensity array...
Simulating shot noise...
Quantizing intensities...

Saved data to /Users/karan/microsegmentation/SyntheticData_EASY_DENSE/Images/image-607.png and /Users/karan/microsegmentation/SyntheticData_EASY_DENSE/Labels/label-607.png.

Took 17.27 seconds.

Loading MT points from /Users/karan/tubulaton/tubulaton-run/tubulaton-608.vtk to numpy array...
Simulating positions of fluorophores...
Number of FPs: 8837702965.007877
Generating label segmentation...
53318 tubulin found in focal plane.
Calculating fluorophore density over focal plane...
48445 fluorophores found in the focal plane.
Calculating fluorophore photon emission rate...
Fluorophore photon emission per second = 9470381.451524047
Applying point spread function to light intensity array...
Simulating shot noise...
Quantizing intensities...

Saved data to /Users/karan/microsegmentation/SyntheticData_EASY_DENSE/Images/image-608.png and /Users/karan/microsegmentation/SyntheticData_EASY_DENSE/Labels/label-608.png.

Took 17.81 seconds.

Loading MT points from /Users/karan/tubulaton/tubulaton-run/tubulaton-609.vtk to numpy array...
Simulating positions of fluorophores...
Number of FPs: 8395725946.19401
Generating label segmentation...
56510 tubulin found in focal plane.
Calculating fluorophore density over focal plane...
49688 fluorophores found in the focal plane.
Calculating fluorophore photon emission rate...
Fluorophore photon emission per second = 9470381.451524047
Applying point spread function to light intensity array...
Simulating shot noise...
Quantizing intensities...

Saved data to /Users/karan/microsegmentation/SyntheticData_EASY_DENSE/Images/image-609.png and /Users/karan/microsegmentation/SyntheticData_EASY_DENSE/Labels/label-609.png.

Took 16.84 seconds.

Loading MT points from /Users/karan/tubulaton/tubulaton-run/tubulaton-610.vtk to numpy array...
Simulating positions of fluorophores...
Number of FPs: 8551131695.006464
Generating label segmentation...
54899 tubulin found in focal plane.
Calculating fluorophore density over focal plane...
52698 fluorophores found in the focal plane.
Calculating fluorophore photon emission rate...
Fluorophore photon emission per second = 9470381.451524047
Applying point spread function to light intensity array...
Simulating shot noise...
Quantizing intensities...

Saved data to /Users/karan/microsegmentation/SyntheticData_EASY_DENSE/Images/image-610.png and /Users/karan/microsegmentation/SyntheticData_EASY_DENSE/Labels/label-610.png.

Took 17.91 seconds.

Loading MT points from /Users/karan/tubulaton/tubulaton-run/tubulaton-611.vtk to numpy array...
Simulating positions of fluorophores...
Number of FPs: 8440211248.472318
Generating label segmentation...
61187 tubulin found in focal plane.
Calculating fluorophore density over focal plane...
59401 fluorophores found in the focal plane.
Calculating fluorophore photon emission rate...
Fluorophore photon emission per second = 9470381.451524047
Applying point spread function to light intensity array...
Simulating shot noise...
Quantizing intensities...

Saved data to /Users/karan/microsegmentation/SyntheticData_EASY_DENSE/Images/image-611.png and /Users/karan/microsegmentation/SyntheticData_EASY_DENSE/Labels/label-611.png.

Took 17.04 seconds.

Loading MT points from /Users/karan/tubulaton/tubulaton-run/tubulaton-612.vtk to numpy array...
Simulating positions of fluorophores...
Number of FPs: 8838824404.72161
Generating label segmentation...
53256 tubulin found in focal plane.
Calculating fluorophore density over focal plane...
55730 fluorophores found in the focal plane.
Calculating fluorophore photon emission rate...
Fluorophore photon emission per second = 9470381.451524047
Applying point spread function to light intensity array...
Simulating shot noise...
Quantizing intensities...

Saved data to /Users/karan/microsegmentation/SyntheticData_EASY_DENSE/Images/image-612.png and /Users/karan/microsegmentation/SyntheticData_EASY_DENSE/Labels/label-612.png.

Took 17.64 seconds.

Loading MT points from /Users/karan/tubulaton/tubulaton-run/tubulaton-613.vtk to numpy array...
Simulating positions of fluorophores...
Number of FPs: 8860317885.005129
Generating label segmentation...
48072 tubulin found in focal plane.
Calculating fluorophore density over focal plane...
43738 fluorophores found in the focal plane.
Calculating fluorophore photon emission rate...
Fluorophore photon emission per second = 9470381.451524047
Applying point spread function to light intensity array...
Simulating shot noise...
Quantizing intensities...

Saved data to /Users/karan/microsegmentation/SyntheticData_EASY_DENSE/Images/image-613.png and /Users/karan/microsegmentation/SyntheticData_EASY_DENSE/Labels/label-613.png.

Took 18.47 seconds.

Loading MT points from /Users/karan/tubulaton/tubulaton-run/tubulaton-614.vtk to numpy array...
Simulating positions of fluorophores...
Number of FPs: 8862324844.132486
Generating label segmentation...
49854 tubulin found in focal plane.
Calculating fluorophore density over focal plane...
49308 fluorophores found in the focal plane.
Calculating fluorophore photon emission rate...
Fluorophore photon emission per second = 9470381.451524047
Applying point spread function to light intensity array...
Simulating shot noise...
Quantizing intensities...

Saved data to /Users/karan/microsegmentation/SyntheticData_EASY_DENSE/Images/image-614.png and /Users/karan/microsegmentation/SyntheticData_EASY_DENSE/Labels/label-614.png.

Took 17.91 seconds.

Loading MT points from /Users/karan/tubulaton/tubulaton-run/tubulaton-615.vtk to numpy array...
Simulating positions of fluorophores...
Number of FPs: 8891410509.608576
Generating label segmentation...
47006 tubulin found in focal plane.
Calculating fluorophore density over focal plane...
45548 fluorophores found in the focal plane.
Calculating fluorophore photon emission rate...
Fluorophore photon emission per second = 9470381.451524047
Applying point spread function to light intensity array...
Simulating shot noise...
Quantizing intensities...

Saved data to /Users/karan/microsegmentation/SyntheticData_EASY_DENSE/Images/image-615.png and /Users/karan/microsegmentation/SyntheticData_EASY_DENSE/Labels/label-615.png.

Took 17.35 seconds.

Loading MT points from /Users/karan/tubulaton/tubulaton-run/tubulaton-616.vtk to numpy array...
Simulating positions of fluorophores...
Number of FPs: 8729648214.48353
Generating label segmentation...
52949 tubulin found in focal plane.
Calculating fluorophore density over focal plane...
48093 fluorophores found in the focal plane.
Calculating fluorophore photon emission rate...
Fluorophore photon emission per second = 9470381.451524047
Applying point spread function to light intensity array...
Simulating shot noise...
Quantizing intensities...

Saved data to /Users/karan/microsegmentation/SyntheticData_EASY_DENSE/Images/image-616.png and /Users/karan/microsegmentation/SyntheticData_EASY_DENSE/Labels/label-616.png.

Took 17.69 seconds.

Loading MT points from /Users/karan/tubulaton/tubulaton-run/tubulaton-617.vtk to numpy array...
Simulating positions of fluorophores...
Number of FPs: 8530493906.901616
Generating label segmentation...
47706 tubulin found in focal plane.
Calculating fluorophore density over focal plane...
46269 fluorophores found in the focal plane.
Calculating fluorophore photon emission rate...
Fluorophore photon emission per second = 9470381.451524047
Applying point spread function to light intensity array...
Simulating shot noise...
Quantizing intensities...

Saved data to /Users/karan/microsegmentation/SyntheticData_EASY_DENSE/Images/image-617.png and /Users/karan/microsegmentation/SyntheticData_EASY_DENSE/Labels/label-617.png.

Took 17.26 seconds.

Loading MT points from /Users/karan/tubulaton/tubulaton-run/tubulaton-618.vtk to numpy array...
Simulating positions of fluorophores...
Number of FPs: 8593460642.46735
Generating label segmentation...
60535 tubulin found in focal plane.
Calculating fluorophore density over focal plane...
55993 fluorophores found in the focal plane.
Calculating fluorophore photon emission rate...
Fluorophore photon emission per second = 9470381.451524047
Applying point spread function to light intensity array...
Simulating shot noise...
Quantizing intensities...

Saved data to /Users/karan/microsegmentation/SyntheticData_EASY_DENSE/Images/image-618.png and /Users/karan/microsegmentation/SyntheticData_EASY_DENSE/Labels/label-618.png.

Took 17.50 seconds.

Loading MT points from /Users/karan/tubulaton/tubulaton-run/tubulaton-619.vtk to numpy array...
Simulating positions of fluorophores...
Number of FPs: 9140548117.694145
Generating label segmentation...
44789 tubulin found in focal plane.
Calculating fluorophore density over focal plane...
42028 fluorophores found in the focal plane.
Calculating fluorophore photon emission rate...
Fluorophore photon emission per second = 9470381.451524047
Applying point spread function to light intensity array...
Simulating shot noise...
Quantizing intensities...

Saved data to /Users/karan/microsegmentation/SyntheticData_EASY_DENSE/Images/image-619.png and /Users/karan/microsegmentation/SyntheticData_EASY_DENSE/Labels/label-619.png.

Took 17.83 seconds.

Loading MT points from /Users/karan/tubulaton/tubulaton-run/tubulaton-620.vtk to numpy array...
Simulating positions of fluorophores...
Number of FPs: 8642054497.625097
Generating label segmentation...
62943 tubulin found in focal plane.
Calculating fluorophore density over focal plane...
56634 fluorophores found in the focal plane.
Calculating fluorophore photon emission rate...
Fluorophore photon emission per second = 9470381.451524047
Applying point spread function to light intensity array...
Simulating shot noise...
Quantizing intensities...

Saved data to /Users/karan/microsegmentation/SyntheticData_EASY_DENSE/Images/image-620.png and /Users/karan/microsegmentation/SyntheticData_EASY_DENSE/Labels/label-620.png.

Took 17.82 seconds.

Loading MT points from /Users/karan/tubulaton/tubulaton-run/tubulaton-621.vtk to numpy array...
Simulating positions of fluorophores...
Number of FPs: 8745969458.422909
Generating label segmentation...
53826 tubulin found in focal plane.
Calculating fluorophore density over focal plane...
47007 fluorophores found in the focal plane.
Calculating fluorophore photon emission rate...
Fluorophore photon emission per second = 9470381.451524047
Applying point spread function to light intensity array...
Simulating shot noise...
Quantizing intensities...

Saved data to /Users/karan/microsegmentation/SyntheticData_EASY_DENSE/Images/image-621.png and /Users/karan/microsegmentation/SyntheticData_EASY_DENSE/Labels/label-621.png.

Took 17.19 seconds.

Loading MT points from /Users/karan/tubulaton/tubulaton-run/tubulaton-622.vtk to numpy array...
Simulating positions of fluorophores...
Number of FPs: 8482849037.550506
Generating label segmentation...
55460 tubulin found in focal plane.
Calculating fluorophore density over focal plane...
52190 fluorophores found in the focal plane.
Calculating fluorophore photon emission rate...
Fluorophore photon emission per second = 9470381.451524047
Applying point spread function to light intensity array...
Simulating shot noise...
Quantizing intensities...

Saved data to /Users/karan/microsegmentation/SyntheticData_EASY_DENSE/Images/image-622.png and /Users/karan/microsegmentation/SyntheticData_EASY_DENSE/Labels/label-622.png.

Took 17.46 seconds.

Loading MT points from /Users/karan/tubulaton/tubulaton-run/tubulaton-623.vtk to numpy array...
Simulating positions of fluorophores...
Number of FPs: 8482974098.129646
Generating label segmentation...
56911 tubulin found in focal plane.
Calculating fluorophore density over focal plane...
50327 fluorophores found in the focal plane.
Calculating fluorophore photon emission rate...
Fluorophore photon emission per second = 9470381.451524047
Applying point spread function to light intensity array...
Simulating shot noise...
Quantizing intensities...

Saved data to /Users/karan/microsegmentation/SyntheticData_EASY_DENSE/Images/image-623.png and /Users/karan/microsegmentation/SyntheticData_EASY_DENSE/Labels/label-623.png.

Took 17.26 seconds.

Loading MT points from /Users/karan/tubulaton/tubulaton-run/tubulaton-624.vtk to numpy array...
Simulating positions of fluorophores...
Number of FPs: 8922380389.457594
Generating label segmentation...
59127 tubulin found in focal plane.
Calculating fluorophore density over focal plane...
54263 fluorophores found in the focal plane.
Calculating fluorophore photon emission rate...
Fluorophore photon emission per second = 9470381.451524047
Applying point spread function to light intensity array...
Simulating shot noise...
Quantizing intensities...

Saved data to /Users/karan/microsegmentation/SyntheticData_EASY_DENSE/Images/image-624.png and /Users/karan/microsegmentation/SyntheticData_EASY_DENSE/Labels/label-624.png.

Took 17.72 seconds.

Loading MT points from /Users/karan/tubulaton/tubulaton-run/tubulaton-625.vtk to numpy array...
Simulating positions of fluorophores...
Number of FPs: 8822091330.847153
Generating label segmentation...
60922 tubulin found in focal plane.
Calculating fluorophore density over focal plane...
57195 fluorophores found in the focal plane.
Calculating fluorophore photon emission rate...
Fluorophore photon emission per second = 9470381.451524047
Applying point spread function to light intensity array...
Simulating shot noise...
Quantizing intensities...

Saved data to /Users/karan/microsegmentation/SyntheticData_EASY_DENSE/Images/image-625.png and /Users/karan/microsegmentation/SyntheticData_EASY_DENSE/Labels/label-625.png.

Took 18.98 seconds.

Loading MT points from /Users/karan/tubulaton/tubulaton-run/tubulaton-626.vtk to numpy array...
Simulating positions of fluorophores...
Number of FPs: 8798200904.533737
Generating label segmentation...
53658 tubulin found in focal plane.
Calculating fluorophore density over focal plane...
52721 fluorophores found in the focal plane.
Calculating fluorophore photon emission rate...
Fluorophore photon emission per second = 9470381.451524047
Applying point spread function to light intensity array...
Simulating shot noise...
Quantizing intensities...

Saved data to /Users/karan/microsegmentation/SyntheticData_EASY_DENSE/Images/image-626.png and /Users/karan/microsegmentation/SyntheticData_EASY_DENSE/Labels/label-626.png.

Took 17.40 seconds.

Loading MT points from /Users/karan/tubulaton/tubulaton-run/tubulaton-627.vtk to numpy array...
Simulating positions of fluorophores...
Number of FPs: 8538917017.280383
Generating label segmentation...
63232 tubulin found in focal plane.
Calculating fluorophore density over focal plane...
59780 fluorophores found in the focal plane.
Calculating fluorophore photon emission rate...
Fluorophore photon emission per second = 9470381.451524047
Applying point spread function to light intensity array...
Simulating shot noise...
Quantizing intensities...

Saved data to /Users/karan/microsegmentation/SyntheticData_EASY_DENSE/Images/image-627.png and /Users/karan/microsegmentation/SyntheticData_EASY_DENSE/Labels/label-627.png.

Took 17.62 seconds.

Loading MT points from /Users/karan/tubulaton/tubulaton-run/tubulaton-628.vtk to numpy array...
Simulating positions of fluorophores...
Number of FPs: 8762753905.59076
Generating label segmentation...
57361 tubulin found in focal plane.
Calculating fluorophore density over focal plane...
53695 fluorophores found in the focal plane.
Calculating fluorophore photon emission rate...
Fluorophore photon emission per second = 9470381.451524047
Applying point spread function to light intensity array...
Simulating shot noise...
Quantizing intensities...

Saved data to /Users/karan/microsegmentation/SyntheticData_EASY_DENSE/Images/image-628.png and /Users/karan/microsegmentation/SyntheticData_EASY_DENSE/Labels/label-628.png.

Took 18.04 seconds.

Loading MT points from /Users/karan/tubulaton/tubulaton-run/tubulaton-629.vtk to numpy array...
Simulating positions of fluorophores...
Number of FPs: 8675758056.051338
Generating label segmentation...
69705 tubulin found in focal plane.
Calculating fluorophore density over focal plane...
58616 fluorophores found in the focal plane.
Calculating fluorophore photon emission rate...
Fluorophore photon emission per second = 9470381.451524047
Applying point spread function to light intensity array...
Simulating shot noise...
Quantizing intensities...

Saved data to /Users/karan/microsegmentation/SyntheticData_EASY_DENSE/Images/image-629.png and /Users/karan/microsegmentation/SyntheticData_EASY_DENSE/Labels/label-629.png.

Took 17.99 seconds.

Loading MT points from /Users/karan/tubulaton/tubulaton-run/tubulaton-630.vtk to numpy array...
Simulating positions of fluorophores...
Number of FPs: 8740392011.983826
Generating label segmentation...
62064 tubulin found in focal plane.
Calculating fluorophore density over focal plane...
53047 fluorophores found in the focal plane.
Calculating fluorophore photon emission rate...
Fluorophore photon emission per second = 9470381.451524047
Applying point spread function to light intensity array...
Simulating shot noise...
Quantizing intensities...

Saved data to /Users/karan/microsegmentation/SyntheticData_EASY_DENSE/Images/image-630.png and /Users/karan/microsegmentation/SyntheticData_EASY_DENSE/Labels/label-630.png.

Took 17.37 seconds.

Loading MT points from /Users/karan/tubulaton/tubulaton-run/tubulaton-631.vtk to numpy array...
Simulating positions of fluorophores...
Number of FPs: 8494088916.118807
Generating label segmentation...
56048 tubulin found in focal plane.
Calculating fluorophore density over focal plane...
51729 fluorophores found in the focal plane.
Calculating fluorophore photon emission rate...
Fluorophore photon emission per second = 9470381.451524047
Applying point spread function to light intensity array...
Simulating shot noise...
Quantizing intensities...

Saved data to /Users/karan/microsegmentation/SyntheticData_EASY_DENSE/Images/image-631.png and /Users/karan/microsegmentation/SyntheticData_EASY_DENSE/Labels/label-631.png.

Took 17.15 seconds.

Loading MT points from /Users/karan/tubulaton/tubulaton-run/tubulaton-632.vtk to numpy array...
Simulating positions of fluorophores...
Number of FPs: 8049792998.584115
Generating label segmentation...
59084 tubulin found in focal plane.
Calculating fluorophore density over focal plane...
46909 fluorophores found in the focal plane.
Calculating fluorophore photon emission rate...
Fluorophore photon emission per second = 9470381.451524047
Applying point spread function to light intensity array...
Simulating shot noise...
Quantizing intensities...

Saved data to /Users/karan/microsegmentation/SyntheticData_EASY_DENSE/Images/image-632.png and /Users/karan/microsegmentation/SyntheticData_EASY_DENSE/Labels/label-632.png.

Took 17.05 seconds.

Loading MT points from /Users/karan/tubulaton/tubulaton-run/tubulaton-633.vtk to numpy array...
Simulating positions of fluorophores...
Number of FPs: 9165021915.97315
Generating label segmentation...
54335 tubulin found in focal plane.
Calculating fluorophore density over focal plane...
51842 fluorophores found in the focal plane.
Calculating fluorophore photon emission rate...
Fluorophore photon emission per second = 9470381.451524047
Applying point spread function to light intensity array...
Simulating shot noise...
Quantizing intensities...

Saved data to /Users/karan/microsegmentation/SyntheticData_EASY_DENSE/Images/image-633.png and /Users/karan/microsegmentation/SyntheticData_EASY_DENSE/Labels/label-633.png.

Took 17.55 seconds.

Loading MT points from /Users/karan/tubulaton/tubulaton-run/tubulaton-634.vtk to numpy array...
Simulating positions of fluorophores...
Number of FPs: 8444724695.565446
Generating label segmentation...
47842 tubulin found in focal plane.
Calculating fluorophore density over focal plane...
47318 fluorophores found in the focal plane.
Calculating fluorophore photon emission rate...
Fluorophore photon emission per second = 9470381.451524047
Applying point spread function to light intensity array...
Simulating shot noise...
Quantizing intensities...

Saved data to /Users/karan/microsegmentation/SyntheticData_EASY_DENSE/Images/image-634.png and /Users/karan/microsegmentation/SyntheticData_EASY_DENSE/Labels/label-634.png.

Took 17.30 seconds.

Loading MT points from /Users/karan/tubulaton/tubulaton-run/tubulaton-635.vtk to numpy array...
Simulating positions of fluorophores...
Number of FPs: 8926020942.232819
Generating label segmentation...
59955 tubulin found in focal plane.
Calculating fluorophore density over focal plane...
52138 fluorophores found in the focal plane.
Calculating fluorophore photon emission rate...
Fluorophore photon emission per second = 9470381.451524047
Applying point spread function to light intensity array...
Simulating shot noise...
Quantizing intensities...

Saved data to /Users/karan/microsegmentation/SyntheticData_EASY_DENSE/Images/image-635.png and /Users/karan/microsegmentation/SyntheticData_EASY_DENSE/Labels/label-635.png.

Took 19.55 seconds.

Loading MT points from /Users/karan/tubulaton/tubulaton-run/tubulaton-636.vtk to numpy array...
Simulating positions of fluorophores...
Number of FPs: 8371590213.095962
Generating label segmentation...
44794 tubulin found in focal plane.
Calculating fluorophore density over focal plane...
44479 fluorophores found in the focal plane.
Calculating fluorophore photon emission rate...
Fluorophore photon emission per second = 9470381.451524047
Applying point spread function to light intensity array...
Simulating shot noise...
Quantizing intensities...

Saved data to /Users/karan/microsegmentation/SyntheticData_EASY_DENSE/Images/image-636.png and /Users/karan/microsegmentation/SyntheticData_EASY_DENSE/Labels/label-636.png.

Took 17.73 seconds.

Loading MT points from /Users/karan/tubulaton/tubulaton-run/tubulaton-637.vtk to numpy array...
Simulating positions of fluorophores...
Number of FPs: 8664630007.44582
Generating label segmentation...
61311 tubulin found in focal plane.
Calculating fluorophore density over focal plane...
52844 fluorophores found in the focal plane.
Calculating fluorophore photon emission rate...
Fluorophore photon emission per second = 9470381.451524047
Applying point spread function to light intensity array...
Simulating shot noise...
Quantizing intensities...

Saved data to /Users/karan/microsegmentation/SyntheticData_EASY_DENSE/Images/image-637.png and /Users/karan/microsegmentation/SyntheticData_EASY_DENSE/Labels/label-637.png.

Took 18.05 seconds.

Loading MT points from /Users/karan/tubulaton/tubulaton-run/tubulaton-638.vtk to numpy array...
Simulating positions of fluorophores...
Number of FPs: 8574238161.221048
Generating label segmentation...
55266 tubulin found in focal plane.
Calculating fluorophore density over focal plane...
51200 fluorophores found in the focal plane.
Calculating fluorophore photon emission rate...
Fluorophore photon emission per second = 9470381.451524047
Applying point spread function to light intensity array...
Simulating shot noise...
Quantizing intensities...

Saved data to /Users/karan/microsegmentation/SyntheticData_EASY_DENSE/Images/image-638.png and /Users/karan/microsegmentation/SyntheticData_EASY_DENSE/Labels/label-638.png.

Took 16.94 seconds.

Loading MT points from /Users/karan/tubulaton/tubulaton-run/tubulaton-639.vtk to numpy array...
Simulating positions of fluorophores...
Number of FPs: 8591140587.05999
Generating label segmentation...
59133 tubulin found in focal plane.
Calculating fluorophore density over focal plane...
51919 fluorophores found in the focal plane.
Calculating fluorophore photon emission rate...
Fluorophore photon emission per second = 9470381.451524047
Applying point spread function to light intensity array...
Simulating shot noise...
Quantizing intensities...

Saved data to /Users/karan/microsegmentation/SyntheticData_EASY_DENSE/Images/image-639.png and /Users/karan/microsegmentation/SyntheticData_EASY_DENSE/Labels/label-639.png.

Took 17.38 seconds.

Loading MT points from /Users/karan/tubulaton/tubulaton-run/tubulaton-640.vtk to numpy array...
Simulating positions of fluorophores...
Number of FPs: 8622491435.04261
Generating label segmentation...
66043 tubulin found in focal plane.
Calculating fluorophore density over focal plane...
56704 fluorophores found in the focal plane.
Calculating fluorophore photon emission rate...
Fluorophore photon emission per second = 9470381.451524047
Applying point spread function to light intensity array...
Simulating shot noise...
Quantizing intensities...

Saved data to /Users/karan/microsegmentation/SyntheticData_EASY_DENSE/Images/image-640.png and /Users/karan/microsegmentation/SyntheticData_EASY_DENSE/Labels/label-640.png.

Took 17.69 seconds.

Loading MT points from /Users/karan/tubulaton/tubulaton-run/tubulaton-641.vtk to numpy array...
Simulating positions of fluorophores...
Number of FPs: 8919543993.587996
Generating label segmentation...
50793 tubulin found in focal plane.
Calculating fluorophore density over focal plane...
52075 fluorophores found in the focal plane.
Calculating fluorophore photon emission rate...
Fluorophore photon emission per second = 9470381.451524047
Applying point spread function to light intensity array...
Simulating shot noise...
Quantizing intensities...

Saved data to /Users/karan/microsegmentation/SyntheticData_EASY_DENSE/Images/image-641.png and /Users/karan/microsegmentation/SyntheticData_EASY_DENSE/Labels/label-641.png.

Took 17.13 seconds.

Loading MT points from /Users/karan/tubulaton/tubulaton-run/tubulaton-642.vtk to numpy array...
Simulating positions of fluorophores...
Number of FPs: 8140530445.420886
Generating label segmentation...
43053 tubulin found in focal plane.
Calculating fluorophore density over focal plane...
39606 fluorophores found in the focal plane.
Calculating fluorophore photon emission rate...
Fluorophore photon emission per second = 9470381.451524047
Applying point spread function to light intensity array...
Simulating shot noise...
Quantizing intensities...

Saved data to /Users/karan/microsegmentation/SyntheticData_EASY_DENSE/Images/image-642.png and /Users/karan/microsegmentation/SyntheticData_EASY_DENSE/Labels/label-642.png.

Took 16.43 seconds.

Loading MT points from /Users/karan/tubulaton/tubulaton-run/tubulaton-643.vtk to numpy array...
Simulating positions of fluorophores...
Number of FPs: 8351103906.284803
Generating label segmentation...
49359 tubulin found in focal plane.
Calculating fluorophore density over focal plane...
45615 fluorophores found in the focal plane.
Calculating fluorophore photon emission rate...
Fluorophore photon emission per second = 9470381.451524047
Applying point spread function to light intensity array...
Simulating shot noise...
Quantizing intensities...

Saved data to /Users/karan/microsegmentation/SyntheticData_EASY_DENSE/Images/image-643.png and /Users/karan/microsegmentation/SyntheticData_EASY_DENSE/Labels/label-643.png.

Took 17.00 seconds.

Loading MT points from /Users/karan/tubulaton/tubulaton-run/tubulaton-644.vtk to numpy array...
Simulating positions of fluorophores...
Number of FPs: 8610039833.501507
Generating label segmentation...
52583 tubulin found in focal plane.
Calculating fluorophore density over focal plane...
51884 fluorophores found in the focal plane.
Calculating fluorophore photon emission rate...
Fluorophore photon emission per second = 9470381.451524047
Applying point spread function to light intensity array...
Simulating shot noise...
Quantizing intensities...

Saved data to /Users/karan/microsegmentation/SyntheticData_EASY_DENSE/Images/image-644.png and /Users/karan/microsegmentation/SyntheticData_EASY_DENSE/Labels/label-644.png.

Took 18.11 seconds.

Loading MT points from /Users/karan/tubulaton/tubulaton-run/tubulaton-645.vtk to numpy array...
Simulating positions of fluorophores...
Number of FPs: 8802501107.807028
Generating label segmentation...
50010 tubulin found in focal plane.
Calculating fluorophore density over focal plane...
47379 fluorophores found in the focal plane.
Calculating fluorophore photon emission rate...
Fluorophore photon emission per second = 9470381.451524047
Applying point spread function to light intensity array...
Simulating shot noise...
Quantizing intensities...

Saved data to /Users/karan/microsegmentation/SyntheticData_EASY_DENSE/Images/image-645.png and /Users/karan/microsegmentation/SyntheticData_EASY_DENSE/Labels/label-645.png.

Took 17.57 seconds.

Loading MT points from /Users/karan/tubulaton/tubulaton-run/tubulaton-646.vtk to numpy array...
Simulating positions of fluorophores...
Number of FPs: 8429270471.715539
Generating label segmentation...
50583 tubulin found in focal plane.
Calculating fluorophore density over focal plane...
51068 fluorophores found in the focal plane.
Calculating fluorophore photon emission rate...
Fluorophore photon emission per second = 9470381.451524047
Applying point spread function to light intensity array...
Simulating shot noise...
Quantizing intensities...

Saved data to /Users/karan/microsegmentation/SyntheticData_EASY_DENSE/Images/image-646.png and /Users/karan/microsegmentation/SyntheticData_EASY_DENSE/Labels/label-646.png.

Took 17.43 seconds.

Loading MT points from /Users/karan/tubulaton/tubulaton-run/tubulaton-647.vtk to numpy array...
Simulating positions of fluorophores...
Number of FPs: 8156475396.548288
Generating label segmentation...
49120 tubulin found in focal plane.
Calculating fluorophore density over focal plane...
48202 fluorophores found in the focal plane.
Calculating fluorophore photon emission rate...
Fluorophore photon emission per second = 9470381.451524047
Applying point spread function to light intensity array...
Simulating shot noise...
Quantizing intensities...

Saved data to /Users/karan/microsegmentation/SyntheticData_EASY_DENSE/Images/image-647.png and /Users/karan/microsegmentation/SyntheticData_EASY_DENSE/Labels/label-647.png.

Took 17.34 seconds.

Loading MT points from /Users/karan/tubulaton/tubulaton-run/tubulaton-648.vtk to numpy array...
Simulating positions of fluorophores...
Number of FPs: 8910107913.6413
Generating label segmentation...
57407 tubulin found in focal plane.
Calculating fluorophore density over focal plane...
55703 fluorophores found in the focal plane.
Calculating fluorophore photon emission rate...
Fluorophore photon emission per second = 9470381.451524047
Applying point spread function to light intensity array...
Simulating shot noise...
Quantizing intensities...

Saved data to /Users/karan/microsegmentation/SyntheticData_EASY_DENSE/Images/image-648.png and /Users/karan/microsegmentation/SyntheticData_EASY_DENSE/Labels/label-648.png.

Took 17.86 seconds.

Loading MT points from /Users/karan/tubulaton/tubulaton-run/tubulaton-649.vtk to numpy array...
Simulating positions of fluorophores...
Number of FPs: 8529776059.921783
Generating label segmentation...
52280 tubulin found in focal plane.
Calculating fluorophore density over focal plane...
46429 fluorophores found in the focal plane.
Calculating fluorophore photon emission rate...
Fluorophore photon emission per second = 9470381.451524047
Applying point spread function to light intensity array...
Simulating shot noise...
Quantizing intensities...

Saved data to /Users/karan/microsegmentation/SyntheticData_EASY_DENSE/Images/image-649.png and /Users/karan/microsegmentation/SyntheticData_EASY_DENSE/Labels/label-649.png.

Took 17.30 seconds.

Loading MT points from /Users/karan/tubulaton/tubulaton-run/tubulaton-650.vtk to numpy array...
Simulating positions of fluorophores...
Number of FPs: 8684516294.430124
Generating label segmentation...
61540 tubulin found in focal plane.
Calculating fluorophore density over focal plane...
55344 fluorophores found in the focal plane.
Calculating fluorophore photon emission rate...
Fluorophore photon emission per second = 9470381.451524047
Applying point spread function to light intensity array...
Simulating shot noise...
Quantizing intensities...

Saved data to /Users/karan/microsegmentation/SyntheticData_EASY_DENSE/Images/image-650.png and /Users/karan/microsegmentation/SyntheticData_EASY_DENSE/Labels/label-650.png.

Took 17.55 seconds.

Loading MT points from /Users/karan/tubulaton/tubulaton-run/tubulaton-651.vtk to numpy array...
Simulating positions of fluorophores...
Number of FPs: 8868319347.879274
Generating label segmentation...
51629 tubulin found in focal plane.
Calculating fluorophore density over focal plane...
47743 fluorophores found in the focal plane.
Calculating fluorophore photon emission rate...
Fluorophore photon emission per second = 9470381.451524047
Applying point spread function to light intensity array...
Simulating shot noise...
Quantizing intensities...

Saved data to /Users/karan/microsegmentation/SyntheticData_EASY_DENSE/Images/image-651.png and /Users/karan/microsegmentation/SyntheticData_EASY_DENSE/Labels/label-651.png.

Took 17.97 seconds.

Loading MT points from /Users/karan/tubulaton/tubulaton-run/tubulaton-652.vtk to numpy array...
Simulating positions of fluorophores...
Number of FPs: 8769881511.072319
Generating label segmentation...
55651 tubulin found in focal plane.
Calculating fluorophore density over focal plane...
53027 fluorophores found in the focal plane.
Calculating fluorophore photon emission rate...
Fluorophore photon emission per second = 9470381.451524047
Applying point spread function to light intensity array...
Simulating shot noise...
Quantizing intensities...

Saved data to /Users/karan/microsegmentation/SyntheticData_EASY_DENSE/Images/image-652.png and /Users/karan/microsegmentation/SyntheticData_EASY_DENSE/Labels/label-652.png.

Took 17.83 seconds.

Loading MT points from /Users/karan/tubulaton/tubulaton-run/tubulaton-653.vtk to numpy array...
Simulating positions of fluorophores...
Number of FPs: 8341909302.406817
Generating label segmentation...
44924 tubulin found in focal plane.
Calculating fluorophore density over focal plane...
43281 fluorophores found in the focal plane.
Calculating fluorophore photon emission rate...
Fluorophore photon emission per second = 9470381.451524047
Applying point spread function to light intensity array...
Simulating shot noise...
Quantizing intensities...

Saved data to /Users/karan/microsegmentation/SyntheticData_EASY_DENSE/Images/image-653.png and /Users/karan/microsegmentation/SyntheticData_EASY_DENSE/Labels/label-653.png.

Took 16.82 seconds.

Loading MT points from /Users/karan/tubulaton/tubulaton-run/tubulaton-654.vtk to numpy array...
Simulating positions of fluorophores...
Number of FPs: 8661761980.187914
Generating label segmentation...
49969 tubulin found in focal plane.
Calculating fluorophore density over focal plane...
43963 fluorophores found in the focal plane.
Calculating fluorophore photon emission rate...
Fluorophore photon emission per second = 9470381.451524047
Applying point spread function to light intensity array...
Simulating shot noise...
Quantizing intensities...

Saved data to /Users/karan/microsegmentation/SyntheticData_EASY_DENSE/Images/image-654.png and /Users/karan/microsegmentation/SyntheticData_EASY_DENSE/Labels/label-654.png.

Took 17.44 seconds.

Loading MT points from /Users/karan/tubulaton/tubulaton-run/tubulaton-655.vtk to numpy array...
Simulating positions of fluorophores...
Number of FPs: 8414161823.229084
Generating label segmentation...
51966 tubulin found in focal plane.
Calculating fluorophore density over focal plane...
45640 fluorophores found in the focal plane.
Calculating fluorophore photon emission rate...
Fluorophore photon emission per second = 9470381.451524047
Applying point spread function to light intensity array...
Simulating shot noise...
Quantizing intensities...

Saved data to /Users/karan/microsegmentation/SyntheticData_EASY_DENSE/Images/image-655.png and /Users/karan/microsegmentation/SyntheticData_EASY_DENSE/Labels/label-655.png.

Took 17.08 seconds.

Loading MT points from /Users/karan/tubulaton/tubulaton-run/tubulaton-656.vtk to numpy array...
Simulating positions of fluorophores...
Number of FPs: 8927385595.723167
Generating label segmentation...
59463 tubulin found in focal plane.
Calculating fluorophore density over focal plane...
53925 fluorophores found in the focal plane.
Calculating fluorophore photon emission rate...
Fluorophore photon emission per second = 9470381.451524047
Applying point spread function to light intensity array...
Simulating shot noise...
Quantizing intensities...

Saved data to /Users/karan/microsegmentation/SyntheticData_EASY_DENSE/Images/image-656.png and /Users/karan/microsegmentation/SyntheticData_EASY_DENSE/Labels/label-656.png.

Took 17.80 seconds.

Loading MT points from /Users/karan/tubulaton/tubulaton-run/tubulaton-657.vtk to numpy array...
Simulating positions of fluorophores...
Number of FPs: 8159508208.419325
Generating label segmentation...
51262 tubulin found in focal plane.
Calculating fluorophore density over focal plane...
46721 fluorophores found in the focal plane.
Calculating fluorophore photon emission rate...
Fluorophore photon emission per second = 9470381.451524047
Applying point spread function to light intensity array...
Simulating shot noise...
Quantizing intensities...

Saved data to /Users/karan/microsegmentation/SyntheticData_EASY_DENSE/Images/image-657.png and /Users/karan/microsegmentation/SyntheticData_EASY_DENSE/Labels/label-657.png.

Took 16.97 seconds.

Loading MT points from /Users/karan/tubulaton/tubulaton-run/tubulaton-658.vtk to numpy array...
Simulating positions of fluorophores...
Number of FPs: 9044847971.119425
Generating label segmentation...
51546 tubulin found in focal plane.
Calculating fluorophore density over focal plane...
49067 fluorophores found in the focal plane.
Calculating fluorophore photon emission rate...
Fluorophore photon emission per second = 9470381.451524047
Applying point spread function to light intensity array...
Simulating shot noise...
Quantizing intensities...

Saved data to /Users/karan/microsegmentation/SyntheticData_EASY_DENSE/Images/image-658.png and /Users/karan/microsegmentation/SyntheticData_EASY_DENSE/Labels/label-658.png.

Took 18.19 seconds.

Loading MT points from /Users/karan/tubulaton/tubulaton-run/tubulaton-659.vtk to numpy array...
Simulating positions of fluorophores...
Number of FPs: 8928018114.607088
Generating label segmentation...
43583 tubulin found in focal plane.
Calculating fluorophore density over focal plane...
47988 fluorophores found in the focal plane.
Calculating fluorophore photon emission rate...
Fluorophore photon emission per second = 9470381.451524047
Applying point spread function to light intensity array...
Simulating shot noise...
Quantizing intensities...

Saved data to /Users/karan/microsegmentation/SyntheticData_EASY_DENSE/Images/image-659.png and /Users/karan/microsegmentation/SyntheticData_EASY_DENSE/Labels/label-659.png.

Took 17.36 seconds.

Loading MT points from /Users/karan/tubulaton/tubulaton-run/tubulaton-660.vtk to numpy array...
Simulating positions of fluorophores...
Number of FPs: 8683899060.272509
Generating label segmentation...
57168 tubulin found in focal plane.
Calculating fluorophore density over focal plane...
48683 fluorophores found in the focal plane.
Calculating fluorophore photon emission rate...
Fluorophore photon emission per second = 9470381.451524047
Applying point spread function to light intensity array...
Simulating shot noise...
Quantizing intensities...

Saved data to /Users/karan/microsegmentation/SyntheticData_EASY_DENSE/Images/image-660.png and /Users/karan/microsegmentation/SyntheticData_EASY_DENSE/Labels/label-660.png.

Took 17.46 seconds.

Loading MT points from /Users/karan/tubulaton/tubulaton-run/tubulaton-661.vtk to numpy array...
Simulating positions of fluorophores...
Number of FPs: 8394596620.889744
Generating label segmentation...
54745 tubulin found in focal plane.
Calculating fluorophore density over focal plane...
51556 fluorophores found in the focal plane.
Calculating fluorophore photon emission rate...
Fluorophore photon emission per second = 9470381.451524047
Applying point spread function to light intensity array...
Simulating shot noise...
Quantizing intensities...

Saved data to /Users/karan/microsegmentation/SyntheticData_EASY_DENSE/Images/image-661.png and /Users/karan/microsegmentation/SyntheticData_EASY_DENSE/Labels/label-661.png.

Took 17.47 seconds.

Loading MT points from /Users/karan/tubulaton/tubulaton-run/tubulaton-662.vtk to numpy array...
Simulating positions of fluorophores...
Number of FPs: 8417428255.689567
Generating label segmentation...
52556 tubulin found in focal plane.
Calculating fluorophore density over focal plane...
45669 fluorophores found in the focal plane.
Calculating fluorophore photon emission rate...
Fluorophore photon emission per second = 9470381.451524047
Applying point spread function to light intensity array...
Simulating shot noise...
Quantizing intensities...

Saved data to /Users/karan/microsegmentation/SyntheticData_EASY_DENSE/Images/image-662.png and /Users/karan/microsegmentation/SyntheticData_EASY_DENSE/Labels/label-662.png.

Took 16.80 seconds.

Loading MT points from /Users/karan/tubulaton/tubulaton-run/tubulaton-663.vtk to numpy array...
Simulating positions of fluorophores...
Number of FPs: 8517440313.9600525
Generating label segmentation...
43300 tubulin found in focal plane.
Calculating fluorophore density over focal plane...
42150 fluorophores found in the focal plane.
Calculating fluorophore photon emission rate...
Fluorophore photon emission per second = 9470381.451524047
Applying point spread function to light intensity array...
Simulating shot noise...
Quantizing intensities...

Saved data to /Users/karan/microsegmentation/SyntheticData_EASY_DENSE/Images/image-663.png and /Users/karan/microsegmentation/SyntheticData_EASY_DENSE/Labels/label-663.png.

Took 17.35 seconds.

Loading MT points from /Users/karan/tubulaton/tubulaton-run/tubulaton-664.vtk to numpy array...
Simulating positions of fluorophores...
Number of FPs: 8569096296.798464
Generating label segmentation...
57158 tubulin found in focal plane.
Calculating fluorophore density over focal plane...
51894 fluorophores found in the focal plane.
Calculating fluorophore photon emission rate...
Fluorophore photon emission per second = 9470381.451524047
Applying point spread function to light intensity array...
Simulating shot noise...
Quantizing intensities...

Saved data to /Users/karan/microsegmentation/SyntheticData_EASY_DENSE/Images/image-664.png and /Users/karan/microsegmentation/SyntheticData_EASY_DENSE/Labels/label-664.png.

Took 17.22 seconds.

Loading MT points from /Users/karan/tubulaton/tubulaton-run/tubulaton-665.vtk to numpy array...
Simulating positions of fluorophores...
Number of FPs: 8686663248.841034
Generating label segmentation...
52169 tubulin found in focal plane.
Calculating fluorophore density over focal plane...
49731 fluorophores found in the focal plane.
Calculating fluorophore photon emission rate...
Fluorophore photon emission per second = 9470381.451524047
Applying point spread function to light intensity array...
Simulating shot noise...
Quantizing intensities...

Saved data to /Users/karan/microsegmentation/SyntheticData_EASY_DENSE/Images/image-665.png and /Users/karan/microsegmentation/SyntheticData_EASY_DENSE/Labels/label-665.png.

Took 17.55 seconds.

Loading MT points from /Users/karan/tubulaton/tubulaton-run/tubulaton-666.vtk to numpy array...
Simulating positions of fluorophores...
Number of FPs: 8838126883.98303
Generating label segmentation...
61363 tubulin found in focal plane.
Calculating fluorophore density over focal plane...
55600 fluorophores found in the focal plane.
Calculating fluorophore photon emission rate...
Fluorophore photon emission per second = 9470381.451524047
Applying point spread function to light intensity array...
Simulating shot noise...
Quantizing intensities...

Saved data to /Users/karan/microsegmentation/SyntheticData_EASY_DENSE/Images/image-666.png and /Users/karan/microsegmentation/SyntheticData_EASY_DENSE/Labels/label-666.png.

Took 17.94 seconds.

Loading MT points from /Users/karan/tubulaton/tubulaton-run/tubulaton-667.vtk to numpy array...
Simulating positions of fluorophores...
Number of FPs: 8707223282.754364
Generating label segmentation...
52774 tubulin found in focal plane.
Calculating fluorophore density over focal plane...
47927 fluorophores found in the focal plane.
Calculating fluorophore photon emission rate...
Fluorophore photon emission per second = 9470381.451524047
Applying point spread function to light intensity array...
Simulating shot noise...
Quantizing intensities...

Saved data to /Users/karan/microsegmentation/SyntheticData_EASY_DENSE/Images/image-667.png and /Users/karan/microsegmentation/SyntheticData_EASY_DENSE/Labels/label-667.png.

Took 17.70 seconds.

Loading MT points from /Users/karan/tubulaton/tubulaton-run/tubulaton-668.vtk to numpy array...
Simulating positions of fluorophores...
Number of FPs: 9014324747.352135
Generating label segmentation...
50456 tubulin found in focal plane.
Calculating fluorophore density over focal plane...
47484 fluorophores found in the focal plane.
Calculating fluorophore photon emission rate...
Fluorophore photon emission per second = 9470381.451524047
Applying point spread function to light intensity array...
Simulating shot noise...
Quantizing intensities...

Saved data to /Users/karan/microsegmentation/SyntheticData_EASY_DENSE/Images/image-668.png and /Users/karan/microsegmentation/SyntheticData_EASY_DENSE/Labels/label-668.png.

Took 17.97 seconds.

Loading MT points from /Users/karan/tubulaton/tubulaton-run/tubulaton-669.vtk to numpy array...
Simulating positions of fluorophores...
Number of FPs: 8945496251.86499
Generating label segmentation...
65965 tubulin found in focal plane.
Calculating fluorophore density over focal plane...
62111 fluorophores found in the focal plane.
Calculating fluorophore photon emission rate...
Fluorophore photon emission per second = 9470381.451524047
Applying point spread function to light intensity array...
Simulating shot noise...
Quantizing intensities...

Saved data to /Users/karan/microsegmentation/SyntheticData_EASY_DENSE/Images/image-669.png and /Users/karan/microsegmentation/SyntheticData_EASY_DENSE/Labels/label-669.png.

Took 18.51 seconds.

Loading MT points from /Users/karan/tubulaton/tubulaton-run/tubulaton-670.vtk to numpy array...
Simulating positions of fluorophores...
Number of FPs: 8865663849.286612
Generating label segmentation...
48401 tubulin found in focal plane.
Calculating fluorophore density over focal plane...
50162 fluorophores found in the focal plane.
Calculating fluorophore photon emission rate...
Fluorophore photon emission per second = 9470381.451524047
Applying point spread function to light intensity array...
Simulating shot noise...
Quantizing intensities...

Saved data to /Users/karan/microsegmentation/SyntheticData_EASY_DENSE/Images/image-670.png and /Users/karan/microsegmentation/SyntheticData_EASY_DENSE/Labels/label-670.png.

Took 17.82 seconds.

Loading MT points from /Users/karan/tubulaton/tubulaton-run/tubulaton-671.vtk to numpy array...
Simulating positions of fluorophores...
Number of FPs: 8603388961.68814
Generating label segmentation...
65874 tubulin found in focal plane.
Calculating fluorophore density over focal plane...
57799 fluorophores found in the focal plane.
Calculating fluorophore photon emission rate...
Fluorophore photon emission per second = 9470381.451524047
Applying point spread function to light intensity array...
Simulating shot noise...
Quantizing intensities...

Saved data to /Users/karan/microsegmentation/SyntheticData_EASY_DENSE/Images/image-671.png and /Users/karan/microsegmentation/SyntheticData_EASY_DENSE/Labels/label-671.png.

Took 17.30 seconds.

Loading MT points from /Users/karan/tubulaton/tubulaton-run/tubulaton-672.vtk to numpy array...
Simulating positions of fluorophores...
Number of FPs: 9090125255.004568
Generating label segmentation...
48171 tubulin found in focal plane.
Calculating fluorophore density over focal plane...
48051 fluorophores found in the focal plane.
Calculating fluorophore photon emission rate...
Fluorophore photon emission per second = 9470381.451524047
Applying point spread function to light intensity array...
Simulating shot noise...
Quantizing intensities...

Saved data to /Users/karan/microsegmentation/SyntheticData_EASY_DENSE/Images/image-672.png and /Users/karan/microsegmentation/SyntheticData_EASY_DENSE/Labels/label-672.png.

Took 17.39 seconds.

Loading MT points from /Users/karan/tubulaton/tubulaton-run/tubulaton-673.vtk to numpy array...
Simulating positions of fluorophores...
Number of FPs: 8803481212.864052
Generating label segmentation...
53444 tubulin found in focal plane.
Calculating fluorophore density over focal plane...
48993 fluorophores found in the focal plane.
Calculating fluorophore photon emission rate...
Fluorophore photon emission per second = 9470381.451524047
Applying point spread function to light intensity array...
Simulating shot noise...
Quantizing intensities...

Saved data to /Users/karan/microsegmentation/SyntheticData_EASY_DENSE/Images/image-673.png and /Users/karan/microsegmentation/SyntheticData_EASY_DENSE/Labels/label-673.png.

Took 17.51 seconds.

Loading MT points from /Users/karan/tubulaton/tubulaton-run/tubulaton-674.vtk to numpy array...
Simulating positions of fluorophores...
Number of FPs: 8758328256.247955
Generating label segmentation...
55242 tubulin found in focal plane.
Calculating fluorophore density over focal plane...
55299 fluorophores found in the focal plane.
Calculating fluorophore photon emission rate...
Fluorophore photon emission per second = 9470381.451524047
Applying point spread function to light intensity array...
Simulating shot noise...
Quantizing intensities...

Saved data to /Users/karan/microsegmentation/SyntheticData_EASY_DENSE/Images/image-674.png and /Users/karan/microsegmentation/SyntheticData_EASY_DENSE/Labels/label-674.png.

Took 17.46 seconds.

Loading MT points from /Users/karan/tubulaton/tubulaton-run/tubulaton-675.vtk to numpy array...
Simulating positions of fluorophores...
Number of FPs: 8856547402.45486
Generating label segmentation...
45298 tubulin found in focal plane.
Calculating fluorophore density over focal plane...
46629 fluorophores found in the focal plane.
Calculating fluorophore photon emission rate...
Fluorophore photon emission per second = 9470381.451524047
Applying point spread function to light intensity array...
Simulating shot noise...
Quantizing intensities...

Saved data to /Users/karan/microsegmentation/SyntheticData_EASY_DENSE/Images/image-675.png and /Users/karan/microsegmentation/SyntheticData_EASY_DENSE/Labels/label-675.png.

Took 17.36 seconds.

Loading MT points from /Users/karan/tubulaton/tubulaton-run/tubulaton-676.vtk to numpy array...
Simulating positions of fluorophores...
Number of FPs: 8956811693.605173
Generating label segmentation...
56142 tubulin found in focal plane.
Calculating fluorophore density over focal plane...
56018 fluorophores found in the focal plane.
Calculating fluorophore photon emission rate...
Fluorophore photon emission per second = 9470381.451524047
Applying point spread function to light intensity array...
Simulating shot noise...
Quantizing intensities...

Saved data to /Users/karan/microsegmentation/SyntheticData_EASY_DENSE/Images/image-676.png and /Users/karan/microsegmentation/SyntheticData_EASY_DENSE/Labels/label-676.png.

Took 17.39 seconds.

Loading MT points from /Users/karan/tubulaton/tubulaton-run/tubulaton-677.vtk to numpy array...
Simulating positions of fluorophores...
Number of FPs: 8377651084.973338
Generating label segmentation...
47545 tubulin found in focal plane.
Calculating fluorophore density over focal plane...
46163 fluorophores found in the focal plane.
Calculating fluorophore photon emission rate...
Fluorophore photon emission per second = 9470381.451524047
Applying point spread function to light intensity array...
Simulating shot noise...
Quantizing intensities...

Saved data to /Users/karan/microsegmentation/SyntheticData_EASY_DENSE/Images/image-677.png and /Users/karan/microsegmentation/SyntheticData_EASY_DENSE/Labels/label-677.png.

Took 17.30 seconds.

Loading MT points from /Users/karan/tubulaton/tubulaton-run/tubulaton-678.vtk to numpy array...
Simulating positions of fluorophores...
Number of FPs: 8609449856.741934
Generating label segmentation...
56249 tubulin found in focal plane.
Calculating fluorophore density over focal plane...
53038 fluorophores found in the focal plane.
Calculating fluorophore photon emission rate...
Fluorophore photon emission per second = 9470381.451524047
Applying point spread function to light intensity array...
Simulating shot noise...
Quantizing intensities...

Saved data to /Users/karan/microsegmentation/SyntheticData_EASY_DENSE/Images/image-678.png and /Users/karan/microsegmentation/SyntheticData_EASY_DENSE/Labels/label-678.png.

Took 17.62 seconds.

Loading MT points from /Users/karan/tubulaton/tubulaton-run/tubulaton-679.vtk to numpy array...
Simulating positions of fluorophores...
Number of FPs: 8562154528.621776
Generating label segmentation...
47451 tubulin found in focal plane.
Calculating fluorophore density over focal plane...
45955 fluorophores found in the focal plane.
Calculating fluorophore photon emission rate...
Fluorophore photon emission per second = 9470381.451524047
Applying point spread function to light intensity array...
Simulating shot noise...
Quantizing intensities...

Saved data to /Users/karan/microsegmentation/SyntheticData_EASY_DENSE/Images/image-679.png and /Users/karan/microsegmentation/SyntheticData_EASY_DENSE/Labels/label-679.png.

Took 17.30 seconds.

Loading MT points from /Users/karan/tubulaton/tubulaton-run/tubulaton-680.vtk to numpy array...
Simulating positions of fluorophores...
Number of FPs: 9017147438.306046
Generating label segmentation...
63170 tubulin found in focal plane.
Calculating fluorophore density over focal plane...
56253 fluorophores found in the focal plane.
Calculating fluorophore photon emission rate...
Fluorophore photon emission per second = 9470381.451524047
Applying point spread function to light intensity array...
Simulating shot noise...
Quantizing intensities...

Saved data to /Users/karan/microsegmentation/SyntheticData_EASY_DENSE/Images/image-680.png and /Users/karan/microsegmentation/SyntheticData_EASY_DENSE/Labels/label-680.png.

Took 17.97 seconds.

Loading MT points from /Users/karan/tubulaton/tubulaton-run/tubulaton-681.vtk to numpy array...
Simulating positions of fluorophores...
Number of FPs: 8132525805.159472
Generating label segmentation...
64659 tubulin found in focal plane.
Calculating fluorophore density over focal plane...
54772 fluorophores found in the focal plane.
Calculating fluorophore photon emission rate...
Fluorophore photon emission per second = 9470381.451524047
Applying point spread function to light intensity array...
Simulating shot noise...
Quantizing intensities...

Saved data to /Users/karan/microsegmentation/SyntheticData_EASY_DENSE/Images/image-681.png and /Users/karan/microsegmentation/SyntheticData_EASY_DENSE/Labels/label-681.png.

Took 17.35 seconds.

Loading MT points from /Users/karan/tubulaton/tubulaton-run/tubulaton-682.vtk to numpy array...
Simulating positions of fluorophores...
Number of FPs: 9283190524.134182
Generating label segmentation...
49285 tubulin found in focal plane.
Calculating fluorophore density over focal plane...
49424 fluorophores found in the focal plane.
Calculating fluorophore photon emission rate...
Fluorophore photon emission per second = 9470381.451524047
Applying point spread function to light intensity array...
Simulating shot noise...
Quantizing intensities...

Saved data to /Users/karan/microsegmentation/SyntheticData_EASY_DENSE/Images/image-682.png and /Users/karan/microsegmentation/SyntheticData_EASY_DENSE/Labels/label-682.png.

Took 18.13 seconds.

Loading MT points from /Users/karan/tubulaton/tubulaton-run/tubulaton-683.vtk to numpy array...
Simulating positions of fluorophores...
Number of FPs: 8838004033.063482
Generating label segmentation...
54229 tubulin found in focal plane.
Calculating fluorophore density over focal plane...
56921 fluorophores found in the focal plane.
Calculating fluorophore photon emission rate...
Fluorophore photon emission per second = 9470381.451524047
Applying point spread function to light intensity array...
Simulating shot noise...
Quantizing intensities...

Saved data to /Users/karan/microsegmentation/SyntheticData_EASY_DENSE/Images/image-683.png and /Users/karan/microsegmentation/SyntheticData_EASY_DENSE/Labels/label-683.png.

Took 18.09 seconds.

Loading MT points from /Users/karan/tubulaton/tubulaton-run/tubulaton-684.vtk to numpy array...
Simulating positions of fluorophores...
Number of FPs: 8318979235.445405
Generating label segmentation...
47095 tubulin found in focal plane.
Calculating fluorophore density over focal plane...
44887 fluorophores found in the focal plane.
Calculating fluorophore photon emission rate...
Fluorophore photon emission per second = 9470381.451524047
Applying point spread function to light intensity array...
Simulating shot noise...
Quantizing intensities...

Saved data to /Users/karan/microsegmentation/SyntheticData_EASY_DENSE/Images/image-684.png and /Users/karan/microsegmentation/SyntheticData_EASY_DENSE/Labels/label-684.png.

Took 17.30 seconds.

Loading MT points from /Users/karan/tubulaton/tubulaton-run/tubulaton-685.vtk to numpy array...
Simulating positions of fluorophores...
Number of FPs: 8728627584.786509
Generating label segmentation...
59007 tubulin found in focal plane.
Calculating fluorophore density over focal plane...
54084 fluorophores found in the focal plane.
Calculating fluorophore photon emission rate...
Fluorophore photon emission per second = 9470381.451524047
Applying point spread function to light intensity array...
Simulating shot noise...
Quantizing intensities...

Saved data to /Users/karan/microsegmentation/SyntheticData_EASY_DENSE/Images/image-685.png and /Users/karan/microsegmentation/SyntheticData_EASY_DENSE/Labels/label-685.png.

Took 17.77 seconds.

Loading MT points from /Users/karan/tubulaton/tubulaton-run/tubulaton-686.vtk to numpy array...
Simulating positions of fluorophores...
Number of FPs: 8922992479.843864
Generating label segmentation...
48814 tubulin found in focal plane.
Calculating fluorophore density over focal plane...
47754 fluorophores found in the focal plane.
Calculating fluorophore photon emission rate...
Fluorophore photon emission per second = 9470381.451524047
Applying point spread function to light intensity array...
Simulating shot noise...
Quantizing intensities...

Saved data to /Users/karan/microsegmentation/SyntheticData_EASY_DENSE/Images/image-686.png and /Users/karan/microsegmentation/SyntheticData_EASY_DENSE/Labels/label-686.png.

Took 18.21 seconds.

Loading MT points from /Users/karan/tubulaton/tubulaton-run/tubulaton-687.vtk to numpy array...
Simulating positions of fluorophores...
Number of FPs: 8338930724.39921
Generating label segmentation...
45133 tubulin found in focal plane.
Calculating fluorophore density over focal plane...
43571 fluorophores found in the focal plane.
Calculating fluorophore photon emission rate...
Fluorophore photon emission per second = 9470381.451524047
Applying point spread function to light intensity array...
Simulating shot noise...
Quantizing intensities...

Saved data to /Users/karan/microsegmentation/SyntheticData_EASY_DENSE/Images/image-687.png and /Users/karan/microsegmentation/SyntheticData_EASY_DENSE/Labels/label-687.png.

Took 17.22 seconds.

Loading MT points from /Users/karan/tubulaton/tubulaton-run/tubulaton-688.vtk to numpy array...
Simulating positions of fluorophores...
Number of FPs: 8768157450.475721
Generating label segmentation...
48327 tubulin found in focal plane.
Calculating fluorophore density over focal plane...
48797 fluorophores found in the focal plane.
Calculating fluorophore photon emission rate...
Fluorophore photon emission per second = 9470381.451524047
Applying point spread function to light intensity array...
Simulating shot noise...
Quantizing intensities...

Saved data to /Users/karan/microsegmentation/SyntheticData_EASY_DENSE/Images/image-688.png and /Users/karan/microsegmentation/SyntheticData_EASY_DENSE/Labels/label-688.png.

Took 17.46 seconds.

Loading MT points from /Users/karan/tubulaton/tubulaton-run/tubulaton-689.vtk to numpy array...
Simulating positions of fluorophores...
Number of FPs: 8694639626.61009
Generating label segmentation...
52079 tubulin found in focal plane.
Calculating fluorophore density over focal plane...
48658 fluorophores found in the focal plane.
Calculating fluorophore photon emission rate...
Fluorophore photon emission per second = 9470381.451524047
Applying point spread function to light intensity array...
Simulating shot noise...
Quantizing intensities...

Saved data to /Users/karan/microsegmentation/SyntheticData_EASY_DENSE/Images/image-689.png and /Users/karan/microsegmentation/SyntheticData_EASY_DENSE/Labels/label-689.png.

Took 17.41 seconds.

Loading MT points from /Users/karan/tubulaton/tubulaton-run/tubulaton-690.vtk to numpy array...
Simulating positions of fluorophores...
Number of FPs: 8677974347.792105
Generating label segmentation...
55450 tubulin found in focal plane.
Calculating fluorophore density over focal plane...
51590 fluorophores found in the focal plane.
Calculating fluorophore photon emission rate...
Fluorophore photon emission per second = 9470381.451524047
Applying point spread function to light intensity array...
Simulating shot noise...
Quantizing intensities...

Saved data to /Users/karan/microsegmentation/SyntheticData_EASY_DENSE/Images/image-690.png and /Users/karan/microsegmentation/SyntheticData_EASY_DENSE/Labels/label-690.png.

Took 17.02 seconds.

Loading MT points from /Users/karan/tubulaton/tubulaton-run/tubulaton-691.vtk to numpy array...
Simulating positions of fluorophores...
Number of FPs: 8362615505.259726
Generating label segmentation...
50138 tubulin found in focal plane.
Calculating fluorophore density over focal plane...
47893 fluorophores found in the focal plane.
Calculating fluorophore photon emission rate...
Fluorophore photon emission per second = 9470381.451524047
Applying point spread function to light intensity array...
Simulating shot noise...
Quantizing intensities...

Saved data to /Users/karan/microsegmentation/SyntheticData_EASY_DENSE/Images/image-691.png and /Users/karan/microsegmentation/SyntheticData_EASY_DENSE/Labels/label-691.png.

Took 16.77 seconds.

Loading MT points from /Users/karan/tubulaton/tubulaton-run/tubulaton-692.vtk to numpy array...
Simulating positions of fluorophores...
Number of FPs: 8481503754.922654
Generating label segmentation...
53395 tubulin found in focal plane.
Calculating fluorophore density over focal plane...
46441 fluorophores found in the focal plane.
Calculating fluorophore photon emission rate...
Fluorophore photon emission per second = 9470381.451524047
Applying point spread function to light intensity array...
Simulating shot noise...
Quantizing intensities...

Saved data to /Users/karan/microsegmentation/SyntheticData_EASY_DENSE/Images/image-692.png and /Users/karan/microsegmentation/SyntheticData_EASY_DENSE/Labels/label-692.png.

Took 16.97 seconds.

Loading MT points from /Users/karan/tubulaton/tubulaton-run/tubulaton-693.vtk to numpy array...
Simulating positions of fluorophores...
Number of FPs: 8725508929.236626
Generating label segmentation...
55961 tubulin found in focal plane.
Calculating fluorophore density over focal plane...
50405 fluorophores found in the focal plane.
Calculating fluorophore photon emission rate...
Fluorophore photon emission per second = 9470381.451524047
Applying point spread function to light intensity array...
Simulating shot noise...
Quantizing intensities...

Saved data to /Users/karan/microsegmentation/SyntheticData_EASY_DENSE/Images/image-693.png and /Users/karan/microsegmentation/SyntheticData_EASY_DENSE/Labels/label-693.png.

Took 17.58 seconds.

Loading MT points from /Users/karan/tubulaton/tubulaton-run/tubulaton-694.vtk to numpy array...
Simulating positions of fluorophores...
Number of FPs: 8975887957.30982
Generating label segmentation...
59213 tubulin found in focal plane.
Calculating fluorophore density over focal plane...
54075 fluorophores found in the focal plane.
Calculating fluorophore photon emission rate...
Fluorophore photon emission per second = 9470381.451524047
Applying point spread function to light intensity array...
Simulating shot noise...
Quantizing intensities...

Saved data to /Users/karan/microsegmentation/SyntheticData_EASY_DENSE/Images/image-694.png and /Users/karan/microsegmentation/SyntheticData_EASY_DENSE/Labels/label-694.png.

Took 18.26 seconds.

Loading MT points from /Users/karan/tubulaton/tubulaton-run/tubulaton-695.vtk to numpy array...
Simulating positions of fluorophores...
Number of FPs: 8694770767.091404
Generating label segmentation...
60111 tubulin found in focal plane.
Calculating fluorophore density over focal plane...
54685 fluorophores found in the focal plane.
Calculating fluorophore photon emission rate...
Fluorophore photon emission per second = 9470381.451524047
Applying point spread function to light intensity array...
Simulating shot noise...
Quantizing intensities...

Saved data to /Users/karan/microsegmentation/SyntheticData_EASY_DENSE/Images/image-695.png and /Users/karan/microsegmentation/SyntheticData_EASY_DENSE/Labels/label-695.png.

Took 17.57 seconds.

Loading MT points from /Users/karan/tubulaton/tubulaton-run/tubulaton-696.vtk to numpy array...
Simulating positions of fluorophores...
Number of FPs: 8179994042.146903
Generating label segmentation...
61755 tubulin found in focal plane.
Calculating fluorophore density over focal plane...
53774 fluorophores found in the focal plane.
Calculating fluorophore photon emission rate...
Fluorophore photon emission per second = 9470381.451524047
Applying point spread function to light intensity array...
Simulating shot noise...
Quantizing intensities...

Saved data to /Users/karan/microsegmentation/SyntheticData_EASY_DENSE/Images/image-696.png and /Users/karan/microsegmentation/SyntheticData_EASY_DENSE/Labels/label-696.png.

Took 17.28 seconds.

Loading MT points from /Users/karan/tubulaton/tubulaton-run/tubulaton-697.vtk to numpy array...
Simulating positions of fluorophores...
Number of FPs: 9148102245.687729
Generating label segmentation...
46981 tubulin found in focal plane.
Calculating fluorophore density over focal plane...
48413 fluorophores found in the focal plane.
Calculating fluorophore photon emission rate...
Fluorophore photon emission per second = 9470381.451524047
Applying point spread function to light intensity array...
Simulating shot noise...
Quantizing intensities...

Saved data to /Users/karan/microsegmentation/SyntheticData_EASY_DENSE/Images/image-697.png and /Users/karan/microsegmentation/SyntheticData_EASY_DENSE/Labels/label-697.png.

Took 18.27 seconds.

Loading MT points from /Users/karan/tubulaton/tubulaton-run/tubulaton-698.vtk to numpy array...
Simulating positions of fluorophores...
Number of FPs: 8560346440.980741
Generating label segmentation...
51320 tubulin found in focal plane.
Calculating fluorophore density over focal plane...
50499 fluorophores found in the focal plane.
Calculating fluorophore photon emission rate...
Fluorophore photon emission per second = 9470381.451524047
Applying point spread function to light intensity array...
Simulating shot noise...
Quantizing intensities...

Saved data to /Users/karan/microsegmentation/SyntheticData_EASY_DENSE/Images/image-698.png and /Users/karan/microsegmentation/SyntheticData_EASY_DENSE/Labels/label-698.png.

Took 958.37 seconds.

Loading MT points from /Users/karan/tubulaton/tubulaton-run/tubulaton-699.vtk to numpy array...
Simulating positions of fluorophores...
Number of FPs: 8411917351.701584
Generating label segmentation...
51136 tubulin found in focal plane.
Calculating fluorophore density over focal plane...
46757 fluorophores found in the focal plane.
Calculating fluorophore photon emission rate...
Fluorophore photon emission per second = 9470381.451524047
Applying point spread function to light intensity array...
Simulating shot noise...
Quantizing intensities...

Saved data to /Users/karan/microsegmentation/SyntheticData_EASY_DENSE/Images/image-699.png and /Users/karan/microsegmentation/SyntheticData_EASY_DENSE/Labels/label-699.png.

Took 17.03 seconds.

Loading MT points from /Users/karan/tubulaton/tubulaton-run/tubulaton-700.vtk to numpy array...
Simulating positions of fluorophores...
Number of FPs: 8515933445.506799
Generating label segmentation...
53900 tubulin found in focal plane.
Calculating fluorophore density over focal plane...
49897 fluorophores found in the focal plane.
Calculating fluorophore photon emission rate...
Fluorophore photon emission per second = 9470381.451524047
Applying point spread function to light intensity array...
Simulating shot noise...
Quantizing intensities...

Saved data to /Users/karan/microsegmentation/SyntheticData_EASY_DENSE/Images/image-700.png and /Users/karan/microsegmentation/SyntheticData_EASY_DENSE/Labels/label-700.png.

Took 17.26 seconds.


Took 2708.18 seconds in total.
(27.08 seconds per .vtk file)
