Loaded config file: /Users/karan/microsegmentation/generation/generate_configs/trivial.json5
Using depolymerization rate: 0.9122987654629167

Loading MT points from /Users/karan/tubulaton/tubulaton-run/tubulaton-301.vtk to numpy array...
Simulating positions of fluorophores...
Number of FPs: 12305148309.594824
Generating label segmentation...
3599 tubulin found in focal plane.
Calculating fluorophore density over focal plane...
40349 fluorophores found in the focal plane.
Calculating fluorophore photon emission rate...
Fluorophore photon emission per second = 9470381.451524047
Applying point spread function to light intensity array...
Simulating shot noise...
Quantizing intensities...

Saved data to /Users/karan/microsegmentation/SyntheticData_TRIVIAL_DENSE/Images/image-301.png and /Users/karan/microsegmentation/SyntheticData_TRIVIAL_DENSE/Labels/label-301.png.

Took 29.49 seconds.

Loading MT points from /Users/karan/tubulaton/tubulaton-run/tubulaton-302.vtk to numpy array...
Simulating positions of fluorophores...
Number of FPs: 12498143952.975357
Generating label segmentation...
3212 tubulin found in focal plane.
Calculating fluorophore density over focal plane...
33643 fluorophores found in the focal plane.
Calculating fluorophore photon emission rate...
Fluorophore photon emission per second = 9470381.451524047
Applying point spread function to light intensity array...
Simulating shot noise...
Quantizing intensities...

Saved data to /Users/karan/microsegmentation/SyntheticData_TRIVIAL_DENSE/Images/image-302.png and /Users/karan/microsegmentation/SyntheticData_TRIVIAL_DENSE/Labels/label-302.png.

Took 1056.49 seconds.

Loading MT points from /Users/karan/tubulaton/tubulaton-run/tubulaton-303.vtk to numpy array...
Simulating positions of fluorophores...
Number of FPs: 12498614275.6965
Generating label segmentation...
2508 tubulin found in focal plane.
Calculating fluorophore density over focal plane...
46559 fluorophores found in the focal plane.
Calculating fluorophore photon emission rate...
Fluorophore photon emission per second = 9470381.451524047
Applying point spread function to light intensity array...
Simulating shot noise...
Quantizing intensities...

Saved data to /Users/karan/microsegmentation/SyntheticData_TRIVIAL_DENSE/Images/image-303.png and /Users/karan/microsegmentation/SyntheticData_TRIVIAL_DENSE/Labels/label-303.png.

Took 27.56 seconds.

Loading MT points from /Users/karan/tubulaton/tubulaton-run/tubulaton-304.vtk to numpy array...
Simulating positions of fluorophores...
Number of FPs: 12213844056.621078
Generating label segmentation...
5445 tubulin found in focal plane.
Calculating fluorophore density over focal plane...
39545 fluorophores found in the focal plane.
Calculating fluorophore photon emission rate...
Fluorophore photon emission per second = 9470381.451524047
Applying point spread function to light intensity array...
Simulating shot noise...
Quantizing intensities...

Saved data to /Users/karan/microsegmentation/SyntheticData_TRIVIAL_DENSE/Images/image-304.png and /Users/karan/microsegmentation/SyntheticData_TRIVIAL_DENSE/Labels/label-304.png.

Took 1001.80 seconds.

Loading MT points from /Users/karan/tubulaton/tubulaton-run/tubulaton-305.vtk to numpy array...
Simulating positions of fluorophores...
Number of FPs: 13133388740.956438
Generating label segmentation...
6155 tubulin found in focal plane.
Calculating fluorophore density over focal plane...
42874 fluorophores found in the focal plane.
Calculating fluorophore photon emission rate...
Fluorophore photon emission per second = 9470381.451524047
Applying point spread function to light intensity array...
Simulating shot noise...
Quantizing intensities...

Saved data to /Users/karan/microsegmentation/SyntheticData_TRIVIAL_DENSE/Images/image-305.png and /Users/karan/microsegmentation/SyntheticData_TRIVIAL_DENSE/Labels/label-305.png.

Took 24.00 seconds.

Loading MT points from /Users/karan/tubulaton/tubulaton-run/tubulaton-306.vtk to numpy array...
Simulating positions of fluorophores...
Number of FPs: 12701078107.532171
Generating label segmentation...
3233 tubulin found in focal plane.
Calculating fluorophore density over focal plane...
27829 fluorophores found in the focal plane.
Calculating fluorophore photon emission rate...
Fluorophore photon emission per second = 9470381.451524047
Applying point spread function to light intensity array...
Simulating shot noise...
Quantizing intensities...

Saved data to /Users/karan/microsegmentation/SyntheticData_TRIVIAL_DENSE/Images/image-306.png and /Users/karan/microsegmentation/SyntheticData_TRIVIAL_DENSE/Labels/label-306.png.

Took 21.76 seconds.

Loading MT points from /Users/karan/tubulaton/tubulaton-run/tubulaton-307.vtk to numpy array...
Simulating positions of fluorophores...
Number of FPs: 12776413708.799282
Generating label segmentation...
2656 tubulin found in focal plane.
Calculating fluorophore density over focal plane...
31440 fluorophores found in the focal plane.
Calculating fluorophore photon emission rate...
Fluorophore photon emission per second = 9470381.451524047
Applying point spread function to light intensity array...
Simulating shot noise...
Quantizing intensities...

Saved data to /Users/karan/microsegmentation/SyntheticData_TRIVIAL_DENSE/Images/image-307.png and /Users/karan/microsegmentation/SyntheticData_TRIVIAL_DENSE/Labels/label-307.png.

Took 816.35 seconds.

Loading MT points from /Users/karan/tubulaton/tubulaton-run/tubulaton-308.vtk to numpy array...
Simulating positions of fluorophores...
Number of FPs: 12456371034.469326
Generating label segmentation...
4196 tubulin found in focal plane.
Calculating fluorophore density over focal plane...
44350 fluorophores found in the focal plane.
Calculating fluorophore photon emission rate...
Fluorophore photon emission per second = 9470381.451524047
Applying point spread function to light intensity array...
Simulating shot noise...
Quantizing intensities...

Saved data to /Users/karan/microsegmentation/SyntheticData_TRIVIAL_DENSE/Images/image-308.png and /Users/karan/microsegmentation/SyntheticData_TRIVIAL_DENSE/Labels/label-308.png.

Took 22.45 seconds.

Loading MT points from /Users/karan/tubulaton/tubulaton-run/tubulaton-309.vtk to numpy array...
Simulating positions of fluorophores...
Number of FPs: 12364809361.733423
Generating label segmentation...
6210 tubulin found in focal plane.
Calculating fluorophore density over focal plane...
37277 fluorophores found in the focal plane.
Calculating fluorophore photon emission rate...
Fluorophore photon emission per second = 9470381.451524047
Applying point spread function to light intensity array...
Simulating shot noise...
Quantizing intensities...

Saved data to /Users/karan/microsegmentation/SyntheticData_TRIVIAL_DENSE/Images/image-309.png and /Users/karan/microsegmentation/SyntheticData_TRIVIAL_DENSE/Labels/label-309.png.

Took 922.15 seconds.

Loading MT points from /Users/karan/tubulaton/tubulaton-run/tubulaton-310.vtk to numpy array...
Simulating positions of fluorophores...
Number of FPs: 12390905176.840845
Generating label segmentation...
4078 tubulin found in focal plane.
Calculating fluorophore density over focal plane...
34817 fluorophores found in the focal plane.
Calculating fluorophore photon emission rate...
Fluorophore photon emission per second = 9470381.451524047
Applying point spread function to light intensity array...
Simulating shot noise...
Quantizing intensities...

Saved data to /Users/karan/microsegmentation/SyntheticData_TRIVIAL_DENSE/Images/image-310.png and /Users/karan/microsegmentation/SyntheticData_TRIVIAL_DENSE/Labels/label-310.png.

Took 21.59 seconds.

Loading MT points from /Users/karan/tubulaton/tubulaton-run/tubulaton-311.vtk to numpy array...
Simulating positions of fluorophores...
Number of FPs: 12160250666.008322
Generating label segmentation...
3321 tubulin found in focal plane.
Calculating fluorophore density over focal plane...
37965 fluorophores found in the focal plane.
Calculating fluorophore photon emission rate...
Fluorophore photon emission per second = 9470381.451524047
Applying point spread function to light intensity array...
Simulating shot noise...
Quantizing intensities...

Saved data to /Users/karan/microsegmentation/SyntheticData_TRIVIAL_DENSE/Images/image-311.png and /Users/karan/microsegmentation/SyntheticData_TRIVIAL_DENSE/Labels/label-311.png.

Took 939.03 seconds.

Loading MT points from /Users/karan/tubulaton/tubulaton-run/tubulaton-312.vtk to numpy array...
Simulating positions of fluorophores...
Number of FPs: 12715584960.760485
Generating label segmentation...
6655 tubulin found in focal plane.
Calculating fluorophore density over focal plane...
47612 fluorophores found in the focal plane.
Calculating fluorophore photon emission rate...
Fluorophore photon emission per second = 9470381.451524047
Applying point spread function to light intensity array...
Simulating shot noise...
Quantizing intensities...

Saved data to /Users/karan/microsegmentation/SyntheticData_TRIVIAL_DENSE/Images/image-312.png and /Users/karan/microsegmentation/SyntheticData_TRIVIAL_DENSE/Labels/label-312.png.

Took 22.78 seconds.

Loading MT points from /Users/karan/tubulaton/tubulaton-run/tubulaton-313.vtk to numpy array...
Simulating positions of fluorophores...
Number of FPs: 12712673028.627703
Generating label segmentation...
5570 tubulin found in focal plane.
Calculating fluorophore density over focal plane...
40809 fluorophores found in the focal plane.
Calculating fluorophore photon emission rate...
Fluorophore photon emission per second = 9470381.451524047
Applying point spread function to light intensity array...
Simulating shot noise...
Quantizing intensities...

Saved data to /Users/karan/microsegmentation/SyntheticData_TRIVIAL_DENSE/Images/image-313.png and /Users/karan/microsegmentation/SyntheticData_TRIVIAL_DENSE/Labels/label-313.png.

Took 1023.21 seconds.

Loading MT points from /Users/karan/tubulaton/tubulaton-run/tubulaton-314.vtk to numpy array...
Simulating positions of fluorophores...
Number of FPs: 12875685817.058846
Generating label segmentation...
4892 tubulin found in focal plane.
Calculating fluorophore density over focal plane...
36288 fluorophores found in the focal plane.
Calculating fluorophore photon emission rate...
Fluorophore photon emission per second = 9470381.451524047
Applying point spread function to light intensity array...
Simulating shot noise...
Quantizing intensities...

Saved data to /Users/karan/microsegmentation/SyntheticData_TRIVIAL_DENSE/Images/image-314.png and /Users/karan/microsegmentation/SyntheticData_TRIVIAL_DENSE/Labels/label-314.png.

Took 22.18 seconds.

Loading MT points from /Users/karan/tubulaton/tubulaton-run/tubulaton-315.vtk to numpy array...
Simulating positions of fluorophores...
Number of FPs: 12773058889.003998
Generating label segmentation...
5123 tubulin found in focal plane.
Calculating fluorophore density over focal plane...
46838 fluorophores found in the focal plane.
Calculating fluorophore photon emission rate...
Fluorophore photon emission per second = 9470381.451524047
Applying point spread function to light intensity array...
Simulating shot noise...
Quantizing intensities...

Saved data to /Users/karan/microsegmentation/SyntheticData_TRIVIAL_DENSE/Images/image-315.png and /Users/karan/microsegmentation/SyntheticData_TRIVIAL_DENSE/Labels/label-315.png.

Took 22.94 seconds.

Loading MT points from /Users/karan/tubulaton/tubulaton-run/tubulaton-316.vtk to numpy array...
Simulating positions of fluorophores...
Number of FPs: 13198973974.401026
Generating label segmentation...
2666 tubulin found in focal plane.
Calculating fluorophore density over focal plane...
33707 fluorophores found in the focal plane.
Calculating fluorophore photon emission rate...
Fluorophore photon emission per second = 9470381.451524047
Applying point spread function to light intensity array...
Simulating shot noise...
Quantizing intensities...

Saved data to /Users/karan/microsegmentation/SyntheticData_TRIVIAL_DENSE/Images/image-316.png and /Users/karan/microsegmentation/SyntheticData_TRIVIAL_DENSE/Labels/label-316.png.

Took 946.27 seconds.

Loading MT points from /Users/karan/tubulaton/tubulaton-run/tubulaton-317.vtk to numpy array...
Simulating positions of fluorophores...
Number of FPs: 12819632778.142275
Generating label segmentation...
3771 tubulin found in focal plane.
Calculating fluorophore density over focal plane...
38193 fluorophores found in the focal plane.
Calculating fluorophore photon emission rate...
Fluorophore photon emission per second = 9470381.451524047
Applying point spread function to light intensity array...
Simulating shot noise...
Quantizing intensities...

Saved data to /Users/karan/microsegmentation/SyntheticData_TRIVIAL_DENSE/Images/image-317.png and /Users/karan/microsegmentation/SyntheticData_TRIVIAL_DENSE/Labels/label-317.png.

Took 22.71 seconds.

Loading MT points from /Users/karan/tubulaton/tubulaton-run/tubulaton-318.vtk to numpy array...
Simulating positions of fluorophores...
Number of FPs: 12707475377.248325
Generating label segmentation...
1919 tubulin found in focal plane.
Calculating fluorophore density over focal plane...
42562 fluorophores found in the focal plane.
Calculating fluorophore photon emission rate...
Fluorophore photon emission per second = 9470381.451524047
Applying point spread function to light intensity array...
Simulating shot noise...
Quantizing intensities...

Saved data to /Users/karan/microsegmentation/SyntheticData_TRIVIAL_DENSE/Images/image-318.png and /Users/karan/microsegmentation/SyntheticData_TRIVIAL_DENSE/Labels/label-318.png.

Took 22.29 seconds.

Loading MT points from /Users/karan/tubulaton/tubulaton-run/tubulaton-319.vtk to numpy array...
Simulating positions of fluorophores...
Number of FPs: 12127776829.951876
Generating label segmentation...
3057 tubulin found in focal plane.
Calculating fluorophore density over focal plane...
33419 fluorophores found in the focal plane.
Calculating fluorophore photon emission rate...
Fluorophore photon emission per second = 9470381.451524047
Applying point spread function to light intensity array...
Simulating shot noise...
Quantizing intensities...

Saved data to /Users/karan/microsegmentation/SyntheticData_TRIVIAL_DENSE/Images/image-319.png and /Users/karan/microsegmentation/SyntheticData_TRIVIAL_DENSE/Labels/label-319.png.

Took 21.96 seconds.

Loading MT points from /Users/karan/tubulaton/tubulaton-run/tubulaton-320.vtk to numpy array...
Simulating positions of fluorophores...
Number of FPs: 12141663081.299877
Generating label segmentation...
4403 tubulin found in focal plane.
Calculating fluorophore density over focal plane...
45964 fluorophores found in the focal plane.
Calculating fluorophore photon emission rate...
Fluorophore photon emission per second = 9470381.451524047
Applying point spread function to light intensity array...
Simulating shot noise...
Quantizing intensities...

Saved data to /Users/karan/microsegmentation/SyntheticData_TRIVIAL_DENSE/Images/image-320.png and /Users/karan/microsegmentation/SyntheticData_TRIVIAL_DENSE/Labels/label-320.png.

Took 26.93 seconds.

Loading MT points from /Users/karan/tubulaton/tubulaton-run/tubulaton-321.vtk to numpy array...
Simulating positions of fluorophores...
Number of FPs: 12984487479.266401
Generating label segmentation...
2215 tubulin found in focal plane.
Calculating fluorophore density over focal plane...
41727 fluorophores found in the focal plane.
Calculating fluorophore photon emission rate...
Fluorophore photon emission per second = 9470381.451524047
Applying point spread function to light intensity array...
Simulating shot noise...
Quantizing intensities...

Saved data to /Users/karan/microsegmentation/SyntheticData_TRIVIAL_DENSE/Images/image-321.png and /Users/karan/microsegmentation/SyntheticData_TRIVIAL_DENSE/Labels/label-321.png.

Took 24.38 seconds.

Loading MT points from /Users/karan/tubulaton/tubulaton-run/tubulaton-322.vtk to numpy array...
Simulating positions of fluorophores...
Number of FPs: 13501836440.521801
Generating label segmentation...
4248 tubulin found in focal plane.
Calculating fluorophore density over focal plane...
40964 fluorophores found in the focal plane.
Calculating fluorophore photon emission rate...
Fluorophore photon emission per second = 9470381.451524047
Applying point spread function to light intensity array...
Simulating shot noise...
Quantizing intensities...

Saved data to /Users/karan/microsegmentation/SyntheticData_TRIVIAL_DENSE/Images/image-322.png and /Users/karan/microsegmentation/SyntheticData_TRIVIAL_DENSE/Labels/label-322.png.

Took 952.52 seconds.

Loading MT points from /Users/karan/tubulaton/tubulaton-run/tubulaton-323.vtk to numpy array...
Simulating positions of fluorophores...
Number of FPs: 12316451506.357935
Generating label segmentation...
5004 tubulin found in focal plane.
Calculating fluorophore density over focal plane...
40786 fluorophores found in the focal plane.
Calculating fluorophore photon emission rate...
Fluorophore photon emission per second = 9470381.451524047
Applying point spread function to light intensity array...
Simulating shot noise...
Quantizing intensities...

Saved data to /Users/karan/microsegmentation/SyntheticData_TRIVIAL_DENSE/Images/image-323.png and /Users/karan/microsegmentation/SyntheticData_TRIVIAL_DENSE/Labels/label-323.png.

Took 22.05 seconds.

Loading MT points from /Users/karan/tubulaton/tubulaton-run/tubulaton-324.vtk to numpy array...
Simulating positions of fluorophores...
Number of FPs: 12411763758.851593
Generating label segmentation...
4879 tubulin found in focal plane.
Calculating fluorophore density over focal plane...
46308 fluorophores found in the focal plane.
Calculating fluorophore photon emission rate...
Fluorophore photon emission per second = 9470381.451524047
Applying point spread function to light intensity array...
Simulating shot noise...
Quantizing intensities...

Saved data to /Users/karan/microsegmentation/SyntheticData_TRIVIAL_DENSE/Images/image-324.png and /Users/karan/microsegmentation/SyntheticData_TRIVIAL_DENSE/Labels/label-324.png.

Took 22.27 seconds.

Loading MT points from /Users/karan/tubulaton/tubulaton-run/tubulaton-325.vtk to numpy array...
Simulating positions of fluorophores...
Number of FPs: 12284797131.44352
Generating label segmentation...
1411 tubulin found in focal plane.
Calculating fluorophore density over focal plane...
38438 fluorophores found in the focal plane.
Calculating fluorophore photon emission rate...
Fluorophore photon emission per second = 9470381.451524047
Applying point spread function to light intensity array...
Simulating shot noise...
Quantizing intensities...

Saved data to /Users/karan/microsegmentation/SyntheticData_TRIVIAL_DENSE/Images/image-325.png and /Users/karan/microsegmentation/SyntheticData_TRIVIAL_DENSE/Labels/label-325.png.

Took 24.46 seconds.

Loading MT points from /Users/karan/tubulaton/tubulaton-run/tubulaton-326.vtk to numpy array...
Simulating positions of fluorophores...
Number of FPs: 12318736414.849838
Generating label segmentation...
1100 tubulin found in focal plane.
Calculating fluorophore density over focal plane...
31796 fluorophores found in the focal plane.
Calculating fluorophore photon emission rate...
Fluorophore photon emission per second = 9470381.451524047
Applying point spread function to light intensity array...
Simulating shot noise...
Quantizing intensities...

Saved data to /Users/karan/microsegmentation/SyntheticData_TRIVIAL_DENSE/Images/image-326.png and /Users/karan/microsegmentation/SyntheticData_TRIVIAL_DENSE/Labels/label-326.png.

Took 23.51 seconds.

Loading MT points from /Users/karan/tubulaton/tubulaton-run/tubulaton-327.vtk to numpy array...
Simulating positions of fluorophores...
Number of FPs: 12790624993.485363
Generating label segmentation...
3206 tubulin found in focal plane.
Calculating fluorophore density over focal plane...
30751 fluorophores found in the focal plane.
Calculating fluorophore photon emission rate...
Fluorophore photon emission per second = 9470381.451524047
Applying point spread function to light intensity array...
Simulating shot noise...
Quantizing intensities...

Saved data to /Users/karan/microsegmentation/SyntheticData_TRIVIAL_DENSE/Images/image-327.png and /Users/karan/microsegmentation/SyntheticData_TRIVIAL_DENSE/Labels/label-327.png.

Took 23.70 seconds.

Loading MT points from /Users/karan/tubulaton/tubulaton-run/tubulaton-328.vtk to numpy array...
Simulating positions of fluorophores...
Number of FPs: 12734404044.397594
Generating label segmentation...
3993 tubulin found in focal plane.
Calculating fluorophore density over focal plane...
46249 fluorophores found in the focal plane.
Calculating fluorophore photon emission rate...
Fluorophore photon emission per second = 9470381.451524047
Applying point spread function to light intensity array...
Simulating shot noise...
Quantizing intensities...

Saved data to /Users/karan/microsegmentation/SyntheticData_TRIVIAL_DENSE/Images/image-328.png and /Users/karan/microsegmentation/SyntheticData_TRIVIAL_DENSE/Labels/label-328.png.

Took 1069.39 seconds.

Loading MT points from /Users/karan/tubulaton/tubulaton-run/tubulaton-329.vtk to numpy array...
Simulating positions of fluorophores...
Number of FPs: 12688147999.147726
Generating label segmentation...
5277 tubulin found in focal plane.
Calculating fluorophore density over focal plane...
49643 fluorophores found in the focal plane.
Calculating fluorophore photon emission rate...
Fluorophore photon emission per second = 9470381.451524047
Applying point spread function to light intensity array...
Simulating shot noise...
Quantizing intensities...

Saved data to /Users/karan/microsegmentation/SyntheticData_TRIVIAL_DENSE/Images/image-329.png and /Users/karan/microsegmentation/SyntheticData_TRIVIAL_DENSE/Labels/label-329.png.

Took 22.70 seconds.

Loading MT points from /Users/karan/tubulaton/tubulaton-run/tubulaton-330.vtk to numpy array...
Simulating positions of fluorophores...
Number of FPs: 12665328888.814766
Generating label segmentation...
4087 tubulin found in focal plane.
Calculating fluorophore density over focal plane...
45259 fluorophores found in the focal plane.
Calculating fluorophore photon emission rate...
Fluorophore photon emission per second = 9470381.451524047
Applying point spread function to light intensity array...
Simulating shot noise...
Quantizing intensities...

Saved data to /Users/karan/microsegmentation/SyntheticData_TRIVIAL_DENSE/Images/image-330.png and /Users/karan/microsegmentation/SyntheticData_TRIVIAL_DENSE/Labels/label-330.png.

Took 22.18 seconds.

Loading MT points from /Users/karan/tubulaton/tubulaton-run/tubulaton-331.vtk to numpy array...
Simulating positions of fluorophores...
Number of FPs: 13118064830.767048
Generating label segmentation...
2102 tubulin found in focal plane.
Calculating fluorophore density over focal plane...
41230 fluorophores found in the focal plane.
Calculating fluorophore photon emission rate...
Fluorophore photon emission per second = 9470381.451524047
Applying point spread function to light intensity array...
Simulating shot noise...
Quantizing intensities...

Saved data to /Users/karan/microsegmentation/SyntheticData_TRIVIAL_DENSE/Images/image-331.png and /Users/karan/microsegmentation/SyntheticData_TRIVIAL_DENSE/Labels/label-331.png.

Took 22.81 seconds.

Loading MT points from /Users/karan/tubulaton/tubulaton-run/tubulaton-332.vtk to numpy array...
Simulating positions of fluorophores...
Number of FPs: 12411331884.761337
Generating label segmentation...
5999 tubulin found in focal plane.
Calculating fluorophore density over focal plane...
43536 fluorophores found in the focal plane.
Calculating fluorophore photon emission rate...
Fluorophore photon emission per second = 9470381.451524047
Applying point spread function to light intensity array...
Simulating shot noise...
Quantizing intensities...

Saved data to /Users/karan/microsegmentation/SyntheticData_TRIVIAL_DENSE/Images/image-332.png and /Users/karan/microsegmentation/SyntheticData_TRIVIAL_DENSE/Labels/label-332.png.

Took 1025.64 seconds.

Loading MT points from /Users/karan/tubulaton/tubulaton-run/tubulaton-333.vtk to numpy array...
Simulating positions of fluorophores...
Number of FPs: 12855771389.161953
Generating label segmentation...
3513 tubulin found in focal plane.
Calculating fluorophore density over focal plane...
52946 fluorophores found in the focal plane.
Calculating fluorophore photon emission rate...
Fluorophore photon emission per second = 9470381.451524047
Applying point spread function to light intensity array...
Simulating shot noise...
Quantizing intensities...

Saved data to /Users/karan/microsegmentation/SyntheticData_TRIVIAL_DENSE/Images/image-333.png and /Users/karan/microsegmentation/SyntheticData_TRIVIAL_DENSE/Labels/label-333.png.

Took 22.89 seconds.

Loading MT points from /Users/karan/tubulaton/tubulaton-run/tubulaton-334.vtk to numpy array...
Simulating positions of fluorophores...
Number of FPs: 12626070452.430964
Generating label segmentation...
1788 tubulin found in focal plane.
Calculating fluorophore density over focal plane...
30481 fluorophores found in the focal plane.
Calculating fluorophore photon emission rate...
Fluorophore photon emission per second = 9470381.451524047
Applying point spread function to light intensity array...
Simulating shot noise...
Quantizing intensities...

Saved data to /Users/karan/microsegmentation/SyntheticData_TRIVIAL_DENSE/Images/image-334.png and /Users/karan/microsegmentation/SyntheticData_TRIVIAL_DENSE/Labels/label-334.png.

Took 1001.38 seconds.

Loading MT points from /Users/karan/tubulaton/tubulaton-run/tubulaton-335.vtk to numpy array...
Simulating positions of fluorophores...
Number of FPs: 12599785625.082361
Generating label segmentation...
3916 tubulin found in focal plane.
Calculating fluorophore density over focal plane...
35923 fluorophores found in the focal plane.
Calculating fluorophore photon emission rate...
Fluorophore photon emission per second = 9470381.451524047
Applying point spread function to light intensity array...
Simulating shot noise...
Quantizing intensities...

Saved data to /Users/karan/microsegmentation/SyntheticData_TRIVIAL_DENSE/Images/image-335.png and /Users/karan/microsegmentation/SyntheticData_TRIVIAL_DENSE/Labels/label-335.png.

Took 21.69 seconds.

Loading MT points from /Users/karan/tubulaton/tubulaton-run/tubulaton-336.vtk to numpy array...
Simulating positions of fluorophores...
Number of FPs: 12379349494.86157
Generating label segmentation...
7130 tubulin found in focal plane.
Calculating fluorophore density over focal plane...
46432 fluorophores found in the focal plane.
Calculating fluorophore photon emission rate...
Fluorophore photon emission per second = 9470381.451524047
Applying point spread function to light intensity array...
Simulating shot noise...
Quantizing intensities...

Saved data to /Users/karan/microsegmentation/SyntheticData_TRIVIAL_DENSE/Images/image-336.png and /Users/karan/microsegmentation/SyntheticData_TRIVIAL_DENSE/Labels/label-336.png.

Took 22.37 seconds.

Loading MT points from /Users/karan/tubulaton/tubulaton-run/tubulaton-337.vtk to numpy array...
Simulating positions of fluorophores...
Number of FPs: 12641286451.460333
Generating label segmentation...
3667 tubulin found in focal plane.
Calculating fluorophore density over focal plane...
35488 fluorophores found in the focal plane.
Calculating fluorophore photon emission rate...
Fluorophore photon emission per second = 9470381.451524047
Applying point spread function to light intensity array...
Simulating shot noise...
Quantizing intensities...

Saved data to /Users/karan/microsegmentation/SyntheticData_TRIVIAL_DENSE/Images/image-337.png and /Users/karan/microsegmentation/SyntheticData_TRIVIAL_DENSE/Labels/label-337.png.

Took 21.92 seconds.

Loading MT points from /Users/karan/tubulaton/tubulaton-run/tubulaton-338.vtk to numpy array...
Simulating positions of fluorophores...
Number of FPs: 12446866954.68831
Generating label segmentation...
4730 tubulin found in focal plane.
Calculating fluorophore density over focal plane...
32432 fluorophores found in the focal plane.
Calculating fluorophore photon emission rate...
Fluorophore photon emission per second = 9470381.451524047
Applying point spread function to light intensity array...
Simulating shot noise...
Quantizing intensities...

Saved data to /Users/karan/microsegmentation/SyntheticData_TRIVIAL_DENSE/Images/image-338.png and /Users/karan/microsegmentation/SyntheticData_TRIVIAL_DENSE/Labels/label-338.png.

Took 24.11 seconds.

Loading MT points from /Users/karan/tubulaton/tubulaton-run/tubulaton-339.vtk to numpy array...
Simulating positions of fluorophores...
Number of FPs: 12806322140.709766
Generating label segmentation...
1497 tubulin found in focal plane.
Calculating fluorophore density over focal plane...
35656 fluorophores found in the focal plane.
Calculating fluorophore photon emission rate...
Fluorophore photon emission per second = 9470381.451524047
Applying point spread function to light intensity array...
Simulating shot noise...
Quantizing intensities...

Saved data to /Users/karan/microsegmentation/SyntheticData_TRIVIAL_DENSE/Images/image-339.png and /Users/karan/microsegmentation/SyntheticData_TRIVIAL_DENSE/Labels/label-339.png.

Took 25.27 seconds.

Loading MT points from /Users/karan/tubulaton/tubulaton-run/tubulaton-340.vtk to numpy array...
Simulating positions of fluorophores...
Number of FPs: 12740503708.778067
Generating label segmentation...
6022 tubulin found in focal plane.
Calculating fluorophore density over focal plane...
37049 fluorophores found in the focal plane.
Calculating fluorophore photon emission rate...
Fluorophore photon emission per second = 9470381.451524047
Applying point spread function to light intensity array...
Simulating shot noise...
Quantizing intensities...

Saved data to /Users/karan/microsegmentation/SyntheticData_TRIVIAL_DENSE/Images/image-340.png and /Users/karan/microsegmentation/SyntheticData_TRIVIAL_DENSE/Labels/label-340.png.

Took 25.88 seconds.

Loading MT points from /Users/karan/tubulaton/tubulaton-run/tubulaton-341.vtk to numpy array...
Simulating positions of fluorophores...
Number of FPs: 12042057723.128962
Generating label segmentation...
4968 tubulin found in focal plane.
Calculating fluorophore density over focal plane...
51629 fluorophores found in the focal plane.
Calculating fluorophore photon emission rate...
Fluorophore photon emission per second = 9470381.451524047
Applying point spread function to light intensity array...
Simulating shot noise...
Quantizing intensities...

Saved data to /Users/karan/microsegmentation/SyntheticData_TRIVIAL_DENSE/Images/image-341.png and /Users/karan/microsegmentation/SyntheticData_TRIVIAL_DENSE/Labels/label-341.png.

Took 969.37 seconds.

Loading MT points from /Users/karan/tubulaton/tubulaton-run/tubulaton-342.vtk to numpy array...
Simulating positions of fluorophores...
Number of FPs: 12584524013.384531
Generating label segmentation...
6516 tubulin found in focal plane.
Calculating fluorophore density over focal plane...
37520 fluorophores found in the focal plane.
Calculating fluorophore photon emission rate...
Fluorophore photon emission per second = 9470381.451524047
Applying point spread function to light intensity array...
Simulating shot noise...
Quantizing intensities...

Saved data to /Users/karan/microsegmentation/SyntheticData_TRIVIAL_DENSE/Images/image-342.png and /Users/karan/microsegmentation/SyntheticData_TRIVIAL_DENSE/Labels/label-342.png.

Took 22.50 seconds.

Loading MT points from /Users/karan/tubulaton/tubulaton-run/tubulaton-343.vtk to numpy array...
Simulating positions of fluorophores...
Number of FPs: 12736004870.894234
Generating label segmentation...
1458 tubulin found in focal plane.
Calculating fluorophore density over focal plane...
46387 fluorophores found in the focal plane.
Calculating fluorophore photon emission rate...
Fluorophore photon emission per second = 9470381.451524047
Applying point spread function to light intensity array...
Simulating shot noise...
Quantizing intensities...

Saved data to /Users/karan/microsegmentation/SyntheticData_TRIVIAL_DENSE/Images/image-343.png and /Users/karan/microsegmentation/SyntheticData_TRIVIAL_DENSE/Labels/label-343.png.

Took 22.72 seconds.

Loading MT points from /Users/karan/tubulaton/tubulaton-run/tubulaton-344.vtk to numpy array...
Simulating positions of fluorophores...
Number of FPs: 12239381616.277834
Generating label segmentation...
5130 tubulin found in focal plane.
Calculating fluorophore density over focal plane...
39608 fluorophores found in the focal plane.
Calculating fluorophore photon emission rate...
Fluorophore photon emission per second = 9470381.451524047
Applying point spread function to light intensity array...
Simulating shot noise...
Quantizing intensities...

Saved data to /Users/karan/microsegmentation/SyntheticData_TRIVIAL_DENSE/Images/image-344.png and /Users/karan/microsegmentation/SyntheticData_TRIVIAL_DENSE/Labels/label-344.png.

Took 21.70 seconds.

Loading MT points from /Users/karan/tubulaton/tubulaton-run/tubulaton-345.vtk to numpy array...
Simulating positions of fluorophores...
Number of FPs: 12938281466.701185
Generating label segmentation...
2149 tubulin found in focal plane.
Calculating fluorophore density over focal plane...
35921 fluorophores found in the focal plane.
Calculating fluorophore photon emission rate...
Fluorophore photon emission per second = 9470381.451524047
Applying point spread function to light intensity array...
Simulating shot noise...
Quantizing intensities...

Saved data to /Users/karan/microsegmentation/SyntheticData_TRIVIAL_DENSE/Images/image-345.png and /Users/karan/microsegmentation/SyntheticData_TRIVIAL_DENSE/Labels/label-345.png.

Took 27.41 seconds.

Loading MT points from /Users/karan/tubulaton/tubulaton-run/tubulaton-346.vtk to numpy array...
Simulating positions of fluorophores...
Number of FPs: 12246155587.334158
Generating label segmentation...
4367 tubulin found in focal plane.
Calculating fluorophore density over focal plane...
32404 fluorophores found in the focal plane.
Calculating fluorophore photon emission rate...
Fluorophore photon emission per second = 9470381.451524047
Applying point spread function to light intensity array...
Simulating shot noise...
Quantizing intensities...

Saved data to /Users/karan/microsegmentation/SyntheticData_TRIVIAL_DENSE/Images/image-346.png and /Users/karan/microsegmentation/SyntheticData_TRIVIAL_DENSE/Labels/label-346.png.

Took 23.13 seconds.

Loading MT points from /Users/karan/tubulaton/tubulaton-run/tubulaton-347.vtk to numpy array...
Simulating positions of fluorophores...
Number of FPs: 12635348707.844282
Generating label segmentation...
1715 tubulin found in focal plane.
Calculating fluorophore density over focal plane...
30270 fluorophores found in the focal plane.
Calculating fluorophore photon emission rate...
Fluorophore photon emission per second = 9470381.451524047
Applying point spread function to light intensity array...
Simulating shot noise...
Quantizing intensities...

Saved data to /Users/karan/microsegmentation/SyntheticData_TRIVIAL_DENSE/Images/image-347.png and /Users/karan/microsegmentation/SyntheticData_TRIVIAL_DENSE/Labels/label-347.png.

Took 986.18 seconds.

Loading MT points from /Users/karan/tubulaton/tubulaton-run/tubulaton-348.vtk to numpy array...
Simulating positions of fluorophores...
Number of FPs: 12240001222.214548
Generating label segmentation...
4280 tubulin found in focal plane.
Calculating fluorophore density over focal plane...
38721 fluorophores found in the focal plane.
Calculating fluorophore photon emission rate...
Fluorophore photon emission per second = 9470381.451524047
Applying point spread function to light intensity array...
Simulating shot noise...
Quantizing intensities...

Saved data to /Users/karan/microsegmentation/SyntheticData_TRIVIAL_DENSE/Images/image-348.png and /Users/karan/microsegmentation/SyntheticData_TRIVIAL_DENSE/Labels/label-348.png.

Took 21.83 seconds.

Loading MT points from /Users/karan/tubulaton/tubulaton-run/tubulaton-349.vtk to numpy array...
Simulating positions of fluorophores...
Number of FPs: 13181281075.05821
Generating label segmentation...
2032 tubulin found in focal plane.
Calculating fluorophore density over focal plane...
34010 fluorophores found in the focal plane.
Calculating fluorophore photon emission rate...
Fluorophore photon emission per second = 9470381.451524047
Applying point spread function to light intensity array...
Simulating shot noise...
Quantizing intensities...

Saved data to /Users/karan/microsegmentation/SyntheticData_TRIVIAL_DENSE/Images/image-349.png and /Users/karan/microsegmentation/SyntheticData_TRIVIAL_DENSE/Labels/label-349.png.

Took 935.22 seconds.

Loading MT points from /Users/karan/tubulaton/tubulaton-run/tubulaton-350.vtk to numpy array...
Simulating positions of fluorophores...
Number of FPs: 13021590810.001444
Generating label segmentation...
3139 tubulin found in focal plane.
Calculating fluorophore density over focal plane...
40024 fluorophores found in the focal plane.
Calculating fluorophore photon emission rate...
Fluorophore photon emission per second = 9470381.451524047
Applying point spread function to light intensity array...
Simulating shot noise...
Quantizing intensities...

Saved data to /Users/karan/microsegmentation/SyntheticData_TRIVIAL_DENSE/Images/image-350.png and /Users/karan/microsegmentation/SyntheticData_TRIVIAL_DENSE/Labels/label-350.png.

Took 22.70 seconds.

Loading MT points from /Users/karan/tubulaton/tubulaton-run/tubulaton-351.vtk to numpy array...
Simulating positions of fluorophores...
Number of FPs: 12488523658.910635
Generating label segmentation...
2286 tubulin found in focal plane.
Calculating fluorophore density over focal plane...
38790 fluorophores found in the focal plane.
Calculating fluorophore photon emission rate...
Fluorophore photon emission per second = 9470381.451524047
Applying point spread function to light intensity array...
Simulating shot noise...
Quantizing intensities...

Saved data to /Users/karan/microsegmentation/SyntheticData_TRIVIAL_DENSE/Images/image-351.png and /Users/karan/microsegmentation/SyntheticData_TRIVIAL_DENSE/Labels/label-351.png.

Took 21.87 seconds.

Loading MT points from /Users/karan/tubulaton/tubulaton-run/tubulaton-352.vtk to numpy array...
Simulating positions of fluorophores...
Number of FPs: 12471844763.433903
Generating label segmentation...
4413 tubulin found in focal plane.
Calculating fluorophore density over focal plane...
40662 fluorophores found in the focal plane.
Calculating fluorophore photon emission rate...
Fluorophore photon emission per second = 9470381.451524047
Applying point spread function to light intensity array...
Simulating shot noise...
Quantizing intensities...

Saved data to /Users/karan/microsegmentation/SyntheticData_TRIVIAL_DENSE/Images/image-352.png and /Users/karan/microsegmentation/SyntheticData_TRIVIAL_DENSE/Labels/label-352.png.

Took 21.99 seconds.

Loading MT points from /Users/karan/tubulaton/tubulaton-run/tubulaton-353.vtk to numpy array...
Simulating positions of fluorophores...
Number of FPs: 12401383905.658228
Generating label segmentation...
2956 tubulin found in focal plane.
Calculating fluorophore density over focal plane...
41632 fluorophores found in the focal plane.
Calculating fluorophore photon emission rate...
Fluorophore photon emission per second = 9470381.451524047
Applying point spread function to light intensity array...
Simulating shot noise...
Quantizing intensities...

Saved data to /Users/karan/microsegmentation/SyntheticData_TRIVIAL_DENSE/Images/image-353.png and /Users/karan/microsegmentation/SyntheticData_TRIVIAL_DENSE/Labels/label-353.png.

Took 1001.53 seconds.

Loading MT points from /Users/karan/tubulaton/tubulaton-run/tubulaton-354.vtk to numpy array...
Simulating positions of fluorophores...
Number of FPs: 12901213786.80187
Generating label segmentation...
3741 tubulin found in focal plane.
Calculating fluorophore density over focal plane...
27551 fluorophores found in the focal plane.
Calculating fluorophore photon emission rate...
Fluorophore photon emission per second = 9470381.451524047
Applying point spread function to light intensity array...
Simulating shot noise...
Quantizing intensities...

Saved data to /Users/karan/microsegmentation/SyntheticData_TRIVIAL_DENSE/Images/image-354.png and /Users/karan/microsegmentation/SyntheticData_TRIVIAL_DENSE/Labels/label-354.png.

Took 21.74 seconds.

Loading MT points from /Users/karan/tubulaton/tubulaton-run/tubulaton-355.vtk to numpy array...
Simulating positions of fluorophores...
Number of FPs: 12968739426.921318
Generating label segmentation...
2976 tubulin found in focal plane.
Calculating fluorophore density over focal plane...
44297 fluorophores found in the focal plane.
Calculating fluorophore photon emission rate...
Fluorophore photon emission per second = 9470381.451524047
Applying point spread function to light intensity array...
Simulating shot noise...
Quantizing intensities...

Saved data to /Users/karan/microsegmentation/SyntheticData_TRIVIAL_DENSE/Images/image-355.png and /Users/karan/microsegmentation/SyntheticData_TRIVIAL_DENSE/Labels/label-355.png.

Took 22.74 seconds.

Loading MT points from /Users/karan/tubulaton/tubulaton-run/tubulaton-356.vtk to numpy array...
Simulating positions of fluorophores...
Number of FPs: 12380078700.8464
Generating label segmentation...
3543 tubulin found in focal plane.
Calculating fluorophore density over focal plane...
38674 fluorophores found in the focal plane.
Calculating fluorophore photon emission rate...
Fluorophore photon emission per second = 9470381.451524047
Applying point spread function to light intensity array...
Simulating shot noise...
Quantizing intensities...

Saved data to /Users/karan/microsegmentation/SyntheticData_TRIVIAL_DENSE/Images/image-356.png and /Users/karan/microsegmentation/SyntheticData_TRIVIAL_DENSE/Labels/label-356.png.

Took 23.00 seconds.

Loading MT points from /Users/karan/tubulaton/tubulaton-run/tubulaton-357.vtk to numpy array...
Simulating positions of fluorophores...
Number of FPs: 12338813702.395279
Generating label segmentation...
3578 tubulin found in focal plane.
Calculating fluorophore density over focal plane...
46390 fluorophores found in the focal plane.
Calculating fluorophore photon emission rate...
Fluorophore photon emission per second = 9470381.451524047
Applying point spread function to light intensity array...
Simulating shot noise...
Quantizing intensities...

Saved data to /Users/karan/microsegmentation/SyntheticData_TRIVIAL_DENSE/Images/image-357.png and /Users/karan/microsegmentation/SyntheticData_TRIVIAL_DENSE/Labels/label-357.png.

Took 26.63 seconds.

Loading MT points from /Users/karan/tubulaton/tubulaton-run/tubulaton-358.vtk to numpy array...
Simulating positions of fluorophores...
Number of FPs: 12572938526.483826
Generating label segmentation...
2605 tubulin found in focal plane.
Calculating fluorophore density over focal plane...
37606 fluorophores found in the focal plane.
Calculating fluorophore photon emission rate...
Fluorophore photon emission per second = 9470381.451524047
Applying point spread function to light intensity array...
Simulating shot noise...
Quantizing intensities...

Saved data to /Users/karan/microsegmentation/SyntheticData_TRIVIAL_DENSE/Images/image-358.png and /Users/karan/microsegmentation/SyntheticData_TRIVIAL_DENSE/Labels/label-358.png.

Took 25.88 seconds.

Loading MT points from /Users/karan/tubulaton/tubulaton-run/tubulaton-359.vtk to numpy array...
Simulating positions of fluorophores...
Number of FPs: 13069244600.727867
Generating label segmentation...
3556 tubulin found in focal plane.
Calculating fluorophore density over focal plane...
46122 fluorophores found in the focal plane.
Calculating fluorophore photon emission rate...
Fluorophore photon emission per second = 9470381.451524047
Applying point spread function to light intensity array...
Simulating shot noise...
Quantizing intensities...

Saved data to /Users/karan/microsegmentation/SyntheticData_TRIVIAL_DENSE/Images/image-359.png and /Users/karan/microsegmentation/SyntheticData_TRIVIAL_DENSE/Labels/label-359.png.

Took 970.22 seconds.

Loading MT points from /Users/karan/tubulaton/tubulaton-run/tubulaton-360.vtk to numpy array...
Simulating positions of fluorophores...
Number of FPs: 12586925620.43454
Generating label segmentation...
4800 tubulin found in focal plane.
Calculating fluorophore density over focal plane...
36541 fluorophores found in the focal plane.
Calculating fluorophore photon emission rate...
Fluorophore photon emission per second = 9470381.451524047
Applying point spread function to light intensity array...
Simulating shot noise...
Quantizing intensities...

Saved data to /Users/karan/microsegmentation/SyntheticData_TRIVIAL_DENSE/Images/image-360.png and /Users/karan/microsegmentation/SyntheticData_TRIVIAL_DENSE/Labels/label-360.png.

Took 22.55 seconds.

Loading MT points from /Users/karan/tubulaton/tubulaton-run/tubulaton-361.vtk to numpy array...
Simulating positions of fluorophores...
Number of FPs: 12728832860.483875
Generating label segmentation...
4930 tubulin found in focal plane.
Calculating fluorophore density over focal plane...
40620 fluorophores found in the focal plane.
Calculating fluorophore photon emission rate...
Fluorophore photon emission per second = 9470381.451524047
Applying point spread function to light intensity array...
Simulating shot noise...
Quantizing intensities...

Saved data to /Users/karan/microsegmentation/SyntheticData_TRIVIAL_DENSE/Images/image-361.png and /Users/karan/microsegmentation/SyntheticData_TRIVIAL_DENSE/Labels/label-361.png.

Took 22.25 seconds.

Loading MT points from /Users/karan/tubulaton/tubulaton-run/tubulaton-362.vtk to numpy array...
Simulating positions of fluorophores...
Number of FPs: 12799541193.868444
Generating label segmentation...
1599 tubulin found in focal plane.
Calculating fluorophore density over focal plane...
36429 fluorophores found in the focal plane.
Calculating fluorophore photon emission rate...
Fluorophore photon emission per second = 9470381.451524047
Applying point spread function to light intensity array...
Simulating shot noise...
Quantizing intensities...

Saved data to /Users/karan/microsegmentation/SyntheticData_TRIVIAL_DENSE/Images/image-362.png and /Users/karan/microsegmentation/SyntheticData_TRIVIAL_DENSE/Labels/label-362.png.

Took 22.50 seconds.

Loading MT points from /Users/karan/tubulaton/tubulaton-run/tubulaton-363.vtk to numpy array...
Simulating positions of fluorophores...
Number of FPs: 12391668912.263014
Generating label segmentation...
3615 tubulin found in focal plane.
Calculating fluorophore density over focal plane...
38761 fluorophores found in the focal plane.
Calculating fluorophore photon emission rate...
Fluorophore photon emission per second = 9470381.451524047
Applying point spread function to light intensity array...
Simulating shot noise...
Quantizing intensities...

Saved data to /Users/karan/microsegmentation/SyntheticData_TRIVIAL_DENSE/Images/image-363.png and /Users/karan/microsegmentation/SyntheticData_TRIVIAL_DENSE/Labels/label-363.png.

Took 24.72 seconds.

Loading MT points from /Users/karan/tubulaton/tubulaton-run/tubulaton-364.vtk to numpy array...
Simulating positions of fluorophores...
Number of FPs: 12957310926.579273
Generating label segmentation...
1872 tubulin found in focal plane.
Calculating fluorophore density over focal plane...
22990 fluorophores found in the focal plane.
Calculating fluorophore photon emission rate...
Fluorophore photon emission per second = 9470381.451524047
Applying point spread function to light intensity array...
Simulating shot noise...
Quantizing intensities...

Saved data to /Users/karan/microsegmentation/SyntheticData_TRIVIAL_DENSE/Images/image-364.png and /Users/karan/microsegmentation/SyntheticData_TRIVIAL_DENSE/Labels/label-364.png.

Took 27.01 seconds.

Loading MT points from /Users/karan/tubulaton/tubulaton-run/tubulaton-365.vtk to numpy array...
Simulating positions of fluorophores...
Number of FPs: 12830058854.478754
Generating label segmentation...
5372 tubulin found in focal plane.
Calculating fluorophore density over focal plane...
46581 fluorophores found in the focal plane.
Calculating fluorophore photon emission rate...
Fluorophore photon emission per second = 9470381.451524047
Applying point spread function to light intensity array...
Simulating shot noise...
Quantizing intensities...

Saved data to /Users/karan/microsegmentation/SyntheticData_TRIVIAL_DENSE/Images/image-365.png and /Users/karan/microsegmentation/SyntheticData_TRIVIAL_DENSE/Labels/label-365.png.

Took 978.25 seconds.

Loading MT points from /Users/karan/tubulaton/tubulaton-run/tubulaton-366.vtk to numpy array...
Simulating positions of fluorophores...
Number of FPs: 11962348652.056017
Generating label segmentation...
3468 tubulin found in focal plane.
Calculating fluorophore density over focal plane...
40553 fluorophores found in the focal plane.
Calculating fluorophore photon emission rate...
Fluorophore photon emission per second = 9470381.451524047
Applying point spread function to light intensity array...
Simulating shot noise...
Quantizing intensities...

Saved data to /Users/karan/microsegmentation/SyntheticData_TRIVIAL_DENSE/Images/image-366.png and /Users/karan/microsegmentation/SyntheticData_TRIVIAL_DENSE/Labels/label-366.png.

Took 21.95 seconds.

Loading MT points from /Users/karan/tubulaton/tubulaton-run/tubulaton-367.vtk to numpy array...
Simulating positions of fluorophores...
Number of FPs: 12373426368.941164
Generating label segmentation...
2285 tubulin found in focal plane.
Calculating fluorophore density over focal plane...
38701 fluorophores found in the focal plane.
Calculating fluorophore photon emission rate...
Fluorophore photon emission per second = 9470381.451524047
Applying point spread function to light intensity array...
Simulating shot noise...
Quantizing intensities...

Saved data to /Users/karan/microsegmentation/SyntheticData_TRIVIAL_DENSE/Images/image-367.png and /Users/karan/microsegmentation/SyntheticData_TRIVIAL_DENSE/Labels/label-367.png.

Took 1010.54 seconds.

Loading MT points from /Users/karan/tubulaton/tubulaton-run/tubulaton-368.vtk to numpy array...
Simulating positions of fluorophores...
Number of FPs: 12357875068.973734
Generating label segmentation...
5332 tubulin found in focal plane.
Calculating fluorophore density over focal plane...
48458 fluorophores found in the focal plane.
Calculating fluorophore photon emission rate...
Fluorophore photon emission per second = 9470381.451524047
Applying point spread function to light intensity array...
Simulating shot noise...
Quantizing intensities...

Saved data to /Users/karan/microsegmentation/SyntheticData_TRIVIAL_DENSE/Images/image-368.png and /Users/karan/microsegmentation/SyntheticData_TRIVIAL_DENSE/Labels/label-368.png.

Took 22.53 seconds.

Loading MT points from /Users/karan/tubulaton/tubulaton-run/tubulaton-369.vtk to numpy array...
Simulating positions of fluorophores...
Number of FPs: 12771940036.483265
Generating label segmentation...
4002 tubulin found in focal plane.
Calculating fluorophore density over focal plane...
35024 fluorophores found in the focal plane.
Calculating fluorophore photon emission rate...
Fluorophore photon emission per second = 9470381.451524047
Applying point spread function to light intensity array...
Simulating shot noise...
Quantizing intensities...

Saved data to /Users/karan/microsegmentation/SyntheticData_TRIVIAL_DENSE/Images/image-369.png and /Users/karan/microsegmentation/SyntheticData_TRIVIAL_DENSE/Labels/label-369.png.

Took 21.81 seconds.

Loading MT points from /Users/karan/tubulaton/tubulaton-run/tubulaton-370.vtk to numpy array...
Simulating positions of fluorophores...
Number of FPs: 12873300343.594961
Generating label segmentation...
5647 tubulin found in focal plane.
Calculating fluorophore density over focal plane...
38717 fluorophores found in the focal plane.
Calculating fluorophore photon emission rate...
Fluorophore photon emission per second = 9470381.451524047
Applying point spread function to light intensity array...
Simulating shot noise...
Quantizing intensities...

Saved data to /Users/karan/microsegmentation/SyntheticData_TRIVIAL_DENSE/Images/image-370.png and /Users/karan/microsegmentation/SyntheticData_TRIVIAL_DENSE/Labels/label-370.png.

Took 22.93 seconds.

Loading MT points from /Users/karan/tubulaton/tubulaton-run/tubulaton-371.vtk to numpy array...
Simulating positions of fluorophores...
Number of FPs: 12443519408.417942
Generating label segmentation...
3079 tubulin found in focal plane.
Calculating fluorophore density over focal plane...
36366 fluorophores found in the focal plane.
Calculating fluorophore photon emission rate...
Fluorophore photon emission per second = 9470381.451524047
Applying point spread function to light intensity array...
Simulating shot noise...
Quantizing intensities...

Saved data to /Users/karan/microsegmentation/SyntheticData_TRIVIAL_DENSE/Images/image-371.png and /Users/karan/microsegmentation/SyntheticData_TRIVIAL_DENSE/Labels/label-371.png.

Took 21.77 seconds.

Loading MT points from /Users/karan/tubulaton/tubulaton-run/tubulaton-372.vtk to numpy array...
Simulating positions of fluorophores...
Number of FPs: 12487309253.838879
Generating label segmentation...
6886 tubulin found in focal plane.
Calculating fluorophore density over focal plane...
47284 fluorophores found in the focal plane.
Calculating fluorophore photon emission rate...
Fluorophore photon emission per second = 9470381.451524047
Applying point spread function to light intensity array...
Simulating shot noise...
Quantizing intensities...

Saved data to /Users/karan/microsegmentation/SyntheticData_TRIVIAL_DENSE/Images/image-372.png and /Users/karan/microsegmentation/SyntheticData_TRIVIAL_DENSE/Labels/label-372.png.

Took 22.36 seconds.

Loading MT points from /Users/karan/tubulaton/tubulaton-run/tubulaton-373.vtk to numpy array...
Simulating positions of fluorophores...
Number of FPs: 12746024092.740355
Generating label segmentation...
1679 tubulin found in focal plane.
Calculating fluorophore density over focal plane...
35774 fluorophores found in the focal plane.
Calculating fluorophore photon emission rate...
Fluorophore photon emission per second = 9470381.451524047
Applying point spread function to light intensity array...
Simulating shot noise...
Quantizing intensities...

Saved data to /Users/karan/microsegmentation/SyntheticData_TRIVIAL_DENSE/Images/image-373.png and /Users/karan/microsegmentation/SyntheticData_TRIVIAL_DENSE/Labels/label-373.png.

Took 997.67 seconds.

Loading MT points from /Users/karan/tubulaton/tubulaton-run/tubulaton-374.vtk to numpy array...
Simulating positions of fluorophores...
Number of FPs: 12243543322.385042
Generating label segmentation...
2552 tubulin found in focal plane.
Calculating fluorophore density over focal plane...
44929 fluorophores found in the focal plane.
Calculating fluorophore photon emission rate...
Fluorophore photon emission per second = 9470381.451524047
Applying point spread function to light intensity array...
Simulating shot noise...
Quantizing intensities...

Saved data to /Users/karan/microsegmentation/SyntheticData_TRIVIAL_DENSE/Images/image-374.png and /Users/karan/microsegmentation/SyntheticData_TRIVIAL_DENSE/Labels/label-374.png.

Took 22.46 seconds.

Loading MT points from /Users/karan/tubulaton/tubulaton-run/tubulaton-375.vtk to numpy array...
Simulating positions of fluorophores...
Number of FPs: 12861424973.990255
Generating label segmentation...
2395 tubulin found in focal plane.
Calculating fluorophore density over focal plane...
39268 fluorophores found in the focal plane.
Calculating fluorophore photon emission rate...
Fluorophore photon emission per second = 9470381.451524047
Applying point spread function to light intensity array...
Simulating shot noise...
Quantizing intensities...

Saved data to /Users/karan/microsegmentation/SyntheticData_TRIVIAL_DENSE/Images/image-375.png and /Users/karan/microsegmentation/SyntheticData_TRIVIAL_DENSE/Labels/label-375.png.

Took 23.16 seconds.

Loading MT points from /Users/karan/tubulaton/tubulaton-run/tubulaton-376.vtk to numpy array...
Simulating positions of fluorophores...
Number of FPs: 12300126429.965017
Generating label segmentation...
4341 tubulin found in focal plane.
Calculating fluorophore density over focal plane...
39583 fluorophores found in the focal plane.
Calculating fluorophore photon emission rate...
Fluorophore photon emission per second = 9470381.451524047
Applying point spread function to light intensity array...
Simulating shot noise...
Quantizing intensities...

Saved data to /Users/karan/microsegmentation/SyntheticData_TRIVIAL_DENSE/Images/image-376.png and /Users/karan/microsegmentation/SyntheticData_TRIVIAL_DENSE/Labels/label-376.png.

Took 21.71 seconds.

Loading MT points from /Users/karan/tubulaton/tubulaton-run/tubulaton-377.vtk to numpy array...
Simulating positions of fluorophores...
Number of FPs: 12876364990.330618
Generating label segmentation...
3148 tubulin found in focal plane.
Calculating fluorophore density over focal plane...
36121 fluorophores found in the focal plane.
Calculating fluorophore photon emission rate...
Fluorophore photon emission per second = 9470381.451524047
Applying point spread function to light intensity array...
Simulating shot noise...
Quantizing intensities...

Saved data to /Users/karan/microsegmentation/SyntheticData_TRIVIAL_DENSE/Images/image-377.png and /Users/karan/microsegmentation/SyntheticData_TRIVIAL_DENSE/Labels/label-377.png.

Took 27.68 seconds.

Loading MT points from /Users/karan/tubulaton/tubulaton-run/tubulaton-378.vtk to numpy array...
Simulating positions of fluorophores...
Number of FPs: 13024517834.248707
Generating label segmentation...
4443 tubulin found in focal plane.
Calculating fluorophore density over focal plane...
35499 fluorophores found in the focal plane.
Calculating fluorophore photon emission rate...
Fluorophore photon emission per second = 9470381.451524047
Applying point spread function to light intensity array...
Simulating shot noise...
Quantizing intensities...

Saved data to /Users/karan/microsegmentation/SyntheticData_TRIVIAL_DENSE/Images/image-378.png and /Users/karan/microsegmentation/SyntheticData_TRIVIAL_DENSE/Labels/label-378.png.

Took 949.04 seconds.

Loading MT points from /Users/karan/tubulaton/tubulaton-run/tubulaton-379.vtk to numpy array...
Simulating positions of fluorophores...
Number of FPs: 12805634011.622118
Generating label segmentation...
7023 tubulin found in focal plane.
Calculating fluorophore density over focal plane...
45330 fluorophores found in the focal plane.
Calculating fluorophore photon emission rate...
Fluorophore photon emission per second = 9470381.451524047
Applying point spread function to light intensity array...
Simulating shot noise...
Quantizing intensities...

Saved data to /Users/karan/microsegmentation/SyntheticData_TRIVIAL_DENSE/Images/image-379.png and /Users/karan/microsegmentation/SyntheticData_TRIVIAL_DENSE/Labels/label-379.png.

Took 22.97 seconds.

Loading MT points from /Users/karan/tubulaton/tubulaton-run/tubulaton-380.vtk to numpy array...
Simulating positions of fluorophores...
Number of FPs: 12314880298.497334
Generating label segmentation...
2351 tubulin found in focal plane.
Calculating fluorophore density over focal plane...
30566 fluorophores found in the focal plane.
Calculating fluorophore photon emission rate...
Fluorophore photon emission per second = 9470381.451524047
Applying point spread function to light intensity array...
Simulating shot noise...
Quantizing intensities...

Saved data to /Users/karan/microsegmentation/SyntheticData_TRIVIAL_DENSE/Images/image-380.png and /Users/karan/microsegmentation/SyntheticData_TRIVIAL_DENSE/Labels/label-380.png.

Took 460.36 seconds.

Loading MT points from /Users/karan/tubulaton/tubulaton-run/tubulaton-381.vtk to numpy array...
Simulating positions of fluorophores...
Number of FPs: 12365930282.191721
Generating label segmentation...
1405 tubulin found in focal plane.
Calculating fluorophore density over focal plane...
35206 fluorophores found in the focal plane.
Calculating fluorophore photon emission rate...
Fluorophore photon emission per second = 9470381.451524047
Applying point spread function to light intensity array...
Simulating shot noise...
Quantizing intensities...

Saved data to /Users/karan/microsegmentation/SyntheticData_TRIVIAL_DENSE/Images/image-381.png and /Users/karan/microsegmentation/SyntheticData_TRIVIAL_DENSE/Labels/label-381.png.

Took 24.39 seconds.

Loading MT points from /Users/karan/tubulaton/tubulaton-run/tubulaton-382.vtk to numpy array...
Simulating positions of fluorophores...
Number of FPs: 13156385866.813185
Generating label segmentation...
3448 tubulin found in focal plane.
Calculating fluorophore density over focal plane...
32901 fluorophores found in the focal plane.
Calculating fluorophore photon emission rate...
Fluorophore photon emission per second = 9470381.451524047
Applying point spread function to light intensity array...
Simulating shot noise...
Quantizing intensities...

Saved data to /Users/karan/microsegmentation/SyntheticData_TRIVIAL_DENSE/Images/image-382.png and /Users/karan/microsegmentation/SyntheticData_TRIVIAL_DENSE/Labels/label-382.png.

Took 22.35 seconds.

Loading MT points from /Users/karan/tubulaton/tubulaton-run/tubulaton-383.vtk to numpy array...
Simulating positions of fluorophores...
Number of FPs: 11949777126.360315
Generating label segmentation...
3142 tubulin found in focal plane.
Calculating fluorophore density over focal plane...
32551 fluorophores found in the focal plane.
Calculating fluorophore photon emission rate...
Fluorophore photon emission per second = 9470381.451524047
Applying point spread function to light intensity array...
Simulating shot noise...
Quantizing intensities...

Saved data to /Users/karan/microsegmentation/SyntheticData_TRIVIAL_DENSE/Images/image-383.png and /Users/karan/microsegmentation/SyntheticData_TRIVIAL_DENSE/Labels/label-383.png.

Took 21.62 seconds.

Loading MT points from /Users/karan/tubulaton/tubulaton-run/tubulaton-384.vtk to numpy array...
Simulating positions of fluorophores...
Number of FPs: 12201584615.374794
Generating label segmentation...
4288 tubulin found in focal plane.
Calculating fluorophore density over focal plane...
48446 fluorophores found in the focal plane.
Calculating fluorophore photon emission rate...
Fluorophore photon emission per second = 9470381.451524047
Applying point spread function to light intensity array...
Simulating shot noise...
Quantizing intensities...

Saved data to /Users/karan/microsegmentation/SyntheticData_TRIVIAL_DENSE/Images/image-384.png and /Users/karan/microsegmentation/SyntheticData_TRIVIAL_DENSE/Labels/label-384.png.

Took 22.54 seconds.

Loading MT points from /Users/karan/tubulaton/tubulaton-run/tubulaton-385.vtk to numpy array...
Simulating positions of fluorophores...
Number of FPs: 12111159124.176012
Generating label segmentation...
2449 tubulin found in focal plane.
Calculating fluorophore density over focal plane...
49350 fluorophores found in the focal plane.
Calculating fluorophore photon emission rate...
Fluorophore photon emission per second = 9470381.451524047
Applying point spread function to light intensity array...
Simulating shot noise...
Quantizing intensities...

Saved data to /Users/karan/microsegmentation/SyntheticData_TRIVIAL_DENSE/Images/image-385.png and /Users/karan/microsegmentation/SyntheticData_TRIVIAL_DENSE/Labels/label-385.png.

Took 22.12 seconds.

Loading MT points from /Users/karan/tubulaton/tubulaton-run/tubulaton-386.vtk to numpy array...
Simulating positions of fluorophores...
Number of FPs: 13520541721.544357
Generating label segmentation...
4959 tubulin found in focal plane.
Calculating fluorophore density over focal plane...
41536 fluorophores found in the focal plane.
Calculating fluorophore photon emission rate...
Fluorophore photon emission per second = 9470381.451524047
Applying point spread function to light intensity array...
Simulating shot noise...
Quantizing intensities...

Saved data to /Users/karan/microsegmentation/SyntheticData_TRIVIAL_DENSE/Images/image-386.png and /Users/karan/microsegmentation/SyntheticData_TRIVIAL_DENSE/Labels/label-386.png.

Took 23.25 seconds.

Loading MT points from /Users/karan/tubulaton/tubulaton-run/tubulaton-387.vtk to numpy array...
Simulating positions of fluorophores...
Number of FPs: 12286403451.904219
Generating label segmentation...
3094 tubulin found in focal plane.
Calculating fluorophore density over focal plane...
31585 fluorophores found in the focal plane.
Calculating fluorophore photon emission rate...
Fluorophore photon emission per second = 9470381.451524047
Applying point spread function to light intensity array...
Simulating shot noise...
Quantizing intensities...

Saved data to /Users/karan/microsegmentation/SyntheticData_TRIVIAL_DENSE/Images/image-387.png and /Users/karan/microsegmentation/SyntheticData_TRIVIAL_DENSE/Labels/label-387.png.

Took 21.35 seconds.

Loading MT points from /Users/karan/tubulaton/tubulaton-run/tubulaton-388.vtk to numpy array...
Simulating positions of fluorophores...
Number of FPs: 12944051964.855589
Generating label segmentation...
2909 tubulin found in focal plane.
Calculating fluorophore density over focal plane...
43893 fluorophores found in the focal plane.
Calculating fluorophore photon emission rate...
Fluorophore photon emission per second = 9470381.451524047
Applying point spread function to light intensity array...
Simulating shot noise...
Quantizing intensities...

Saved data to /Users/karan/microsegmentation/SyntheticData_TRIVIAL_DENSE/Images/image-388.png and /Users/karan/microsegmentation/SyntheticData_TRIVIAL_DENSE/Labels/label-388.png.

Took 23.06 seconds.

Loading MT points from /Users/karan/tubulaton/tubulaton-run/tubulaton-389.vtk to numpy array...
Simulating positions of fluorophores...
Number of FPs: 12565668124.017487
Generating label segmentation...
3930 tubulin found in focal plane.
Calculating fluorophore density over focal plane...
39405 fluorophores found in the focal plane.
Calculating fluorophore photon emission rate...
Fluorophore photon emission per second = 9470381.451524047
Applying point spread function to light intensity array...
Simulating shot noise...
Quantizing intensities...

Saved data to /Users/karan/microsegmentation/SyntheticData_TRIVIAL_DENSE/Images/image-389.png and /Users/karan/microsegmentation/SyntheticData_TRIVIAL_DENSE/Labels/label-389.png.

Took 22.74 seconds.

Loading MT points from /Users/karan/tubulaton/tubulaton-run/tubulaton-390.vtk to numpy array...
Simulating positions of fluorophores...
Number of FPs: 12439354273.951588
Generating label segmentation...
4437 tubulin found in focal plane.
Calculating fluorophore density over focal plane...
39473 fluorophores found in the focal plane.
Calculating fluorophore photon emission rate...
Fluorophore photon emission per second = 9470381.451524047
Applying point spread function to light intensity array...
Simulating shot noise...
Quantizing intensities...

Saved data to /Users/karan/microsegmentation/SyntheticData_TRIVIAL_DENSE/Images/image-390.png and /Users/karan/microsegmentation/SyntheticData_TRIVIAL_DENSE/Labels/label-390.png.

Took 22.33 seconds.

Loading MT points from /Users/karan/tubulaton/tubulaton-run/tubulaton-391.vtk to numpy array...
Simulating positions of fluorophores...
Number of FPs: 12508111267.498312
Generating label segmentation...
2704 tubulin found in focal plane.
Calculating fluorophore density over focal plane...
45623 fluorophores found in the focal plane.
Calculating fluorophore photon emission rate...
Fluorophore photon emission per second = 9470381.451524047
Applying point spread function to light intensity array...
Simulating shot noise...
Quantizing intensities...

Saved data to /Users/karan/microsegmentation/SyntheticData_TRIVIAL_DENSE/Images/image-391.png and /Users/karan/microsegmentation/SyntheticData_TRIVIAL_DENSE/Labels/label-391.png.

Took 22.65 seconds.

Loading MT points from /Users/karan/tubulaton/tubulaton-run/tubulaton-392.vtk to numpy array...
Simulating positions of fluorophores...
Number of FPs: 12512760152.91306
Generating label segmentation...
875 tubulin found in focal plane.
Calculating fluorophore density over focal plane...
31800 fluorophores found in the focal plane.
Calculating fluorophore photon emission rate...
Fluorophore photon emission per second = 9470381.451524047
Applying point spread function to light intensity array...
Simulating shot noise...
Quantizing intensities...

Saved data to /Users/karan/microsegmentation/SyntheticData_TRIVIAL_DENSE/Images/image-392.png and /Users/karan/microsegmentation/SyntheticData_TRIVIAL_DENSE/Labels/label-392.png.

Took 22.32 seconds.

Loading MT points from /Users/karan/tubulaton/tubulaton-run/tubulaton-393.vtk to numpy array...
Simulating positions of fluorophores...
Number of FPs: 13002943413.51335
Generating label segmentation...
3485 tubulin found in focal plane.
Calculating fluorophore density over focal plane...
34226 fluorophores found in the focal plane.
Calculating fluorophore photon emission rate...
Fluorophore photon emission per second = 9470381.451524047
Applying point spread function to light intensity array...
Simulating shot noise...
Quantizing intensities...

Saved data to /Users/karan/microsegmentation/SyntheticData_TRIVIAL_DENSE/Images/image-393.png and /Users/karan/microsegmentation/SyntheticData_TRIVIAL_DENSE/Labels/label-393.png.

Took 20.08 seconds.

Loading MT points from /Users/karan/tubulaton/tubulaton-run/tubulaton-394.vtk to numpy array...
Simulating positions of fluorophores...
Number of FPs: 12905524661.430834
Generating label segmentation...
4226 tubulin found in focal plane.
Calculating fluorophore density over focal plane...
53598 fluorophores found in the focal plane.
Calculating fluorophore photon emission rate...
Fluorophore photon emission per second = 9470381.451524047
Applying point spread function to light intensity array...
Simulating shot noise...
Quantizing intensities...

Saved data to /Users/karan/microsegmentation/SyntheticData_TRIVIAL_DENSE/Images/image-394.png and /Users/karan/microsegmentation/SyntheticData_TRIVIAL_DENSE/Labels/label-394.png.

Took 20.80 seconds.

Loading MT points from /Users/karan/tubulaton/tubulaton-run/tubulaton-395.vtk to numpy array...
Simulating positions of fluorophores...
Number of FPs: 12775002961.048637
Generating label segmentation...
1635 tubulin found in focal plane.
Calculating fluorophore density over focal plane...
31389 fluorophores found in the focal plane.
Calculating fluorophore photon emission rate...
Fluorophore photon emission per second = 9470381.451524047
Applying point spread function to light intensity array...
Simulating shot noise...
Quantizing intensities...

Saved data to /Users/karan/microsegmentation/SyntheticData_TRIVIAL_DENSE/Images/image-395.png and /Users/karan/microsegmentation/SyntheticData_TRIVIAL_DENSE/Labels/label-395.png.

Took 19.81 seconds.

Loading MT points from /Users/karan/tubulaton/tubulaton-run/tubulaton-396.vtk to numpy array...
Simulating positions of fluorophores...
Number of FPs: 12580697660.46165
Generating label segmentation...
2006 tubulin found in focal plane.
Calculating fluorophore density over focal plane...
38148 fluorophores found in the focal plane.
Calculating fluorophore photon emission rate...
Fluorophore photon emission per second = 9470381.451524047
Applying point spread function to light intensity array...
Simulating shot noise...
Quantizing intensities...

Saved data to /Users/karan/microsegmentation/SyntheticData_TRIVIAL_DENSE/Images/image-396.png and /Users/karan/microsegmentation/SyntheticData_TRIVIAL_DENSE/Labels/label-396.png.

Took 19.77 seconds.

Loading MT points from /Users/karan/tubulaton/tubulaton-run/tubulaton-397.vtk to numpy array...
Simulating positions of fluorophores...
Number of FPs: 12050228690.993805
Generating label segmentation...
5410 tubulin found in focal plane.
Calculating fluorophore density over focal plane...
47014 fluorophores found in the focal plane.
Calculating fluorophore photon emission rate...
Fluorophore photon emission per second = 9470381.451524047
Applying point spread function to light intensity array...
Simulating shot noise...
Quantizing intensities...

Saved data to /Users/karan/microsegmentation/SyntheticData_TRIVIAL_DENSE/Images/image-397.png and /Users/karan/microsegmentation/SyntheticData_TRIVIAL_DENSE/Labels/label-397.png.

Took 19.69 seconds.

Loading MT points from /Users/karan/tubulaton/tubulaton-run/tubulaton-398.vtk to numpy array...
Simulating positions of fluorophores...
Number of FPs: 12518999236.8356
Generating label segmentation...
1990 tubulin found in focal plane.
Calculating fluorophore density over focal plane...
47195 fluorophores found in the focal plane.
Calculating fluorophore photon emission rate...
Fluorophore photon emission per second = 9470381.451524047
Applying point spread function to light intensity array...
Simulating shot noise...
Quantizing intensities...

Saved data to /Users/karan/microsegmentation/SyntheticData_TRIVIAL_DENSE/Images/image-398.png and /Users/karan/microsegmentation/SyntheticData_TRIVIAL_DENSE/Labels/label-398.png.

Took 20.56 seconds.

Loading MT points from /Users/karan/tubulaton/tubulaton-run/tubulaton-399.vtk to numpy array...
Simulating positions of fluorophores...
Number of FPs: 12529909894.2642
Generating label segmentation...
6835 tubulin found in focal plane.
Calculating fluorophore density over focal plane...
44938 fluorophores found in the focal plane.
Calculating fluorophore photon emission rate...
Fluorophore photon emission per second = 9470381.451524047
Applying point spread function to light intensity array...
Simulating shot noise...
Quantizing intensities...

Saved data to /Users/karan/microsegmentation/SyntheticData_TRIVIAL_DENSE/Images/image-399.png and /Users/karan/microsegmentation/SyntheticData_TRIVIAL_DENSE/Labels/label-399.png.

Took 21.93 seconds.

Loading MT points from /Users/karan/tubulaton/tubulaton-run/tubulaton-400.vtk to numpy array...
Simulating positions of fluorophores...
Number of FPs: 11672182866.632483
Generating label segmentation...
4128 tubulin found in focal plane.
Calculating fluorophore density over focal plane...
40694 fluorophores found in the focal plane.
Calculating fluorophore photon emission rate...
Fluorophore photon emission per second = 9470381.451524047
Applying point spread function to light intensity array...
Simulating shot noise...
Quantizing intensities...

Saved data to /Users/karan/microsegmentation/SyntheticData_TRIVIAL_DENSE/Images/image-400.png and /Users/karan/microsegmentation/SyntheticData_TRIVIAL_DENSE/Labels/label-400.png.

Took 25.33 seconds.


Took 21828.29 seconds in total.
(218.28 seconds per .vtk file)
