Loaded config file: /Users/karan/microsegmentation/generation/generate_configs/trivial.json5
Using depolymerization rate: 0.31172430255752337

Loading MT points from /Users/karan/tubulaton/tubulaton-run/tubulaton-601.vtk to numpy array...
Simulating positions of fluorophores...
Number of FPs: 11647442257.19535
Generating label segmentation...
31604 tubulin found in focal plane.
Calculating fluorophore density over focal plane...
46453 fluorophores found in the focal plane.
Calculating fluorophore photon emission rate...
Fluorophore photon emission per second = 9470381.451524047
Applying point spread function to light intensity array...
Simulating shot noise...
Quantizing intensities...

Saved data to /Users/karan/microsegmentation/SyntheticData_TRIVIAL_DENSE/Images/image-601.png and /Users/karan/microsegmentation/SyntheticData_TRIVIAL_DENSE/Labels/label-601.png.

Took 25.65 seconds.

Loading MT points from /Users/karan/tubulaton/tubulaton-run/tubulaton-602.vtk to numpy array...
Simulating positions of fluorophores...
Number of FPs: 12117107107.97011
Generating label segmentation...
30071 tubulin found in focal plane.
Calculating fluorophore density over focal plane...
44869 fluorophores found in the focal plane.
Calculating fluorophore photon emission rate...
Fluorophore photon emission per second = 9470381.451524047
Applying point spread function to light intensity array...
Simulating shot noise...
Quantizing intensities...

Saved data to /Users/karan/microsegmentation/SyntheticData_TRIVIAL_DENSE/Images/image-602.png and /Users/karan/microsegmentation/SyntheticData_TRIVIAL_DENSE/Labels/label-602.png.

Took 22.28 seconds.

Loading MT points from /Users/karan/tubulaton/tubulaton-run/tubulaton-603.vtk to numpy array...
Simulating positions of fluorophores...
Number of FPs: 11446834545.895643
Generating label segmentation...
33236 tubulin found in focal plane.
Calculating fluorophore density over focal plane...
46978 fluorophores found in the focal plane.
Calculating fluorophore photon emission rate...
Fluorophore photon emission per second = 9470381.451524047
Applying point spread function to light intensity array...
Simulating shot noise...
Quantizing intensities...

Saved data to /Users/karan/microsegmentation/SyntheticData_TRIVIAL_DENSE/Images/image-603.png and /Users/karan/microsegmentation/SyntheticData_TRIVIAL_DENSE/Labels/label-603.png.

Took 20.19 seconds.

Loading MT points from /Users/karan/tubulaton/tubulaton-run/tubulaton-604.vtk to numpy array...
Simulating positions of fluorophores...
Number of FPs: 11294639932.652964
Generating label segmentation...
28933 tubulin found in focal plane.
Calculating fluorophore density over focal plane...
40871 fluorophores found in the focal plane.
Calculating fluorophore photon emission rate...
Fluorophore photon emission per second = 9470381.451524047
Applying point spread function to light intensity array...
Simulating shot noise...
Quantizing intensities...

Saved data to /Users/karan/microsegmentation/SyntheticData_TRIVIAL_DENSE/Images/image-604.png and /Users/karan/microsegmentation/SyntheticData_TRIVIAL_DENSE/Labels/label-604.png.

Took 20.10 seconds.

Loading MT points from /Users/karan/tubulaton/tubulaton-run/tubulaton-605.vtk to numpy array...
Simulating positions of fluorophores...
Number of FPs: 11353015913.749607
Generating label segmentation...
30157 tubulin found in focal plane.
Calculating fluorophore density over focal plane...
44945 fluorophores found in the focal plane.
Calculating fluorophore photon emission rate...
Fluorophore photon emission per second = 9470381.451524047
Applying point spread function to light intensity array...
Simulating shot noise...
Quantizing intensities...

Saved data to /Users/karan/microsegmentation/SyntheticData_TRIVIAL_DENSE/Images/image-605.png and /Users/karan/microsegmentation/SyntheticData_TRIVIAL_DENSE/Labels/label-605.png.

Took 20.32 seconds.

Loading MT points from /Users/karan/tubulaton/tubulaton-run/tubulaton-606.vtk to numpy array...
Simulating positions of fluorophores...
Number of FPs: 11547071425.85775
Generating label segmentation...
44619 tubulin found in focal plane.
Calculating fluorophore density over focal plane...
56708 fluorophores found in the focal plane.
Calculating fluorophore photon emission rate...
Fluorophore photon emission per second = 9470381.451524047
Applying point spread function to light intensity array...
Simulating shot noise...
Quantizing intensities...

Saved data to /Users/karan/microsegmentation/SyntheticData_TRIVIAL_DENSE/Images/image-606.png and /Users/karan/microsegmentation/SyntheticData_TRIVIAL_DENSE/Labels/label-606.png.

Took 20.98 seconds.

Loading MT points from /Users/karan/tubulaton/tubulaton-run/tubulaton-607.vtk to numpy array...
Simulating positions of fluorophores...
Number of FPs: 12684172344.782448
Generating label segmentation...
22972 tubulin found in focal plane.
Calculating fluorophore density over focal plane...
40147 fluorophores found in the focal plane.
Calculating fluorophore photon emission rate...
Fluorophore photon emission per second = 9470381.451524047
Applying point spread function to light intensity array...
Simulating shot noise...
Quantizing intensities...

Saved data to /Users/karan/microsegmentation/SyntheticData_TRIVIAL_DENSE/Images/image-607.png and /Users/karan/microsegmentation/SyntheticData_TRIVIAL_DENSE/Labels/label-607.png.

Took 21.53 seconds.

Loading MT points from /Users/karan/tubulaton/tubulaton-run/tubulaton-608.vtk to numpy array...
Simulating positions of fluorophores...
Number of FPs: 11824499250.492527
Generating label segmentation...
28926 tubulin found in focal plane.
Calculating fluorophore density over focal plane...
46495 fluorophores found in the focal plane.
Calculating fluorophore photon emission rate...
Fluorophore photon emission per second = 9470381.451524047
Applying point spread function to light intensity array...
Simulating shot noise...
Quantizing intensities...

Saved data to /Users/karan/microsegmentation/SyntheticData_TRIVIAL_DENSE/Images/image-608.png and /Users/karan/microsegmentation/SyntheticData_TRIVIAL_DENSE/Labels/label-608.png.

Took 20.96 seconds.

Loading MT points from /Users/karan/tubulaton/tubulaton-run/tubulaton-609.vtk to numpy array...
Simulating positions of fluorophores...
Number of FPs: 11818583508.394777
Generating label segmentation...
28954 tubulin found in focal plane.
Calculating fluorophore density over focal plane...
38697 fluorophores found in the focal plane.
Calculating fluorophore photon emission rate...
Fluorophore photon emission per second = 9470381.451524047
Applying point spread function to light intensity array...
Simulating shot noise...
Quantizing intensities...

Saved data to /Users/karan/microsegmentation/SyntheticData_TRIVIAL_DENSE/Images/image-609.png and /Users/karan/microsegmentation/SyntheticData_TRIVIAL_DENSE/Labels/label-609.png.

Took 20.16 seconds.

Loading MT points from /Users/karan/tubulaton/tubulaton-run/tubulaton-610.vtk to numpy array...
Simulating positions of fluorophores...
Number of FPs: 11720886703.432674
Generating label segmentation...
27671 tubulin found in focal plane.
Calculating fluorophore density over focal plane...
37894 fluorophores found in the focal plane.
Calculating fluorophore photon emission rate...
Fluorophore photon emission per second = 9470381.451524047
Applying point spread function to light intensity array...
Simulating shot noise...
Quantizing intensities...

Saved data to /Users/karan/microsegmentation/SyntheticData_TRIVIAL_DENSE/Images/image-610.png and /Users/karan/microsegmentation/SyntheticData_TRIVIAL_DENSE/Labels/label-610.png.

Took 20.70 seconds.

Loading MT points from /Users/karan/tubulaton/tubulaton-run/tubulaton-611.vtk to numpy array...
Simulating positions of fluorophores...
Number of FPs: 12145821941.17758
Generating label segmentation...
31870 tubulin found in focal plane.
Calculating fluorophore density over focal plane...
47475 fluorophores found in the focal plane.
Calculating fluorophore photon emission rate...
Fluorophore photon emission per second = 9470381.451524047
Applying point spread function to light intensity array...
Simulating shot noise...
Quantizing intensities...

Saved data to /Users/karan/microsegmentation/SyntheticData_TRIVIAL_DENSE/Images/image-611.png and /Users/karan/microsegmentation/SyntheticData_TRIVIAL_DENSE/Labels/label-611.png.

Took 21.08 seconds.

Loading MT points from /Users/karan/tubulaton/tubulaton-run/tubulaton-612.vtk to numpy array...
Simulating positions of fluorophores...
Number of FPs: 11915224327.614471
Generating label segmentation...
30876 tubulin found in focal plane.
Calculating fluorophore density over focal plane...
48802 fluorophores found in the focal plane.
Calculating fluorophore photon emission rate...
Fluorophore photon emission per second = 9470381.451524047
Applying point spread function to light intensity array...
Simulating shot noise...
Quantizing intensities...

Saved data to /Users/karan/microsegmentation/SyntheticData_TRIVIAL_DENSE/Images/image-612.png and /Users/karan/microsegmentation/SyntheticData_TRIVIAL_DENSE/Labels/label-612.png.

Took 21.26 seconds.

Loading MT points from /Users/karan/tubulaton/tubulaton-run/tubulaton-613.vtk to numpy array...
Simulating positions of fluorophores...
Number of FPs: 12311940904.84275
Generating label segmentation...
32639 tubulin found in focal plane.
Calculating fluorophore density over focal plane...
43640 fluorophores found in the focal plane.
Calculating fluorophore photon emission rate...
Fluorophore photon emission per second = 9470381.451524047
Applying point spread function to light intensity array...
Simulating shot noise...
Quantizing intensities...

Saved data to /Users/karan/microsegmentation/SyntheticData_TRIVIAL_DENSE/Images/image-613.png and /Users/karan/microsegmentation/SyntheticData_TRIVIAL_DENSE/Labels/label-613.png.

Took 20.55 seconds.

Loading MT points from /Users/karan/tubulaton/tubulaton-run/tubulaton-614.vtk to numpy array...
Simulating positions of fluorophores...
Number of FPs: 11570819693.171968
Generating label segmentation...
25153 tubulin found in focal plane.
Calculating fluorophore density over focal plane...
39544 fluorophores found in the focal plane.
Calculating fluorophore photon emission rate...
Fluorophore photon emission per second = 9470381.451524047
Applying point spread function to light intensity array...
Simulating shot noise...
Quantizing intensities...

Saved data to /Users/karan/microsegmentation/SyntheticData_TRIVIAL_DENSE/Images/image-614.png and /Users/karan/microsegmentation/SyntheticData_TRIVIAL_DENSE/Labels/label-614.png.

Took 20.46 seconds.

Loading MT points from /Users/karan/tubulaton/tubulaton-run/tubulaton-615.vtk to numpy array...
Simulating positions of fluorophores...
Number of FPs: 11932178061.912037
Generating label segmentation...
26593 tubulin found in focal plane.
Calculating fluorophore density over focal plane...
37165 fluorophores found in the focal plane.
Calculating fluorophore photon emission rate...
Fluorophore photon emission per second = 9470381.451524047
Applying point spread function to light intensity array...
Simulating shot noise...
Quantizing intensities...

Saved data to /Users/karan/microsegmentation/SyntheticData_TRIVIAL_DENSE/Images/image-615.png and /Users/karan/microsegmentation/SyntheticData_TRIVIAL_DENSE/Labels/label-615.png.

Took 20.67 seconds.

Loading MT points from /Users/karan/tubulaton/tubulaton-run/tubulaton-616.vtk to numpy array...
Simulating positions of fluorophores...
Number of FPs: 11687665616.789202
Generating label segmentation...
22156 tubulin found in focal plane.
Calculating fluorophore density over focal plane...
35209 fluorophores found in the focal plane.
Calculating fluorophore photon emission rate...
Fluorophore photon emission per second = 9470381.451524047
Applying point spread function to light intensity array...
Simulating shot noise...
Quantizing intensities...

Saved data to /Users/karan/microsegmentation/SyntheticData_TRIVIAL_DENSE/Images/image-616.png and /Users/karan/microsegmentation/SyntheticData_TRIVIAL_DENSE/Labels/label-616.png.

Took 20.59 seconds.

Loading MT points from /Users/karan/tubulaton/tubulaton-run/tubulaton-617.vtk to numpy array...
Simulating positions of fluorophores...
Number of FPs: 12926916573.44586
Generating label segmentation...
32845 tubulin found in focal plane.
Calculating fluorophore density over focal plane...
43066 fluorophores found in the focal plane.
Calculating fluorophore photon emission rate...
Fluorophore photon emission per second = 9470381.451524047
Applying point spread function to light intensity array...
Simulating shot noise...
Quantizing intensities...

Saved data to /Users/karan/microsegmentation/SyntheticData_TRIVIAL_DENSE/Images/image-617.png and /Users/karan/microsegmentation/SyntheticData_TRIVIAL_DENSE/Labels/label-617.png.

Took 21.91 seconds.

Loading MT points from /Users/karan/tubulaton/tubulaton-run/tubulaton-618.vtk to numpy array...
Simulating positions of fluorophores...
Number of FPs: 11682057368.434591
Generating label segmentation...
37903 tubulin found in focal plane.
Calculating fluorophore density over focal plane...
49890 fluorophores found in the focal plane.
Calculating fluorophore photon emission rate...
Fluorophore photon emission per second = 9470381.451524047
Applying point spread function to light intensity array...
Simulating shot noise...
Quantizing intensities...

Saved data to /Users/karan/microsegmentation/SyntheticData_TRIVIAL_DENSE/Images/image-618.png and /Users/karan/microsegmentation/SyntheticData_TRIVIAL_DENSE/Labels/label-618.png.

Took 20.71 seconds.

Loading MT points from /Users/karan/tubulaton/tubulaton-run/tubulaton-619.vtk to numpy array...
Simulating positions of fluorophores...
Number of FPs: 11349856924.979397
Generating label segmentation...
37662 tubulin found in focal plane.
Calculating fluorophore density over focal plane...
49255 fluorophores found in the focal plane.
Calculating fluorophore photon emission rate...
Fluorophore photon emission per second = 9470381.451524047
Applying point spread function to light intensity array...
Simulating shot noise...
Quantizing intensities...

Saved data to /Users/karan/microsegmentation/SyntheticData_TRIVIAL_DENSE/Images/image-619.png and /Users/karan/microsegmentation/SyntheticData_TRIVIAL_DENSE/Labels/label-619.png.

Took 21.50 seconds.

Loading MT points from /Users/karan/tubulaton/tubulaton-run/tubulaton-620.vtk to numpy array...
Simulating positions of fluorophores...
Number of FPs: 10653186557.25874
Generating label segmentation...
40919 tubulin found in focal plane.
Calculating fluorophore density over focal plane...
51902 fluorophores found in the focal plane.
Calculating fluorophore photon emission rate...
Fluorophore photon emission per second = 9470381.451524047
Applying point spread function to light intensity array...
Simulating shot noise...
Quantizing intensities...

Saved data to /Users/karan/microsegmentation/SyntheticData_TRIVIAL_DENSE/Images/image-620.png and /Users/karan/microsegmentation/SyntheticData_TRIVIAL_DENSE/Labels/label-620.png.

Took 19.34 seconds.

Loading MT points from /Users/karan/tubulaton/tubulaton-run/tubulaton-621.vtk to numpy array...
Simulating positions of fluorophores...
Number of FPs: 12019895499.794582
Generating label segmentation...
25404 tubulin found in focal plane.
Calculating fluorophore density over focal plane...
37827 fluorophores found in the focal plane.
Calculating fluorophore photon emission rate...
Fluorophore photon emission per second = 9470381.451524047
Applying point spread function to light intensity array...
Simulating shot noise...
Quantizing intensities...

Saved data to /Users/karan/microsegmentation/SyntheticData_TRIVIAL_DENSE/Images/image-621.png and /Users/karan/microsegmentation/SyntheticData_TRIVIAL_DENSE/Labels/label-621.png.

Took 20.63 seconds.

Loading MT points from /Users/karan/tubulaton/tubulaton-run/tubulaton-622.vtk to numpy array...
Simulating positions of fluorophores...
Number of FPs: 11470386217.774101
Generating label segmentation...
24506 tubulin found in focal plane.
Calculating fluorophore density over focal plane...
40283 fluorophores found in the focal plane.
Calculating fluorophore photon emission rate...
Fluorophore photon emission per second = 9470381.451524047
Applying point spread function to light intensity array...
Simulating shot noise...
Quantizing intensities...

Saved data to /Users/karan/microsegmentation/SyntheticData_TRIVIAL_DENSE/Images/image-622.png and /Users/karan/microsegmentation/SyntheticData_TRIVIAL_DENSE/Labels/label-622.png.

Took 20.07 seconds.

Loading MT points from /Users/karan/tubulaton/tubulaton-run/tubulaton-623.vtk to numpy array...
Simulating positions of fluorophores...
Number of FPs: 11553089820.125206
Generating label segmentation...
34736 tubulin found in focal plane.
Calculating fluorophore density over focal plane...
48454 fluorophores found in the focal plane.
Calculating fluorophore photon emission rate...
Fluorophore photon emission per second = 9470381.451524047
Applying point spread function to light intensity array...
Simulating shot noise...
Quantizing intensities...

Saved data to /Users/karan/microsegmentation/SyntheticData_TRIVIAL_DENSE/Images/image-623.png and /Users/karan/microsegmentation/SyntheticData_TRIVIAL_DENSE/Labels/label-623.png.

Took 20.30 seconds.

Loading MT points from /Users/karan/tubulaton/tubulaton-run/tubulaton-624.vtk to numpy array...
Simulating positions of fluorophores...
Number of FPs: 12437328389.094538
Generating label segmentation...
31638 tubulin found in focal plane.
Calculating fluorophore density over focal plane...
44938 fluorophores found in the focal plane.
Calculating fluorophore photon emission rate...
Fluorophore photon emission per second = 9470381.451524047
Applying point spread function to light intensity array...
Simulating shot noise...
Quantizing intensities...

Saved data to /Users/karan/microsegmentation/SyntheticData_TRIVIAL_DENSE/Images/image-624.png and /Users/karan/microsegmentation/SyntheticData_TRIVIAL_DENSE/Labels/label-624.png.

Took 21.36 seconds.

Loading MT points from /Users/karan/tubulaton/tubulaton-run/tubulaton-625.vtk to numpy array...
Simulating positions of fluorophores...
Number of FPs: 11376066554.219814
Generating label segmentation...
30454 tubulin found in focal plane.
Calculating fluorophore density over focal plane...
51927 fluorophores found in the focal plane.
Calculating fluorophore photon emission rate...
Fluorophore photon emission per second = 9470381.451524047
Applying point spread function to light intensity array...
Simulating shot noise...
Quantizing intensities...

Saved data to /Users/karan/microsegmentation/SyntheticData_TRIVIAL_DENSE/Images/image-625.png and /Users/karan/microsegmentation/SyntheticData_TRIVIAL_DENSE/Labels/label-625.png.

Took 20.57 seconds.

Loading MT points from /Users/karan/tubulaton/tubulaton-run/tubulaton-626.vtk to numpy array...
Simulating positions of fluorophores...
Number of FPs: 12736224757.567587
Generating label segmentation...
21632 tubulin found in focal plane.
Calculating fluorophore density over focal plane...
35606 fluorophores found in the focal plane.
Calculating fluorophore photon emission rate...
Fluorophore photon emission per second = 9470381.451524047
Applying point spread function to light intensity array...
Simulating shot noise...
Quantizing intensities...

Saved data to /Users/karan/microsegmentation/SyntheticData_TRIVIAL_DENSE/Images/image-626.png and /Users/karan/microsegmentation/SyntheticData_TRIVIAL_DENSE/Labels/label-626.png.

Took 20.82 seconds.

Loading MT points from /Users/karan/tubulaton/tubulaton-run/tubulaton-627.vtk to numpy array...
Simulating positions of fluorophores...
Number of FPs: 11815588732.479267
Generating label segmentation...
32169 tubulin found in focal plane.
Calculating fluorophore density over focal plane...
52520 fluorophores found in the focal plane.
Calculating fluorophore photon emission rate...
Fluorophore photon emission per second = 9470381.451524047
Applying point spread function to light intensity array...
Simulating shot noise...
Quantizing intensities...

Saved data to /Users/karan/microsegmentation/SyntheticData_TRIVIAL_DENSE/Images/image-627.png and /Users/karan/microsegmentation/SyntheticData_TRIVIAL_DENSE/Labels/label-627.png.

Took 21.47 seconds.

Loading MT points from /Users/karan/tubulaton/tubulaton-run/tubulaton-628.vtk to numpy array...
Simulating positions of fluorophores...
Number of FPs: 11332723582.231628
Generating label segmentation...
34665 tubulin found in focal plane.
Calculating fluorophore density over focal plane...
50694 fluorophores found in the focal plane.
Calculating fluorophore photon emission rate...
Fluorophore photon emission per second = 9470381.451524047
Applying point spread function to light intensity array...
Simulating shot noise...
Quantizing intensities...

Saved data to /Users/karan/microsegmentation/SyntheticData_TRIVIAL_DENSE/Images/image-628.png and /Users/karan/microsegmentation/SyntheticData_TRIVIAL_DENSE/Labels/label-628.png.

Took 20.31 seconds.

Loading MT points from /Users/karan/tubulaton/tubulaton-run/tubulaton-629.vtk to numpy array...
Simulating positions of fluorophores...
Number of FPs: 12284168132.755444
Generating label segmentation...
41601 tubulin found in focal plane.
Calculating fluorophore density over focal plane...
53990 fluorophores found in the focal plane.
Calculating fluorophore photon emission rate...
Fluorophore photon emission per second = 9470381.451524047
Applying point spread function to light intensity array...
Simulating shot noise...
Quantizing intensities...

Saved data to /Users/karan/microsegmentation/SyntheticData_TRIVIAL_DENSE/Images/image-629.png and /Users/karan/microsegmentation/SyntheticData_TRIVIAL_DENSE/Labels/label-629.png.

Took 21.39 seconds.

Loading MT points from /Users/karan/tubulaton/tubulaton-run/tubulaton-630.vtk to numpy array...
Simulating positions of fluorophores...
Number of FPs: 11579188888.247227
Generating label segmentation...
32583 tubulin found in focal plane.
Calculating fluorophore density over focal plane...
51013 fluorophores found in the focal plane.
Calculating fluorophore photon emission rate...
Fluorophore photon emission per second = 9470381.451524047
Applying point spread function to light intensity array...
Simulating shot noise...
Quantizing intensities...

Saved data to /Users/karan/microsegmentation/SyntheticData_TRIVIAL_DENSE/Images/image-630.png and /Users/karan/microsegmentation/SyntheticData_TRIVIAL_DENSE/Labels/label-630.png.

Took 20.78 seconds.

Loading MT points from /Users/karan/tubulaton/tubulaton-run/tubulaton-631.vtk to numpy array...
Simulating positions of fluorophores...
Number of FPs: 12298365963.18938
Generating label segmentation...
27823 tubulin found in focal plane.
Calculating fluorophore density over focal plane...
38647 fluorophores found in the focal plane.
Calculating fluorophore photon emission rate...
Fluorophore photon emission per second = 9470381.451524047
Applying point spread function to light intensity array...
Simulating shot noise...
Quantizing intensities...

Saved data to /Users/karan/microsegmentation/SyntheticData_TRIVIAL_DENSE/Images/image-631.png and /Users/karan/microsegmentation/SyntheticData_TRIVIAL_DENSE/Labels/label-631.png.

Took 21.15 seconds.

Loading MT points from /Users/karan/tubulaton/tubulaton-run/tubulaton-632.vtk to numpy array...
Simulating positions of fluorophores...
Number of FPs: 11868963951.057991
Generating label segmentation...
36587 tubulin found in focal plane.
Calculating fluorophore density over focal plane...
49128 fluorophores found in the focal plane.
Calculating fluorophore photon emission rate...
Fluorophore photon emission per second = 9470381.451524047
Applying point spread function to light intensity array...
Simulating shot noise...
Quantizing intensities...

Saved data to /Users/karan/microsegmentation/SyntheticData_TRIVIAL_DENSE/Images/image-632.png and /Users/karan/microsegmentation/SyntheticData_TRIVIAL_DENSE/Labels/label-632.png.

Took 21.15 seconds.

Loading MT points from /Users/karan/tubulaton/tubulaton-run/tubulaton-633.vtk to numpy array...
Simulating positions of fluorophores...
Number of FPs: 12502978551.037546
Generating label segmentation...
24664 tubulin found in focal plane.
Calculating fluorophore density over focal plane...
35643 fluorophores found in the focal plane.
Calculating fluorophore photon emission rate...
Fluorophore photon emission per second = 9470381.451524047
Applying point spread function to light intensity array...
Simulating shot noise...
Quantizing intensities...

Saved data to /Users/karan/microsegmentation/SyntheticData_TRIVIAL_DENSE/Images/image-633.png and /Users/karan/microsegmentation/SyntheticData_TRIVIAL_DENSE/Labels/label-633.png.

Took 20.58 seconds.

Loading MT points from /Users/karan/tubulaton/tubulaton-run/tubulaton-634.vtk to numpy array...
Simulating positions of fluorophores...
Number of FPs: 11947360095.783665
Generating label segmentation...
35308 tubulin found in focal plane.
Calculating fluorophore density over focal plane...
47124 fluorophores found in the focal plane.
Calculating fluorophore photon emission rate...
Fluorophore photon emission per second = 9470381.451524047
Applying point spread function to light intensity array...
Simulating shot noise...
Quantizing intensities...

Saved data to /Users/karan/microsegmentation/SyntheticData_TRIVIAL_DENSE/Images/image-634.png and /Users/karan/microsegmentation/SyntheticData_TRIVIAL_DENSE/Labels/label-634.png.

Took 20.21 seconds.

Loading MT points from /Users/karan/tubulaton/tubulaton-run/tubulaton-635.vtk to numpy array...
Simulating positions of fluorophores...
Number of FPs: 11792764526.697937
Generating label segmentation...
28675 tubulin found in focal plane.
Calculating fluorophore density over focal plane...
40704 fluorophores found in the focal plane.
Calculating fluorophore photon emission rate...
Fluorophore photon emission per second = 9470381.451524047
Applying point spread function to light intensity array...
Simulating shot noise...
Quantizing intensities...

Saved data to /Users/karan/microsegmentation/SyntheticData_TRIVIAL_DENSE/Images/image-635.png and /Users/karan/microsegmentation/SyntheticData_TRIVIAL_DENSE/Labels/label-635.png.

Took 20.48 seconds.

Loading MT points from /Users/karan/tubulaton/tubulaton-run/tubulaton-636.vtk to numpy array...
Simulating positions of fluorophores...
Number of FPs: 12063035329.252207
Generating label segmentation...
15483 tubulin found in focal plane.
Calculating fluorophore density over focal plane...
28763 fluorophores found in the focal plane.
Calculating fluorophore photon emission rate...
Fluorophore photon emission per second = 9470381.451524047
Applying point spread function to light intensity array...
Simulating shot noise...
Quantizing intensities...

Saved data to /Users/karan/microsegmentation/SyntheticData_TRIVIAL_DENSE/Images/image-636.png and /Users/karan/microsegmentation/SyntheticData_TRIVIAL_DENSE/Labels/label-636.png.

Took 20.75 seconds.

Loading MT points from /Users/karan/tubulaton/tubulaton-run/tubulaton-637.vtk to numpy array...
Simulating positions of fluorophores...
Number of FPs: 12331534878.074886
Generating label segmentation...
32368 tubulin found in focal plane.
Calculating fluorophore density over focal plane...
44953 fluorophores found in the focal plane.
Calculating fluorophore photon emission rate...
Fluorophore photon emission per second = 9470381.451524047
Applying point spread function to light intensity array...
Simulating shot noise...
Quantizing intensities...

Saved data to /Users/karan/microsegmentation/SyntheticData_TRIVIAL_DENSE/Images/image-637.png and /Users/karan/microsegmentation/SyntheticData_TRIVIAL_DENSE/Labels/label-637.png.

Took 21.06 seconds.

Loading MT points from /Users/karan/tubulaton/tubulaton-run/tubulaton-638.vtk to numpy array...
Simulating positions of fluorophores...
Number of FPs: 11367015332.164194
Generating label segmentation...
36584 tubulin found in focal plane.
Calculating fluorophore density over focal plane...
52464 fluorophores found in the focal plane.
Calculating fluorophore photon emission rate...
Fluorophore photon emission per second = 9470381.451524047
Applying point spread function to light intensity array...
Simulating shot noise...
Quantizing intensities...

Saved data to /Users/karan/microsegmentation/SyntheticData_TRIVIAL_DENSE/Images/image-638.png and /Users/karan/microsegmentation/SyntheticData_TRIVIAL_DENSE/Labels/label-638.png.

Took 20.62 seconds.

Loading MT points from /Users/karan/tubulaton/tubulaton-run/tubulaton-639.vtk to numpy array...
Simulating positions of fluorophores...
Number of FPs: 11653272124.68309
Generating label segmentation...
29698 tubulin found in focal plane.
Calculating fluorophore density over focal plane...
44756 fluorophores found in the focal plane.
Calculating fluorophore photon emission rate...
Fluorophore photon emission per second = 9470381.451524047
Applying point spread function to light intensity array...
Simulating shot noise...
Quantizing intensities...

Saved data to /Users/karan/microsegmentation/SyntheticData_TRIVIAL_DENSE/Images/image-639.png and /Users/karan/microsegmentation/SyntheticData_TRIVIAL_DENSE/Labels/label-639.png.

Took 21.53 seconds.

Loading MT points from /Users/karan/tubulaton/tubulaton-run/tubulaton-640.vtk to numpy array...
Simulating positions of fluorophores...
Number of FPs: 12022545096.266825
Generating label segmentation...
26355 tubulin found in focal plane.
Calculating fluorophore density over focal plane...
40867 fluorophores found in the focal plane.
Calculating fluorophore photon emission rate...
Fluorophore photon emission per second = 9470381.451524047
Applying point spread function to light intensity array...
Simulating shot noise...
Quantizing intensities...

Saved data to /Users/karan/microsegmentation/SyntheticData_TRIVIAL_DENSE/Images/image-640.png and /Users/karan/microsegmentation/SyntheticData_TRIVIAL_DENSE/Labels/label-640.png.

Took 20.41 seconds.

Loading MT points from /Users/karan/tubulaton/tubulaton-run/tubulaton-641.vtk to numpy array...
Simulating positions of fluorophores...
Number of FPs: 11906020377.746153
Generating label segmentation...
25275 tubulin found in focal plane.
Calculating fluorophore density over focal plane...
39925 fluorophores found in the focal plane.
Calculating fluorophore photon emission rate...
Fluorophore photon emission per second = 9470381.451524047
Applying point spread function to light intensity array...
Simulating shot noise...
Quantizing intensities...

Saved data to /Users/karan/microsegmentation/SyntheticData_TRIVIAL_DENSE/Images/image-641.png and /Users/karan/microsegmentation/SyntheticData_TRIVIAL_DENSE/Labels/label-641.png.

Took 20.87 seconds.

Loading MT points from /Users/karan/tubulaton/tubulaton-run/tubulaton-642.vtk to numpy array...
Simulating positions of fluorophores...
Number of FPs: 11741366055.651224
Generating label segmentation...
24034 tubulin found in focal plane.
Calculating fluorophore density over focal plane...
36984 fluorophores found in the focal plane.
Calculating fluorophore photon emission rate...
Fluorophore photon emission per second = 9470381.451524047
Applying point spread function to light intensity array...
Simulating shot noise...
Quantizing intensities...

Saved data to /Users/karan/microsegmentation/SyntheticData_TRIVIAL_DENSE/Images/image-642.png and /Users/karan/microsegmentation/SyntheticData_TRIVIAL_DENSE/Labels/label-642.png.

Took 19.94 seconds.

Loading MT points from /Users/karan/tubulaton/tubulaton-run/tubulaton-643.vtk to numpy array...
Simulating positions of fluorophores...
Number of FPs: 12365366758.751
Generating label segmentation...
22299 tubulin found in focal plane.
Calculating fluorophore density over focal plane...
32375 fluorophores found in the focal plane.
Calculating fluorophore photon emission rate...
Fluorophore photon emission per second = 9470381.451524047
Applying point spread function to light intensity array...
Simulating shot noise...
Quantizing intensities...

Saved data to /Users/karan/microsegmentation/SyntheticData_TRIVIAL_DENSE/Images/image-643.png and /Users/karan/microsegmentation/SyntheticData_TRIVIAL_DENSE/Labels/label-643.png.

Took 20.84 seconds.

Loading MT points from /Users/karan/tubulaton/tubulaton-run/tubulaton-644.vtk to numpy array...
Simulating positions of fluorophores...
Number of FPs: 12220456478.878168
Generating label segmentation...
25780 tubulin found in focal plane.
Calculating fluorophore density over focal plane...
41320 fluorophores found in the focal plane.
Calculating fluorophore photon emission rate...
Fluorophore photon emission per second = 9470381.451524047
Applying point spread function to light intensity array...
Simulating shot noise...
Quantizing intensities...

Saved data to /Users/karan/microsegmentation/SyntheticData_TRIVIAL_DENSE/Images/image-644.png and /Users/karan/microsegmentation/SyntheticData_TRIVIAL_DENSE/Labels/label-644.png.

Took 21.76 seconds.

Loading MT points from /Users/karan/tubulaton/tubulaton-run/tubulaton-645.vtk to numpy array...
Simulating positions of fluorophores...
Number of FPs: 11625718406.017082
Generating label segmentation...
25920 tubulin found in focal plane.
Calculating fluorophore density over focal plane...
35481 fluorophores found in the focal plane.
Calculating fluorophore photon emission rate...
Fluorophore photon emission per second = 9470381.451524047
Applying point spread function to light intensity array...
Simulating shot noise...
Quantizing intensities...

Saved data to /Users/karan/microsegmentation/SyntheticData_TRIVIAL_DENSE/Images/image-645.png and /Users/karan/microsegmentation/SyntheticData_TRIVIAL_DENSE/Labels/label-645.png.

Took 20.42 seconds.

Loading MT points from /Users/karan/tubulaton/tubulaton-run/tubulaton-646.vtk to numpy array...
Simulating positions of fluorophores...
Number of FPs: 11947224894.248884
Generating label segmentation...
23552 tubulin found in focal plane.
Calculating fluorophore density over focal plane...
33942 fluorophores found in the focal plane.
Calculating fluorophore photon emission rate...
Fluorophore photon emission per second = 9470381.451524047
Applying point spread function to light intensity array...
Simulating shot noise...
Quantizing intensities...

Saved data to /Users/karan/microsegmentation/SyntheticData_TRIVIAL_DENSE/Images/image-646.png and /Users/karan/microsegmentation/SyntheticData_TRIVIAL_DENSE/Labels/label-646.png.

Took 20.27 seconds.

Loading MT points from /Users/karan/tubulaton/tubulaton-run/tubulaton-647.vtk to numpy array...
Simulating positions of fluorophores...
Number of FPs: 11910556435.259653
Generating label segmentation...
26168 tubulin found in focal plane.
Calculating fluorophore density over focal plane...
36575 fluorophores found in the focal plane.
Calculating fluorophore photon emission rate...
Fluorophore photon emission per second = 9470381.451524047
Applying point spread function to light intensity array...
Simulating shot noise...
Quantizing intensities...

Saved data to /Users/karan/microsegmentation/SyntheticData_TRIVIAL_DENSE/Images/image-647.png and /Users/karan/microsegmentation/SyntheticData_TRIVIAL_DENSE/Labels/label-647.png.

Took 20.40 seconds.

Loading MT points from /Users/karan/tubulaton/tubulaton-run/tubulaton-648.vtk to numpy array...
Simulating positions of fluorophores...
Number of FPs: 11979444244.108484
Generating label segmentation...
33130 tubulin found in focal plane.
Calculating fluorophore density over focal plane...
42622 fluorophores found in the focal plane.
Calculating fluorophore photon emission rate...
Fluorophore photon emission per second = 9470381.451524047
Applying point spread function to light intensity array...
Simulating shot noise...
Quantizing intensities...

Saved data to /Users/karan/microsegmentation/SyntheticData_TRIVIAL_DENSE/Images/image-648.png and /Users/karan/microsegmentation/SyntheticData_TRIVIAL_DENSE/Labels/label-648.png.

Took 20.07 seconds.

Loading MT points from /Users/karan/tubulaton/tubulaton-run/tubulaton-649.vtk to numpy array...
Simulating positions of fluorophores...
Number of FPs: 11727651036.7794
Generating label segmentation...
30598 tubulin found in focal plane.
Calculating fluorophore density over focal plane...
40951 fluorophores found in the focal plane.
Calculating fluorophore photon emission rate...
Fluorophore photon emission per second = 9470381.451524047
Applying point spread function to light intensity array...
Simulating shot noise...
Quantizing intensities...

Saved data to /Users/karan/microsegmentation/SyntheticData_TRIVIAL_DENSE/Images/image-649.png and /Users/karan/microsegmentation/SyntheticData_TRIVIAL_DENSE/Labels/label-649.png.

Took 20.21 seconds.

Loading MT points from /Users/karan/tubulaton/tubulaton-run/tubulaton-650.vtk to numpy array...
Simulating positions of fluorophores...
Number of FPs: 11744316359.052704
Generating label segmentation...
31565 tubulin found in focal plane.
Calculating fluorophore density over focal plane...
47418 fluorophores found in the focal plane.
Calculating fluorophore photon emission rate...
Fluorophore photon emission per second = 9470381.451524047
Applying point spread function to light intensity array...
Simulating shot noise...
Quantizing intensities...

Saved data to /Users/karan/microsegmentation/SyntheticData_TRIVIAL_DENSE/Images/image-650.png and /Users/karan/microsegmentation/SyntheticData_TRIVIAL_DENSE/Labels/label-650.png.

Took 20.96 seconds.

Loading MT points from /Users/karan/tubulaton/tubulaton-run/tubulaton-651.vtk to numpy array...
Simulating positions of fluorophores...
Number of FPs: 11981118530.0093
Generating label segmentation...
24473 tubulin found in focal plane.
Calculating fluorophore density over focal plane...
35219 fluorophores found in the focal plane.
Calculating fluorophore photon emission rate...
Fluorophore photon emission per second = 9470381.451524047
Applying point spread function to light intensity array...
Simulating shot noise...
Quantizing intensities...

Saved data to /Users/karan/microsegmentation/SyntheticData_TRIVIAL_DENSE/Images/image-651.png and /Users/karan/microsegmentation/SyntheticData_TRIVIAL_DENSE/Labels/label-651.png.

Took 20.97 seconds.

Loading MT points from /Users/karan/tubulaton/tubulaton-run/tubulaton-652.vtk to numpy array...
Simulating positions of fluorophores...
Number of FPs: 11531467470.50093
Generating label segmentation...
33055 tubulin found in focal plane.
Calculating fluorophore density over focal plane...
49165 fluorophores found in the focal plane.
Calculating fluorophore photon emission rate...
Fluorophore photon emission per second = 9470381.451524047
Applying point spread function to light intensity array...
Simulating shot noise...
Quantizing intensities...

Saved data to /Users/karan/microsegmentation/SyntheticData_TRIVIAL_DENSE/Images/image-652.png and /Users/karan/microsegmentation/SyntheticData_TRIVIAL_DENSE/Labels/label-652.png.

Took 20.62 seconds.

Loading MT points from /Users/karan/tubulaton/tubulaton-run/tubulaton-653.vtk to numpy array...
Simulating positions of fluorophores...
Number of FPs: 12103622854.72754
Generating label segmentation...
18384 tubulin found in focal plane.
Calculating fluorophore density over focal plane...
32159 fluorophores found in the focal plane.
Calculating fluorophore photon emission rate...
Fluorophore photon emission per second = 9470381.451524047
Applying point spread function to light intensity array...
Simulating shot noise...
Quantizing intensities...

Saved data to /Users/karan/microsegmentation/SyntheticData_TRIVIAL_DENSE/Images/image-653.png and /Users/karan/microsegmentation/SyntheticData_TRIVIAL_DENSE/Labels/label-653.png.

Took 21.10 seconds.

Loading MT points from /Users/karan/tubulaton/tubulaton-run/tubulaton-654.vtk to numpy array...
Simulating positions of fluorophores...
Number of FPs: 12173143144.319447
Generating label segmentation...
30185 tubulin found in focal plane.
Calculating fluorophore density over focal plane...
46501 fluorophores found in the focal plane.
Calculating fluorophore photon emission rate...
Fluorophore photon emission per second = 9470381.451524047
Applying point spread function to light intensity array...
Simulating shot noise...
Quantizing intensities...

Saved data to /Users/karan/microsegmentation/SyntheticData_TRIVIAL_DENSE/Images/image-654.png and /Users/karan/microsegmentation/SyntheticData_TRIVIAL_DENSE/Labels/label-654.png.

Took 21.35 seconds.

Loading MT points from /Users/karan/tubulaton/tubulaton-run/tubulaton-655.vtk to numpy array...
Simulating positions of fluorophores...
Number of FPs: 11391092769.782091
Generating label segmentation...
27143 tubulin found in focal plane.
Calculating fluorophore density over focal plane...
36794 fluorophores found in the focal plane.
Calculating fluorophore photon emission rate...
Fluorophore photon emission per second = 9470381.451524047
Applying point spread function to light intensity array...
Simulating shot noise...
Quantizing intensities...

Saved data to /Users/karan/microsegmentation/SyntheticData_TRIVIAL_DENSE/Images/image-655.png and /Users/karan/microsegmentation/SyntheticData_TRIVIAL_DENSE/Labels/label-655.png.

Took 19.67 seconds.

Loading MT points from /Users/karan/tubulaton/tubulaton-run/tubulaton-656.vtk to numpy array...
Simulating positions of fluorophores...
Number of FPs: 12116206502.860844
Generating label segmentation...
35551 tubulin found in focal plane.
Calculating fluorophore density over focal plane...
54715 fluorophores found in the focal plane.
Calculating fluorophore photon emission rate...
Fluorophore photon emission per second = 9470381.451524047
Applying point spread function to light intensity array...
Simulating shot noise...
Quantizing intensities...

Saved data to /Users/karan/microsegmentation/SyntheticData_TRIVIAL_DENSE/Images/image-656.png and /Users/karan/microsegmentation/SyntheticData_TRIVIAL_DENSE/Labels/label-656.png.

Took 21.68 seconds.

Loading MT points from /Users/karan/tubulaton/tubulaton-run/tubulaton-657.vtk to numpy array...
Simulating positions of fluorophores...
Number of FPs: 11769758653.39669
Generating label segmentation...
25462 tubulin found in focal plane.
Calculating fluorophore density over focal plane...
41117 fluorophores found in the focal plane.
Calculating fluorophore photon emission rate...
Fluorophore photon emission per second = 9470381.451524047
Applying point spread function to light intensity array...
Simulating shot noise...
Quantizing intensities...

Saved data to /Users/karan/microsegmentation/SyntheticData_TRIVIAL_DENSE/Images/image-657.png and /Users/karan/microsegmentation/SyntheticData_TRIVIAL_DENSE/Labels/label-657.png.

Took 21.02 seconds.

Loading MT points from /Users/karan/tubulaton/tubulaton-run/tubulaton-658.vtk to numpy array...
Simulating positions of fluorophores...
Number of FPs: 11884749215.584517
Generating label segmentation...
33224 tubulin found in focal plane.
Calculating fluorophore density over focal plane...
44648 fluorophores found in the focal plane.
Calculating fluorophore photon emission rate...
Fluorophore photon emission per second = 9470381.451524047
Applying point spread function to light intensity array...
Simulating shot noise...
Quantizing intensities...

Saved data to /Users/karan/microsegmentation/SyntheticData_TRIVIAL_DENSE/Images/image-658.png and /Users/karan/microsegmentation/SyntheticData_TRIVIAL_DENSE/Labels/label-658.png.

Took 21.15 seconds.

Loading MT points from /Users/karan/tubulaton/tubulaton-run/tubulaton-659.vtk to numpy array...
Simulating positions of fluorophores...
Number of FPs: 12078151441.58168
Generating label segmentation...
26699 tubulin found in focal plane.
Calculating fluorophore density over focal plane...
37147 fluorophores found in the focal plane.
Calculating fluorophore photon emission rate...
Fluorophore photon emission per second = 9470381.451524047
Applying point spread function to light intensity array...
Simulating shot noise...
Quantizing intensities...

Saved data to /Users/karan/microsegmentation/SyntheticData_TRIVIAL_DENSE/Images/image-659.png and /Users/karan/microsegmentation/SyntheticData_TRIVIAL_DENSE/Labels/label-659.png.

Took 20.72 seconds.

Loading MT points from /Users/karan/tubulaton/tubulaton-run/tubulaton-660.vtk to numpy array...
Simulating positions of fluorophores...
Number of FPs: 11421419880.7446
Generating label segmentation...
34372 tubulin found in focal plane.
Calculating fluorophore density over focal plane...
45996 fluorophores found in the focal plane.
Calculating fluorophore photon emission rate...
Fluorophore photon emission per second = 9470381.451524047
Applying point spread function to light intensity array...
Simulating shot noise...
Quantizing intensities...

Saved data to /Users/karan/microsegmentation/SyntheticData_TRIVIAL_DENSE/Images/image-660.png and /Users/karan/microsegmentation/SyntheticData_TRIVIAL_DENSE/Labels/label-660.png.

Took 20.15 seconds.

Loading MT points from /Users/karan/tubulaton/tubulaton-run/tubulaton-661.vtk to numpy array...
Simulating positions of fluorophores...
Number of FPs: 11911580046.636522
Generating label segmentation...
29675 tubulin found in focal plane.
Calculating fluorophore density over focal plane...
44170 fluorophores found in the focal plane.
Calculating fluorophore photon emission rate...
Fluorophore photon emission per second = 9470381.451524047
Applying point spread function to light intensity array...
Simulating shot noise...
Quantizing intensities...

Saved data to /Users/karan/microsegmentation/SyntheticData_TRIVIAL_DENSE/Images/image-661.png and /Users/karan/microsegmentation/SyntheticData_TRIVIAL_DENSE/Labels/label-661.png.

Took 20.10 seconds.

Loading MT points from /Users/karan/tubulaton/tubulaton-run/tubulaton-662.vtk to numpy array...
Simulating positions of fluorophores...
Number of FPs: 11990108663.661345
Generating label segmentation...
37421 tubulin found in focal plane.
Calculating fluorophore density over focal plane...
49909 fluorophores found in the focal plane.
Calculating fluorophore photon emission rate...
Fluorophore photon emission per second = 9470381.451524047
Applying point spread function to light intensity array...
Simulating shot noise...
Quantizing intensities...

Saved data to /Users/karan/microsegmentation/SyntheticData_TRIVIAL_DENSE/Images/image-662.png and /Users/karan/microsegmentation/SyntheticData_TRIVIAL_DENSE/Labels/label-662.png.

Took 20.72 seconds.

Loading MT points from /Users/karan/tubulaton/tubulaton-run/tubulaton-663.vtk to numpy array...
Simulating positions of fluorophores...
Number of FPs: 12260700532.981464
Generating label segmentation...
24415 tubulin found in focal plane.
Calculating fluorophore density over focal plane...
36717 fluorophores found in the focal plane.
Calculating fluorophore photon emission rate...
Fluorophore photon emission per second = 9470381.451524047
Applying point spread function to light intensity array...
Simulating shot noise...
Quantizing intensities...

Saved data to /Users/karan/microsegmentation/SyntheticData_TRIVIAL_DENSE/Images/image-663.png and /Users/karan/microsegmentation/SyntheticData_TRIVIAL_DENSE/Labels/label-663.png.

Took 20.53 seconds.

Loading MT points from /Users/karan/tubulaton/tubulaton-run/tubulaton-664.vtk to numpy array...
Simulating positions of fluorophores...
Number of FPs: 12293733046.841747
Generating label segmentation...
32645 tubulin found in focal plane.
Calculating fluorophore density over focal plane...
48420 fluorophores found in the focal plane.
Calculating fluorophore photon emission rate...
Fluorophore photon emission per second = 9470381.451524047
Applying point spread function to light intensity array...
Simulating shot noise...
Quantizing intensities...

Saved data to /Users/karan/microsegmentation/SyntheticData_TRIVIAL_DENSE/Images/image-664.png and /Users/karan/microsegmentation/SyntheticData_TRIVIAL_DENSE/Labels/label-664.png.

Took 20.86 seconds.

Loading MT points from /Users/karan/tubulaton/tubulaton-run/tubulaton-665.vtk to numpy array...
Simulating positions of fluorophores...
Number of FPs: 12016819426.959753
Generating label segmentation...
22233 tubulin found in focal plane.
Calculating fluorophore density over focal plane...
34445 fluorophores found in the focal plane.
Calculating fluorophore photon emission rate...
Fluorophore photon emission per second = 9470381.451524047
Applying point spread function to light intensity array...
Simulating shot noise...
Quantizing intensities...

Saved data to /Users/karan/microsegmentation/SyntheticData_TRIVIAL_DENSE/Images/image-665.png and /Users/karan/microsegmentation/SyntheticData_TRIVIAL_DENSE/Labels/label-665.png.

Took 20.71 seconds.

Loading MT points from /Users/karan/tubulaton/tubulaton-run/tubulaton-666.vtk to numpy array...
Simulating positions of fluorophores...
Number of FPs: 12084429930.809484
Generating label segmentation...
34935 tubulin found in focal plane.
Calculating fluorophore density over focal plane...
49288 fluorophores found in the focal plane.
Calculating fluorophore photon emission rate...
Fluorophore photon emission per second = 9470381.451524047
Applying point spread function to light intensity array...
Simulating shot noise...
Quantizing intensities...

Saved data to /Users/karan/microsegmentation/SyntheticData_TRIVIAL_DENSE/Images/image-666.png and /Users/karan/microsegmentation/SyntheticData_TRIVIAL_DENSE/Labels/label-666.png.

Took 21.58 seconds.

Loading MT points from /Users/karan/tubulaton/tubulaton-run/tubulaton-667.vtk to numpy array...
Simulating positions of fluorophores...
Number of FPs: 11774762425.71863
Generating label segmentation...
26112 tubulin found in focal plane.
Calculating fluorophore density over focal plane...
40182 fluorophores found in the focal plane.
Calculating fluorophore photon emission rate...
Fluorophore photon emission per second = 9470381.451524047
Applying point spread function to light intensity array...
Simulating shot noise...
Quantizing intensities...

Saved data to /Users/karan/microsegmentation/SyntheticData_TRIVIAL_DENSE/Images/image-667.png and /Users/karan/microsegmentation/SyntheticData_TRIVIAL_DENSE/Labels/label-667.png.

Took 20.51 seconds.

Loading MT points from /Users/karan/tubulaton/tubulaton-run/tubulaton-668.vtk to numpy array...
Simulating positions of fluorophores...
Number of FPs: 11493298756.02144
Generating label segmentation...
35009 tubulin found in focal plane.
Calculating fluorophore density over focal plane...
45632 fluorophores found in the focal plane.
Calculating fluorophore photon emission rate...
Fluorophore photon emission per second = 9470381.451524047
Applying point spread function to light intensity array...
Simulating shot noise...
Quantizing intensities...

Saved data to /Users/karan/microsegmentation/SyntheticData_TRIVIAL_DENSE/Images/image-668.png and /Users/karan/microsegmentation/SyntheticData_TRIVIAL_DENSE/Labels/label-668.png.

Took 20.23 seconds.

Loading MT points from /Users/karan/tubulaton/tubulaton-run/tubulaton-669.vtk to numpy array...
Simulating positions of fluorophores...
Number of FPs: 12392254920.302362
Generating label segmentation...
27015 tubulin found in focal plane.
Calculating fluorophore density over focal plane...
36916 fluorophores found in the focal plane.
Calculating fluorophore photon emission rate...
Fluorophore photon emission per second = 9470381.451524047
Applying point spread function to light intensity array...
Simulating shot noise...
Quantizing intensities...

Saved data to /Users/karan/microsegmentation/SyntheticData_TRIVIAL_DENSE/Images/image-669.png and /Users/karan/microsegmentation/SyntheticData_TRIVIAL_DENSE/Labels/label-669.png.

Took 20.44 seconds.

Loading MT points from /Users/karan/tubulaton/tubulaton-run/tubulaton-670.vtk to numpy array...
Simulating positions of fluorophores...
Number of FPs: 11291628315.59297
Generating label segmentation...
32952 tubulin found in focal plane.
Calculating fluorophore density over focal plane...
42733 fluorophores found in the focal plane.
Calculating fluorophore photon emission rate...
Fluorophore photon emission per second = 9470381.451524047
Applying point spread function to light intensity array...
Simulating shot noise...
Quantizing intensities...

Saved data to /Users/karan/microsegmentation/SyntheticData_TRIVIAL_DENSE/Images/image-670.png and /Users/karan/microsegmentation/SyntheticData_TRIVIAL_DENSE/Labels/label-670.png.

Took 19.95 seconds.

Loading MT points from /Users/karan/tubulaton/tubulaton-run/tubulaton-671.vtk to numpy array...
Simulating positions of fluorophores...
Number of FPs: 11992686363.085068
Generating label segmentation...
31237 tubulin found in focal plane.
Calculating fluorophore density over focal plane...
47054 fluorophores found in the focal plane.
Calculating fluorophore photon emission rate...
Fluorophore photon emission per second = 9470381.451524047
Applying point spread function to light intensity array...
Simulating shot noise...
Quantizing intensities...

Saved data to /Users/karan/microsegmentation/SyntheticData_TRIVIAL_DENSE/Images/image-671.png and /Users/karan/microsegmentation/SyntheticData_TRIVIAL_DENSE/Labels/label-671.png.

Took 21.19 seconds.

Loading MT points from /Users/karan/tubulaton/tubulaton-run/tubulaton-672.vtk to numpy array...
Simulating positions of fluorophores...
Number of FPs: 11240851686.244799
Generating label segmentation...
38441 tubulin found in focal plane.
Calculating fluorophore density over focal plane...
51307 fluorophores found in the focal plane.
Calculating fluorophore photon emission rate...
Fluorophore photon emission per second = 9470381.451524047
Applying point spread function to light intensity array...
Simulating shot noise...
Quantizing intensities...

Saved data to /Users/karan/microsegmentation/SyntheticData_TRIVIAL_DENSE/Images/image-672.png and /Users/karan/microsegmentation/SyntheticData_TRIVIAL_DENSE/Labels/label-672.png.

Took 20.13 seconds.

Loading MT points from /Users/karan/tubulaton/tubulaton-run/tubulaton-673.vtk to numpy array...
Simulating positions of fluorophores...
Number of FPs: 11807286159.885004
Generating label segmentation...
28468 tubulin found in focal plane.
Calculating fluorophore density over focal plane...
40965 fluorophores found in the focal plane.
Calculating fluorophore photon emission rate...
Fluorophore photon emission per second = 9470381.451524047
Applying point spread function to light intensity array...
Simulating shot noise...
Quantizing intensities...

Saved data to /Users/karan/microsegmentation/SyntheticData_TRIVIAL_DENSE/Images/image-673.png and /Users/karan/microsegmentation/SyntheticData_TRIVIAL_DENSE/Labels/label-673.png.

Took 20.41 seconds.

Loading MT points from /Users/karan/tubulaton/tubulaton-run/tubulaton-674.vtk to numpy array...
Simulating positions of fluorophores...
Number of FPs: 12779348144.992807
Generating label segmentation...
30733 tubulin found in focal plane.
Calculating fluorophore density over focal plane...
41057 fluorophores found in the focal plane.
Calculating fluorophore photon emission rate...
Fluorophore photon emission per second = 9470381.451524047
Applying point spread function to light intensity array...
Simulating shot noise...
Quantizing intensities...

Saved data to /Users/karan/microsegmentation/SyntheticData_TRIVIAL_DENSE/Images/image-674.png and /Users/karan/microsegmentation/SyntheticData_TRIVIAL_DENSE/Labels/label-674.png.

Took 20.62 seconds.

Loading MT points from /Users/karan/tubulaton/tubulaton-run/tubulaton-675.vtk to numpy array...
Simulating positions of fluorophores...
Number of FPs: 11505951612.030998
Generating label segmentation...
24376 tubulin found in focal plane.
Calculating fluorophore density over focal plane...
38081 fluorophores found in the focal plane.
Calculating fluorophore photon emission rate...
Fluorophore photon emission per second = 9470381.451524047
Applying point spread function to light intensity array...
Simulating shot noise...
Quantizing intensities...

Saved data to /Users/karan/microsegmentation/SyntheticData_TRIVIAL_DENSE/Images/image-675.png and /Users/karan/microsegmentation/SyntheticData_TRIVIAL_DENSE/Labels/label-675.png.

Took 20.19 seconds.

Loading MT points from /Users/karan/tubulaton/tubulaton-run/tubulaton-676.vtk to numpy array...
Simulating positions of fluorophores...
Number of FPs: 11728968942.794964
Generating label segmentation...
29287 tubulin found in focal plane.
Calculating fluorophore density over focal plane...
43162 fluorophores found in the focal plane.
Calculating fluorophore photon emission rate...
Fluorophore photon emission per second = 9470381.451524047
Applying point spread function to light intensity array...
Simulating shot noise...
Quantizing intensities...

Saved data to /Users/karan/microsegmentation/SyntheticData_TRIVIAL_DENSE/Images/image-676.png and /Users/karan/microsegmentation/SyntheticData_TRIVIAL_DENSE/Labels/label-676.png.

Took 20.35 seconds.

Loading MT points from /Users/karan/tubulaton/tubulaton-run/tubulaton-677.vtk to numpy array...
Simulating positions of fluorophores...
Number of FPs: 11590185897.03835
Generating label segmentation...
30274 tubulin found in focal plane.
Calculating fluorophore density over focal plane...
43797 fluorophores found in the focal plane.
Calculating fluorophore photon emission rate...
Fluorophore photon emission per second = 9470381.451524047
Applying point spread function to light intensity array...
Simulating shot noise...
Quantizing intensities...

Saved data to /Users/karan/microsegmentation/SyntheticData_TRIVIAL_DENSE/Images/image-677.png and /Users/karan/microsegmentation/SyntheticData_TRIVIAL_DENSE/Labels/label-677.png.

Took 21.03 seconds.

Loading MT points from /Users/karan/tubulaton/tubulaton-run/tubulaton-678.vtk to numpy array...
Simulating positions of fluorophores...
Number of FPs: 11480121984.156687
Generating label segmentation...
31467 tubulin found in focal plane.
Calculating fluorophore density over focal plane...
47378 fluorophores found in the focal plane.
Calculating fluorophore photon emission rate...
Fluorophore photon emission per second = 9470381.451524047
Applying point spread function to light intensity array...
Simulating shot noise...
Quantizing intensities...

Saved data to /Users/karan/microsegmentation/SyntheticData_TRIVIAL_DENSE/Images/image-678.png and /Users/karan/microsegmentation/SyntheticData_TRIVIAL_DENSE/Labels/label-678.png.

Took 20.56 seconds.

Loading MT points from /Users/karan/tubulaton/tubulaton-run/tubulaton-679.vtk to numpy array...
Simulating positions of fluorophores...
Number of FPs: 11873578335.048012
Generating label segmentation...
28709 tubulin found in focal plane.
Calculating fluorophore density over focal plane...
41452 fluorophores found in the focal plane.
Calculating fluorophore photon emission rate...
Fluorophore photon emission per second = 9470381.451524047
Applying point spread function to light intensity array...
Simulating shot noise...
Quantizing intensities...

Saved data to /Users/karan/microsegmentation/SyntheticData_TRIVIAL_DENSE/Images/image-679.png and /Users/karan/microsegmentation/SyntheticData_TRIVIAL_DENSE/Labels/label-679.png.

Took 20.87 seconds.

Loading MT points from /Users/karan/tubulaton/tubulaton-run/tubulaton-680.vtk to numpy array...
Simulating positions of fluorophores...
Number of FPs: 12003617647.445013
Generating label segmentation...
30735 tubulin found in focal plane.
Calculating fluorophore density over focal plane...
46895 fluorophores found in the focal plane.
Calculating fluorophore photon emission rate...
Fluorophore photon emission per second = 9470381.451524047
Applying point spread function to light intensity array...
Simulating shot noise...
Quantizing intensities...

Saved data to /Users/karan/microsegmentation/SyntheticData_TRIVIAL_DENSE/Images/image-680.png and /Users/karan/microsegmentation/SyntheticData_TRIVIAL_DENSE/Labels/label-680.png.

Took 21.40 seconds.

Loading MT points from /Users/karan/tubulaton/tubulaton-run/tubulaton-681.vtk to numpy array...
Simulating positions of fluorophores...
Number of FPs: 12110239019.887949
Generating label segmentation...
35049 tubulin found in focal plane.
Calculating fluorophore density over focal plane...
53308 fluorophores found in the focal plane.
Calculating fluorophore photon emission rate...
Fluorophore photon emission per second = 9470381.451524047
Applying point spread function to light intensity array...
Simulating shot noise...
Quantizing intensities...

Saved data to /Users/karan/microsegmentation/SyntheticData_TRIVIAL_DENSE/Images/image-681.png and /Users/karan/microsegmentation/SyntheticData_TRIVIAL_DENSE/Labels/label-681.png.

Took 21.70 seconds.

Loading MT points from /Users/karan/tubulaton/tubulaton-run/tubulaton-682.vtk to numpy array...
Simulating positions of fluorophores...
Number of FPs: 11424754025.469406
Generating label segmentation...
23627 tubulin found in focal plane.
Calculating fluorophore density over focal plane...
41948 fluorophores found in the focal plane.
Calculating fluorophore photon emission rate...
Fluorophore photon emission per second = 9470381.451524047
Applying point spread function to light intensity array...
Simulating shot noise...
Quantizing intensities...

Saved data to /Users/karan/microsegmentation/SyntheticData_TRIVIAL_DENSE/Images/image-682.png and /Users/karan/microsegmentation/SyntheticData_TRIVIAL_DENSE/Labels/label-682.png.

Took 20.49 seconds.

Loading MT points from /Users/karan/tubulaton/tubulaton-run/tubulaton-683.vtk to numpy array...
Simulating positions of fluorophores...
Number of FPs: 12169333359.885439
Generating label segmentation...
25772 tubulin found in focal plane.
Calculating fluorophore density over focal plane...
40104 fluorophores found in the focal plane.
Calculating fluorophore photon emission rate...
Fluorophore photon emission per second = 9470381.451524047
Applying point spread function to light intensity array...
Simulating shot noise...
Quantizing intensities...

Saved data to /Users/karan/microsegmentation/SyntheticData_TRIVIAL_DENSE/Images/image-683.png and /Users/karan/microsegmentation/SyntheticData_TRIVIAL_DENSE/Labels/label-683.png.

Took 21.52 seconds.

Loading MT points from /Users/karan/tubulaton/tubulaton-run/tubulaton-684.vtk to numpy array...
Simulating positions of fluorophores...
Number of FPs: 11895018018.623987
Generating label segmentation...
30954 tubulin found in focal plane.
Calculating fluorophore density over focal plane...
43837 fluorophores found in the focal plane.
Calculating fluorophore photon emission rate...
Fluorophore photon emission per second = 9470381.451524047
Applying point spread function to light intensity array...
Simulating shot noise...
Quantizing intensities...

Saved data to /Users/karan/microsegmentation/SyntheticData_TRIVIAL_DENSE/Images/image-684.png and /Users/karan/microsegmentation/SyntheticData_TRIVIAL_DENSE/Labels/label-684.png.

Took 20.30 seconds.

Loading MT points from /Users/karan/tubulaton/tubulaton-run/tubulaton-685.vtk to numpy array...
Simulating positions of fluorophores...
Number of FPs: 11459773180.687336
Generating label segmentation...
33263 tubulin found in focal plane.
Calculating fluorophore density over focal plane...
50041 fluorophores found in the focal plane.
Calculating fluorophore photon emission rate...
Fluorophore photon emission per second = 9470381.451524047
Applying point spread function to light intensity array...
Simulating shot noise...
Quantizing intensities...

Saved data to /Users/karan/microsegmentation/SyntheticData_TRIVIAL_DENSE/Images/image-685.png and /Users/karan/microsegmentation/SyntheticData_TRIVIAL_DENSE/Labels/label-685.png.

Took 20.44 seconds.

Loading MT points from /Users/karan/tubulaton/tubulaton-run/tubulaton-686.vtk to numpy array...
Simulating positions of fluorophores...
Number of FPs: 11468027959.670559
Generating label segmentation...
31551 tubulin found in focal plane.
Calculating fluorophore density over focal plane...
42328 fluorophores found in the focal plane.
Calculating fluorophore photon emission rate...
Fluorophore photon emission per second = 9470381.451524047
Applying point spread function to light intensity array...
Simulating shot noise...
Quantizing intensities...

Saved data to /Users/karan/microsegmentation/SyntheticData_TRIVIAL_DENSE/Images/image-686.png and /Users/karan/microsegmentation/SyntheticData_TRIVIAL_DENSE/Labels/label-686.png.

Took 20.54 seconds.

Loading MT points from /Users/karan/tubulaton/tubulaton-run/tubulaton-687.vtk to numpy array...
Simulating positions of fluorophores...
Number of FPs: 11990062409.331047
Generating label segmentation...
22119 tubulin found in focal plane.
Calculating fluorophore density over focal plane...
36538 fluorophores found in the focal plane.
Calculating fluorophore photon emission rate...
Fluorophore photon emission per second = 9470381.451524047
Applying point spread function to light intensity array...
Simulating shot noise...
Quantizing intensities...

Saved data to /Users/karan/microsegmentation/SyntheticData_TRIVIAL_DENSE/Images/image-687.png and /Users/karan/microsegmentation/SyntheticData_TRIVIAL_DENSE/Labels/label-687.png.

Took 20.66 seconds.

Loading MT points from /Users/karan/tubulaton/tubulaton-run/tubulaton-688.vtk to numpy array...
Simulating positions of fluorophores...
Number of FPs: 11819275044.563173
Generating label segmentation...
29537 tubulin found in focal plane.
Calculating fluorophore density over focal plane...
43014 fluorophores found in the focal plane.
Calculating fluorophore photon emission rate...
Fluorophore photon emission per second = 9470381.451524047
Applying point spread function to light intensity array...
Simulating shot noise...
Quantizing intensities...

Saved data to /Users/karan/microsegmentation/SyntheticData_TRIVIAL_DENSE/Images/image-688.png and /Users/karan/microsegmentation/SyntheticData_TRIVIAL_DENSE/Labels/label-688.png.

Took 20.22 seconds.

Loading MT points from /Users/karan/tubulaton/tubulaton-run/tubulaton-689.vtk to numpy array...
Simulating positions of fluorophores...
Number of FPs: 12410179633.851475
Generating label segmentation...
25688 tubulin found in focal plane.
Calculating fluorophore density over focal plane...
37503 fluorophores found in the focal plane.
Calculating fluorophore photon emission rate...
Fluorophore photon emission per second = 9470381.451524047
Applying point spread function to light intensity array...
Simulating shot noise...
Quantizing intensities...

Saved data to /Users/karan/microsegmentation/SyntheticData_TRIVIAL_DENSE/Images/image-689.png and /Users/karan/microsegmentation/SyntheticData_TRIVIAL_DENSE/Labels/label-689.png.

Took 20.90 seconds.

Loading MT points from /Users/karan/tubulaton/tubulaton-run/tubulaton-690.vtk to numpy array...
Simulating positions of fluorophores...
Number of FPs: 11783314592.257729
Generating label segmentation...
29106 tubulin found in focal plane.
Calculating fluorophore density over focal plane...
43088 fluorophores found in the focal plane.
Calculating fluorophore photon emission rate...
Fluorophore photon emission per second = 9470381.451524047
Applying point spread function to light intensity array...
Simulating shot noise...
Quantizing intensities...

Saved data to /Users/karan/microsegmentation/SyntheticData_TRIVIAL_DENSE/Images/image-690.png and /Users/karan/microsegmentation/SyntheticData_TRIVIAL_DENSE/Labels/label-690.png.

Took 20.64 seconds.

Loading MT points from /Users/karan/tubulaton/tubulaton-run/tubulaton-691.vtk to numpy array...
Simulating positions of fluorophores...
Number of FPs: 11930707522.54339
Generating label segmentation...
34188 tubulin found in focal plane.
Calculating fluorophore density over focal plane...
46696 fluorophores found in the focal plane.
Calculating fluorophore photon emission rate...
Fluorophore photon emission per second = 9470381.451524047
Applying point spread function to light intensity array...
Simulating shot noise...
Quantizing intensities...

Saved data to /Users/karan/microsegmentation/SyntheticData_TRIVIAL_DENSE/Images/image-691.png and /Users/karan/microsegmentation/SyntheticData_TRIVIAL_DENSE/Labels/label-691.png.

Took 21.11 seconds.

Loading MT points from /Users/karan/tubulaton/tubulaton-run/tubulaton-692.vtk to numpy array...
Simulating positions of fluorophores...
Number of FPs: 11925208850.283846
Generating label segmentation...
26288 tubulin found in focal plane.
Calculating fluorophore density over focal plane...
34964 fluorophores found in the focal plane.
Calculating fluorophore photon emission rate...
Fluorophore photon emission per second = 9470381.451524047
Applying point spread function to light intensity array...
Simulating shot noise...
Quantizing intensities...

Saved data to /Users/karan/microsegmentation/SyntheticData_TRIVIAL_DENSE/Images/image-692.png and /Users/karan/microsegmentation/SyntheticData_TRIVIAL_DENSE/Labels/label-692.png.

Took 20.55 seconds.

Loading MT points from /Users/karan/tubulaton/tubulaton-run/tubulaton-693.vtk to numpy array...
Simulating positions of fluorophores...
Number of FPs: 11897698606.111774
Generating label segmentation...
24549 tubulin found in focal plane.
Calculating fluorophore density over focal plane...
30931 fluorophores found in the focal plane.
Calculating fluorophore photon emission rate...
Fluorophore photon emission per second = 9470381.451524047
Applying point spread function to light intensity array...
Simulating shot noise...
Quantizing intensities...

Saved data to /Users/karan/microsegmentation/SyntheticData_TRIVIAL_DENSE/Images/image-693.png and /Users/karan/microsegmentation/SyntheticData_TRIVIAL_DENSE/Labels/label-693.png.

Took 18.97 seconds.

Loading MT points from /Users/karan/tubulaton/tubulaton-run/tubulaton-694.vtk to numpy array...
Simulating positions of fluorophores...
Number of FPs: 11671775527.962582
Generating label segmentation...
35642 tubulin found in focal plane.
Calculating fluorophore density over focal plane...
51422 fluorophores found in the focal plane.
Calculating fluorophore photon emission rate...
Fluorophore photon emission per second = 9470381.451524047
Applying point spread function to light intensity array...
Simulating shot noise...
Quantizing intensities...

Saved data to /Users/karan/microsegmentation/SyntheticData_TRIVIAL_DENSE/Images/image-694.png and /Users/karan/microsegmentation/SyntheticData_TRIVIAL_DENSE/Labels/label-694.png.

Took 19.09 seconds.

Loading MT points from /Users/karan/tubulaton/tubulaton-run/tubulaton-695.vtk to numpy array...
Simulating positions of fluorophores...
Number of FPs: 12139697024.841225
Generating label segmentation...
29237 tubulin found in focal plane.
Calculating fluorophore density over focal plane...
43416 fluorophores found in the focal plane.
Calculating fluorophore photon emission rate...
Fluorophore photon emission per second = 9470381.451524047
Applying point spread function to light intensity array...
Simulating shot noise...
Quantizing intensities...

Saved data to /Users/karan/microsegmentation/SyntheticData_TRIVIAL_DENSE/Images/image-695.png and /Users/karan/microsegmentation/SyntheticData_TRIVIAL_DENSE/Labels/label-695.png.

Took 18.44 seconds.

Loading MT points from /Users/karan/tubulaton/tubulaton-run/tubulaton-696.vtk to numpy array...
Simulating positions of fluorophores...
Number of FPs: 11517846134.909718
Generating label segmentation...
27818 tubulin found in focal plane.
Calculating fluorophore density over focal plane...
40148 fluorophores found in the focal plane.
Calculating fluorophore photon emission rate...
Fluorophore photon emission per second = 9470381.451524047
Applying point spread function to light intensity array...
Simulating shot noise...
Quantizing intensities...

Saved data to /Users/karan/microsegmentation/SyntheticData_TRIVIAL_DENSE/Images/image-696.png and /Users/karan/microsegmentation/SyntheticData_TRIVIAL_DENSE/Labels/label-696.png.

Took 18.01 seconds.

Loading MT points from /Users/karan/tubulaton/tubulaton-run/tubulaton-697.vtk to numpy array...
Simulating positions of fluorophores...
Number of FPs: 11845659624.24383
Generating label segmentation...
31340 tubulin found in focal plane.
Calculating fluorophore density over focal plane...
43992 fluorophores found in the focal plane.
Calculating fluorophore photon emission rate...
Fluorophore photon emission per second = 9470381.451524047
Applying point spread function to light intensity array...
Simulating shot noise...
Quantizing intensities...

Saved data to /Users/karan/microsegmentation/SyntheticData_TRIVIAL_DENSE/Images/image-697.png and /Users/karan/microsegmentation/SyntheticData_TRIVIAL_DENSE/Labels/label-697.png.

Took 18.35 seconds.

Loading MT points from /Users/karan/tubulaton/tubulaton-run/tubulaton-698.vtk to numpy array...
Simulating positions of fluorophores...
Number of FPs: 12179547717.123547
Generating label segmentation...
31166 tubulin found in focal plane.
Calculating fluorophore density over focal plane...
45801 fluorophores found in the focal plane.
Calculating fluorophore photon emission rate...
Fluorophore photon emission per second = 9470381.451524047
Applying point spread function to light intensity array...
Simulating shot noise...
Quantizing intensities...

Saved data to /Users/karan/microsegmentation/SyntheticData_TRIVIAL_DENSE/Images/image-698.png and /Users/karan/microsegmentation/SyntheticData_TRIVIAL_DENSE/Labels/label-698.png.

Took 18.85 seconds.

Loading MT points from /Users/karan/tubulaton/tubulaton-run/tubulaton-699.vtk to numpy array...
Simulating positions of fluorophores...
Number of FPs: 11884874792.634262
Generating label segmentation...
31636 tubulin found in focal plane.
Calculating fluorophore density over focal plane...
47043 fluorophores found in the focal plane.
Calculating fluorophore photon emission rate...
Fluorophore photon emission per second = 9470381.451524047
Applying point spread function to light intensity array...
Simulating shot noise...
Quantizing intensities...

Saved data to /Users/karan/microsegmentation/SyntheticData_TRIVIAL_DENSE/Images/image-699.png and /Users/karan/microsegmentation/SyntheticData_TRIVIAL_DENSE/Labels/label-699.png.

Took 19.03 seconds.

Loading MT points from /Users/karan/tubulaton/tubulaton-run/tubulaton-700.vtk to numpy array...
Simulating positions of fluorophores...
Number of FPs: 11715684165.511265
Generating label segmentation...
32400 tubulin found in focal plane.
Calculating fluorophore density over focal plane...
45032 fluorophores found in the focal plane.
Calculating fluorophore photon emission rate...
Fluorophore photon emission per second = 9470381.451524047
Applying point spread function to light intensity array...
Simulating shot noise...
Quantizing intensities...

Saved data to /Users/karan/microsegmentation/SyntheticData_TRIVIAL_DENSE/Images/image-700.png and /Users/karan/microsegmentation/SyntheticData_TRIVIAL_DENSE/Labels/label-700.png.

Took 18.52 seconds.


Took 2061.44 seconds in total.
(20.61 seconds per .vtk file)
