Loaded config file: /Users/karan/microsegmentation/generation/generate_configs/trivial.json5
Using depolymerization rate: 0.7672842598982607

Loading MT points from /Users/karan/tubulaton/tubulaton-run/tubulaton-801.vtk to numpy array...
Simulating positions of fluorophores...
Number of FPs: 13359784565.920822
Generating label segmentation...
5295 tubulin found in focal plane.
Calculating fluorophore density over focal plane...
33459 fluorophores found in the focal plane.
Calculating fluorophore photon emission rate...
Fluorophore photon emission per second = 9470381.451524047
Applying point spread function to light intensity array...
Simulating shot noise...
Quantizing intensities...

Saved data to /Users/karan/microsegmentation/SyntheticData_TRIVIAL_DENSE/Images/image-801.png and /Users/karan/microsegmentation/SyntheticData_TRIVIAL_DENSE/Labels/label-801.png.

Took 27.25 seconds.

Loading MT points from /Users/karan/tubulaton/tubulaton-run/tubulaton-802.vtk to numpy array...
Simulating positions of fluorophores...
Number of FPs: 11947942322.713116
Generating label segmentation...
10612 tubulin found in focal plane.
Calculating fluorophore density over focal plane...
43603 fluorophores found in the focal plane.
Calculating fluorophore photon emission rate...
Fluorophore photon emission per second = 9470381.451524047
Applying point spread function to light intensity array...
Simulating shot noise...
Quantizing intensities...

Saved data to /Users/karan/microsegmentation/SyntheticData_TRIVIAL_DENSE/Images/image-802.png and /Users/karan/microsegmentation/SyntheticData_TRIVIAL_DENSE/Labels/label-802.png.

Took 22.91 seconds.

Loading MT points from /Users/karan/tubulaton/tubulaton-run/tubulaton-803.vtk to numpy array...
Simulating positions of fluorophores...
Number of FPs: 12534251598.536526
Generating label segmentation...
5822 tubulin found in focal plane.
Calculating fluorophore density over focal plane...
44567 fluorophores found in the focal plane.
Calculating fluorophore photon emission rate...
Fluorophore photon emission per second = 9470381.451524047
Applying point spread function to light intensity array...
Simulating shot noise...
Quantizing intensities...

Saved data to /Users/karan/microsegmentation/SyntheticData_TRIVIAL_DENSE/Images/image-803.png and /Users/karan/microsegmentation/SyntheticData_TRIVIAL_DENSE/Labels/label-803.png.

Took 22.21 seconds.

Loading MT points from /Users/karan/tubulaton/tubulaton-run/tubulaton-804.vtk to numpy array...
Simulating positions of fluorophores...
Number of FPs: 12399097476.82083
Generating label segmentation...
12943 tubulin found in focal plane.
Calculating fluorophore density over focal plane...
52629 fluorophores found in the focal plane.
Calculating fluorophore photon emission rate...
Fluorophore photon emission per second = 9470381.451524047
Applying point spread function to light intensity array...
Simulating shot noise...
Quantizing intensities...

Saved data to /Users/karan/microsegmentation/SyntheticData_TRIVIAL_DENSE/Images/image-804.png and /Users/karan/microsegmentation/SyntheticData_TRIVIAL_DENSE/Labels/label-804.png.

Took 22.40 seconds.

Loading MT points from /Users/karan/tubulaton/tubulaton-run/tubulaton-805.vtk to numpy array...
Simulating positions of fluorophores...
Number of FPs: 11961960256.038654
Generating label segmentation...
6704 tubulin found in focal plane.
Calculating fluorophore density over focal plane...
41812 fluorophores found in the focal plane.
Calculating fluorophore photon emission rate...
Fluorophore photon emission per second = 9470381.451524047
Applying point spread function to light intensity array...
Simulating shot noise...
Quantizing intensities...

Saved data to /Users/karan/microsegmentation/SyntheticData_TRIVIAL_DENSE/Images/image-805.png and /Users/karan/microsegmentation/SyntheticData_TRIVIAL_DENSE/Labels/label-805.png.

Took 22.21 seconds.

Loading MT points from /Users/karan/tubulaton/tubulaton-run/tubulaton-806.vtk to numpy array...
Simulating positions of fluorophores...
Number of FPs: 12366276779.152596
Generating label segmentation...
11162 tubulin found in focal plane.
Calculating fluorophore density over focal plane...
41985 fluorophores found in the focal plane.
Calculating fluorophore photon emission rate...
Fluorophore photon emission per second = 9470381.451524047
Applying point spread function to light intensity array...
Simulating shot noise...
Quantizing intensities...

Saved data to /Users/karan/microsegmentation/SyntheticData_TRIVIAL_DENSE/Images/image-806.png and /Users/karan/microsegmentation/SyntheticData_TRIVIAL_DENSE/Labels/label-806.png.

Took 22.18 seconds.

Loading MT points from /Users/karan/tubulaton/tubulaton-run/tubulaton-807.vtk to numpy array...
Simulating positions of fluorophores...
Number of FPs: 12053844751.477833
Generating label segmentation...
11385 tubulin found in focal plane.
Calculating fluorophore density over focal plane...
36769 fluorophores found in the focal plane.
Calculating fluorophore photon emission rate...
Fluorophore photon emission per second = 9470381.451524047
Applying point spread function to light intensity array...
Simulating shot noise...
Quantizing intensities...

Saved data to /Users/karan/microsegmentation/SyntheticData_TRIVIAL_DENSE/Images/image-807.png and /Users/karan/microsegmentation/SyntheticData_TRIVIAL_DENSE/Labels/label-807.png.

Took 21.86 seconds.

Loading MT points from /Users/karan/tubulaton/tubulaton-run/tubulaton-808.vtk to numpy array...
Simulating positions of fluorophores...
Number of FPs: 12546582652.148445
Generating label segmentation...
11011 tubulin found in focal plane.
Calculating fluorophore density over focal plane...
44166 fluorophores found in the focal plane.
Calculating fluorophore photon emission rate...
Fluorophore photon emission per second = 9470381.451524047
Applying point spread function to light intensity array...
Simulating shot noise...
Quantizing intensities...

Saved data to /Users/karan/microsegmentation/SyntheticData_TRIVIAL_DENSE/Images/image-808.png and /Users/karan/microsegmentation/SyntheticData_TRIVIAL_DENSE/Labels/label-808.png.

Took 22.28 seconds.

Loading MT points from /Users/karan/tubulaton/tubulaton-run/tubulaton-809.vtk to numpy array...
Simulating positions of fluorophores...
Number of FPs: 12086525565.221895
Generating label segmentation...
8679 tubulin found in focal plane.
Calculating fluorophore density over focal plane...
34714 fluorophores found in the focal plane.
Calculating fluorophore photon emission rate...
Fluorophore photon emission per second = 9470381.451524047
Applying point spread function to light intensity array...
Simulating shot noise...
Quantizing intensities...

Saved data to /Users/karan/microsegmentation/SyntheticData_TRIVIAL_DENSE/Images/image-809.png and /Users/karan/microsegmentation/SyntheticData_TRIVIAL_DENSE/Labels/label-809.png.

Took 21.42 seconds.

Loading MT points from /Users/karan/tubulaton/tubulaton-run/tubulaton-810.vtk to numpy array...
Simulating positions of fluorophores...
Number of FPs: 12815180760.446129
Generating label segmentation...
13607 tubulin found in focal plane.
Calculating fluorophore density over focal plane...
46700 fluorophores found in the focal plane.
Calculating fluorophore photon emission rate...
Fluorophore photon emission per second = 9470381.451524047
Applying point spread function to light intensity array...
Simulating shot noise...
Quantizing intensities...

Saved data to /Users/karan/microsegmentation/SyntheticData_TRIVIAL_DENSE/Images/image-810.png and /Users/karan/microsegmentation/SyntheticData_TRIVIAL_DENSE/Labels/label-810.png.

Took 22.29 seconds.

Loading MT points from /Users/karan/tubulaton/tubulaton-run/tubulaton-811.vtk to numpy array...
Simulating positions of fluorophores...
Number of FPs: 12616394826.011417
Generating label segmentation...
13659 tubulin found in focal plane.
Calculating fluorophore density over focal plane...
44583 fluorophores found in the focal plane.
Calculating fluorophore photon emission rate...
Fluorophore photon emission per second = 9470381.451524047
Applying point spread function to light intensity array...
Simulating shot noise...
Quantizing intensities...

Saved data to /Users/karan/microsegmentation/SyntheticData_TRIVIAL_DENSE/Images/image-811.png and /Users/karan/microsegmentation/SyntheticData_TRIVIAL_DENSE/Labels/label-811.png.

Took 22.35 seconds.

Loading MT points from /Users/karan/tubulaton/tubulaton-run/tubulaton-812.vtk to numpy array...
Simulating positions of fluorophores...
Number of FPs: 12791503537.338749
Generating label segmentation...
9068 tubulin found in focal plane.
Calculating fluorophore density over focal plane...
45398 fluorophores found in the focal plane.
Calculating fluorophore photon emission rate...
Fluorophore photon emission per second = 9470381.451524047
Applying point spread function to light intensity array...
Simulating shot noise...
Quantizing intensities...

Saved data to /Users/karan/microsegmentation/SyntheticData_TRIVIAL_DENSE/Images/image-812.png and /Users/karan/microsegmentation/SyntheticData_TRIVIAL_DENSE/Labels/label-812.png.

Took 22.78 seconds.

Loading MT points from /Users/karan/tubulaton/tubulaton-run/tubulaton-813.vtk to numpy array...
Simulating positions of fluorophores...
Number of FPs: 12659246385.595984
Generating label segmentation...
9796 tubulin found in focal plane.
Calculating fluorophore density over focal plane...
39591 fluorophores found in the focal plane.
Calculating fluorophore photon emission rate...
Fluorophore photon emission per second = 9470381.451524047
Applying point spread function to light intensity array...
Simulating shot noise...
Quantizing intensities...

Saved data to /Users/karan/microsegmentation/SyntheticData_TRIVIAL_DENSE/Images/image-813.png and /Users/karan/microsegmentation/SyntheticData_TRIVIAL_DENSE/Labels/label-813.png.

Took 21.77 seconds.

Loading MT points from /Users/karan/tubulaton/tubulaton-run/tubulaton-814.vtk to numpy array...
Simulating positions of fluorophores...
Number of FPs: 12964718311.797888
Generating label segmentation...
9069 tubulin found in focal plane.
Calculating fluorophore density over focal plane...
35178 fluorophores found in the focal plane.
Calculating fluorophore photon emission rate...
Fluorophore photon emission per second = 9470381.451524047
Applying point spread function to light intensity array...
Simulating shot noise...
Quantizing intensities...

Saved data to /Users/karan/microsegmentation/SyntheticData_TRIVIAL_DENSE/Images/image-814.png and /Users/karan/microsegmentation/SyntheticData_TRIVIAL_DENSE/Labels/label-814.png.

Took 22.92 seconds.

Loading MT points from /Users/karan/tubulaton/tubulaton-run/tubulaton-815.vtk to numpy array...
Simulating positions of fluorophores...
Number of FPs: 13486884087.423182
Generating label segmentation...
6900 tubulin found in focal plane.
Calculating fluorophore density over focal plane...
26953 fluorophores found in the focal plane.
Calculating fluorophore photon emission rate...
Fluorophore photon emission per second = 9470381.451524047
Applying point spread function to light intensity array...
Simulating shot noise...
Quantizing intensities...

Saved data to /Users/karan/microsegmentation/SyntheticData_TRIVIAL_DENSE/Images/image-815.png and /Users/karan/microsegmentation/SyntheticData_TRIVIAL_DENSE/Labels/label-815.png.

Took 22.52 seconds.

Loading MT points from /Users/karan/tubulaton/tubulaton-run/tubulaton-816.vtk to numpy array...
Simulating positions of fluorophores...
Number of FPs: 12557493161.794596
Generating label segmentation...
8848 tubulin found in focal plane.
Calculating fluorophore density over focal plane...
39967 fluorophores found in the focal plane.
Calculating fluorophore photon emission rate...
Fluorophore photon emission per second = 9470381.451524047
Applying point spread function to light intensity array...
Simulating shot noise...
Quantizing intensities...

Saved data to /Users/karan/microsegmentation/SyntheticData_TRIVIAL_DENSE/Images/image-816.png and /Users/karan/microsegmentation/SyntheticData_TRIVIAL_DENSE/Labels/label-816.png.

Took 21.95 seconds.

Loading MT points from /Users/karan/tubulaton/tubulaton-run/tubulaton-817.vtk to numpy array...
Simulating positions of fluorophores...
Number of FPs: 12060525280.668182
Generating label segmentation...
10648 tubulin found in focal plane.
Calculating fluorophore density over focal plane...
34648 fluorophores found in the focal plane.
Calculating fluorophore photon emission rate...
Fluorophore photon emission per second = 9470381.451524047
Applying point spread function to light intensity array...
Simulating shot noise...
Quantizing intensities...

Saved data to /Users/karan/microsegmentation/SyntheticData_TRIVIAL_DENSE/Images/image-817.png and /Users/karan/microsegmentation/SyntheticData_TRIVIAL_DENSE/Labels/label-817.png.

Took 21.28 seconds.

Loading MT points from /Users/karan/tubulaton/tubulaton-run/tubulaton-818.vtk to numpy array...
Simulating positions of fluorophores...
Number of FPs: 12783490966.806614
Generating label segmentation...
9004 tubulin found in focal plane.
Calculating fluorophore density over focal plane...
46498 fluorophores found in the focal plane.
Calculating fluorophore photon emission rate...
Fluorophore photon emission per second = 9470381.451524047
Applying point spread function to light intensity array...
Simulating shot noise...
Quantizing intensities...

Saved data to /Users/karan/microsegmentation/SyntheticData_TRIVIAL_DENSE/Images/image-818.png and /Users/karan/microsegmentation/SyntheticData_TRIVIAL_DENSE/Labels/label-818.png.

Took 22.94 seconds.

Loading MT points from /Users/karan/tubulaton/tubulaton-run/tubulaton-819.vtk to numpy array...
Simulating positions of fluorophores...
Number of FPs: 13894269315.656363
Generating label segmentation...
5285 tubulin found in focal plane.
Calculating fluorophore density over focal plane...
31015 fluorophores found in the focal plane.
Calculating fluorophore photon emission rate...
Fluorophore photon emission per second = 9470381.451524047
Applying point spread function to light intensity array...
Simulating shot noise...
Quantizing intensities...

Saved data to /Users/karan/microsegmentation/SyntheticData_TRIVIAL_DENSE/Images/image-819.png and /Users/karan/microsegmentation/SyntheticData_TRIVIAL_DENSE/Labels/label-819.png.

Took 23.78 seconds.

Loading MT points from /Users/karan/tubulaton/tubulaton-run/tubulaton-820.vtk to numpy array...
Simulating positions of fluorophores...
Number of FPs: 12528396899.468884
Generating label segmentation...
8873 tubulin found in focal plane.
Calculating fluorophore density over focal plane...
39047 fluorophores found in the focal plane.
Calculating fluorophore photon emission rate...
Fluorophore photon emission per second = 9470381.451524047
Applying point spread function to light intensity array...
Simulating shot noise...
Quantizing intensities...

Saved data to /Users/karan/microsegmentation/SyntheticData_TRIVIAL_DENSE/Images/image-820.png and /Users/karan/microsegmentation/SyntheticData_TRIVIAL_DENSE/Labels/label-820.png.

Took 21.96 seconds.

Loading MT points from /Users/karan/tubulaton/tubulaton-run/tubulaton-821.vtk to numpy array...
Simulating positions of fluorophores...
Number of FPs: 11946735106.862505
Generating label segmentation...
9389 tubulin found in focal plane.
Calculating fluorophore density over focal plane...
38794 fluorophores found in the focal plane.
Calculating fluorophore photon emission rate...
Fluorophore photon emission per second = 9470381.451524047
Applying point spread function to light intensity array...
Simulating shot noise...
Quantizing intensities...

Saved data to /Users/karan/microsegmentation/SyntheticData_TRIVIAL_DENSE/Images/image-821.png and /Users/karan/microsegmentation/SyntheticData_TRIVIAL_DENSE/Labels/label-821.png.

Took 22.03 seconds.

Loading MT points from /Users/karan/tubulaton/tubulaton-run/tubulaton-822.vtk to numpy array...
Simulating positions of fluorophores...
Number of FPs: 11933162545.139212
Generating label segmentation...
9210 tubulin found in focal plane.
Calculating fluorophore density over focal plane...
44963 fluorophores found in the focal plane.
Calculating fluorophore photon emission rate...
Fluorophore photon emission per second = 9470381.451524047
Applying point spread function to light intensity array...
Simulating shot noise...
Quantizing intensities...

Saved data to /Users/karan/microsegmentation/SyntheticData_TRIVIAL_DENSE/Images/image-822.png and /Users/karan/microsegmentation/SyntheticData_TRIVIAL_DENSE/Labels/label-822.png.

Took 22.16 seconds.

Loading MT points from /Users/karan/tubulaton/tubulaton-run/tubulaton-823.vtk to numpy array...
Simulating positions of fluorophores...
Number of FPs: 12612980645.29282
Generating label segmentation...
10690 tubulin found in focal plane.
Calculating fluorophore density over focal plane...
38059 fluorophores found in the focal plane.
Calculating fluorophore photon emission rate...
Fluorophore photon emission per second = 9470381.451524047
Applying point spread function to light intensity array...
Simulating shot noise...
Quantizing intensities...

Saved data to /Users/karan/microsegmentation/SyntheticData_TRIVIAL_DENSE/Images/image-823.png and /Users/karan/microsegmentation/SyntheticData_TRIVIAL_DENSE/Labels/label-823.png.

Took 22.02 seconds.

Loading MT points from /Users/karan/tubulaton/tubulaton-run/tubulaton-824.vtk to numpy array...
Simulating positions of fluorophores...
Number of FPs: 11912376187.407938
Generating label segmentation...
11766 tubulin found in focal plane.
Calculating fluorophore density over focal plane...
43490 fluorophores found in the focal plane.
Calculating fluorophore photon emission rate...
Fluorophore photon emission per second = 9470381.451524047
Applying point spread function to light intensity array...
Simulating shot noise...
Quantizing intensities...

Saved data to /Users/karan/microsegmentation/SyntheticData_TRIVIAL_DENSE/Images/image-824.png and /Users/karan/microsegmentation/SyntheticData_TRIVIAL_DENSE/Labels/label-824.png.

Took 21.96 seconds.

Loading MT points from /Users/karan/tubulaton/tubulaton-run/tubulaton-825.vtk to numpy array...
Simulating positions of fluorophores...
Number of FPs: 12096439239.309431
Generating label segmentation...
14849 tubulin found in focal plane.
Calculating fluorophore density over focal plane...
48683 fluorophores found in the focal plane.
Calculating fluorophore photon emission rate...
Fluorophore photon emission per second = 9470381.451524047
Applying point spread function to light intensity array...
Simulating shot noise...
Quantizing intensities...

Saved data to /Users/karan/microsegmentation/SyntheticData_TRIVIAL_DENSE/Images/image-825.png and /Users/karan/microsegmentation/SyntheticData_TRIVIAL_DENSE/Labels/label-825.png.

Took 21.89 seconds.

Loading MT points from /Users/karan/tubulaton/tubulaton-run/tubulaton-826.vtk to numpy array...
Simulating positions of fluorophores...
Number of FPs: 12288130173.489893
Generating label segmentation...
9694 tubulin found in focal plane.
Calculating fluorophore density over focal plane...
39868 fluorophores found in the focal plane.
Calculating fluorophore photon emission rate...
Fluorophore photon emission per second = 9470381.451524047
Applying point spread function to light intensity array...
Simulating shot noise...
Quantizing intensities...

Saved data to /Users/karan/microsegmentation/SyntheticData_TRIVIAL_DENSE/Images/image-826.png and /Users/karan/microsegmentation/SyntheticData_TRIVIAL_DENSE/Labels/label-826.png.

Took 22.20 seconds.

Loading MT points from /Users/karan/tubulaton/tubulaton-run/tubulaton-827.vtk to numpy array...
Simulating positions of fluorophores...
Number of FPs: 12389823404.80999
Generating label segmentation...
11008 tubulin found in focal plane.
Calculating fluorophore density over focal plane...
43947 fluorophores found in the focal plane.
Calculating fluorophore photon emission rate...
Fluorophore photon emission per second = 9470381.451524047
Applying point spread function to light intensity array...
Simulating shot noise...
Quantizing intensities...

Saved data to /Users/karan/microsegmentation/SyntheticData_TRIVIAL_DENSE/Images/image-827.png and /Users/karan/microsegmentation/SyntheticData_TRIVIAL_DENSE/Labels/label-827.png.

Took 22.08 seconds.

Loading MT points from /Users/karan/tubulaton/tubulaton-run/tubulaton-828.vtk to numpy array...
Simulating positions of fluorophores...
Number of FPs: 13033304208.25621
Generating label segmentation...
9840 tubulin found in focal plane.
Calculating fluorophore density over focal plane...
34268 fluorophores found in the focal plane.
Calculating fluorophore photon emission rate...
Fluorophore photon emission per second = 9470381.451524047
Applying point spread function to light intensity array...
Simulating shot noise...
Quantizing intensities...

Saved data to /Users/karan/microsegmentation/SyntheticData_TRIVIAL_DENSE/Images/image-828.png and /Users/karan/microsegmentation/SyntheticData_TRIVIAL_DENSE/Labels/label-828.png.

Took 22.43 seconds.

Loading MT points from /Users/karan/tubulaton/tubulaton-run/tubulaton-829.vtk to numpy array...
Simulating positions of fluorophores...
Number of FPs: 12866335634.902813
Generating label segmentation...
8456 tubulin found in focal plane.
Calculating fluorophore density over focal plane...
40124 fluorophores found in the focal plane.
Calculating fluorophore photon emission rate...
Fluorophore photon emission per second = 9470381.451524047
Applying point spread function to light intensity array...
Simulating shot noise...
Quantizing intensities...

Saved data to /Users/karan/microsegmentation/SyntheticData_TRIVIAL_DENSE/Images/image-829.png and /Users/karan/microsegmentation/SyntheticData_TRIVIAL_DENSE/Labels/label-829.png.

Took 22.79 seconds.

Loading MT points from /Users/karan/tubulaton/tubulaton-run/tubulaton-830.vtk to numpy array...
Simulating positions of fluorophores...
Number of FPs: 12130478137.298283
Generating label segmentation...
12106 tubulin found in focal plane.
Calculating fluorophore density over focal plane...
43621 fluorophores found in the focal plane.
Calculating fluorophore photon emission rate...
Fluorophore photon emission per second = 9470381.451524047
Applying point spread function to light intensity array...
Simulating shot noise...
Quantizing intensities...

Saved data to /Users/karan/microsegmentation/SyntheticData_TRIVIAL_DENSE/Images/image-830.png and /Users/karan/microsegmentation/SyntheticData_TRIVIAL_DENSE/Labels/label-830.png.

Took 21.83 seconds.

Loading MT points from /Users/karan/tubulaton/tubulaton-run/tubulaton-831.vtk to numpy array...
Simulating positions of fluorophores...
Number of FPs: 12940219016.056257
Generating label segmentation...
8705 tubulin found in focal plane.
Calculating fluorophore density over focal plane...
38583 fluorophores found in the focal plane.
Calculating fluorophore photon emission rate...
Fluorophore photon emission per second = 9470381.451524047
Applying point spread function to light intensity array...
Simulating shot noise...
Quantizing intensities...

Saved data to /Users/karan/microsegmentation/SyntheticData_TRIVIAL_DENSE/Images/image-831.png and /Users/karan/microsegmentation/SyntheticData_TRIVIAL_DENSE/Labels/label-831.png.

Took 22.43 seconds.

Loading MT points from /Users/karan/tubulaton/tubulaton-run/tubulaton-832.vtk to numpy array...
Simulating positions of fluorophores...
Number of FPs: 12719170245.414043
Generating label segmentation...
9933 tubulin found in focal plane.
Calculating fluorophore density over focal plane...
43641 fluorophores found in the focal plane.
Calculating fluorophore photon emission rate...
Fluorophore photon emission per second = 9470381.451524047
Applying point spread function to light intensity array...
Simulating shot noise...
Quantizing intensities...

Saved data to /Users/karan/microsegmentation/SyntheticData_TRIVIAL_DENSE/Images/image-832.png and /Users/karan/microsegmentation/SyntheticData_TRIVIAL_DENSE/Labels/label-832.png.

Took 22.90 seconds.

Loading MT points from /Users/karan/tubulaton/tubulaton-run/tubulaton-833.vtk to numpy array...
Simulating positions of fluorophores...
Number of FPs: 11959409350.815807
Generating label segmentation...
10234 tubulin found in focal plane.
Calculating fluorophore density over focal plane...
39405 fluorophores found in the focal plane.
Calculating fluorophore photon emission rate...
Fluorophore photon emission per second = 9470381.451524047
Applying point spread function to light intensity array...
Simulating shot noise...
Quantizing intensities...

Saved data to /Users/karan/microsegmentation/SyntheticData_TRIVIAL_DENSE/Images/image-833.png and /Users/karan/microsegmentation/SyntheticData_TRIVIAL_DENSE/Labels/label-833.png.

Took 21.81 seconds.

Loading MT points from /Users/karan/tubulaton/tubulaton-run/tubulaton-834.vtk to numpy array...
Simulating positions of fluorophores...
Number of FPs: 12053630388.881842
Generating label segmentation...
9849 tubulin found in focal plane.
Calculating fluorophore density over focal plane...
43986 fluorophores found in the focal plane.
Calculating fluorophore photon emission rate...
Fluorophore photon emission per second = 9470381.451524047
Applying point spread function to light intensity array...
Simulating shot noise...
Quantizing intensities...

Saved data to /Users/karan/microsegmentation/SyntheticData_TRIVIAL_DENSE/Images/image-834.png and /Users/karan/microsegmentation/SyntheticData_TRIVIAL_DENSE/Labels/label-834.png.

Took 21.80 seconds.

Loading MT points from /Users/karan/tubulaton/tubulaton-run/tubulaton-835.vtk to numpy array...
Simulating positions of fluorophores...
Number of FPs: 12374866206.686512
Generating label segmentation...
15963 tubulin found in focal plane.
Calculating fluorophore density over focal plane...
53230 fluorophores found in the focal plane.
Calculating fluorophore photon emission rate...
Fluorophore photon emission per second = 9470381.451524047
Applying point spread function to light intensity array...
Simulating shot noise...
Quantizing intensities...

Saved data to /Users/karan/microsegmentation/SyntheticData_TRIVIAL_DENSE/Images/image-835.png and /Users/karan/microsegmentation/SyntheticData_TRIVIAL_DENSE/Labels/label-835.png.

Took 22.27 seconds.

Loading MT points from /Users/karan/tubulaton/tubulaton-run/tubulaton-836.vtk to numpy array...
Simulating positions of fluorophores...
Number of FPs: 12556218034.975452
Generating label segmentation...
10862 tubulin found in focal plane.
Calculating fluorophore density over focal plane...
39664 fluorophores found in the focal plane.
Calculating fluorophore photon emission rate...
Fluorophore photon emission per second = 9470381.451524047
Applying point spread function to light intensity array...
Simulating shot noise...
Quantizing intensities...

Saved data to /Users/karan/microsegmentation/SyntheticData_TRIVIAL_DENSE/Images/image-836.png and /Users/karan/microsegmentation/SyntheticData_TRIVIAL_DENSE/Labels/label-836.png.

Took 21.81 seconds.

Loading MT points from /Users/karan/tubulaton/tubulaton-run/tubulaton-837.vtk to numpy array...
Simulating positions of fluorophores...
Number of FPs: 12377240491.113234
Generating label segmentation...
11914 tubulin found in focal plane.
Calculating fluorophore density over focal plane...
38666 fluorophores found in the focal plane.
Calculating fluorophore photon emission rate...
Fluorophore photon emission per second = 9470381.451524047
Applying point spread function to light intensity array...
Simulating shot noise...
Quantizing intensities...

Saved data to /Users/karan/microsegmentation/SyntheticData_TRIVIAL_DENSE/Images/image-837.png and /Users/karan/microsegmentation/SyntheticData_TRIVIAL_DENSE/Labels/label-837.png.

Took 21.95 seconds.

Loading MT points from /Users/karan/tubulaton/tubulaton-run/tubulaton-838.vtk to numpy array...
Simulating positions of fluorophores...
Number of FPs: 11981113424.61999
Generating label segmentation...
8202 tubulin found in focal plane.
Calculating fluorophore density over focal plane...
38211 fluorophores found in the focal plane.
Calculating fluorophore photon emission rate...
Fluorophore photon emission per second = 9470381.451524047
Applying point spread function to light intensity array...
Simulating shot noise...
Quantizing intensities...

Saved data to /Users/karan/microsegmentation/SyntheticData_TRIVIAL_DENSE/Images/image-838.png and /Users/karan/microsegmentation/SyntheticData_TRIVIAL_DENSE/Labels/label-838.png.

Took 21.51 seconds.

Loading MT points from /Users/karan/tubulaton/tubulaton-run/tubulaton-839.vtk to numpy array...
Simulating positions of fluorophores...
Number of FPs: 12668464632.942024
Generating label segmentation...
8010 tubulin found in focal plane.
Calculating fluorophore density over focal plane...
41978 fluorophores found in the focal plane.
Calculating fluorophore photon emission rate...
Fluorophore photon emission per second = 9470381.451524047
Applying point spread function to light intensity array...
Simulating shot noise...
Quantizing intensities...

Saved data to /Users/karan/microsegmentation/SyntheticData_TRIVIAL_DENSE/Images/image-839.png and /Users/karan/microsegmentation/SyntheticData_TRIVIAL_DENSE/Labels/label-839.png.

Took 22.34 seconds.

Loading MT points from /Users/karan/tubulaton/tubulaton-run/tubulaton-840.vtk to numpy array...
Simulating positions of fluorophores...
Number of FPs: 12213128047.327082
Generating label segmentation...
9902 tubulin found in focal plane.
Calculating fluorophore density over focal plane...
47182 fluorophores found in the focal plane.
Calculating fluorophore photon emission rate...
Fluorophore photon emission per second = 9470381.451524047
Applying point spread function to light intensity array...
Simulating shot noise...
Quantizing intensities...

Saved data to /Users/karan/microsegmentation/SyntheticData_TRIVIAL_DENSE/Images/image-840.png and /Users/karan/microsegmentation/SyntheticData_TRIVIAL_DENSE/Labels/label-840.png.

Took 22.33 seconds.

Loading MT points from /Users/karan/tubulaton/tubulaton-run/tubulaton-841.vtk to numpy array...
Simulating positions of fluorophores...
Number of FPs: 11910688813.300846
Generating label segmentation...
9815 tubulin found in focal plane.
Calculating fluorophore density over focal plane...
43136 fluorophores found in the focal plane.
Calculating fluorophore photon emission rate...
Fluorophore photon emission per second = 9470381.451524047
Applying point spread function to light intensity array...
Simulating shot noise...
Quantizing intensities...

Saved data to /Users/karan/microsegmentation/SyntheticData_TRIVIAL_DENSE/Images/image-841.png and /Users/karan/microsegmentation/SyntheticData_TRIVIAL_DENSE/Labels/label-841.png.

Took 21.77 seconds.

Loading MT points from /Users/karan/tubulaton/tubulaton-run/tubulaton-842.vtk to numpy array...
Simulating positions of fluorophores...
Number of FPs: 12978529876.65532
Generating label segmentation...
10820 tubulin found in focal plane.
Calculating fluorophore density over focal plane...
45451 fluorophores found in the focal plane.
Calculating fluorophore photon emission rate...
Fluorophore photon emission per second = 9470381.451524047
Applying point spread function to light intensity array...
Simulating shot noise...
Quantizing intensities...

Saved data to /Users/karan/microsegmentation/SyntheticData_TRIVIAL_DENSE/Images/image-842.png and /Users/karan/microsegmentation/SyntheticData_TRIVIAL_DENSE/Labels/label-842.png.

Took 22.41 seconds.

Loading MT points from /Users/karan/tubulaton/tubulaton-run/tubulaton-843.vtk to numpy array...
Simulating positions of fluorophores...
Number of FPs: 12966180808.436657
Generating label segmentation...
7421 tubulin found in focal plane.
Calculating fluorophore density over focal plane...
24747 fluorophores found in the focal plane.
Calculating fluorophore photon emission rate...
Fluorophore photon emission per second = 9470381.451524047
Applying point spread function to light intensity array...
Simulating shot noise...
Quantizing intensities...

Saved data to /Users/karan/microsegmentation/SyntheticData_TRIVIAL_DENSE/Images/image-843.png and /Users/karan/microsegmentation/SyntheticData_TRIVIAL_DENSE/Labels/label-843.png.

Took 21.32 seconds.

Loading MT points from /Users/karan/tubulaton/tubulaton-run/tubulaton-844.vtk to numpy array...
Simulating positions of fluorophores...
Number of FPs: 12813820596.959608
Generating label segmentation...
11560 tubulin found in focal plane.
Calculating fluorophore density over focal plane...
40687 fluorophores found in the focal plane.
Calculating fluorophore photon emission rate...
Fluorophore photon emission per second = 9470381.451524047
Applying point spread function to light intensity array...
Simulating shot noise...
Quantizing intensities...

Saved data to /Users/karan/microsegmentation/SyntheticData_TRIVIAL_DENSE/Images/image-844.png and /Users/karan/microsegmentation/SyntheticData_TRIVIAL_DENSE/Labels/label-844.png.

Took 22.51 seconds.

Loading MT points from /Users/karan/tubulaton/tubulaton-run/tubulaton-845.vtk to numpy array...
Simulating positions of fluorophores...
Number of FPs: 12642024057.597263
Generating label segmentation...
8948 tubulin found in focal plane.
Calculating fluorophore density over focal plane...
38355 fluorophores found in the focal plane.
Calculating fluorophore photon emission rate...
Fluorophore photon emission per second = 9470381.451524047
Applying point spread function to light intensity array...
Simulating shot noise...
Quantizing intensities...

Saved data to /Users/karan/microsegmentation/SyntheticData_TRIVIAL_DENSE/Images/image-845.png and /Users/karan/microsegmentation/SyntheticData_TRIVIAL_DENSE/Labels/label-845.png.

Took 22.23 seconds.

Loading MT points from /Users/karan/tubulaton/tubulaton-run/tubulaton-846.vtk to numpy array...
Simulating positions of fluorophores...
Number of FPs: 12550755653.75155
Generating label segmentation...
8495 tubulin found in focal plane.
Calculating fluorophore density over focal plane...
34927 fluorophores found in the focal plane.
Calculating fluorophore photon emission rate...
Fluorophore photon emission per second = 9470381.451524047
Applying point spread function to light intensity array...
Simulating shot noise...
Quantizing intensities...

Saved data to /Users/karan/microsegmentation/SyntheticData_TRIVIAL_DENSE/Images/image-846.png and /Users/karan/microsegmentation/SyntheticData_TRIVIAL_DENSE/Labels/label-846.png.

Took 21.95 seconds.

Loading MT points from /Users/karan/tubulaton/tubulaton-run/tubulaton-847.vtk to numpy array...
Simulating positions of fluorophores...
Number of FPs: 12026705844.81588
Generating label segmentation...
13721 tubulin found in focal plane.
Calculating fluorophore density over focal plane...
44758 fluorophores found in the focal plane.
Calculating fluorophore photon emission rate...
Fluorophore photon emission per second = 9470381.451524047
Applying point spread function to light intensity array...
Simulating shot noise...
Quantizing intensities...

Saved data to /Users/karan/microsegmentation/SyntheticData_TRIVIAL_DENSE/Images/image-847.png and /Users/karan/microsegmentation/SyntheticData_TRIVIAL_DENSE/Labels/label-847.png.

Took 21.92 seconds.

Loading MT points from /Users/karan/tubulaton/tubulaton-run/tubulaton-848.vtk to numpy array...
Simulating positions of fluorophores...
Number of FPs: 12394302183.454597
Generating label segmentation...
8277 tubulin found in focal plane.
Calculating fluorophore density over focal plane...
38282 fluorophores found in the focal plane.
Calculating fluorophore photon emission rate...
Fluorophore photon emission per second = 9470381.451524047
Applying point spread function to light intensity array...
Simulating shot noise...
Quantizing intensities...

Saved data to /Users/karan/microsegmentation/SyntheticData_TRIVIAL_DENSE/Images/image-848.png and /Users/karan/microsegmentation/SyntheticData_TRIVIAL_DENSE/Labels/label-848.png.

Took 22.23 seconds.

Loading MT points from /Users/karan/tubulaton/tubulaton-run/tubulaton-849.vtk to numpy array...
Simulating positions of fluorophores...
Number of FPs: 12454415308.682434
Generating label segmentation...
10725 tubulin found in focal plane.
Calculating fluorophore density over focal plane...
41273 fluorophores found in the focal plane.
Calculating fluorophore photon emission rate...
Fluorophore photon emission per second = 9470381.451524047
Applying point spread function to light intensity array...
Simulating shot noise...
Quantizing intensities...

Saved data to /Users/karan/microsegmentation/SyntheticData_TRIVIAL_DENSE/Images/image-849.png and /Users/karan/microsegmentation/SyntheticData_TRIVIAL_DENSE/Labels/label-849.png.

Took 21.90 seconds.

Loading MT points from /Users/karan/tubulaton/tubulaton-run/tubulaton-850.vtk to numpy array...
Simulating positions of fluorophores...
Number of FPs: 12426907862.661688
Generating label segmentation...
9517 tubulin found in focal plane.
Calculating fluorophore density over focal plane...
38059 fluorophores found in the focal plane.
Calculating fluorophore photon emission rate...
Fluorophore photon emission per second = 9470381.451524047
Applying point spread function to light intensity array...
Simulating shot noise...
Quantizing intensities...

Saved data to /Users/karan/microsegmentation/SyntheticData_TRIVIAL_DENSE/Images/image-850.png and /Users/karan/microsegmentation/SyntheticData_TRIVIAL_DENSE/Labels/label-850.png.

Took 22.32 seconds.

Loading MT points from /Users/karan/tubulaton/tubulaton-run/tubulaton-851.vtk to numpy array...
Simulating positions of fluorophores...
Number of FPs: 12524908363.551634
Generating label segmentation...
10742 tubulin found in focal plane.
Calculating fluorophore density over focal plane...
43480 fluorophores found in the focal plane.
Calculating fluorophore photon emission rate...
Fluorophore photon emission per second = 9470381.451524047
Applying point spread function to light intensity array...
Simulating shot noise...
Quantizing intensities...

Saved data to /Users/karan/microsegmentation/SyntheticData_TRIVIAL_DENSE/Images/image-851.png and /Users/karan/microsegmentation/SyntheticData_TRIVIAL_DENSE/Labels/label-851.png.

Took 21.98 seconds.

Loading MT points from /Users/karan/tubulaton/tubulaton-run/tubulaton-852.vtk to numpy array...
Simulating positions of fluorophores...
Number of FPs: 12503532161.972607
Generating label segmentation...
7298 tubulin found in focal plane.
Calculating fluorophore density over focal plane...
34626 fluorophores found in the focal plane.
Calculating fluorophore photon emission rate...
Fluorophore photon emission per second = 9470381.451524047
Applying point spread function to light intensity array...
Simulating shot noise...
Quantizing intensities...

Saved data to /Users/karan/microsegmentation/SyntheticData_TRIVIAL_DENSE/Images/image-852.png and /Users/karan/microsegmentation/SyntheticData_TRIVIAL_DENSE/Labels/label-852.png.

Took 21.88 seconds.

Loading MT points from /Users/karan/tubulaton/tubulaton-run/tubulaton-853.vtk to numpy array...
Simulating positions of fluorophores...
Number of FPs: 12457541807.816519
Generating label segmentation...
8609 tubulin found in focal plane.
Calculating fluorophore density over focal plane...
44378 fluorophores found in the focal plane.
Calculating fluorophore photon emission rate...
Fluorophore photon emission per second = 9470381.451524047
Applying point spread function to light intensity array...
Simulating shot noise...
Quantizing intensities...

Saved data to /Users/karan/microsegmentation/SyntheticData_TRIVIAL_DENSE/Images/image-853.png and /Users/karan/microsegmentation/SyntheticData_TRIVIAL_DENSE/Labels/label-853.png.

Took 22.47 seconds.

Loading MT points from /Users/karan/tubulaton/tubulaton-run/tubulaton-854.vtk to numpy array...
Simulating positions of fluorophores...
Number of FPs: 12369687606.678234
Generating label segmentation...
7219 tubulin found in focal plane.
Calculating fluorophore density over focal plane...
35284 fluorophores found in the focal plane.
Calculating fluorophore photon emission rate...
Fluorophore photon emission per second = 9470381.451524047
Applying point spread function to light intensity array...
Simulating shot noise...
Quantizing intensities...

Saved data to /Users/karan/microsegmentation/SyntheticData_TRIVIAL_DENSE/Images/image-854.png and /Users/karan/microsegmentation/SyntheticData_TRIVIAL_DENSE/Labels/label-854.png.

Took 21.81 seconds.

Loading MT points from /Users/karan/tubulaton/tubulaton-run/tubulaton-855.vtk to numpy array...
Simulating positions of fluorophores...
Number of FPs: 12518346895.055828
Generating label segmentation...
9633 tubulin found in focal plane.
Calculating fluorophore density over focal plane...
36013 fluorophores found in the focal plane.
Calculating fluorophore photon emission rate...
Fluorophore photon emission per second = 9470381.451524047
Applying point spread function to light intensity array...
Simulating shot noise...
Quantizing intensities...

Saved data to /Users/karan/microsegmentation/SyntheticData_TRIVIAL_DENSE/Images/image-855.png and /Users/karan/microsegmentation/SyntheticData_TRIVIAL_DENSE/Labels/label-855.png.

Took 21.89 seconds.

Loading MT points from /Users/karan/tubulaton/tubulaton-run/tubulaton-856.vtk to numpy array...
Simulating positions of fluorophores...
Number of FPs: 12662031031.835415
Generating label segmentation...
7077 tubulin found in focal plane.
Calculating fluorophore density over focal plane...
37905 fluorophores found in the focal plane.
Calculating fluorophore photon emission rate...
Fluorophore photon emission per second = 9470381.451524047
Applying point spread function to light intensity array...
Simulating shot noise...
Quantizing intensities...

Saved data to /Users/karan/microsegmentation/SyntheticData_TRIVIAL_DENSE/Images/image-856.png and /Users/karan/microsegmentation/SyntheticData_TRIVIAL_DENSE/Labels/label-856.png.

Took 22.00 seconds.

Loading MT points from /Users/karan/tubulaton/tubulaton-run/tubulaton-857.vtk to numpy array...
Simulating positions of fluorophores...
Number of FPs: 12739036363.566343
Generating label segmentation...
9380 tubulin found in focal plane.
Calculating fluorophore density over focal plane...
42009 fluorophores found in the focal plane.
Calculating fluorophore photon emission rate...
Fluorophore photon emission per second = 9470381.451524047
Applying point spread function to light intensity array...
Simulating shot noise...
Quantizing intensities...

Saved data to /Users/karan/microsegmentation/SyntheticData_TRIVIAL_DENSE/Images/image-857.png and /Users/karan/microsegmentation/SyntheticData_TRIVIAL_DENSE/Labels/label-857.png.

Took 21.93 seconds.

Loading MT points from /Users/karan/tubulaton/tubulaton-run/tubulaton-858.vtk to numpy array...
Simulating positions of fluorophores...
Number of FPs: 13007334690.97531
Generating label segmentation...
8694 tubulin found in focal plane.
Calculating fluorophore density over focal plane...
41402 fluorophores found in the focal plane.
Calculating fluorophore photon emission rate...
Fluorophore photon emission per second = 9470381.451524047
Applying point spread function to light intensity array...
Simulating shot noise...
Quantizing intensities...

Saved data to /Users/karan/microsegmentation/SyntheticData_TRIVIAL_DENSE/Images/image-858.png and /Users/karan/microsegmentation/SyntheticData_TRIVIAL_DENSE/Labels/label-858.png.

Took 22.21 seconds.

Loading MT points from /Users/karan/tubulaton/tubulaton-run/tubulaton-859.vtk to numpy array...
Simulating positions of fluorophores...
Number of FPs: 12192893692.81022
Generating label segmentation...
8796 tubulin found in focal plane.
Calculating fluorophore density over focal plane...
50416 fluorophores found in the focal plane.
Calculating fluorophore photon emission rate...
Fluorophore photon emission per second = 9470381.451524047
Applying point spread function to light intensity array...
Simulating shot noise...
Quantizing intensities...

Saved data to /Users/karan/microsegmentation/SyntheticData_TRIVIAL_DENSE/Images/image-859.png and /Users/karan/microsegmentation/SyntheticData_TRIVIAL_DENSE/Labels/label-859.png.

Took 21.72 seconds.

Loading MT points from /Users/karan/tubulaton/tubulaton-run/tubulaton-860.vtk to numpy array...
Simulating positions of fluorophores...
Number of FPs: 12528933722.802998
Generating label segmentation...
8280 tubulin found in focal plane.
Calculating fluorophore density over focal plane...
34973 fluorophores found in the focal plane.
Calculating fluorophore photon emission rate...
Fluorophore photon emission per second = 9470381.451524047
Applying point spread function to light intensity array...
Simulating shot noise...
Quantizing intensities...

Saved data to /Users/karan/microsegmentation/SyntheticData_TRIVIAL_DENSE/Images/image-860.png and /Users/karan/microsegmentation/SyntheticData_TRIVIAL_DENSE/Labels/label-860.png.

Took 21.64 seconds.

Loading MT points from /Users/karan/tubulaton/tubulaton-run/tubulaton-861.vtk to numpy array...
Simulating positions of fluorophores...
Number of FPs: 12205143239.92412
Generating label segmentation...
9622 tubulin found in focal plane.
Calculating fluorophore density over focal plane...
47053 fluorophores found in the focal plane.
Calculating fluorophore photon emission rate...
Fluorophore photon emission per second = 9470381.451524047
Applying point spread function to light intensity array...
Simulating shot noise...
Quantizing intensities...

Saved data to /Users/karan/microsegmentation/SyntheticData_TRIVIAL_DENSE/Images/image-861.png and /Users/karan/microsegmentation/SyntheticData_TRIVIAL_DENSE/Labels/label-861.png.

Took 22.01 seconds.

Loading MT points from /Users/karan/tubulaton/tubulaton-run/tubulaton-862.vtk to numpy array...
Simulating positions of fluorophores...
Number of FPs: 12442244283.495031
Generating label segmentation...
7195 tubulin found in focal plane.
Calculating fluorophore density over focal plane...
40429 fluorophores found in the focal plane.
Calculating fluorophore photon emission rate...
Fluorophore photon emission per second = 9470381.451524047
Applying point spread function to light intensity array...
Simulating shot noise...
Quantizing intensities...

Saved data to /Users/karan/microsegmentation/SyntheticData_TRIVIAL_DENSE/Images/image-862.png and /Users/karan/microsegmentation/SyntheticData_TRIVIAL_DENSE/Labels/label-862.png.

Took 21.79 seconds.

Loading MT points from /Users/karan/tubulaton/tubulaton-run/tubulaton-863.vtk to numpy array...
Simulating positions of fluorophores...
Number of FPs: 11886283562.36949
Generating label segmentation...
4682 tubulin found in focal plane.
Calculating fluorophore density over focal plane...
33295 fluorophores found in the focal plane.
Calculating fluorophore photon emission rate...
Fluorophore photon emission per second = 9470381.451524047
Applying point spread function to light intensity array...
Simulating shot noise...
Quantizing intensities...

Saved data to /Users/karan/microsegmentation/SyntheticData_TRIVIAL_DENSE/Images/image-863.png and /Users/karan/microsegmentation/SyntheticData_TRIVIAL_DENSE/Labels/label-863.png.

Took 21.51 seconds.

Loading MT points from /Users/karan/tubulaton/tubulaton-run/tubulaton-864.vtk to numpy array...
Simulating positions of fluorophores...
Number of FPs: 12478186680.57144
Generating label segmentation...
6776 tubulin found in focal plane.
Calculating fluorophore density over focal plane...
36062 fluorophores found in the focal plane.
Calculating fluorophore photon emission rate...
Fluorophore photon emission per second = 9470381.451524047
Applying point spread function to light intensity array...
Simulating shot noise...
Quantizing intensities...

Saved data to /Users/karan/microsegmentation/SyntheticData_TRIVIAL_DENSE/Images/image-864.png and /Users/karan/microsegmentation/SyntheticData_TRIVIAL_DENSE/Labels/label-864.png.

Took 22.07 seconds.

Loading MT points from /Users/karan/tubulaton/tubulaton-run/tubulaton-865.vtk to numpy array...
Simulating positions of fluorophores...
Number of FPs: 12472337390.189098
Generating label segmentation...
7676 tubulin found in focal plane.
Calculating fluorophore density over focal plane...
32517 fluorophores found in the focal plane.
Calculating fluorophore photon emission rate...
Fluorophore photon emission per second = 9470381.451524047
Applying point spread function to light intensity array...
Simulating shot noise...
Quantizing intensities...

Saved data to /Users/karan/microsegmentation/SyntheticData_TRIVIAL_DENSE/Images/image-865.png and /Users/karan/microsegmentation/SyntheticData_TRIVIAL_DENSE/Labels/label-865.png.

Took 21.60 seconds.

Loading MT points from /Users/karan/tubulaton/tubulaton-run/tubulaton-866.vtk to numpy array...
Simulating positions of fluorophores...
Number of FPs: 12843878420.896582
Generating label segmentation...
10094 tubulin found in focal plane.
Calculating fluorophore density over focal plane...
37485 fluorophores found in the focal plane.
Calculating fluorophore photon emission rate...
Fluorophore photon emission per second = 9470381.451524047
Applying point spread function to light intensity array...
Simulating shot noise...
Quantizing intensities...

Saved data to /Users/karan/microsegmentation/SyntheticData_TRIVIAL_DENSE/Images/image-866.png and /Users/karan/microsegmentation/SyntheticData_TRIVIAL_DENSE/Labels/label-866.png.

Took 21.66 seconds.

Loading MT points from /Users/karan/tubulaton/tubulaton-run/tubulaton-867.vtk to numpy array...
Simulating positions of fluorophores...
Number of FPs: 12453312976.437132
Generating label segmentation...
12341 tubulin found in focal plane.
Calculating fluorophore density over focal plane...
42930 fluorophores found in the focal plane.
Calculating fluorophore photon emission rate...
Fluorophore photon emission per second = 9470381.451524047
Applying point spread function to light intensity array...
Simulating shot noise...
Quantizing intensities...

Saved data to /Users/karan/microsegmentation/SyntheticData_TRIVIAL_DENSE/Images/image-867.png and /Users/karan/microsegmentation/SyntheticData_TRIVIAL_DENSE/Labels/label-867.png.

Took 21.94 seconds.

Loading MT points from /Users/karan/tubulaton/tubulaton-run/tubulaton-868.vtk to numpy array...
Simulating positions of fluorophores...
Number of FPs: 12562768554.33852
Generating label segmentation...
10178 tubulin found in focal plane.
Calculating fluorophore density over focal plane...
36475 fluorophores found in the focal plane.
Calculating fluorophore photon emission rate...
Fluorophore photon emission per second = 9470381.451524047
Applying point spread function to light intensity array...
Simulating shot noise...
Quantizing intensities...

Saved data to /Users/karan/microsegmentation/SyntheticData_TRIVIAL_DENSE/Images/image-868.png and /Users/karan/microsegmentation/SyntheticData_TRIVIAL_DENSE/Labels/label-868.png.

Took 21.72 seconds.

Loading MT points from /Users/karan/tubulaton/tubulaton-run/tubulaton-869.vtk to numpy array...
Simulating positions of fluorophores...
Number of FPs: 12637518570.72399
Generating label segmentation...
7216 tubulin found in focal plane.
Calculating fluorophore density over focal plane...
35069 fluorophores found in the focal plane.
Calculating fluorophore photon emission rate...
Fluorophore photon emission per second = 9470381.451524047
Applying point spread function to light intensity array...
Simulating shot noise...
Quantizing intensities...

Saved data to /Users/karan/microsegmentation/SyntheticData_TRIVIAL_DENSE/Images/image-869.png and /Users/karan/microsegmentation/SyntheticData_TRIVIAL_DENSE/Labels/label-869.png.

Took 21.71 seconds.

Loading MT points from /Users/karan/tubulaton/tubulaton-run/tubulaton-870.vtk to numpy array...
Simulating positions of fluorophores...
Number of FPs: 12755934353.36998
Generating label segmentation...
10554 tubulin found in focal plane.
Calculating fluorophore density over focal plane...
45422 fluorophores found in the focal plane.
Calculating fluorophore photon emission rate...
Fluorophore photon emission per second = 9470381.451524047
Applying point spread function to light intensity array...
Simulating shot noise...
Quantizing intensities...

Saved data to /Users/karan/microsegmentation/SyntheticData_TRIVIAL_DENSE/Images/image-870.png and /Users/karan/microsegmentation/SyntheticData_TRIVIAL_DENSE/Labels/label-870.png.

Took 22.24 seconds.

Loading MT points from /Users/karan/tubulaton/tubulaton-run/tubulaton-871.vtk to numpy array...
Simulating positions of fluorophores...
Number of FPs: 12376591926.390886
Generating label segmentation...
9562 tubulin found in focal plane.
Calculating fluorophore density over focal plane...
38196 fluorophores found in the focal plane.
Calculating fluorophore photon emission rate...
Fluorophore photon emission per second = 9470381.451524047
Applying point spread function to light intensity array...
Simulating shot noise...
Quantizing intensities...

Saved data to /Users/karan/microsegmentation/SyntheticData_TRIVIAL_DENSE/Images/image-871.png and /Users/karan/microsegmentation/SyntheticData_TRIVIAL_DENSE/Labels/label-871.png.

Took 21.66 seconds.

Loading MT points from /Users/karan/tubulaton/tubulaton-run/tubulaton-872.vtk to numpy array...
Simulating positions of fluorophores...
Number of FPs: 13080559156.399914
Generating label segmentation...
7309 tubulin found in focal plane.
Calculating fluorophore density over focal plane...
36683 fluorophores found in the focal plane.
Calculating fluorophore photon emission rate...
Fluorophore photon emission per second = 9470381.451524047
Applying point spread function to light intensity array...
Simulating shot noise...
Quantizing intensities...

Saved data to /Users/karan/microsegmentation/SyntheticData_TRIVIAL_DENSE/Images/image-872.png and /Users/karan/microsegmentation/SyntheticData_TRIVIAL_DENSE/Labels/label-872.png.

Took 22.14 seconds.

Loading MT points from /Users/karan/tubulaton/tubulaton-run/tubulaton-873.vtk to numpy array...
Simulating positions of fluorophores...
Number of FPs: 12525714013.192308
Generating label segmentation...
10060 tubulin found in focal plane.
Calculating fluorophore density over focal plane...
38054 fluorophores found in the focal plane.
Calculating fluorophore photon emission rate...
Fluorophore photon emission per second = 9470381.451524047
Applying point spread function to light intensity array...
Simulating shot noise...
Quantizing intensities...

Saved data to /Users/karan/microsegmentation/SyntheticData_TRIVIAL_DENSE/Images/image-873.png and /Users/karan/microsegmentation/SyntheticData_TRIVIAL_DENSE/Labels/label-873.png.

Took 21.98 seconds.

Loading MT points from /Users/karan/tubulaton/tubulaton-run/tubulaton-874.vtk to numpy array...
Simulating positions of fluorophores...
Number of FPs: 12845003929.270874
Generating label segmentation...
10795 tubulin found in focal plane.
Calculating fluorophore density over focal plane...
45019 fluorophores found in the focal plane.
Calculating fluorophore photon emission rate...
Fluorophore photon emission per second = 9470381.451524047
Applying point spread function to light intensity array...
Simulating shot noise...
Quantizing intensities...

Saved data to /Users/karan/microsegmentation/SyntheticData_TRIVIAL_DENSE/Images/image-874.png and /Users/karan/microsegmentation/SyntheticData_TRIVIAL_DENSE/Labels/label-874.png.

Took 22.25 seconds.

Loading MT points from /Users/karan/tubulaton/tubulaton-run/tubulaton-875.vtk to numpy array...
Simulating positions of fluorophores...
Number of FPs: 12618005103.14144
Generating label segmentation...
11980 tubulin found in focal plane.
Calculating fluorophore density over focal plane...
50872 fluorophores found in the focal plane.
Calculating fluorophore photon emission rate...
Fluorophore photon emission per second = 9470381.451524047
Applying point spread function to light intensity array...
Simulating shot noise...
Quantizing intensities...

Saved data to /Users/karan/microsegmentation/SyntheticData_TRIVIAL_DENSE/Images/image-875.png and /Users/karan/microsegmentation/SyntheticData_TRIVIAL_DENSE/Labels/label-875.png.

Took 22.37 seconds.

Loading MT points from /Users/karan/tubulaton/tubulaton-run/tubulaton-876.vtk to numpy array...
Simulating positions of fluorophores...
Number of FPs: 12369311395.781046
Generating label segmentation...
11507 tubulin found in focal plane.
Calculating fluorophore density over focal plane...
48734 fluorophores found in the focal plane.
Calculating fluorophore photon emission rate...
Fluorophore photon emission per second = 9470381.451524047
Applying point spread function to light intensity array...
Simulating shot noise...
Quantizing intensities...

Saved data to /Users/karan/microsegmentation/SyntheticData_TRIVIAL_DENSE/Images/image-876.png and /Users/karan/microsegmentation/SyntheticData_TRIVIAL_DENSE/Labels/label-876.png.

Took 22.63 seconds.

Loading MT points from /Users/karan/tubulaton/tubulaton-run/tubulaton-877.vtk to numpy array...
Simulating positions of fluorophores...
Number of FPs: 12793580877.781973
Generating label segmentation...
5461 tubulin found in focal plane.
Calculating fluorophore density over focal plane...
29090 fluorophores found in the focal plane.
Calculating fluorophore photon emission rate...
Fluorophore photon emission per second = 9470381.451524047
Applying point spread function to light intensity array...
Simulating shot noise...
Quantizing intensities...

Saved data to /Users/karan/microsegmentation/SyntheticData_TRIVIAL_DENSE/Images/image-877.png and /Users/karan/microsegmentation/SyntheticData_TRIVIAL_DENSE/Labels/label-877.png.

Took 22.27 seconds.

Loading MT points from /Users/karan/tubulaton/tubulaton-run/tubulaton-878.vtk to numpy array...
Simulating positions of fluorophores...
Number of FPs: 12741325681.132751
Generating label segmentation...
6872 tubulin found in focal plane.
Calculating fluorophore density over focal plane...
34010 fluorophores found in the focal plane.
Calculating fluorophore photon emission rate...
Fluorophore photon emission per second = 9470381.451524047
Applying point spread function to light intensity array...
Simulating shot noise...
Quantizing intensities...

Saved data to /Users/karan/microsegmentation/SyntheticData_TRIVIAL_DENSE/Images/image-878.png and /Users/karan/microsegmentation/SyntheticData_TRIVIAL_DENSE/Labels/label-878.png.

Took 21.78 seconds.

Loading MT points from /Users/karan/tubulaton/tubulaton-run/tubulaton-879.vtk to numpy array...
Simulating positions of fluorophores...
Number of FPs: 12083127602.706064
Generating label segmentation...
12258 tubulin found in focal plane.
Calculating fluorophore density over focal plane...
51798 fluorophores found in the focal plane.
Calculating fluorophore photon emission rate...
Fluorophore photon emission per second = 9470381.451524047
Applying point spread function to light intensity array...
Simulating shot noise...
Quantizing intensities...

Saved data to /Users/karan/microsegmentation/SyntheticData_TRIVIAL_DENSE/Images/image-879.png and /Users/karan/microsegmentation/SyntheticData_TRIVIAL_DENSE/Labels/label-879.png.

Took 22.05 seconds.

Loading MT points from /Users/karan/tubulaton/tubulaton-run/tubulaton-880.vtk to numpy array...
Simulating positions of fluorophores...
Number of FPs: 12403576697.976826
Generating label segmentation...
5257 tubulin found in focal plane.
Calculating fluorophore density over focal plane...
39493 fluorophores found in the focal plane.
Calculating fluorophore photon emission rate...
Fluorophore photon emission per second = 9470381.451524047
Applying point spread function to light intensity array...
Simulating shot noise...
Quantizing intensities...

Saved data to /Users/karan/microsegmentation/SyntheticData_TRIVIAL_DENSE/Images/image-880.png and /Users/karan/microsegmentation/SyntheticData_TRIVIAL_DENSE/Labels/label-880.png.

Took 21.96 seconds.

Loading MT points from /Users/karan/tubulaton/tubulaton-run/tubulaton-881.vtk to numpy array...
Simulating positions of fluorophores...
Number of FPs: 12553990990.605045
Generating label segmentation...
8572 tubulin found in focal plane.
Calculating fluorophore density over focal plane...
37218 fluorophores found in the focal plane.
Calculating fluorophore photon emission rate...
Fluorophore photon emission per second = 9470381.451524047
Applying point spread function to light intensity array...
Simulating shot noise...
Quantizing intensities...

Saved data to /Users/karan/microsegmentation/SyntheticData_TRIVIAL_DENSE/Images/image-881.png and /Users/karan/microsegmentation/SyntheticData_TRIVIAL_DENSE/Labels/label-881.png.

Took 22.09 seconds.

Loading MT points from /Users/karan/tubulaton/tubulaton-run/tubulaton-882.vtk to numpy array...
Simulating positions of fluorophores...
Number of FPs: 12751518637.960974
Generating label segmentation...
9531 tubulin found in focal plane.
Calculating fluorophore density over focal plane...
34291 fluorophores found in the focal plane.
Calculating fluorophore photon emission rate...
Fluorophore photon emission per second = 9470381.451524047
Applying point spread function to light intensity array...
Simulating shot noise...
Quantizing intensities...

Saved data to /Users/karan/microsegmentation/SyntheticData_TRIVIAL_DENSE/Images/image-882.png and /Users/karan/microsegmentation/SyntheticData_TRIVIAL_DENSE/Labels/label-882.png.

Took 21.82 seconds.

Loading MT points from /Users/karan/tubulaton/tubulaton-run/tubulaton-883.vtk to numpy array...
Simulating positions of fluorophores...
Number of FPs: 12822490214.949352
Generating label segmentation...
8288 tubulin found in focal plane.
Calculating fluorophore density over focal plane...
48398 fluorophores found in the focal plane.
Calculating fluorophore photon emission rate...
Fluorophore photon emission per second = 9470381.451524047
Applying point spread function to light intensity array...
Simulating shot noise...
Quantizing intensities...

Saved data to /Users/karan/microsegmentation/SyntheticData_TRIVIAL_DENSE/Images/image-883.png and /Users/karan/microsegmentation/SyntheticData_TRIVIAL_DENSE/Labels/label-883.png.

Took 23.18 seconds.

Loading MT points from /Users/karan/tubulaton/tubulaton-run/tubulaton-884.vtk to numpy array...
Simulating positions of fluorophores...
Number of FPs: 12618350695.496464
Generating label segmentation...
9979 tubulin found in focal plane.
Calculating fluorophore density over focal plane...
41613 fluorophores found in the focal plane.
Calculating fluorophore photon emission rate...
Fluorophore photon emission per second = 9470381.451524047
Applying point spread function to light intensity array...
Simulating shot noise...
Quantizing intensities...

Saved data to /Users/karan/microsegmentation/SyntheticData_TRIVIAL_DENSE/Images/image-884.png and /Users/karan/microsegmentation/SyntheticData_TRIVIAL_DENSE/Labels/label-884.png.

Took 22.45 seconds.

Loading MT points from /Users/karan/tubulaton/tubulaton-run/tubulaton-885.vtk to numpy array...
Simulating positions of fluorophores...
Number of FPs: 12450018372.924332
Generating label segmentation...
7436 tubulin found in focal plane.
Calculating fluorophore density over focal plane...
51119 fluorophores found in the focal plane.
Calculating fluorophore photon emission rate...
Fluorophore photon emission per second = 9470381.451524047
Applying point spread function to light intensity array...
Simulating shot noise...
Quantizing intensities...

Saved data to /Users/karan/microsegmentation/SyntheticData_TRIVIAL_DENSE/Images/image-885.png and /Users/karan/microsegmentation/SyntheticData_TRIVIAL_DENSE/Labels/label-885.png.

Took 22.71 seconds.

Loading MT points from /Users/karan/tubulaton/tubulaton-run/tubulaton-886.vtk to numpy array...
Simulating positions of fluorophores...
Number of FPs: 12400792089.670395
Generating label segmentation...
9030 tubulin found in focal plane.
Calculating fluorophore density over focal plane...
39162 fluorophores found in the focal plane.
Calculating fluorophore photon emission rate...
Fluorophore photon emission per second = 9470381.451524047
Applying point spread function to light intensity array...
Simulating shot noise...
Quantizing intensities...

Saved data to /Users/karan/microsegmentation/SyntheticData_TRIVIAL_DENSE/Images/image-886.png and /Users/karan/microsegmentation/SyntheticData_TRIVIAL_DENSE/Labels/label-886.png.

Took 22.73 seconds.

Loading MT points from /Users/karan/tubulaton/tubulaton-run/tubulaton-887.vtk to numpy array...
Simulating positions of fluorophores...
Number of FPs: 12462890885.50681
Generating label segmentation...
9011 tubulin found in focal plane.
Calculating fluorophore density over focal plane...
43361 fluorophores found in the focal plane.
Calculating fluorophore photon emission rate...
Fluorophore photon emission per second = 9470381.451524047
Applying point spread function to light intensity array...
Simulating shot noise...
Quantizing intensities...

Saved data to /Users/karan/microsegmentation/SyntheticData_TRIVIAL_DENSE/Images/image-887.png and /Users/karan/microsegmentation/SyntheticData_TRIVIAL_DENSE/Labels/label-887.png.

Took 21.58 seconds.

Loading MT points from /Users/karan/tubulaton/tubulaton-run/tubulaton-888.vtk to numpy array...
Simulating positions of fluorophores...
Number of FPs: 12870468372.585285
Generating label segmentation...
8502 tubulin found in focal plane.
Calculating fluorophore density over focal plane...
39905 fluorophores found in the focal plane.
Calculating fluorophore photon emission rate...
Fluorophore photon emission per second = 9470381.451524047
Applying point spread function to light intensity array...
Simulating shot noise...
Quantizing intensities...

Saved data to /Users/karan/microsegmentation/SyntheticData_TRIVIAL_DENSE/Images/image-888.png and /Users/karan/microsegmentation/SyntheticData_TRIVIAL_DENSE/Labels/label-888.png.

Took 20.54 seconds.

Loading MT points from /Users/karan/tubulaton/tubulaton-run/tubulaton-889.vtk to numpy array...
Simulating positions of fluorophores...
Number of FPs: 13283437003.973791
Generating label segmentation...
8986 tubulin found in focal plane.
Calculating fluorophore density over focal plane...
34805 fluorophores found in the focal plane.
Calculating fluorophore photon emission rate...
Fluorophore photon emission per second = 9470381.451524047
Applying point spread function to light intensity array...
Simulating shot noise...
Quantizing intensities...

Saved data to /Users/karan/microsegmentation/SyntheticData_TRIVIAL_DENSE/Images/image-889.png and /Users/karan/microsegmentation/SyntheticData_TRIVIAL_DENSE/Labels/label-889.png.

Took 20.22 seconds.

Loading MT points from /Users/karan/tubulaton/tubulaton-run/tubulaton-890.vtk to numpy array...
Simulating positions of fluorophores...
Number of FPs: 12276133034.945202
Generating label segmentation...
8421 tubulin found in focal plane.
Calculating fluorophore density over focal plane...
37017 fluorophores found in the focal plane.
Calculating fluorophore photon emission rate...
Fluorophore photon emission per second = 9470381.451524047
Applying point spread function to light intensity array...
Simulating shot noise...
Quantizing intensities...

Saved data to /Users/karan/microsegmentation/SyntheticData_TRIVIAL_DENSE/Images/image-890.png and /Users/karan/microsegmentation/SyntheticData_TRIVIAL_DENSE/Labels/label-890.png.

Took 19.43 seconds.

Loading MT points from /Users/karan/tubulaton/tubulaton-run/tubulaton-891.vtk to numpy array...
Simulating positions of fluorophores...
Number of FPs: 12841846813.575808
Generating label segmentation...
11542 tubulin found in focal plane.
Calculating fluorophore density over focal plane...
43314 fluorophores found in the focal plane.
Calculating fluorophore photon emission rate...
Fluorophore photon emission per second = 9470381.451524047
Applying point spread function to light intensity array...
Simulating shot noise...
Quantizing intensities...

Saved data to /Users/karan/microsegmentation/SyntheticData_TRIVIAL_DENSE/Images/image-891.png and /Users/karan/microsegmentation/SyntheticData_TRIVIAL_DENSE/Labels/label-891.png.

Took 19.99 seconds.

Loading MT points from /Users/karan/tubulaton/tubulaton-run/tubulaton-892.vtk to numpy array...
Simulating positions of fluorophores...
Number of FPs: 12966775396.73397
Generating label segmentation...
12807 tubulin found in focal plane.
Calculating fluorophore density over focal plane...
45394 fluorophores found in the focal plane.
Calculating fluorophore photon emission rate...
Fluorophore photon emission per second = 9470381.451524047
Applying point spread function to light intensity array...
Simulating shot noise...
Quantizing intensities...

Saved data to /Users/karan/microsegmentation/SyntheticData_TRIVIAL_DENSE/Images/image-892.png and /Users/karan/microsegmentation/SyntheticData_TRIVIAL_DENSE/Labels/label-892.png.

Took 19.86 seconds.

Loading MT points from /Users/karan/tubulaton/tubulaton-run/tubulaton-893.vtk to numpy array...
Simulating positions of fluorophores...
Number of FPs: 12993577593.204414
Generating label segmentation...
8111 tubulin found in focal plane.
Calculating fluorophore density over focal plane...
38113 fluorophores found in the focal plane.
Calculating fluorophore photon emission rate...
Fluorophore photon emission per second = 9470381.451524047
Applying point spread function to light intensity array...
Simulating shot noise...
Quantizing intensities...

Saved data to /Users/karan/microsegmentation/SyntheticData_TRIVIAL_DENSE/Images/image-893.png and /Users/karan/microsegmentation/SyntheticData_TRIVIAL_DENSE/Labels/label-893.png.

Took 19.89 seconds.

Loading MT points from /Users/karan/tubulaton/tubulaton-run/tubulaton-894.vtk to numpy array...
Simulating positions of fluorophores...
Number of FPs: 12580521282.503345
Generating label segmentation...
8136 tubulin found in focal plane.
Calculating fluorophore density over focal plane...
40872 fluorophores found in the focal plane.
Calculating fluorophore photon emission rate...
Fluorophore photon emission per second = 9470381.451524047
Applying point spread function to light intensity array...
Simulating shot noise...
Quantizing intensities...

Saved data to /Users/karan/microsegmentation/SyntheticData_TRIVIAL_DENSE/Images/image-894.png and /Users/karan/microsegmentation/SyntheticData_TRIVIAL_DENSE/Labels/label-894.png.

Took 19.61 seconds.

Loading MT points from /Users/karan/tubulaton/tubulaton-run/tubulaton-895.vtk to numpy array...
Simulating positions of fluorophores...
Number of FPs: 12232368506.301271
Generating label segmentation...
9728 tubulin found in focal plane.
Calculating fluorophore density over focal plane...
39000 fluorophores found in the focal plane.
Calculating fluorophore photon emission rate...
Fluorophore photon emission per second = 9470381.451524047
Applying point spread function to light intensity array...
Simulating shot noise...
Quantizing intensities...

Saved data to /Users/karan/microsegmentation/SyntheticData_TRIVIAL_DENSE/Images/image-895.png and /Users/karan/microsegmentation/SyntheticData_TRIVIAL_DENSE/Labels/label-895.png.

Took 19.67 seconds.

Loading MT points from /Users/karan/tubulaton/tubulaton-run/tubulaton-896.vtk to numpy array...
Simulating positions of fluorophores...
Number of FPs: 12982468843.591976
Generating label segmentation...
9568 tubulin found in focal plane.
Calculating fluorophore density over focal plane...
30316 fluorophores found in the focal plane.
Calculating fluorophore photon emission rate...
Fluorophore photon emission per second = 9470381.451524047
Applying point spread function to light intensity array...
Simulating shot noise...
Quantizing intensities...

Saved data to /Users/karan/microsegmentation/SyntheticData_TRIVIAL_DENSE/Images/image-896.png and /Users/karan/microsegmentation/SyntheticData_TRIVIAL_DENSE/Labels/label-896.png.

Took 19.63 seconds.

Loading MT points from /Users/karan/tubulaton/tubulaton-run/tubulaton-897.vtk to numpy array...
Simulating positions of fluorophores...
Number of FPs: 12477170938.82177
Generating label segmentation...
7503 tubulin found in focal plane.
Calculating fluorophore density over focal plane...
37871 fluorophores found in the focal plane.
Calculating fluorophore photon emission rate...
Fluorophore photon emission per second = 9470381.451524047
Applying point spread function to light intensity array...
Simulating shot noise...
Quantizing intensities...

Saved data to /Users/karan/microsegmentation/SyntheticData_TRIVIAL_DENSE/Images/image-897.png and /Users/karan/microsegmentation/SyntheticData_TRIVIAL_DENSE/Labels/label-897.png.

Took 19.68 seconds.

Loading MT points from /Users/karan/tubulaton/tubulaton-run/tubulaton-898.vtk to numpy array...
Simulating positions of fluorophores...
Number of FPs: 12399624929.941618
Generating label segmentation...
7901 tubulin found in focal plane.
Calculating fluorophore density over focal plane...
34367 fluorophores found in the focal plane.
Calculating fluorophore photon emission rate...
Fluorophore photon emission per second = 9470381.451524047
Applying point spread function to light intensity array...
Simulating shot noise...
Quantizing intensities...

Saved data to /Users/karan/microsegmentation/SyntheticData_TRIVIAL_DENSE/Images/image-898.png and /Users/karan/microsegmentation/SyntheticData_TRIVIAL_DENSE/Labels/label-898.png.

Took 19.25 seconds.

Loading MT points from /Users/karan/tubulaton/tubulaton-run/tubulaton-899.vtk to numpy array...
Simulating positions of fluorophores...
Number of FPs: 12820535046.345331
Generating label segmentation...
7980 tubulin found in focal plane.
Calculating fluorophore density over focal plane...
34417 fluorophores found in the focal plane.
Calculating fluorophore photon emission rate...
Fluorophore photon emission per second = 9470381.451524047
Applying point spread function to light intensity array...
Simulating shot noise...
Quantizing intensities...

Saved data to /Users/karan/microsegmentation/SyntheticData_TRIVIAL_DENSE/Images/image-899.png and /Users/karan/microsegmentation/SyntheticData_TRIVIAL_DENSE/Labels/label-899.png.

Took 20.22 seconds.

Loading MT points from /Users/karan/tubulaton/tubulaton-run/tubulaton-900.vtk to numpy array...
Simulating positions of fluorophores...
Number of FPs: 12401224601.801224
Generating label segmentation...
9294 tubulin found in focal plane.
Calculating fluorophore density over focal plane...
45939 fluorophores found in the focal plane.
Calculating fluorophore photon emission rate...
Fluorophore photon emission per second = 9470381.451524047
Applying point spread function to light intensity array...
Simulating shot noise...
Quantizing intensities...

Saved data to /Users/karan/microsegmentation/SyntheticData_TRIVIAL_DENSE/Images/image-900.png and /Users/karan/microsegmentation/SyntheticData_TRIVIAL_DENSE/Labels/label-900.png.

Took 19.68 seconds.


Took 2187.47 seconds in total.
(21.87 seconds per .vtk file)
