Loaded config file: /Users/karan/microsegmentation/generation/generate_configs/trivial.json5
Using depolymerization rate: 0.7481632033662367

Loading MT points from /Users/karan/tubulaton/tubulaton-run/tubulaton-1.vtk to numpy array...
Simulating positions of fluorophores...
Number of FPs: 12276627201.388866
Generating label segmentation...
8624 tubulin found in focal plane.
Calculating fluorophore density over focal plane...
37131 fluorophores found in the focal plane.
Calculating fluorophore photon emission rate...
Fluorophore photon emission per second = 9470381.451524047
Applying point spread function to light intensity array...
Simulating shot noise...
Quantizing intensities...

Saved data to /Users/karan/microsegmentation/SyntheticData_TRIVIAL_DENSE/Images/image-1.png and /Users/karan/microsegmentation/SyntheticData_TRIVIAL_DENSE/Labels/label-1.png.

Took 28.87 seconds.

Loading MT points from /Users/karan/tubulaton/tubulaton-run/tubulaton-2.vtk to numpy array...
Simulating positions of fluorophores...
Number of FPs: 13022440229.151314
Generating label segmentation...
14270 tubulin found in focal plane.
Calculating fluorophore density over focal plane...
45179 fluorophores found in the focal plane.
Calculating fluorophore photon emission rate...
Fluorophore photon emission per second = 9470381.451524047
Applying point spread function to light intensity array...
Simulating shot noise...
Quantizing intensities...

Saved data to /Users/karan/microsegmentation/SyntheticData_TRIVIAL_DENSE/Images/image-2.png and /Users/karan/microsegmentation/SyntheticData_TRIVIAL_DENSE/Labels/label-2.png.

Took 1057.69 seconds.

Loading MT points from /Users/karan/tubulaton/tubulaton-run/tubulaton-3.vtk to numpy array...
Simulating positions of fluorophores...
Number of FPs: 12342573223.99332
Generating label segmentation...
9008 tubulin found in focal plane.
Calculating fluorophore density over focal plane...
44381 fluorophores found in the focal plane.
Calculating fluorophore photon emission rate...
Fluorophore photon emission per second = 9470381.451524047
Applying point spread function to light intensity array...
Simulating shot noise...
Quantizing intensities...

Saved data to /Users/karan/microsegmentation/SyntheticData_TRIVIAL_DENSE/Images/image-3.png and /Users/karan/microsegmentation/SyntheticData_TRIVIAL_DENSE/Labels/label-3.png.

Took 27.47 seconds.

Loading MT points from /Users/karan/tubulaton/tubulaton-run/tubulaton-4.vtk to numpy array...
Simulating positions of fluorophores...
Number of FPs: 12793332219.44528
Generating label segmentation...
10650 tubulin found in focal plane.
Calculating fluorophore density over focal plane...
42297 fluorophores found in the focal plane.
Calculating fluorophore photon emission rate...
Fluorophore photon emission per second = 9470381.451524047
Applying point spread function to light intensity array...
Simulating shot noise...
Quantizing intensities...

Saved data to /Users/karan/microsegmentation/SyntheticData_TRIVIAL_DENSE/Images/image-4.png and /Users/karan/microsegmentation/SyntheticData_TRIVIAL_DENSE/Labels/label-4.png.

Took 1001.75 seconds.

Loading MT points from /Users/karan/tubulaton/tubulaton-run/tubulaton-5.vtk to numpy array...
Simulating positions of fluorophores...
Number of FPs: 12947933115.517756
Generating label segmentation...
10803 tubulin found in focal plane.
Calculating fluorophore density over focal plane...
36170 fluorophores found in the focal plane.
Calculating fluorophore photon emission rate...
Fluorophore photon emission per second = 9470381.451524047
Applying point spread function to light intensity array...
Simulating shot noise...
Quantizing intensities...

Saved data to /Users/karan/microsegmentation/SyntheticData_TRIVIAL_DENSE/Images/image-5.png and /Users/karan/microsegmentation/SyntheticData_TRIVIAL_DENSE/Labels/label-5.png.

Took 22.90 seconds.

Loading MT points from /Users/karan/tubulaton/tubulaton-run/tubulaton-6.vtk to numpy array...
Simulating positions of fluorophores...
Number of FPs: 12650002888.178663
Generating label segmentation...
13559 tubulin found in focal plane.
Calculating fluorophore density over focal plane...
41749 fluorophores found in the focal plane.
Calculating fluorophore photon emission rate...
Fluorophore photon emission per second = 9470381.451524047
Applying point spread function to light intensity array...
Simulating shot noise...
Quantizing intensities...

Saved data to /Users/karan/microsegmentation/SyntheticData_TRIVIAL_DENSE/Images/image-6.png and /Users/karan/microsegmentation/SyntheticData_TRIVIAL_DENSE/Labels/label-6.png.

Took 22.49 seconds.

Loading MT points from /Users/karan/tubulaton/tubulaton-run/tubulaton-7.vtk to numpy array...
Simulating positions of fluorophores...
Number of FPs: 12899826102.485434
Generating label segmentation...
8046 tubulin found in focal plane.
Calculating fluorophore density over focal plane...
37349 fluorophores found in the focal plane.
Calculating fluorophore photon emission rate...
Fluorophore photon emission per second = 9470381.451524047
Applying point spread function to light intensity array...
Simulating shot noise...
Quantizing intensities...

Saved data to /Users/karan/microsegmentation/SyntheticData_TRIVIAL_DENSE/Images/image-7.png and /Users/karan/microsegmentation/SyntheticData_TRIVIAL_DENSE/Labels/label-7.png.

Took 815.44 seconds.

Loading MT points from /Users/karan/tubulaton/tubulaton-run/tubulaton-8.vtk to numpy array...
Simulating positions of fluorophores...
Number of FPs: 13082455222.329777
Generating label segmentation...
7333 tubulin found in focal plane.
Calculating fluorophore density over focal plane...
36140 fluorophores found in the focal plane.
Calculating fluorophore photon emission rate...
Fluorophore photon emission per second = 9470381.451524047
Applying point spread function to light intensity array...
Simulating shot noise...
Quantizing intensities...

Saved data to /Users/karan/microsegmentation/SyntheticData_TRIVIAL_DENSE/Images/image-8.png and /Users/karan/microsegmentation/SyntheticData_TRIVIAL_DENSE/Labels/label-8.png.

Took 22.54 seconds.

Loading MT points from /Users/karan/tubulaton/tubulaton-run/tubulaton-9.vtk to numpy array...
Simulating positions of fluorophores...
Number of FPs: 11721881553.55221
Generating label segmentation...
9421 tubulin found in focal plane.
Calculating fluorophore density over focal plane...
39776 fluorophores found in the focal plane.
Calculating fluorophore photon emission rate...
Fluorophore photon emission per second = 9470381.451524047
Applying point spread function to light intensity array...
Simulating shot noise...
Quantizing intensities...

Saved data to /Users/karan/microsegmentation/SyntheticData_TRIVIAL_DENSE/Images/image-9.png and /Users/karan/microsegmentation/SyntheticData_TRIVIAL_DENSE/Labels/label-9.png.

Took 921.81 seconds.

Loading MT points from /Users/karan/tubulaton/tubulaton-run/tubulaton-10.vtk to numpy array...
Simulating positions of fluorophores...
Number of FPs: 12358177055.80402
Generating label segmentation...
11884 tubulin found in focal plane.
Calculating fluorophore density over focal plane...
36563 fluorophores found in the focal plane.
Calculating fluorophore photon emission rate...
Fluorophore photon emission per second = 9470381.451524047
Applying point spread function to light intensity array...
Simulating shot noise...
Quantizing intensities...

Saved data to /Users/karan/microsegmentation/SyntheticData_TRIVIAL_DENSE/Images/image-10.png and /Users/karan/microsegmentation/SyntheticData_TRIVIAL_DENSE/Labels/label-10.png.

Took 21.87 seconds.

Loading MT points from /Users/karan/tubulaton/tubulaton-run/tubulaton-11.vtk to numpy array...
Simulating positions of fluorophores...
Number of FPs: 12552085052.145645
Generating label segmentation...
7217 tubulin found in focal plane.
Calculating fluorophore density over focal plane...
41406 fluorophores found in the focal plane.
Calculating fluorophore photon emission rate...
Fluorophore photon emission per second = 9470381.451524047
Applying point spread function to light intensity array...
Simulating shot noise...
Quantizing intensities...

Saved data to /Users/karan/microsegmentation/SyntheticData_TRIVIAL_DENSE/Images/image-11.png and /Users/karan/microsegmentation/SyntheticData_TRIVIAL_DENSE/Labels/label-11.png.

Took 939.80 seconds.

Loading MT points from /Users/karan/tubulaton/tubulaton-run/tubulaton-12.vtk to numpy array...
Simulating positions of fluorophores...
Number of FPs: 12800154322.445631
Generating label segmentation...
5593 tubulin found in focal plane.
Calculating fluorophore density over focal plane...
29709 fluorophores found in the focal plane.
Calculating fluorophore photon emission rate...
Fluorophore photon emission per second = 9470381.451524047
Applying point spread function to light intensity array...
Simulating shot noise...
Quantizing intensities...

Saved data to /Users/karan/microsegmentation/SyntheticData_TRIVIAL_DENSE/Images/image-12.png and /Users/karan/microsegmentation/SyntheticData_TRIVIAL_DENSE/Labels/label-12.png.

Took 21.74 seconds.

Loading MT points from /Users/karan/tubulaton/tubulaton-run/tubulaton-13.vtk to numpy array...
Simulating positions of fluorophores...
Number of FPs: 12366159111.664566
Generating label segmentation...
7552 tubulin found in focal plane.
Calculating fluorophore density over focal plane...
32716 fluorophores found in the focal plane.
Calculating fluorophore photon emission rate...
Fluorophore photon emission per second = 9470381.451524047
Applying point spread function to light intensity array...
Simulating shot noise...
Quantizing intensities...

Saved data to /Users/karan/microsegmentation/SyntheticData_TRIVIAL_DENSE/Images/image-13.png and /Users/karan/microsegmentation/SyntheticData_TRIVIAL_DENSE/Labels/label-13.png.

Took 21.31 seconds.

Loading MT points from /Users/karan/tubulaton/tubulaton-run/tubulaton-14.vtk to numpy array...
Simulating positions of fluorophores...
Number of FPs: 13389002074.436893
Generating label segmentation...
8306 tubulin found in focal plane.
Calculating fluorophore density over focal plane...
36156 fluorophores found in the focal plane.
Calculating fluorophore photon emission rate...
Fluorophore photon emission per second = 9470381.451524047
Applying point spread function to light intensity array...
Simulating shot noise...
Quantizing intensities...

Saved data to /Users/karan/microsegmentation/SyntheticData_TRIVIAL_DENSE/Images/image-14.png and /Users/karan/microsegmentation/SyntheticData_TRIVIAL_DENSE/Labels/label-14.png.

Took 1023.68 seconds.

Loading MT points from /Users/karan/tubulaton/tubulaton-run/tubulaton-15.vtk to numpy array...
Simulating positions of fluorophores...
Number of FPs: 12177953951.065535
Generating label segmentation...
11910 tubulin found in focal plane.
Calculating fluorophore density over focal plane...
39658 fluorophores found in the focal plane.
Calculating fluorophore photon emission rate...
Fluorophore photon emission per second = 9470381.451524047
Applying point spread function to light intensity array...
Simulating shot noise...
Quantizing intensities...

Saved data to /Users/karan/microsegmentation/SyntheticData_TRIVIAL_DENSE/Images/image-15.png and /Users/karan/microsegmentation/SyntheticData_TRIVIAL_DENSE/Labels/label-15.png.

Took 21.65 seconds.

Loading MT points from /Users/karan/tubulaton/tubulaton-run/tubulaton-16.vtk to numpy array...
Simulating positions of fluorophores...
Number of FPs: 12646484480.944496
Generating label segmentation...
11018 tubulin found in focal plane.
Calculating fluorophore density over focal plane...
48689 fluorophores found in the focal plane.
Calculating fluorophore photon emission rate...
Fluorophore photon emission per second = 9470381.451524047
Applying point spread function to light intensity array...
Simulating shot noise...
Quantizing intensities...

Saved data to /Users/karan/microsegmentation/SyntheticData_TRIVIAL_DENSE/Images/image-16.png and /Users/karan/microsegmentation/SyntheticData_TRIVIAL_DENSE/Labels/label-16.png.

Took 947.04 seconds.

Loading MT points from /Users/karan/tubulaton/tubulaton-run/tubulaton-17.vtk to numpy array...
Simulating positions of fluorophores...
Number of FPs: 12166699934.33197
Generating label segmentation...
8623 tubulin found in focal plane.
Calculating fluorophore density over focal plane...
40309 fluorophores found in the focal plane.
Calculating fluorophore photon emission rate...
Fluorophore photon emission per second = 9470381.451524047
Applying point spread function to light intensity array...
Simulating shot noise...
Quantizing intensities...

Saved data to /Users/karan/microsegmentation/SyntheticData_TRIVIAL_DENSE/Images/image-17.png and /Users/karan/microsegmentation/SyntheticData_TRIVIAL_DENSE/Labels/label-17.png.

Took 21.70 seconds.

Loading MT points from /Users/karan/tubulaton/tubulaton-run/tubulaton-18.vtk to numpy array...
Simulating positions of fluorophores...
Number of FPs: 12838540786.096401
Generating label segmentation...
10810 tubulin found in focal plane.
Calculating fluorophore density over focal plane...
47569 fluorophores found in the focal plane.
Calculating fluorophore photon emission rate...
Fluorophore photon emission per second = 9470381.451524047
Applying point spread function to light intensity array...
Simulating shot noise...
Quantizing intensities...

Saved data to /Users/karan/microsegmentation/SyntheticData_TRIVIAL_DENSE/Images/image-18.png and /Users/karan/microsegmentation/SyntheticData_TRIVIAL_DENSE/Labels/label-18.png.

Took 22.83 seconds.

Loading MT points from /Users/karan/tubulaton/tubulaton-run/tubulaton-19.vtk to numpy array...
Simulating positions of fluorophores...
Number of FPs: 12821430176.33425
Generating label segmentation...
7956 tubulin found in focal plane.
Calculating fluorophore density over focal plane...
33696 fluorophores found in the focal plane.
Calculating fluorophore photon emission rate...
Fluorophore photon emission per second = 9470381.451524047
Applying point spread function to light intensity array...
Simulating shot noise...
Quantizing intensities...

Saved data to /Users/karan/microsegmentation/SyntheticData_TRIVIAL_DENSE/Images/image-19.png and /Users/karan/microsegmentation/SyntheticData_TRIVIAL_DENSE/Labels/label-19.png.

Took 21.94 seconds.

Loading MT points from /Users/karan/tubulaton/tubulaton-run/tubulaton-20.vtk to numpy array...
Simulating positions of fluorophores...
Number of FPs: 12597835681.164639
Generating label segmentation...
11706 tubulin found in focal plane.
Calculating fluorophore density over focal plane...
45996 fluorophores found in the focal plane.
Calculating fluorophore photon emission rate...
Fluorophore photon emission per second = 9470381.451524047
Applying point spread function to light intensity array...
Simulating shot noise...
Quantizing intensities...

Saved data to /Users/karan/microsegmentation/SyntheticData_TRIVIAL_DENSE/Images/image-20.png and /Users/karan/microsegmentation/SyntheticData_TRIVIAL_DENSE/Labels/label-20.png.

Took 27.47 seconds.

Loading MT points from /Users/karan/tubulaton/tubulaton-run/tubulaton-21.vtk to numpy array...
Simulating positions of fluorophores...
Number of FPs: 12809678637.252462
Generating label segmentation...
8144 tubulin found in focal plane.
Calculating fluorophore density over focal plane...
38015 fluorophores found in the focal plane.
Calculating fluorophore photon emission rate...
Fluorophore photon emission per second = 9470381.451524047
Applying point spread function to light intensity array...
Simulating shot noise...
Quantizing intensities...

Saved data to /Users/karan/microsegmentation/SyntheticData_TRIVIAL_DENSE/Images/image-21.png and /Users/karan/microsegmentation/SyntheticData_TRIVIAL_DENSE/Labels/label-21.png.

Took 23.78 seconds.

Loading MT points from /Users/karan/tubulaton/tubulaton-run/tubulaton-22.vtk to numpy array...
Simulating positions of fluorophores...
Number of FPs: 12826932029.450686
Generating label segmentation...
9155 tubulin found in focal plane.
Calculating fluorophore density over focal plane...
43021 fluorophores found in the focal plane.
Calculating fluorophore photon emission rate...
Fluorophore photon emission per second = 9470381.451524047
Applying point spread function to light intensity array...
Simulating shot noise...
Quantizing intensities...

Saved data to /Users/karan/microsegmentation/SyntheticData_TRIVIAL_DENSE/Images/image-22.png and /Users/karan/microsegmentation/SyntheticData_TRIVIAL_DENSE/Labels/label-22.png.

Took 951.38 seconds.

Loading MT points from /Users/karan/tubulaton/tubulaton-run/tubulaton-23.vtk to numpy array...
Simulating positions of fluorophores...
Number of FPs: 12365961297.427404
Generating label segmentation...
10223 tubulin found in focal plane.
Calculating fluorophore density over focal plane...
43985 fluorophores found in the focal plane.
Calculating fluorophore photon emission rate...
Fluorophore photon emission per second = 9470381.451524047
Applying point spread function to light intensity array...
Simulating shot noise...
Quantizing intensities...

Saved data to /Users/karan/microsegmentation/SyntheticData_TRIVIAL_DENSE/Images/image-23.png and /Users/karan/microsegmentation/SyntheticData_TRIVIAL_DENSE/Labels/label-23.png.

Took 22.06 seconds.

Loading MT points from /Users/karan/tubulaton/tubulaton-run/tubulaton-24.vtk to numpy array...
Simulating positions of fluorophores...
Number of FPs: 12550544768.463112
Generating label segmentation...
9010 tubulin found in focal plane.
Calculating fluorophore density over focal plane...
39744 fluorophores found in the focal plane.
Calculating fluorophore photon emission rate...
Fluorophore photon emission per second = 9470381.451524047
Applying point spread function to light intensity array...
Simulating shot noise...
Quantizing intensities...

Saved data to /Users/karan/microsegmentation/SyntheticData_TRIVIAL_DENSE/Images/image-24.png and /Users/karan/microsegmentation/SyntheticData_TRIVIAL_DENSE/Labels/label-24.png.

Took 22.47 seconds.

Loading MT points from /Users/karan/tubulaton/tubulaton-run/tubulaton-25.vtk to numpy array...
Simulating positions of fluorophores...
Number of FPs: 12236754232.75887
Generating label segmentation...
12252 tubulin found in focal plane.
Calculating fluorophore density over focal plane...
46051 fluorophores found in the focal plane.
Calculating fluorophore photon emission rate...
Fluorophore photon emission per second = 9470381.451524047
Applying point spread function to light intensity array...
Simulating shot noise...
Quantizing intensities...

Saved data to /Users/karan/microsegmentation/SyntheticData_TRIVIAL_DENSE/Images/image-25.png and /Users/karan/microsegmentation/SyntheticData_TRIVIAL_DENSE/Labels/label-25.png.

Took 22.36 seconds.

Loading MT points from /Users/karan/tubulaton/tubulaton-run/tubulaton-26.vtk to numpy array...
Simulating positions of fluorophores...
Number of FPs: 13268542714.187092
Generating label segmentation...
8512 tubulin found in focal plane.
Calculating fluorophore density over focal plane...
41881 fluorophores found in the focal plane.
Calculating fluorophore photon emission rate...
Fluorophore photon emission per second = 9470381.451524047
Applying point spread function to light intensity array...
Simulating shot noise...
Quantizing intensities...

Saved data to /Users/karan/microsegmentation/SyntheticData_TRIVIAL_DENSE/Images/image-26.png and /Users/karan/microsegmentation/SyntheticData_TRIVIAL_DENSE/Labels/label-26.png.

Took 28.25 seconds.

Loading MT points from /Users/karan/tubulaton/tubulaton-run/tubulaton-27.vtk to numpy array...
Simulating positions of fluorophores...
Number of FPs: 12737239730.28833
Generating label segmentation...
13930 tubulin found in focal plane.
Calculating fluorophore density over focal plane...
51769 fluorophores found in the focal plane.
Calculating fluorophore photon emission rate...
Fluorophore photon emission per second = 9470381.451524047
Applying point spread function to light intensity array...
Simulating shot noise...
Quantizing intensities...

Saved data to /Users/karan/microsegmentation/SyntheticData_TRIVIAL_DENSE/Images/image-27.png and /Users/karan/microsegmentation/SyntheticData_TRIVIAL_DENSE/Labels/label-27.png.

Took 24.73 seconds.

Loading MT points from /Users/karan/tubulaton/tubulaton-run/tubulaton-28.vtk to numpy array...
Simulating positions of fluorophores...
Number of FPs: 12459431777.193779
Generating label segmentation...
5912 tubulin found in focal plane.
Calculating fluorophore density over focal plane...
43016 fluorophores found in the focal plane.
Calculating fluorophore photon emission rate...
Fluorophore photon emission per second = 9470381.451524047
Applying point spread function to light intensity array...
Simulating shot noise...
Quantizing intensities...

Saved data to /Users/karan/microsegmentation/SyntheticData_TRIVIAL_DENSE/Images/image-28.png and /Users/karan/microsegmentation/SyntheticData_TRIVIAL_DENSE/Labels/label-28.png.

Took 1068.74 seconds.

Loading MT points from /Users/karan/tubulaton/tubulaton-run/tubulaton-29.vtk to numpy array...
Simulating positions of fluorophores...
Number of FPs: 12190203454.785213
Generating label segmentation...
10284 tubulin found in focal plane.
Calculating fluorophore density over focal plane...
34097 fluorophores found in the focal plane.
Calculating fluorophore photon emission rate...
Fluorophore photon emission per second = 9470381.451524047
Applying point spread function to light intensity array...
Simulating shot noise...
Quantizing intensities...

Saved data to /Users/karan/microsegmentation/SyntheticData_TRIVIAL_DENSE/Images/image-29.png and /Users/karan/microsegmentation/SyntheticData_TRIVIAL_DENSE/Labels/label-29.png.

Took 21.38 seconds.

Loading MT points from /Users/karan/tubulaton/tubulaton-run/tubulaton-30.vtk to numpy array...
Simulating positions of fluorophores...
Number of FPs: 12678490372.678358
Generating label segmentation...
9874 tubulin found in focal plane.
Calculating fluorophore density over focal plane...
49209 fluorophores found in the focal plane.
Calculating fluorophore photon emission rate...
Fluorophore photon emission per second = 9470381.451524047
Applying point spread function to light intensity array...
Simulating shot noise...
Quantizing intensities...

Saved data to /Users/karan/microsegmentation/SyntheticData_TRIVIAL_DENSE/Images/image-30.png and /Users/karan/microsegmentation/SyntheticData_TRIVIAL_DENSE/Labels/label-30.png.

Took 22.92 seconds.

Loading MT points from /Users/karan/tubulaton/tubulaton-run/tubulaton-31.vtk to numpy array...
Simulating positions of fluorophores...
Number of FPs: 12184537145.603271
Generating label segmentation...
6879 tubulin found in focal plane.
Calculating fluorophore density over focal plane...
40054 fluorophores found in the focal plane.
Calculating fluorophore photon emission rate...
Fluorophore photon emission per second = 9470381.451524047
Applying point spread function to light intensity array...
Simulating shot noise...
Quantizing intensities...

Saved data to /Users/karan/microsegmentation/SyntheticData_TRIVIAL_DENSE/Images/image-31.png and /Users/karan/microsegmentation/SyntheticData_TRIVIAL_DENSE/Labels/label-31.png.

Took 21.97 seconds.

Loading MT points from /Users/karan/tubulaton/tubulaton-run/tubulaton-32.vtk to numpy array...
Simulating positions of fluorophores...
Number of FPs: 11943818223.175848
Generating label segmentation...
8605 tubulin found in focal plane.
Calculating fluorophore density over focal plane...
47844 fluorophores found in the focal plane.
Calculating fluorophore photon emission rate...
Fluorophore photon emission per second = 9470381.451524047
Applying point spread function to light intensity array...
Simulating shot noise...
Quantizing intensities...

Saved data to /Users/karan/microsegmentation/SyntheticData_TRIVIAL_DENSE/Images/image-32.png and /Users/karan/microsegmentation/SyntheticData_TRIVIAL_DENSE/Labels/label-32.png.

Took 1024.73 seconds.

Loading MT points from /Users/karan/tubulaton/tubulaton-run/tubulaton-33.vtk to numpy array...
Simulating positions of fluorophores...
Number of FPs: 12390461929.848452
Generating label segmentation...
13567 tubulin found in focal plane.
Calculating fluorophore density over focal plane...
45422 fluorophores found in the focal plane.
Calculating fluorophore photon emission rate...
Fluorophore photon emission per second = 9470381.451524047
Applying point spread function to light intensity array...
Simulating shot noise...
Quantizing intensities...

Saved data to /Users/karan/microsegmentation/SyntheticData_TRIVIAL_DENSE/Images/image-33.png and /Users/karan/microsegmentation/SyntheticData_TRIVIAL_DENSE/Labels/label-33.png.

Took 22.19 seconds.

Loading MT points from /Users/karan/tubulaton/tubulaton-run/tubulaton-34.vtk to numpy array...
Simulating positions of fluorophores...
Number of FPs: 12192194570.392952
Generating label segmentation...
8189 tubulin found in focal plane.
Calculating fluorophore density over focal plane...
36807 fluorophores found in the focal plane.
Calculating fluorophore photon emission rate...
Fluorophore photon emission per second = 9470381.451524047
Applying point spread function to light intensity array...
Simulating shot noise...
Quantizing intensities...

Saved data to /Users/karan/microsegmentation/SyntheticData_TRIVIAL_DENSE/Images/image-34.png and /Users/karan/microsegmentation/SyntheticData_TRIVIAL_DENSE/Labels/label-34.png.

Took 1001.64 seconds.

Loading MT points from /Users/karan/tubulaton/tubulaton-run/tubulaton-35.vtk to numpy array...
Simulating positions of fluorophores...
Number of FPs: 13111649089.376663
Generating label segmentation...
13488 tubulin found in focal plane.
Calculating fluorophore density over focal plane...
30861 fluorophores found in the focal plane.
Calculating fluorophore photon emission rate...
Fluorophore photon emission per second = 9470381.451524047
Applying point spread function to light intensity array...
Simulating shot noise...
Quantizing intensities...

Saved data to /Users/karan/microsegmentation/SyntheticData_TRIVIAL_DENSE/Images/image-35.png and /Users/karan/microsegmentation/SyntheticData_TRIVIAL_DENSE/Labels/label-35.png.

Took 22.21 seconds.

Loading MT points from /Users/karan/tubulaton/tubulaton-run/tubulaton-36.vtk to numpy array...
Simulating positions of fluorophores...
Number of FPs: 12105625811.860851
Generating label segmentation...
11869 tubulin found in focal plane.
Calculating fluorophore density over focal plane...
52663 fluorophores found in the focal plane.
Calculating fluorophore photon emission rate...
Fluorophore photon emission per second = 9470381.451524047
Applying point spread function to light intensity array...
Simulating shot noise...
Quantizing intensities...

Saved data to /Users/karan/microsegmentation/SyntheticData_TRIVIAL_DENSE/Images/image-36.png and /Users/karan/microsegmentation/SyntheticData_TRIVIAL_DENSE/Labels/label-36.png.

Took 22.14 seconds.

Loading MT points from /Users/karan/tubulaton/tubulaton-run/tubulaton-37.vtk to numpy array...
Simulating positions of fluorophores...
Number of FPs: 12647587734.4378
Generating label segmentation...
11635 tubulin found in focal plane.
Calculating fluorophore density over focal plane...
45449 fluorophores found in the focal plane.
Calculating fluorophore photon emission rate...
Fluorophore photon emission per second = 9470381.451524047
Applying point spread function to light intensity array...
Simulating shot noise...
Quantizing intensities...

Saved data to /Users/karan/microsegmentation/SyntheticData_TRIVIAL_DENSE/Images/image-37.png and /Users/karan/microsegmentation/SyntheticData_TRIVIAL_DENSE/Labels/label-37.png.

Took 21.98 seconds.

Loading MT points from /Users/karan/tubulaton/tubulaton-run/tubulaton-38.vtk to numpy array...
Simulating positions of fluorophores...
Number of FPs: 12644988214.315592
Generating label segmentation...
11738 tubulin found in focal plane.
Calculating fluorophore density over focal plane...
38346 fluorophores found in the focal plane.
Calculating fluorophore photon emission rate...
Fluorophore photon emission per second = 9470381.451524047
Applying point spread function to light intensity array...
Simulating shot noise...
Quantizing intensities...

Saved data to /Users/karan/microsegmentation/SyntheticData_TRIVIAL_DENSE/Images/image-38.png and /Users/karan/microsegmentation/SyntheticData_TRIVIAL_DENSE/Labels/label-38.png.

Took 24.89 seconds.

Loading MT points from /Users/karan/tubulaton/tubulaton-run/tubulaton-39.vtk to numpy array...
Simulating positions of fluorophores...
Number of FPs: 13351273286.298767
Generating label segmentation...
5287 tubulin found in focal plane.
Calculating fluorophore density over focal plane...
29997 fluorophores found in the focal plane.
Calculating fluorophore photon emission rate...
Fluorophore photon emission per second = 9470381.451524047
Applying point spread function to light intensity array...
Simulating shot noise...
Quantizing intensities...

Saved data to /Users/karan/microsegmentation/SyntheticData_TRIVIAL_DENSE/Images/image-39.png and /Users/karan/microsegmentation/SyntheticData_TRIVIAL_DENSE/Labels/label-39.png.

Took 25.57 seconds.

Loading MT points from /Users/karan/tubulaton/tubulaton-run/tubulaton-40.vtk to numpy array...
Simulating positions of fluorophores...
Number of FPs: 12264759280.230936
Generating label segmentation...
8957 tubulin found in focal plane.
Calculating fluorophore density over focal plane...
38088 fluorophores found in the focal plane.
Calculating fluorophore photon emission rate...
Fluorophore photon emission per second = 9470381.451524047
Applying point spread function to light intensity array...
Simulating shot noise...
Quantizing intensities...

Saved data to /Users/karan/microsegmentation/SyntheticData_TRIVIAL_DENSE/Images/image-40.png and /Users/karan/microsegmentation/SyntheticData_TRIVIAL_DENSE/Labels/label-40.png.

Took 24.98 seconds.

Loading MT points from /Users/karan/tubulaton/tubulaton-run/tubulaton-41.vtk to numpy array...
Simulating positions of fluorophores...
Number of FPs: 13197207807.074776
Generating label segmentation...
14721 tubulin found in focal plane.
Calculating fluorophore density over focal plane...
39946 fluorophores found in the focal plane.
Calculating fluorophore photon emission rate...
Fluorophore photon emission per second = 9470381.451524047
Applying point spread function to light intensity array...
Simulating shot noise...
Quantizing intensities...

Saved data to /Users/karan/microsegmentation/SyntheticData_TRIVIAL_DENSE/Images/image-41.png and /Users/karan/microsegmentation/SyntheticData_TRIVIAL_DENSE/Labels/label-41.png.

Took 969.73 seconds.

Loading MT points from /Users/karan/tubulaton/tubulaton-run/tubulaton-42.vtk to numpy array...
Simulating positions of fluorophores...
Number of FPs: 12051325118.548813
Generating label segmentation...
9827 tubulin found in focal plane.
Calculating fluorophore density over focal plane...
47077 fluorophores found in the focal plane.
Calculating fluorophore photon emission rate...
Fluorophore photon emission per second = 9470381.451524047
Applying point spread function to light intensity array...
Simulating shot noise...
Quantizing intensities...

Saved data to /Users/karan/microsegmentation/SyntheticData_TRIVIAL_DENSE/Images/image-42.png and /Users/karan/microsegmentation/SyntheticData_TRIVIAL_DENSE/Labels/label-42.png.

Took 22.01 seconds.

Loading MT points from /Users/karan/tubulaton/tubulaton-run/tubulaton-43.vtk to numpy array...
Simulating positions of fluorophores...
Number of FPs: 12174062566.574781
Generating label segmentation...
14248 tubulin found in focal plane.
Calculating fluorophore density over focal plane...
48757 fluorophores found in the focal plane.
Calculating fluorophore photon emission rate...
Fluorophore photon emission per second = 9470381.451524047
Applying point spread function to light intensity array...
Simulating shot noise...
Quantizing intensities...

Saved data to /Users/karan/microsegmentation/SyntheticData_TRIVIAL_DENSE/Images/image-43.png and /Users/karan/microsegmentation/SyntheticData_TRIVIAL_DENSE/Labels/label-43.png.

Took 21.85 seconds.

Loading MT points from /Users/karan/tubulaton/tubulaton-run/tubulaton-44.vtk to numpy array...
Simulating positions of fluorophores...
Number of FPs: 12565202144.327053
Generating label segmentation...
13155 tubulin found in focal plane.
Calculating fluorophore density over focal plane...
46599 fluorophores found in the focal plane.
Calculating fluorophore photon emission rate...
Fluorophore photon emission per second = 9470381.451524047
Applying point spread function to light intensity array...
Simulating shot noise...
Quantizing intensities...

Saved data to /Users/karan/microsegmentation/SyntheticData_TRIVIAL_DENSE/Images/image-44.png and /Users/karan/microsegmentation/SyntheticData_TRIVIAL_DENSE/Labels/label-44.png.

Took 22.18 seconds.

Loading MT points from /Users/karan/tubulaton/tubulaton-run/tubulaton-45.vtk to numpy array...
Simulating positions of fluorophores...
Number of FPs: 12232387871.559795
Generating label segmentation...
13322 tubulin found in focal plane.
Calculating fluorophore density over focal plane...
42021 fluorophores found in the focal plane.
Calculating fluorophore photon emission rate...
Fluorophore photon emission per second = 9470381.451524047
Applying point spread function to light intensity array...
Simulating shot noise...
Quantizing intensities...

Saved data to /Users/karan/microsegmentation/SyntheticData_TRIVIAL_DENSE/Images/image-45.png and /Users/karan/microsegmentation/SyntheticData_TRIVIAL_DENSE/Labels/label-45.png.

Took 24.42 seconds.

Loading MT points from /Users/karan/tubulaton/tubulaton-run/tubulaton-46.vtk to numpy array...
Simulating positions of fluorophores...
Number of FPs: 12855640342.626379
Generating label segmentation...
11456 tubulin found in focal plane.
Calculating fluorophore density over focal plane...
40394 fluorophores found in the focal plane.
Calculating fluorophore photon emission rate...
Fluorophore photon emission per second = 9470381.451524047
Applying point spread function to light intensity array...
Simulating shot noise...
Quantizing intensities...

Saved data to /Users/karan/microsegmentation/SyntheticData_TRIVIAL_DENSE/Images/image-46.png and /Users/karan/microsegmentation/SyntheticData_TRIVIAL_DENSE/Labels/label-46.png.

Took 26.27 seconds.

Loading MT points from /Users/karan/tubulaton/tubulaton-run/tubulaton-47.vtk to numpy array...
Simulating positions of fluorophores...
Number of FPs: 12024525609.4161
Generating label segmentation...
11916 tubulin found in focal plane.
Calculating fluorophore density over focal plane...
43738 fluorophores found in the focal plane.
Calculating fluorophore photon emission rate...
Fluorophore photon emission per second = 9470381.451524047
Applying point spread function to light intensity array...
Simulating shot noise...
Quantizing intensities...

Saved data to /Users/karan/microsegmentation/SyntheticData_TRIVIAL_DENSE/Images/image-47.png and /Users/karan/microsegmentation/SyntheticData_TRIVIAL_DENSE/Labels/label-47.png.

Took 985.84 seconds.

Loading MT points from /Users/karan/tubulaton/tubulaton-run/tubulaton-48.vtk to numpy array...
Simulating positions of fluorophores...
Number of FPs: 12844828685.795097
Generating label segmentation...
8994 tubulin found in focal plane.
Calculating fluorophore density over focal plane...
38801 fluorophores found in the focal plane.
Calculating fluorophore photon emission rate...
Fluorophore photon emission per second = 9470381.451524047
Applying point spread function to light intensity array...
Simulating shot noise...
Quantizing intensities...

Saved data to /Users/karan/microsegmentation/SyntheticData_TRIVIAL_DENSE/Images/image-48.png and /Users/karan/microsegmentation/SyntheticData_TRIVIAL_DENSE/Labels/label-48.png.

Took 22.24 seconds.

Loading MT points from /Users/karan/tubulaton/tubulaton-run/tubulaton-49.vtk to numpy array...
Simulating positions of fluorophores...
Number of FPs: 13473687477.259533
Generating label segmentation...
9907 tubulin found in focal plane.
Calculating fluorophore density over focal plane...
39504 fluorophores found in the focal plane.
Calculating fluorophore photon emission rate...
Fluorophore photon emission per second = 9470381.451524047
Applying point spread function to light intensity array...
Simulating shot noise...
Quantizing intensities...

Saved data to /Users/karan/microsegmentation/SyntheticData_TRIVIAL_DENSE/Images/image-49.png and /Users/karan/microsegmentation/SyntheticData_TRIVIAL_DENSE/Labels/label-49.png.

Took 936.65 seconds.

Loading MT points from /Users/karan/tubulaton/tubulaton-run/tubulaton-50.vtk to numpy array...
Simulating positions of fluorophores...
Number of FPs: 12602903590.202118
Generating label segmentation...
12759 tubulin found in focal plane.
Calculating fluorophore density over focal plane...
42804 fluorophores found in the focal plane.
Calculating fluorophore photon emission rate...
Fluorophore photon emission per second = 9470381.451524047
Applying point spread function to light intensity array...
Simulating shot noise...
Quantizing intensities...

Saved data to /Users/karan/microsegmentation/SyntheticData_TRIVIAL_DENSE/Images/image-50.png and /Users/karan/microsegmentation/SyntheticData_TRIVIAL_DENSE/Labels/label-50.png.

Took 21.79 seconds.

Loading MT points from /Users/karan/tubulaton/tubulaton-run/tubulaton-51.vtk to numpy array...
Simulating positions of fluorophores...
Number of FPs: 12414663915.587997
Generating label segmentation...
17019 tubulin found in focal plane.
Calculating fluorophore density over focal plane...
50688 fluorophores found in the focal plane.
Calculating fluorophore photon emission rate...
Fluorophore photon emission per second = 9470381.451524047
Applying point spread function to light intensity array...
Simulating shot noise...
Quantizing intensities...

Saved data to /Users/karan/microsegmentation/SyntheticData_TRIVIAL_DENSE/Images/image-51.png and /Users/karan/microsegmentation/SyntheticData_TRIVIAL_DENSE/Labels/label-51.png.

Took 22.33 seconds.

Loading MT points from /Users/karan/tubulaton/tubulaton-run/tubulaton-52.vtk to numpy array...
Simulating positions of fluorophores...
Number of FPs: 12669549877.803717
Generating label segmentation...
9452 tubulin found in focal plane.
Calculating fluorophore density over focal plane...
33996 fluorophores found in the focal plane.
Calculating fluorophore photon emission rate...
Fluorophore photon emission per second = 9470381.451524047
Applying point spread function to light intensity array...
Simulating shot noise...
Quantizing intensities...

Saved data to /Users/karan/microsegmentation/SyntheticData_TRIVIAL_DENSE/Images/image-52.png and /Users/karan/microsegmentation/SyntheticData_TRIVIAL_DENSE/Labels/label-52.png.

Took 21.89 seconds.

Loading MT points from /Users/karan/tubulaton/tubulaton-run/tubulaton-53.vtk to numpy array...
Simulating positions of fluorophores...
Number of FPs: 12074918972.463606
Generating label segmentation...
9593 tubulin found in focal plane.
Calculating fluorophore density over focal plane...
35313 fluorophores found in the focal plane.
Calculating fluorophore photon emission rate...
Fluorophore photon emission per second = 9470381.451524047
Applying point spread function to light intensity array...
Simulating shot noise...
Quantizing intensities...

Saved data to /Users/karan/microsegmentation/SyntheticData_TRIVIAL_DENSE/Images/image-53.png and /Users/karan/microsegmentation/SyntheticData_TRIVIAL_DENSE/Labels/label-53.png.

Took 1000.44 seconds.

Loading MT points from /Users/karan/tubulaton/tubulaton-run/tubulaton-54.vtk to numpy array...
Simulating positions of fluorophores...
Number of FPs: 12879407848.706018
Generating label segmentation...
7925 tubulin found in focal plane.
Calculating fluorophore density over focal plane...
43472 fluorophores found in the focal plane.
Calculating fluorophore photon emission rate...
Fluorophore photon emission per second = 9470381.451524047
Applying point spread function to light intensity array...
Simulating shot noise...
Quantizing intensities...

Saved data to /Users/karan/microsegmentation/SyntheticData_TRIVIAL_DENSE/Images/image-54.png and /Users/karan/microsegmentation/SyntheticData_TRIVIAL_DENSE/Labels/label-54.png.

Took 22.55 seconds.

Loading MT points from /Users/karan/tubulaton/tubulaton-run/tubulaton-55.vtk to numpy array...
Simulating positions of fluorophores...
Number of FPs: 12531063548.3033
Generating label segmentation...
9280 tubulin found in focal plane.
Calculating fluorophore density over focal plane...
31505 fluorophores found in the focal plane.
Calculating fluorophore photon emission rate...
Fluorophore photon emission per second = 9470381.451524047
Applying point spread function to light intensity array...
Simulating shot noise...
Quantizing intensities...

Saved data to /Users/karan/microsegmentation/SyntheticData_TRIVIAL_DENSE/Images/image-55.png and /Users/karan/microsegmentation/SyntheticData_TRIVIAL_DENSE/Labels/label-55.png.

Took 22.38 seconds.

Loading MT points from /Users/karan/tubulaton/tubulaton-run/tubulaton-56.vtk to numpy array...
Simulating positions of fluorophores...
Number of FPs: 12426488480.972519
Generating label segmentation...
11502 tubulin found in focal plane.
Calculating fluorophore density over focal plane...
36382 fluorophores found in the focal plane.
Calculating fluorophore photon emission rate...
Fluorophore photon emission per second = 9470381.451524047
Applying point spread function to light intensity array...
Simulating shot noise...
Quantizing intensities...

Saved data to /Users/karan/microsegmentation/SyntheticData_TRIVIAL_DENSE/Images/image-56.png and /Users/karan/microsegmentation/SyntheticData_TRIVIAL_DENSE/Labels/label-56.png.

Took 21.62 seconds.

Loading MT points from /Users/karan/tubulaton/tubulaton-run/tubulaton-57.vtk to numpy array...
Simulating positions of fluorophores...
Number of FPs: 12746673430.415358
Generating label segmentation...
9821 tubulin found in focal plane.
Calculating fluorophore density over focal plane...
47840 fluorophores found in the focal plane.
Calculating fluorophore photon emission rate...
Fluorophore photon emission per second = 9470381.451524047
Applying point spread function to light intensity array...
Simulating shot noise...
Quantizing intensities...

Saved data to /Users/karan/microsegmentation/SyntheticData_TRIVIAL_DENSE/Images/image-57.png and /Users/karan/microsegmentation/SyntheticData_TRIVIAL_DENSE/Labels/label-57.png.

Took 27.26 seconds.

Loading MT points from /Users/karan/tubulaton/tubulaton-run/tubulaton-58.vtk to numpy array...
Simulating positions of fluorophores...
Number of FPs: 12876683162.44519
Generating label segmentation...
9474 tubulin found in focal plane.
Calculating fluorophore density over focal plane...
34963 fluorophores found in the focal plane.
Calculating fluorophore photon emission rate...
Fluorophore photon emission per second = 9470381.451524047
Applying point spread function to light intensity array...
Simulating shot noise...
Quantizing intensities...

Saved data to /Users/karan/microsegmentation/SyntheticData_TRIVIAL_DENSE/Images/image-58.png and /Users/karan/microsegmentation/SyntheticData_TRIVIAL_DENSE/Labels/label-58.png.

Took 25.67 seconds.

Loading MT points from /Users/karan/tubulaton/tubulaton-run/tubulaton-59.vtk to numpy array...
Simulating positions of fluorophores...
Number of FPs: 11815468245.256836
Generating label segmentation...
20658 tubulin found in focal plane.
Calculating fluorophore density over focal plane...
54738 fluorophores found in the focal plane.
Calculating fluorophore photon emission rate...
Fluorophore photon emission per second = 9470381.451524047
Applying point spread function to light intensity array...
Simulating shot noise...
Quantizing intensities...

Saved data to /Users/karan/microsegmentation/SyntheticData_TRIVIAL_DENSE/Images/image-59.png and /Users/karan/microsegmentation/SyntheticData_TRIVIAL_DENSE/Labels/label-59.png.

Took 969.47 seconds.

Loading MT points from /Users/karan/tubulaton/tubulaton-run/tubulaton-60.vtk to numpy array...
Simulating positions of fluorophores...
Number of FPs: 12328569881.94979
Generating label segmentation...
11777 tubulin found in focal plane.
Calculating fluorophore density over focal plane...
40899 fluorophores found in the focal plane.
Calculating fluorophore photon emission rate...
Fluorophore photon emission per second = 9470381.451524047
Applying point spread function to light intensity array...
Simulating shot noise...
Quantizing intensities...

Saved data to /Users/karan/microsegmentation/SyntheticData_TRIVIAL_DENSE/Images/image-60.png and /Users/karan/microsegmentation/SyntheticData_TRIVIAL_DENSE/Labels/label-60.png.

Took 22.04 seconds.

Loading MT points from /Users/karan/tubulaton/tubulaton-run/tubulaton-61.vtk to numpy array...
Simulating positions of fluorophores...
Number of FPs: 12041149291.940834
Generating label segmentation...
9630 tubulin found in focal plane.
Calculating fluorophore density over focal plane...
41355 fluorophores found in the focal plane.
Calculating fluorophore photon emission rate...
Fluorophore photon emission per second = 9470381.451524047
Applying point spread function to light intensity array...
Simulating shot noise...
Quantizing intensities...

Saved data to /Users/karan/microsegmentation/SyntheticData_TRIVIAL_DENSE/Images/image-61.png and /Users/karan/microsegmentation/SyntheticData_TRIVIAL_DENSE/Labels/label-61.png.

Took 21.75 seconds.

Loading MT points from /Users/karan/tubulaton/tubulaton-run/tubulaton-62.vtk to numpy array...
Simulating positions of fluorophores...
Number of FPs: 12747714697.93339
Generating label segmentation...
10267 tubulin found in focal plane.
Calculating fluorophore density over focal plane...
34855 fluorophores found in the focal plane.
Calculating fluorophore photon emission rate...
Fluorophore photon emission per second = 9470381.451524047
Applying point spread function to light intensity array...
Simulating shot noise...
Quantizing intensities...

Saved data to /Users/karan/microsegmentation/SyntheticData_TRIVIAL_DENSE/Images/image-62.png and /Users/karan/microsegmentation/SyntheticData_TRIVIAL_DENSE/Labels/label-62.png.

Took 21.88 seconds.

Loading MT points from /Users/karan/tubulaton/tubulaton-run/tubulaton-63.vtk to numpy array...
Simulating positions of fluorophores...
Number of FPs: 12316821200.979452
Generating label segmentation...
13498 tubulin found in focal plane.
Calculating fluorophore density over focal plane...
44818 fluorophores found in the focal plane.
Calculating fluorophore photon emission rate...
Fluorophore photon emission per second = 9470381.451524047
Applying point spread function to light intensity array...
Simulating shot noise...
Quantizing intensities...

Saved data to /Users/karan/microsegmentation/SyntheticData_TRIVIAL_DENSE/Images/image-63.png and /Users/karan/microsegmentation/SyntheticData_TRIVIAL_DENSE/Labels/label-63.png.

Took 24.25 seconds.

Loading MT points from /Users/karan/tubulaton/tubulaton-run/tubulaton-64.vtk to numpy array...
Simulating positions of fluorophores...
Number of FPs: 11884125464.86493
Generating label segmentation...
11899 tubulin found in focal plane.
Calculating fluorophore density over focal plane...
53671 fluorophores found in the focal plane.
Calculating fluorophore photon emission rate...
Fluorophore photon emission per second = 9470381.451524047
Applying point spread function to light intensity array...
Simulating shot noise...
Quantizing intensities...

Saved data to /Users/karan/microsegmentation/SyntheticData_TRIVIAL_DENSE/Images/image-64.png and /Users/karan/microsegmentation/SyntheticData_TRIVIAL_DENSE/Labels/label-64.png.

Took 24.83 seconds.

Loading MT points from /Users/karan/tubulaton/tubulaton-run/tubulaton-65.vtk to numpy array...
Simulating positions of fluorophores...
Number of FPs: 13476938340.896015
Generating label segmentation...
11741 tubulin found in focal plane.
Calculating fluorophore density over focal plane...
35761 fluorophores found in the focal plane.
Calculating fluorophore photon emission rate...
Fluorophore photon emission per second = 9470381.451524047
Applying point spread function to light intensity array...
Simulating shot noise...
Quantizing intensities...

Saved data to /Users/karan/microsegmentation/SyntheticData_TRIVIAL_DENSE/Images/image-65.png and /Users/karan/microsegmentation/SyntheticData_TRIVIAL_DENSE/Labels/label-65.png.

Took 980.17 seconds.

Loading MT points from /Users/karan/tubulaton/tubulaton-run/tubulaton-66.vtk to numpy array...
Simulating positions of fluorophores...
Number of FPs: 12285722567.357746
Generating label segmentation...
8884 tubulin found in focal plane.
Calculating fluorophore density over focal plane...
35584 fluorophores found in the focal plane.
Calculating fluorophore photon emission rate...
Fluorophore photon emission per second = 9470381.451524047
Applying point spread function to light intensity array...
Simulating shot noise...
Quantizing intensities...

Saved data to /Users/karan/microsegmentation/SyntheticData_TRIVIAL_DENSE/Images/image-66.png and /Users/karan/microsegmentation/SyntheticData_TRIVIAL_DENSE/Labels/label-66.png.

Took 21.62 seconds.

Loading MT points from /Users/karan/tubulaton/tubulaton-run/tubulaton-67.vtk to numpy array...
Simulating positions of fluorophores...
Number of FPs: 12490865615.098104
Generating label segmentation...
7148 tubulin found in focal plane.
Calculating fluorophore density over focal plane...
36158 fluorophores found in the focal plane.
Calculating fluorophore photon emission rate...
Fluorophore photon emission per second = 9470381.451524047
Applying point spread function to light intensity array...
Simulating shot noise...
Quantizing intensities...

Saved data to /Users/karan/microsegmentation/SyntheticData_TRIVIAL_DENSE/Images/image-67.png and /Users/karan/microsegmentation/SyntheticData_TRIVIAL_DENSE/Labels/label-67.png.

Took 1011.10 seconds.

Loading MT points from /Users/karan/tubulaton/tubulaton-run/tubulaton-68.vtk to numpy array...
Simulating positions of fluorophores...
Number of FPs: 13041171958.14136
Generating label segmentation...
7928 tubulin found in focal plane.
Calculating fluorophore density over focal plane...
35860 fluorophores found in the focal plane.
Calculating fluorophore photon emission rate...
Fluorophore photon emission per second = 9470381.451524047
Applying point spread function to light intensity array...
Simulating shot noise...
Quantizing intensities...

Saved data to /Users/karan/microsegmentation/SyntheticData_TRIVIAL_DENSE/Images/image-68.png and /Users/karan/microsegmentation/SyntheticData_TRIVIAL_DENSE/Labels/label-68.png.

Took 22.91 seconds.

Loading MT points from /Users/karan/tubulaton/tubulaton-run/tubulaton-69.vtk to numpy array...
Simulating positions of fluorophores...
Number of FPs: 12496534277.230299
Generating label segmentation...
6649 tubulin found in focal plane.
Calculating fluorophore density over focal plane...
46946 fluorophores found in the focal plane.
Calculating fluorophore photon emission rate...
Fluorophore photon emission per second = 9470381.451524047
Applying point spread function to light intensity array...
Simulating shot noise...
Quantizing intensities...

Saved data to /Users/karan/microsegmentation/SyntheticData_TRIVIAL_DENSE/Images/image-69.png and /Users/karan/microsegmentation/SyntheticData_TRIVIAL_DENSE/Labels/label-69.png.

Took 22.24 seconds.

Loading MT points from /Users/karan/tubulaton/tubulaton-run/tubulaton-70.vtk to numpy array...
Simulating positions of fluorophores...
Number of FPs: 12818376802.750639
Generating label segmentation...
9591 tubulin found in focal plane.
Calculating fluorophore density over focal plane...
36605 fluorophores found in the focal plane.
Calculating fluorophore photon emission rate...
Fluorophore photon emission per second = 9470381.451524047
Applying point spread function to light intensity array...
Simulating shot noise...
Quantizing intensities...

Saved data to /Users/karan/microsegmentation/SyntheticData_TRIVIAL_DENSE/Images/image-70.png and /Users/karan/microsegmentation/SyntheticData_TRIVIAL_DENSE/Labels/label-70.png.

Took 21.96 seconds.

Loading MT points from /Users/karan/tubulaton/tubulaton-run/tubulaton-71.vtk to numpy array...
Simulating positions of fluorophores...
Number of FPs: 12807243253.095604
Generating label segmentation...
6823 tubulin found in focal plane.
Calculating fluorophore density over focal plane...
38691 fluorophores found in the focal plane.
Calculating fluorophore photon emission rate...
Fluorophore photon emission per second = 9470381.451524047
Applying point spread function to light intensity array...
Simulating shot noise...
Quantizing intensities...

Saved data to /Users/karan/microsegmentation/SyntheticData_TRIVIAL_DENSE/Images/image-71.png and /Users/karan/microsegmentation/SyntheticData_TRIVIAL_DENSE/Labels/label-71.png.

Took 22.31 seconds.

Loading MT points from /Users/karan/tubulaton/tubulaton-run/tubulaton-72.vtk to numpy array...
Simulating positions of fluorophores...
Number of FPs: 12035500313.267603
Generating label segmentation...
15102 tubulin found in focal plane.
Calculating fluorophore density over focal plane...
52711 fluorophores found in the focal plane.
Calculating fluorophore photon emission rate...
Fluorophore photon emission per second = 9470381.451524047
Applying point spread function to light intensity array...
Simulating shot noise...
Quantizing intensities...

Saved data to /Users/karan/microsegmentation/SyntheticData_TRIVIAL_DENSE/Images/image-72.png and /Users/karan/microsegmentation/SyntheticData_TRIVIAL_DENSE/Labels/label-72.png.

Took 21.93 seconds.

Loading MT points from /Users/karan/tubulaton/tubulaton-run/tubulaton-73.vtk to numpy array...
Simulating positions of fluorophores...
Number of FPs: 12170472705.010433
Generating label segmentation...
11613 tubulin found in focal plane.
Calculating fluorophore density over focal plane...
42624 fluorophores found in the focal plane.
Calculating fluorophore photon emission rate...
Fluorophore photon emission per second = 9470381.451524047
Applying point spread function to light intensity array...
Simulating shot noise...
Quantizing intensities...

Saved data to /Users/karan/microsegmentation/SyntheticData_TRIVIAL_DENSE/Images/image-73.png and /Users/karan/microsegmentation/SyntheticData_TRIVIAL_DENSE/Labels/label-73.png.

Took 997.27 seconds.

Loading MT points from /Users/karan/tubulaton/tubulaton-run/tubulaton-74.vtk to numpy array...
Simulating positions of fluorophores...
Number of FPs: 12715883836.601648
Generating label segmentation...
5986 tubulin found in focal plane.
Calculating fluorophore density over focal plane...
36612 fluorophores found in the focal plane.
Calculating fluorophore photon emission rate...
Fluorophore photon emission per second = 9470381.451524047
Applying point spread function to light intensity array...
Simulating shot noise...
Quantizing intensities...

Saved data to /Users/karan/microsegmentation/SyntheticData_TRIVIAL_DENSE/Images/image-74.png and /Users/karan/microsegmentation/SyntheticData_TRIVIAL_DENSE/Labels/label-74.png.

Took 22.05 seconds.

Loading MT points from /Users/karan/tubulaton/tubulaton-run/tubulaton-75.vtk to numpy array...
Simulating positions of fluorophores...
Number of FPs: 12306029198.680288
Generating label segmentation...
13801 tubulin found in focal plane.
Calculating fluorophore density over focal plane...
40923 fluorophores found in the focal plane.
Calculating fluorophore photon emission rate...
Fluorophore photon emission per second = 9470381.451524047
Applying point spread function to light intensity array...
Simulating shot noise...
Quantizing intensities...

Saved data to /Users/karan/microsegmentation/SyntheticData_TRIVIAL_DENSE/Images/image-75.png and /Users/karan/microsegmentation/SyntheticData_TRIVIAL_DENSE/Labels/label-75.png.

Took 21.80 seconds.

Loading MT points from /Users/karan/tubulaton/tubulaton-run/tubulaton-76.vtk to numpy array...
Simulating positions of fluorophores...
Number of FPs: 12631444753.896807
Generating label segmentation...
6837 tubulin found in focal plane.
Calculating fluorophore density over focal plane...
40874 fluorophores found in the focal plane.
Calculating fluorophore photon emission rate...
Fluorophore photon emission per second = 9470381.451524047
Applying point spread function to light intensity array...
Simulating shot noise...
Quantizing intensities...

Saved data to /Users/karan/microsegmentation/SyntheticData_TRIVIAL_DENSE/Images/image-76.png and /Users/karan/microsegmentation/SyntheticData_TRIVIAL_DENSE/Labels/label-76.png.

Took 22.24 seconds.

Loading MT points from /Users/karan/tubulaton/tubulaton-run/tubulaton-77.vtk to numpy array...
Simulating positions of fluorophores...
Number of FPs: 12196000546.15322
Generating label segmentation...
8817 tubulin found in focal plane.
Calculating fluorophore density over focal plane...
40366 fluorophores found in the focal plane.
Calculating fluorophore photon emission rate...
Fluorophore photon emission per second = 9470381.451524047
Applying point spread function to light intensity array...
Simulating shot noise...
Quantizing intensities...

Saved data to /Users/karan/microsegmentation/SyntheticData_TRIVIAL_DENSE/Images/image-77.png and /Users/karan/microsegmentation/SyntheticData_TRIVIAL_DENSE/Labels/label-77.png.

Took 24.33 seconds.

Loading MT points from /Users/karan/tubulaton/tubulaton-run/tubulaton-78.vtk to numpy array...
Simulating positions of fluorophores...
Number of FPs: 12090992381.892548
Generating label segmentation...
9183 tubulin found in focal plane.
Calculating fluorophore density over focal plane...
36285 fluorophores found in the focal plane.
Calculating fluorophore photon emission rate...
Fluorophore photon emission per second = 9470381.451524047
Applying point spread function to light intensity array...
Simulating shot noise...
Quantizing intensities...

Saved data to /Users/karan/microsegmentation/SyntheticData_TRIVIAL_DENSE/Images/image-78.png and /Users/karan/microsegmentation/SyntheticData_TRIVIAL_DENSE/Labels/label-78.png.

Took 26.66 seconds.

Loading MT points from /Users/karan/tubulaton/tubulaton-run/tubulaton-79.vtk to numpy array...
Simulating positions of fluorophores...
Number of FPs: 12328396477.31258
Generating label segmentation...
8587 tubulin found in focal plane.
Calculating fluorophore density over focal plane...
40924 fluorophores found in the focal plane.
Calculating fluorophore photon emission rate...
Fluorophore photon emission per second = 9470381.451524047
Applying point spread function to light intensity array...
Simulating shot noise...
Quantizing intensities...

Saved data to /Users/karan/microsegmentation/SyntheticData_TRIVIAL_DENSE/Images/image-79.png and /Users/karan/microsegmentation/SyntheticData_TRIVIAL_DENSE/Labels/label-79.png.

Took 945.90 seconds.

Loading MT points from /Users/karan/tubulaton/tubulaton-run/tubulaton-80.vtk to numpy array...
Simulating positions of fluorophores...
Number of FPs: 12480125067.859978
Generating label segmentation...
7659 tubulin found in focal plane.
Calculating fluorophore density over focal plane...
28382 fluorophores found in the focal plane.
Calculating fluorophore photon emission rate...
Fluorophore photon emission per second = 9470381.451524047
Applying point spread function to light intensity array...
Simulating shot noise...
Quantizing intensities...

Saved data to /Users/karan/microsegmentation/SyntheticData_TRIVIAL_DENSE/Images/image-80.png and /Users/karan/microsegmentation/SyntheticData_TRIVIAL_DENSE/Labels/label-80.png.

Took 20.97 seconds.

Loading MT points from /Users/karan/tubulaton/tubulaton-run/tubulaton-81.vtk to numpy array...
Simulating positions of fluorophores...
Number of FPs: 12257767281.284006
Generating label segmentation...
8850 tubulin found in focal plane.
Calculating fluorophore density over focal plane...
37004 fluorophores found in the focal plane.
Calculating fluorophore photon emission rate...
Fluorophore photon emission per second = 9470381.451524047
Applying point spread function to light intensity array...
Simulating shot noise...
Quantizing intensities...

Saved data to /Users/karan/microsegmentation/SyntheticData_TRIVIAL_DENSE/Images/image-81.png and /Users/karan/microsegmentation/SyntheticData_TRIVIAL_DENSE/Labels/label-81.png.

Took 461.96 seconds.

Loading MT points from /Users/karan/tubulaton/tubulaton-run/tubulaton-82.vtk to numpy array...
Simulating positions of fluorophores...
Number of FPs: 12148083316.996193
Generating label segmentation...
13303 tubulin found in focal plane.
Calculating fluorophore density over focal plane...
42300 fluorophores found in the focal plane.
Calculating fluorophore photon emission rate...
Fluorophore photon emission per second = 9470381.451524047
Applying point spread function to light intensity array...
Simulating shot noise...
Quantizing intensities...

Saved data to /Users/karan/microsegmentation/SyntheticData_TRIVIAL_DENSE/Images/image-82.png and /Users/karan/microsegmentation/SyntheticData_TRIVIAL_DENSE/Labels/label-82.png.

Took 21.99 seconds.

Loading MT points from /Users/karan/tubulaton/tubulaton-run/tubulaton-83.vtk to numpy array...
Simulating positions of fluorophores...
Number of FPs: 12496150381.470743
Generating label segmentation...
8639 tubulin found in focal plane.
Calculating fluorophore density over focal plane...
39750 fluorophores found in the focal plane.
Calculating fluorophore photon emission rate...
Fluorophore photon emission per second = 9470381.451524047
Applying point spread function to light intensity array...
Simulating shot noise...
Quantizing intensities...

Saved data to /Users/karan/microsegmentation/SyntheticData_TRIVIAL_DENSE/Images/image-83.png and /Users/karan/microsegmentation/SyntheticData_TRIVIAL_DENSE/Labels/label-83.png.

Took 22.52 seconds.

Loading MT points from /Users/karan/tubulaton/tubulaton-run/tubulaton-84.vtk to numpy array...
Simulating positions of fluorophores...
Number of FPs: 12763717076.823639
Generating label segmentation...
10345 tubulin found in focal plane.
Calculating fluorophore density over focal plane...
40513 fluorophores found in the focal plane.
Calculating fluorophore photon emission rate...
Fluorophore photon emission per second = 9470381.451524047
Applying point spread function to light intensity array...
Simulating shot noise...
Quantizing intensities...

Saved data to /Users/karan/microsegmentation/SyntheticData_TRIVIAL_DENSE/Images/image-84.png and /Users/karan/microsegmentation/SyntheticData_TRIVIAL_DENSE/Labels/label-84.png.

Took 22.38 seconds.

Loading MT points from /Users/karan/tubulaton/tubulaton-run/tubulaton-85.vtk to numpy array...
Simulating positions of fluorophores...
Number of FPs: 12228563215.012302
Generating label segmentation...
11645 tubulin found in focal plane.
Calculating fluorophore density over focal plane...
41486 fluorophores found in the focal plane.
Calculating fluorophore photon emission rate...
Fluorophore photon emission per second = 9470381.451524047
Applying point spread function to light intensity array...
Simulating shot noise...
Quantizing intensities...

Saved data to /Users/karan/microsegmentation/SyntheticData_TRIVIAL_DENSE/Images/image-85.png and /Users/karan/microsegmentation/SyntheticData_TRIVIAL_DENSE/Labels/label-85.png.

Took 22.42 seconds.

Loading MT points from /Users/karan/tubulaton/tubulaton-run/tubulaton-86.vtk to numpy array...
Simulating positions of fluorophores...
Number of FPs: 13276480046.196468
Generating label segmentation...
12820 tubulin found in focal plane.
Calculating fluorophore density over focal plane...
49485 fluorophores found in the focal plane.
Calculating fluorophore photon emission rate...
Fluorophore photon emission per second = 9470381.451524047
Applying point spread function to light intensity array...
Simulating shot noise...
Quantizing intensities...

Saved data to /Users/karan/microsegmentation/SyntheticData_TRIVIAL_DENSE/Images/image-86.png and /Users/karan/microsegmentation/SyntheticData_TRIVIAL_DENSE/Labels/label-86.png.

Took 22.60 seconds.

Loading MT points from /Users/karan/tubulaton/tubulaton-run/tubulaton-87.vtk to numpy array...
Simulating positions of fluorophores...
Number of FPs: 12479764553.672707
Generating label segmentation...
11882 tubulin found in focal plane.
Calculating fluorophore density over focal plane...
45267 fluorophores found in the focal plane.
Calculating fluorophore photon emission rate...
Fluorophore photon emission per second = 9470381.451524047
Applying point spread function to light intensity array...
Simulating shot noise...
Quantizing intensities...

Saved data to /Users/karan/microsegmentation/SyntheticData_TRIVIAL_DENSE/Images/image-87.png and /Users/karan/microsegmentation/SyntheticData_TRIVIAL_DENSE/Labels/label-87.png.

Took 22.60 seconds.

Loading MT points from /Users/karan/tubulaton/tubulaton-run/tubulaton-88.vtk to numpy array...
Simulating positions of fluorophores...
Number of FPs: 12148106076.366013
Generating label segmentation...
10371 tubulin found in focal plane.
Calculating fluorophore density over focal plane...
50568 fluorophores found in the focal plane.
Calculating fluorophore photon emission rate...
Fluorophore photon emission per second = 9470381.451524047
Applying point spread function to light intensity array...
Simulating shot noise...
Quantizing intensities...

Saved data to /Users/karan/microsegmentation/SyntheticData_TRIVIAL_DENSE/Images/image-88.png and /Users/karan/microsegmentation/SyntheticData_TRIVIAL_DENSE/Labels/label-88.png.

Took 22.24 seconds.

Loading MT points from /Users/karan/tubulaton/tubulaton-run/tubulaton-89.vtk to numpy array...
Simulating positions of fluorophores...
Number of FPs: 12341382826.107695
Generating label segmentation...
15245 tubulin found in focal plane.
Calculating fluorophore density over focal plane...
42742 fluorophores found in the focal plane.
Calculating fluorophore photon emission rate...
Fluorophore photon emission per second = 9470381.451524047
Applying point spread function to light intensity array...
Simulating shot noise...
Quantizing intensities...

Saved data to /Users/karan/microsegmentation/SyntheticData_TRIVIAL_DENSE/Images/image-89.png and /Users/karan/microsegmentation/SyntheticData_TRIVIAL_DENSE/Labels/label-89.png.

Took 21.79 seconds.

Loading MT points from /Users/karan/tubulaton/tubulaton-run/tubulaton-90.vtk to numpy array...
Simulating positions of fluorophores...
Number of FPs: 12432232228.212318
Generating label segmentation...
12062 tubulin found in focal plane.
Calculating fluorophore density over focal plane...
45017 fluorophores found in the focal plane.
Calculating fluorophore photon emission rate...
Fluorophore photon emission per second = 9470381.451524047
Applying point spread function to light intensity array...
Simulating shot noise...
Quantizing intensities...

Saved data to /Users/karan/microsegmentation/SyntheticData_TRIVIAL_DENSE/Images/image-90.png and /Users/karan/microsegmentation/SyntheticData_TRIVIAL_DENSE/Labels/label-90.png.

Took 22.49 seconds.

Loading MT points from /Users/karan/tubulaton/tubulaton-run/tubulaton-91.vtk to numpy array...
Simulating positions of fluorophores...
Number of FPs: 12730330784.046255
Generating label segmentation...
12158 tubulin found in focal plane.
Calculating fluorophore density over focal plane...
44773 fluorophores found in the focal plane.
Calculating fluorophore photon emission rate...
Fluorophore photon emission per second = 9470381.451524047
Applying point spread function to light intensity array...
Simulating shot noise...
Quantizing intensities...

Saved data to /Users/karan/microsegmentation/SyntheticData_TRIVIAL_DENSE/Images/image-91.png and /Users/karan/microsegmentation/SyntheticData_TRIVIAL_DENSE/Labels/label-91.png.

Took 23.32 seconds.

Loading MT points from /Users/karan/tubulaton/tubulaton-run/tubulaton-92.vtk to numpy array...
Simulating positions of fluorophores...
Number of FPs: 12315525061.49045
Generating label segmentation...
14884 tubulin found in focal plane.
Calculating fluorophore density over focal plane...
42211 fluorophores found in the focal plane.
Calculating fluorophore photon emission rate...
Fluorophore photon emission per second = 9470381.451524047
Applying point spread function to light intensity array...
Simulating shot noise...
Quantizing intensities...

Saved data to /Users/karan/microsegmentation/SyntheticData_TRIVIAL_DENSE/Images/image-92.png and /Users/karan/microsegmentation/SyntheticData_TRIVIAL_DENSE/Labels/label-92.png.

Took 21.84 seconds.

Loading MT points from /Users/karan/tubulaton/tubulaton-run/tubulaton-93.vtk to numpy array...
Simulating positions of fluorophores...
Number of FPs: 12253938629.028881
Generating label segmentation...
13817 tubulin found in focal plane.
Calculating fluorophore density over focal plane...
38003 fluorophores found in the focal plane.
Calculating fluorophore photon emission rate...
Fluorophore photon emission per second = 9470381.451524047
Applying point spread function to light intensity array...
Simulating shot noise...
Quantizing intensities...

Saved data to /Users/karan/microsegmentation/SyntheticData_TRIVIAL_DENSE/Images/image-93.png and /Users/karan/microsegmentation/SyntheticData_TRIVIAL_DENSE/Labels/label-93.png.

Took 21.09 seconds.

Loading MT points from /Users/karan/tubulaton/tubulaton-run/tubulaton-94.vtk to numpy array...
Simulating positions of fluorophores...
Number of FPs: 13030367323.752474
Generating label segmentation...
9235 tubulin found in focal plane.
Calculating fluorophore density over focal plane...
28440 fluorophores found in the focal plane.
Calculating fluorophore photon emission rate...
Fluorophore photon emission per second = 9470381.451524047
Applying point spread function to light intensity array...
Simulating shot noise...
Quantizing intensities...

Saved data to /Users/karan/microsegmentation/SyntheticData_TRIVIAL_DENSE/Images/image-94.png and /Users/karan/microsegmentation/SyntheticData_TRIVIAL_DENSE/Labels/label-94.png.

Took 19.64 seconds.

Loading MT points from /Users/karan/tubulaton/tubulaton-run/tubulaton-95.vtk to numpy array...
Simulating positions of fluorophores...
Number of FPs: 12273034142.357342
Generating label segmentation...
7510 tubulin found in focal plane.
Calculating fluorophore density over focal plane...
39266 fluorophores found in the focal plane.
Calculating fluorophore photon emission rate...
Fluorophore photon emission per second = 9470381.451524047
Applying point spread function to light intensity array...
Simulating shot noise...
Quantizing intensities...

Saved data to /Users/karan/microsegmentation/SyntheticData_TRIVIAL_DENSE/Images/image-95.png and /Users/karan/microsegmentation/SyntheticData_TRIVIAL_DENSE/Labels/label-95.png.

Took 19.52 seconds.

Loading MT points from /Users/karan/tubulaton/tubulaton-run/tubulaton-96.vtk to numpy array...
Simulating positions of fluorophores...
Number of FPs: 12695109731.3815
Generating label segmentation...
13604 tubulin found in focal plane.
Calculating fluorophore density over focal plane...
45226 fluorophores found in the focal plane.
Calculating fluorophore photon emission rate...
Fluorophore photon emission per second = 9470381.451524047
Applying point spread function to light intensity array...
Simulating shot noise...
Quantizing intensities...

Saved data to /Users/karan/microsegmentation/SyntheticData_TRIVIAL_DENSE/Images/image-96.png and /Users/karan/microsegmentation/SyntheticData_TRIVIAL_DENSE/Labels/label-96.png.

Took 19.87 seconds.

Loading MT points from /Users/karan/tubulaton/tubulaton-run/tubulaton-97.vtk to numpy array...
Simulating positions of fluorophores...
Number of FPs: 12848574816.363535
Generating label segmentation...
14341 tubulin found in focal plane.
Calculating fluorophore density over focal plane...
40196 fluorophores found in the focal plane.
Calculating fluorophore photon emission rate...
Fluorophore photon emission per second = 9470381.451524047
Applying point spread function to light intensity array...
Simulating shot noise...
Quantizing intensities...

Saved data to /Users/karan/microsegmentation/SyntheticData_TRIVIAL_DENSE/Images/image-97.png and /Users/karan/microsegmentation/SyntheticData_TRIVIAL_DENSE/Labels/label-97.png.

Took 19.90 seconds.

Loading MT points from /Users/karan/tubulaton/tubulaton-run/tubulaton-98.vtk to numpy array...
Simulating positions of fluorophores...
Number of FPs: 11852257570.431671
Generating label segmentation...
11120 tubulin found in focal plane.
Calculating fluorophore density over focal plane...
42687 fluorophores found in the focal plane.
Calculating fluorophore photon emission rate...
Fluorophore photon emission per second = 9470381.451524047
Applying point spread function to light intensity array...
Simulating shot noise...
Quantizing intensities...

Saved data to /Users/karan/microsegmentation/SyntheticData_TRIVIAL_DENSE/Images/image-98.png and /Users/karan/microsegmentation/SyntheticData_TRIVIAL_DENSE/Labels/label-98.png.

Took 19.49 seconds.

Loading MT points from /Users/karan/tubulaton/tubulaton-run/tubulaton-99.vtk to numpy array...
Simulating positions of fluorophores...
Number of FPs: 11923059423.077524
Generating label segmentation...
7828 tubulin found in focal plane.
Calculating fluorophore density over focal plane...
35247 fluorophores found in the focal plane.
Calculating fluorophore photon emission rate...
Fluorophore photon emission per second = 9470381.451524047
Applying point spread function to light intensity array...
Simulating shot noise...
Quantizing intensities...

Saved data to /Users/karan/microsegmentation/SyntheticData_TRIVIAL_DENSE/Images/image-99.png and /Users/karan/microsegmentation/SyntheticData_TRIVIAL_DENSE/Labels/label-99.png.

Took 18.76 seconds.

Loading MT points from /Users/karan/tubulaton/tubulaton-run/tubulaton-100.vtk to numpy array...
Simulating positions of fluorophores...
Number of FPs: 11995916814.657877
Generating label segmentation...
15829 tubulin found in focal plane.
Calculating fluorophore density over focal plane...
53600 fluorophores found in the focal plane.
Calculating fluorophore photon emission rate...
Fluorophore photon emission per second = 9470381.451524047
Applying point spread function to light intensity array...
Simulating shot noise...
Quantizing intensities...

Saved data to /Users/karan/microsegmentation/SyntheticData_TRIVIAL_DENSE/Images/image-100.png and /Users/karan/microsegmentation/SyntheticData_TRIVIAL_DENSE/Labels/label-100.png.

Took 23.33 seconds.


Took 21808.93 seconds in total.
(218.09 seconds per .vtk file)
