Loaded config file: /Users/karan/microsegmentation/generation/generate_configs/trivial.json5
Using depolymerization rate: 0.7420400058418488

Loading MT points from /Users/karan/tubulaton/tubulaton-run/tubulaton-401.vtk to numpy array...
Simulating positions of fluorophores...
Number of FPs: 12610678301.243317
Generating label segmentation...
7119 tubulin found in focal plane.
Calculating fluorophore density over focal plane...
37812 fluorophores found in the focal plane.
Calculating fluorophore photon emission rate...
Fluorophore photon emission per second = 9470381.451524047
Applying point spread function to light intensity array...
Simulating shot noise...
Quantizing intensities...

Saved data to /Users/karan/microsegmentation/SyntheticData_TRIVIAL_DENSE/Images/image-401.png and /Users/karan/microsegmentation/SyntheticData_TRIVIAL_DENSE/Labels/label-401.png.

Took 29.58 seconds.

Loading MT points from /Users/karan/tubulaton/tubulaton-run/tubulaton-402.vtk to numpy array...
Simulating positions of fluorophores...
Number of FPs: 12460302358.245432
Generating label segmentation...
8851 tubulin found in focal plane.
Calculating fluorophore density over focal plane...
34309 fluorophores found in the focal plane.
Calculating fluorophore photon emission rate...
Fluorophore photon emission per second = 9470381.451524047
Applying point spread function to light intensity array...
Simulating shot noise...
Quantizing intensities...

Saved data to /Users/karan/microsegmentation/SyntheticData_TRIVIAL_DENSE/Images/image-402.png and /Users/karan/microsegmentation/SyntheticData_TRIVIAL_DENSE/Labels/label-402.png.

Took 1056.61 seconds.

Loading MT points from /Users/karan/tubulaton/tubulaton-run/tubulaton-403.vtk to numpy array...
Simulating positions of fluorophores...
Number of FPs: 12665743906.130068
Generating label segmentation...
9385 tubulin found in focal plane.
Calculating fluorophore density over focal plane...
45662 fluorophores found in the focal plane.
Calculating fluorophore photon emission rate...
Fluorophore photon emission per second = 9470381.451524047
Applying point spread function to light intensity array...
Simulating shot noise...
Quantizing intensities...

Saved data to /Users/karan/microsegmentation/SyntheticData_TRIVIAL_DENSE/Images/image-403.png and /Users/karan/microsegmentation/SyntheticData_TRIVIAL_DENSE/Labels/label-403.png.

Took 27.41 seconds.

Loading MT points from /Users/karan/tubulaton/tubulaton-run/tubulaton-404.vtk to numpy array...
Simulating positions of fluorophores...
Number of FPs: 12527208436.572655
Generating label segmentation...
10563 tubulin found in focal plane.
Calculating fluorophore density over focal plane...
35999 fluorophores found in the focal plane.
Calculating fluorophore photon emission rate...
Fluorophore photon emission per second = 9470381.451524047
Applying point spread function to light intensity array...
Simulating shot noise...
Quantizing intensities...

Saved data to /Users/karan/microsegmentation/SyntheticData_TRIVIAL_DENSE/Images/image-404.png and /Users/karan/microsegmentation/SyntheticData_TRIVIAL_DENSE/Labels/label-404.png.

Took 1001.12 seconds.

Loading MT points from /Users/karan/tubulaton/tubulaton-run/tubulaton-405.vtk to numpy array...
Simulating positions of fluorophores...
Number of FPs: 12513612559.342825
Generating label segmentation...
7329 tubulin found in focal plane.
Calculating fluorophore density over focal plane...
36487 fluorophores found in the focal plane.
Calculating fluorophore photon emission rate...
Fluorophore photon emission per second = 9470381.451524047
Applying point spread function to light intensity array...
Simulating shot noise...
Quantizing intensities...

Saved data to /Users/karan/microsegmentation/SyntheticData_TRIVIAL_DENSE/Images/image-405.png and /Users/karan/microsegmentation/SyntheticData_TRIVIAL_DENSE/Labels/label-405.png.

Took 23.33 seconds.

Loading MT points from /Users/karan/tubulaton/tubulaton-run/tubulaton-406.vtk to numpy array...
Simulating positions of fluorophores...
Number of FPs: 11834763954.178267
Generating label segmentation...
11472 tubulin found in focal plane.
Calculating fluorophore density over focal plane...
46410 fluorophores found in the focal plane.
Calculating fluorophore photon emission rate...
Fluorophore photon emission per second = 9470381.451524047
Applying point spread function to light intensity array...
Simulating shot noise...
Quantizing intensities...

Saved data to /Users/karan/microsegmentation/SyntheticData_TRIVIAL_DENSE/Images/image-406.png and /Users/karan/microsegmentation/SyntheticData_TRIVIAL_DENSE/Labels/label-406.png.

Took 21.95 seconds.

Loading MT points from /Users/karan/tubulaton/tubulaton-run/tubulaton-407.vtk to numpy array...
Simulating positions of fluorophores...
Number of FPs: 12234372315.373438
Generating label segmentation...
10071 tubulin found in focal plane.
Calculating fluorophore density over focal plane...
44083 fluorophores found in the focal plane.
Calculating fluorophore photon emission rate...
Fluorophore photon emission per second = 9470381.451524047
Applying point spread function to light intensity array...
Simulating shot noise...
Quantizing intensities...

Saved data to /Users/karan/microsegmentation/SyntheticData_TRIVIAL_DENSE/Images/image-407.png and /Users/karan/microsegmentation/SyntheticData_TRIVIAL_DENSE/Labels/label-407.png.

Took 815.14 seconds.

Loading MT points from /Users/karan/tubulaton/tubulaton-run/tubulaton-408.vtk to numpy array...
Simulating positions of fluorophores...
Number of FPs: 13221893517.715864
Generating label segmentation...
6819 tubulin found in focal plane.
Calculating fluorophore density over focal plane...
31110 fluorophores found in the focal plane.
Calculating fluorophore photon emission rate...
Fluorophore photon emission per second = 9470381.451524047
Applying point spread function to light intensity array...
Simulating shot noise...
Quantizing intensities...

Saved data to /Users/karan/microsegmentation/SyntheticData_TRIVIAL_DENSE/Images/image-408.png and /Users/karan/microsegmentation/SyntheticData_TRIVIAL_DENSE/Labels/label-408.png.

Took 22.87 seconds.

Loading MT points from /Users/karan/tubulaton/tubulaton-run/tubulaton-409.vtk to numpy array...
Simulating positions of fluorophores...
Number of FPs: 12272980116.062222
Generating label segmentation...
10797 tubulin found in focal plane.
Calculating fluorophore density over focal plane...
49373 fluorophores found in the focal plane.
Calculating fluorophore photon emission rate...
Fluorophore photon emission per second = 9470381.451524047
Applying point spread function to light intensity array...
Simulating shot noise...
Quantizing intensities...

Saved data to /Users/karan/microsegmentation/SyntheticData_TRIVIAL_DENSE/Images/image-409.png and /Users/karan/microsegmentation/SyntheticData_TRIVIAL_DENSE/Labels/label-409.png.

Took 922.67 seconds.

Loading MT points from /Users/karan/tubulaton/tubulaton-run/tubulaton-410.vtk to numpy array...
Simulating positions of fluorophores...
Number of FPs: 12614984519.55615
Generating label segmentation...
11198 tubulin found in focal plane.
Calculating fluorophore density over focal plane...
35759 fluorophores found in the focal plane.
Calculating fluorophore photon emission rate...
Fluorophore photon emission per second = 9470381.451524047
Applying point spread function to light intensity array...
Simulating shot noise...
Quantizing intensities...

Saved data to /Users/karan/microsegmentation/SyntheticData_TRIVIAL_DENSE/Images/image-410.png and /Users/karan/microsegmentation/SyntheticData_TRIVIAL_DENSE/Labels/label-410.png.

Took 21.68 seconds.

Loading MT points from /Users/karan/tubulaton/tubulaton-run/tubulaton-411.vtk to numpy array...
Simulating positions of fluorophores...
Number of FPs: 12240516625.4787
Generating label segmentation...
10903 tubulin found in focal plane.
Calculating fluorophore density over focal plane...
40296 fluorophores found in the focal plane.
Calculating fluorophore photon emission rate...
Fluorophore photon emission per second = 9470381.451524047
Applying point spread function to light intensity array...
Simulating shot noise...
Quantizing intensities...

Saved data to /Users/karan/microsegmentation/SyntheticData_TRIVIAL_DENSE/Images/image-411.png and /Users/karan/microsegmentation/SyntheticData_TRIVIAL_DENSE/Labels/label-411.png.

Took 21.63 seconds.

Loading MT points from /Users/karan/tubulaton/tubulaton-run/tubulaton-412.vtk to numpy array...
Simulating positions of fluorophores...
Number of FPs: 12878116032.615242
Generating label segmentation...
6107 tubulin found in focal plane.
Calculating fluorophore density over focal plane...
39380 fluorophores found in the focal plane.
Calculating fluorophore photon emission rate...
Fluorophore photon emission per second = 9470381.451524047
Applying point spread function to light intensity array...
Simulating shot noise...
Quantizing intensities...

Saved data to /Users/karan/microsegmentation/SyntheticData_TRIVIAL_DENSE/Images/image-412.png and /Users/karan/microsegmentation/SyntheticData_TRIVIAL_DENSE/Labels/label-412.png.

Took 940.03 seconds.

Loading MT points from /Users/karan/tubulaton/tubulaton-run/tubulaton-413.vtk to numpy array...
Simulating positions of fluorophores...
Number of FPs: 12248886028.541176
Generating label segmentation...
9274 tubulin found in focal plane.
Calculating fluorophore density over focal plane...
44386 fluorophores found in the focal plane.
Calculating fluorophore photon emission rate...
Fluorophore photon emission per second = 9470381.451524047
Applying point spread function to light intensity array...
Simulating shot noise...
Quantizing intensities...

Saved data to /Users/karan/microsegmentation/SyntheticData_TRIVIAL_DENSE/Images/image-413.png and /Users/karan/microsegmentation/SyntheticData_TRIVIAL_DENSE/Labels/label-413.png.

Took 21.76 seconds.

Loading MT points from /Users/karan/tubulaton/tubulaton-run/tubulaton-414.vtk to numpy array...
Simulating positions of fluorophores...
Number of FPs: 12564838852.723314
Generating label segmentation...
11002 tubulin found in focal plane.
Calculating fluorophore density over focal plane...
38470 fluorophores found in the focal plane.
Calculating fluorophore photon emission rate...
Fluorophore photon emission per second = 9470381.451524047
Applying point spread function to light intensity array...
Simulating shot noise...
Quantizing intensities...

Saved data to /Users/karan/microsegmentation/SyntheticData_TRIVIAL_DENSE/Images/image-414.png and /Users/karan/microsegmentation/SyntheticData_TRIVIAL_DENSE/Labels/label-414.png.

Took 1023.05 seconds.

Loading MT points from /Users/karan/tubulaton/tubulaton-run/tubulaton-415.vtk to numpy array...
Simulating positions of fluorophores...
Number of FPs: 11860818602.49385
Generating label segmentation...
9215 tubulin found in focal plane.
Calculating fluorophore density over focal plane...
39886 fluorophores found in the focal plane.
Calculating fluorophore photon emission rate...
Fluorophore photon emission per second = 9470381.451524047
Applying point spread function to light intensity array...
Simulating shot noise...
Quantizing intensities...

Saved data to /Users/karan/microsegmentation/SyntheticData_TRIVIAL_DENSE/Images/image-415.png and /Users/karan/microsegmentation/SyntheticData_TRIVIAL_DENSE/Labels/label-415.png.

Took 20.96 seconds.

Loading MT points from /Users/karan/tubulaton/tubulaton-run/tubulaton-416.vtk to numpy array...
Simulating positions of fluorophores...
Number of FPs: 12344620135.72986
Generating label segmentation...
12062 tubulin found in focal plane.
Calculating fluorophore density over focal plane...
35641 fluorophores found in the focal plane.
Calculating fluorophore photon emission rate...
Fluorophore photon emission per second = 9470381.451524047
Applying point spread function to light intensity array...
Simulating shot noise...
Quantizing intensities...

Saved data to /Users/karan/microsegmentation/SyntheticData_TRIVIAL_DENSE/Images/image-416.png and /Users/karan/microsegmentation/SyntheticData_TRIVIAL_DENSE/Labels/label-416.png.

Took 946.37 seconds.

Loading MT points from /Users/karan/tubulaton/tubulaton-run/tubulaton-417.vtk to numpy array...
Simulating positions of fluorophores...
Number of FPs: 12393936603.088875
Generating label segmentation...
12379 tubulin found in focal plane.
Calculating fluorophore density over focal plane...
49397 fluorophores found in the focal plane.
Calculating fluorophore photon emission rate...
Fluorophore photon emission per second = 9470381.451524047
Applying point spread function to light intensity array...
Simulating shot noise...
Quantizing intensities...

Saved data to /Users/karan/microsegmentation/SyntheticData_TRIVIAL_DENSE/Images/image-417.png and /Users/karan/microsegmentation/SyntheticData_TRIVIAL_DENSE/Labels/label-417.png.

Took 22.11 seconds.

Loading MT points from /Users/karan/tubulaton/tubulaton-run/tubulaton-418.vtk to numpy array...
Simulating positions of fluorophores...
Number of FPs: 12597337348.561253
Generating label segmentation...
8813 tubulin found in focal plane.
Calculating fluorophore density over focal plane...
36196 fluorophores found in the focal plane.
Calculating fluorophore photon emission rate...
Fluorophore photon emission per second = 9470381.451524047
Applying point spread function to light intensity array...
Simulating shot noise...
Quantizing intensities...

Saved data to /Users/karan/microsegmentation/SyntheticData_TRIVIAL_DENSE/Images/image-418.png and /Users/karan/microsegmentation/SyntheticData_TRIVIAL_DENSE/Labels/label-418.png.

Took 21.44 seconds.

Loading MT points from /Users/karan/tubulaton/tubulaton-run/tubulaton-419.vtk to numpy array...
Simulating positions of fluorophores...
Number of FPs: 12626142429.915169
Generating label segmentation...
6798 tubulin found in focal plane.
Calculating fluorophore density over focal plane...
33756 fluorophores found in the focal plane.
Calculating fluorophore photon emission rate...
Fluorophore photon emission per second = 9470381.451524047
Applying point spread function to light intensity array...
Simulating shot noise...
Quantizing intensities...

Saved data to /Users/karan/microsegmentation/SyntheticData_TRIVIAL_DENSE/Images/image-419.png and /Users/karan/microsegmentation/SyntheticData_TRIVIAL_DENSE/Labels/label-419.png.

Took 22.12 seconds.

Loading MT points from /Users/karan/tubulaton/tubulaton-run/tubulaton-420.vtk to numpy array...
Simulating positions of fluorophores...
Number of FPs: 12329842252.31542
Generating label segmentation...
8948 tubulin found in focal plane.
Calculating fluorophore density over focal plane...
39515 fluorophores found in the focal plane.
Calculating fluorophore photon emission rate...
Fluorophore photon emission per second = 9470381.451524047
Applying point spread function to light intensity array...
Simulating shot noise...
Quantizing intensities...

Saved data to /Users/karan/microsegmentation/SyntheticData_TRIVIAL_DENSE/Images/image-420.png and /Users/karan/microsegmentation/SyntheticData_TRIVIAL_DENSE/Labels/label-420.png.

Took 24.52 seconds.

Loading MT points from /Users/karan/tubulaton/tubulaton-run/tubulaton-421.vtk to numpy array...
Simulating positions of fluorophores...
Number of FPs: 12426124037.22491
Generating label segmentation...
6887 tubulin found in focal plane.
Calculating fluorophore density over focal plane...
36240 fluorophores found in the focal plane.
Calculating fluorophore photon emission rate...
Fluorophore photon emission per second = 9470381.451524047
Applying point spread function to light intensity array...
Simulating shot noise...
Quantizing intensities...

Saved data to /Users/karan/microsegmentation/SyntheticData_TRIVIAL_DENSE/Images/image-421.png and /Users/karan/microsegmentation/SyntheticData_TRIVIAL_DENSE/Labels/label-421.png.

Took 25.84 seconds.

Loading MT points from /Users/karan/tubulaton/tubulaton-run/tubulaton-422.vtk to numpy array...
Simulating positions of fluorophores...
Number of FPs: 12881850938.010033
Generating label segmentation...
10236 tubulin found in focal plane.
Calculating fluorophore density over focal plane...
37140 fluorophores found in the focal plane.
Calculating fluorophore photon emission rate...
Fluorophore photon emission per second = 9470381.451524047
Applying point spread function to light intensity array...
Simulating shot noise...
Quantizing intensities...

Saved data to /Users/karan/microsegmentation/SyntheticData_TRIVIAL_DENSE/Images/image-422.png and /Users/karan/microsegmentation/SyntheticData_TRIVIAL_DENSE/Labels/label-422.png.

Took 951.70 seconds.

Loading MT points from /Users/karan/tubulaton/tubulaton-run/tubulaton-423.vtk to numpy array...
Simulating positions of fluorophores...
Number of FPs: 12011575520.322926
Generating label segmentation...
11683 tubulin found in focal plane.
Calculating fluorophore density over focal plane...
38323 fluorophores found in the focal plane.
Calculating fluorophore photon emission rate...
Fluorophore photon emission per second = 9470381.451524047
Applying point spread function to light intensity array...
Simulating shot noise...
Quantizing intensities...

Saved data to /Users/karan/microsegmentation/SyntheticData_TRIVIAL_DENSE/Images/image-423.png and /Users/karan/microsegmentation/SyntheticData_TRIVIAL_DENSE/Labels/label-423.png.

Took 21.57 seconds.

Loading MT points from /Users/karan/tubulaton/tubulaton-run/tubulaton-424.vtk to numpy array...
Simulating positions of fluorophores...
Number of FPs: 12680186652.98611
Generating label segmentation...
7132 tubulin found in focal plane.
Calculating fluorophore density over focal plane...
39673 fluorophores found in the focal plane.
Calculating fluorophore photon emission rate...
Fluorophore photon emission per second = 9470381.451524047
Applying point spread function to light intensity array...
Simulating shot noise...
Quantizing intensities...

Saved data to /Users/karan/microsegmentation/SyntheticData_TRIVIAL_DENSE/Images/image-424.png and /Users/karan/microsegmentation/SyntheticData_TRIVIAL_DENSE/Labels/label-424.png.

Took 22.75 seconds.

Loading MT points from /Users/karan/tubulaton/tubulaton-run/tubulaton-425.vtk to numpy array...
Simulating positions of fluorophores...
Number of FPs: 12170350519.920105
Generating label segmentation...
6696 tubulin found in focal plane.
Calculating fluorophore density over focal plane...
38227 fluorophores found in the focal plane.
Calculating fluorophore photon emission rate...
Fluorophore photon emission per second = 9470381.451524047
Applying point spread function to light intensity array...
Simulating shot noise...
Quantizing intensities...

Saved data to /Users/karan/microsegmentation/SyntheticData_TRIVIAL_DENSE/Images/image-425.png and /Users/karan/microsegmentation/SyntheticData_TRIVIAL_DENSE/Labels/label-425.png.

Took 21.67 seconds.

Loading MT points from /Users/karan/tubulaton/tubulaton-run/tubulaton-426.vtk to numpy array...
Simulating positions of fluorophores...
Number of FPs: 12110734699.852926
Generating label segmentation...
9718 tubulin found in focal plane.
Calculating fluorophore density over focal plane...
37638 fluorophores found in the focal plane.
Calculating fluorophore photon emission rate...
Fluorophore photon emission per second = 9470381.451524047
Applying point spread function to light intensity array...
Simulating shot noise...
Quantizing intensities...

Saved data to /Users/karan/microsegmentation/SyntheticData_TRIVIAL_DENSE/Images/image-426.png and /Users/karan/microsegmentation/SyntheticData_TRIVIAL_DENSE/Labels/label-426.png.

Took 24.93 seconds.

Loading MT points from /Users/karan/tubulaton/tubulaton-run/tubulaton-427.vtk to numpy array...
Simulating positions of fluorophores...
Number of FPs: 12143993732.551336
Generating label segmentation...
10471 tubulin found in focal plane.
Calculating fluorophore density over focal plane...
36507 fluorophores found in the focal plane.
Calculating fluorophore photon emission rate...
Fluorophore photon emission per second = 9470381.451524047
Applying point spread function to light intensity array...
Simulating shot noise...
Quantizing intensities...

Saved data to /Users/karan/microsegmentation/SyntheticData_TRIVIAL_DENSE/Images/image-427.png and /Users/karan/microsegmentation/SyntheticData_TRIVIAL_DENSE/Labels/label-427.png.

Took 25.26 seconds.

Loading MT points from /Users/karan/tubulaton/tubulaton-run/tubulaton-428.vtk to numpy array...
Simulating positions of fluorophores...
Number of FPs: 12544791088.371784
Generating label segmentation...
8403 tubulin found in focal plane.
Calculating fluorophore density over focal plane...
39956 fluorophores found in the focal plane.
Calculating fluorophore photon emission rate...
Fluorophore photon emission per second = 9470381.451524047
Applying point spread function to light intensity array...
Simulating shot noise...
Quantizing intensities...

Saved data to /Users/karan/microsegmentation/SyntheticData_TRIVIAL_DENSE/Images/image-428.png and /Users/karan/microsegmentation/SyntheticData_TRIVIAL_DENSE/Labels/label-428.png.

Took 24.50 seconds.

Loading MT points from /Users/karan/tubulaton/tubulaton-run/tubulaton-429.vtk to numpy array...
Simulating positions of fluorophores...
Number of FPs: 12552311063.487305
Generating label segmentation...
12156 tubulin found in focal plane.
Calculating fluorophore density over focal plane...
43383 fluorophores found in the focal plane.
Calculating fluorophore photon emission rate...
Fluorophore photon emission per second = 9470381.451524047
Applying point spread function to light intensity array...
Simulating shot noise...
Quantizing intensities...

Saved data to /Users/karan/microsegmentation/SyntheticData_TRIVIAL_DENSE/Images/image-429.png and /Users/karan/microsegmentation/SyntheticData_TRIVIAL_DENSE/Labels/label-429.png.

Took 1066.54 seconds.

Loading MT points from /Users/karan/tubulaton/tubulaton-run/tubulaton-430.vtk to numpy array...
Simulating positions of fluorophores...
Number of FPs: 12146898133.734383
Generating label segmentation...
16698 tubulin found in focal plane.
Calculating fluorophore density over focal plane...
46254 fluorophores found in the focal plane.
Calculating fluorophore photon emission rate...
Fluorophore photon emission per second = 9470381.451524047
Applying point spread function to light intensity array...
Simulating shot noise...
Quantizing intensities...

Saved data to /Users/karan/microsegmentation/SyntheticData_TRIVIAL_DENSE/Images/image-430.png and /Users/karan/microsegmentation/SyntheticData_TRIVIAL_DENSE/Labels/label-430.png.

Took 21.93 seconds.

Loading MT points from /Users/karan/tubulaton/tubulaton-run/tubulaton-431.vtk to numpy array...
Simulating positions of fluorophores...
Number of FPs: 12609283959.276524
Generating label segmentation...
8970 tubulin found in focal plane.
Calculating fluorophore density over focal plane...
34627 fluorophores found in the focal plane.
Calculating fluorophore photon emission rate...
Fluorophore photon emission per second = 9470381.451524047
Applying point spread function to light intensity array...
Simulating shot noise...
Quantizing intensities...

Saved data to /Users/karan/microsegmentation/SyntheticData_TRIVIAL_DENSE/Images/image-431.png and /Users/karan/microsegmentation/SyntheticData_TRIVIAL_DENSE/Labels/label-431.png.

Took 21.73 seconds.

Loading MT points from /Users/karan/tubulaton/tubulaton-run/tubulaton-432.vtk to numpy array...
Simulating positions of fluorophores...
Number of FPs: 12864160242.14724
Generating label segmentation...
13128 tubulin found in focal plane.
Calculating fluorophore density over focal plane...
40319 fluorophores found in the focal plane.
Calculating fluorophore photon emission rate...
Fluorophore photon emission per second = 9470381.451524047
Applying point spread function to light intensity array...
Simulating shot noise...
Quantizing intensities...

Saved data to /Users/karan/microsegmentation/SyntheticData_TRIVIAL_DENSE/Images/image-432.png and /Users/karan/microsegmentation/SyntheticData_TRIVIAL_DENSE/Labels/label-432.png.

Took 1025.81 seconds.

Loading MT points from /Users/karan/tubulaton/tubulaton-run/tubulaton-433.vtk to numpy array...
Simulating positions of fluorophores...
Number of FPs: 12642687420.850191
Generating label segmentation...
6750 tubulin found in focal plane.
Calculating fluorophore density over focal plane...
41853 fluorophores found in the focal plane.
Calculating fluorophore photon emission rate...
Fluorophore photon emission per second = 9470381.451524047
Applying point spread function to light intensity array...
Simulating shot noise...
Quantizing intensities...

Saved data to /Users/karan/microsegmentation/SyntheticData_TRIVIAL_DENSE/Images/image-433.png and /Users/karan/microsegmentation/SyntheticData_TRIVIAL_DENSE/Labels/label-433.png.

Took 22.52 seconds.

Loading MT points from /Users/karan/tubulaton/tubulaton-run/tubulaton-434.vtk to numpy array...
Simulating positions of fluorophores...
Number of FPs: 12238511239.740955
Generating label segmentation...
6584 tubulin found in focal plane.
Calculating fluorophore density over focal plane...
41667 fluorophores found in the focal plane.
Calculating fluorophore photon emission rate...
Fluorophore photon emission per second = 9470381.451524047
Applying point spread function to light intensity array...
Simulating shot noise...
Quantizing intensities...

Saved data to /Users/karan/microsegmentation/SyntheticData_TRIVIAL_DENSE/Images/image-434.png and /Users/karan/microsegmentation/SyntheticData_TRIVIAL_DENSE/Labels/label-434.png.

Took 21.74 seconds.

Loading MT points from /Users/karan/tubulaton/tubulaton-run/tubulaton-435.vtk to numpy array...
Simulating positions of fluorophores...
Number of FPs: 12044707388.587778
Generating label segmentation...
13254 tubulin found in focal plane.
Calculating fluorophore density over focal plane...
38703 fluorophores found in the focal plane.
Calculating fluorophore photon emission rate...
Fluorophore photon emission per second = 9470381.451524047
Applying point spread function to light intensity array...
Simulating shot noise...
Quantizing intensities...

Saved data to /Users/karan/microsegmentation/SyntheticData_TRIVIAL_DENSE/Images/image-435.png and /Users/karan/microsegmentation/SyntheticData_TRIVIAL_DENSE/Labels/label-435.png.

Took 1001.45 seconds.

Loading MT points from /Users/karan/tubulaton/tubulaton-run/tubulaton-436.vtk to numpy array...
Simulating positions of fluorophores...
Number of FPs: 12373434904.29585
Generating label segmentation...
14098 tubulin found in focal plane.
Calculating fluorophore density over focal plane...
40139 fluorophores found in the focal plane.
Calculating fluorophore photon emission rate...
Fluorophore photon emission per second = 9470381.451524047
Applying point spread function to light intensity array...
Simulating shot noise...
Quantizing intensities...

Saved data to /Users/karan/microsegmentation/SyntheticData_TRIVIAL_DENSE/Images/image-436.png and /Users/karan/microsegmentation/SyntheticData_TRIVIAL_DENSE/Labels/label-436.png.

Took 21.60 seconds.

Loading MT points from /Users/karan/tubulaton/tubulaton-run/tubulaton-437.vtk to numpy array...
Simulating positions of fluorophores...
Number of FPs: 12160538998.828644
Generating label segmentation...
15966 tubulin found in focal plane.
Calculating fluorophore density over focal plane...
47401 fluorophores found in the focal plane.
Calculating fluorophore photon emission rate...
Fluorophore photon emission per second = 9470381.451524047
Applying point spread function to light intensity array...
Simulating shot noise...
Quantizing intensities...

Saved data to /Users/karan/microsegmentation/SyntheticData_TRIVIAL_DENSE/Images/image-437.png and /Users/karan/microsegmentation/SyntheticData_TRIVIAL_DENSE/Labels/label-437.png.

Took 21.72 seconds.

Loading MT points from /Users/karan/tubulaton/tubulaton-run/tubulaton-438.vtk to numpy array...
Simulating positions of fluorophores...
Number of FPs: 13030086542.354599
Generating label segmentation...
9836 tubulin found in focal plane.
Calculating fluorophore density over focal plane...
42828 fluorophores found in the focal plane.
Calculating fluorophore photon emission rate...
Fluorophore photon emission per second = 9470381.451524047
Applying point spread function to light intensity array...
Simulating shot noise...
Quantizing intensities...

Saved data to /Users/karan/microsegmentation/SyntheticData_TRIVIAL_DENSE/Images/image-438.png and /Users/karan/microsegmentation/SyntheticData_TRIVIAL_DENSE/Labels/label-438.png.

Took 22.74 seconds.

Loading MT points from /Users/karan/tubulaton/tubulaton-run/tubulaton-439.vtk to numpy array...
Simulating positions of fluorophores...
Number of FPs: 12362529331.102604
Generating label segmentation...
8349 tubulin found in focal plane.
Calculating fluorophore density over focal plane...
41510 fluorophores found in the focal plane.
Calculating fluorophore photon emission rate...
Fluorophore photon emission per second = 9470381.451524047
Applying point spread function to light intensity array...
Simulating shot noise...
Quantizing intensities...

Saved data to /Users/karan/microsegmentation/SyntheticData_TRIVIAL_DENSE/Images/image-439.png and /Users/karan/microsegmentation/SyntheticData_TRIVIAL_DENSE/Labels/label-439.png.

Took 27.37 seconds.

Loading MT points from /Users/karan/tubulaton/tubulaton-run/tubulaton-440.vtk to numpy array...
Simulating positions of fluorophores...
Number of FPs: 12533324005.788906
Generating label segmentation...
16255 tubulin found in focal plane.
Calculating fluorophore density over focal plane...
44345 fluorophores found in the focal plane.
Calculating fluorophore photon emission rate...
Fluorophore photon emission per second = 9470381.451524047
Applying point spread function to light intensity array...
Simulating shot noise...
Quantizing intensities...

Saved data to /Users/karan/microsegmentation/SyntheticData_TRIVIAL_DENSE/Images/image-440.png and /Users/karan/microsegmentation/SyntheticData_TRIVIAL_DENSE/Labels/label-440.png.

Took 25.44 seconds.

Loading MT points from /Users/karan/tubulaton/tubulaton-run/tubulaton-441.vtk to numpy array...
Simulating positions of fluorophores...
Number of FPs: 12915032726.660877
Generating label segmentation...
7823 tubulin found in focal plane.
Calculating fluorophore density over focal plane...
28911 fluorophores found in the focal plane.
Calculating fluorophore photon emission rate...
Fluorophore photon emission per second = 9470381.451524047
Applying point spread function to light intensity array...
Simulating shot noise...
Quantizing intensities...

Saved data to /Users/karan/microsegmentation/SyntheticData_TRIVIAL_DENSE/Images/image-441.png and /Users/karan/microsegmentation/SyntheticData_TRIVIAL_DENSE/Labels/label-441.png.

Took 969.81 seconds.

Loading MT points from /Users/karan/tubulaton/tubulaton-run/tubulaton-442.vtk to numpy array...
Simulating positions of fluorophores...
Number of FPs: 12593301054.04817
Generating label segmentation...
11947 tubulin found in focal plane.
Calculating fluorophore density over focal plane...
41131 fluorophores found in the focal plane.
Calculating fluorophore photon emission rate...
Fluorophore photon emission per second = 9470381.451524047
Applying point spread function to light intensity array...
Simulating shot noise...
Quantizing intensities...

Saved data to /Users/karan/microsegmentation/SyntheticData_TRIVIAL_DENSE/Images/image-442.png and /Users/karan/microsegmentation/SyntheticData_TRIVIAL_DENSE/Labels/label-442.png.

Took 22.38 seconds.

Loading MT points from /Users/karan/tubulaton/tubulaton-run/tubulaton-443.vtk to numpy array...
Simulating positions of fluorophores...
Number of FPs: 12281645884.83143
Generating label segmentation...
13287 tubulin found in focal plane.
Calculating fluorophore density over focal plane...
39780 fluorophores found in the focal plane.
Calculating fluorophore photon emission rate...
Fluorophore photon emission per second = 9470381.451524047
Applying point spread function to light intensity array...
Simulating shot noise...
Quantizing intensities...

Saved data to /Users/karan/microsegmentation/SyntheticData_TRIVIAL_DENSE/Images/image-443.png and /Users/karan/microsegmentation/SyntheticData_TRIVIAL_DENSE/Labels/label-443.png.

Took 21.45 seconds.

Loading MT points from /Users/karan/tubulaton/tubulaton-run/tubulaton-444.vtk to numpy array...
Simulating positions of fluorophores...
Number of FPs: 11965544144.880417
Generating label segmentation...
13389 tubulin found in focal plane.
Calculating fluorophore density over focal plane...
43536 fluorophores found in the focal plane.
Calculating fluorophore photon emission rate...
Fluorophore photon emission per second = 9470381.451524047
Applying point spread function to light intensity array...
Simulating shot noise...
Quantizing intensities...

Saved data to /Users/karan/microsegmentation/SyntheticData_TRIVIAL_DENSE/Images/image-444.png and /Users/karan/microsegmentation/SyntheticData_TRIVIAL_DENSE/Labels/label-444.png.

Took 21.73 seconds.

Loading MT points from /Users/karan/tubulaton/tubulaton-run/tubulaton-445.vtk to numpy array...
Simulating positions of fluorophores...
Number of FPs: 12505751507.12011
Generating label segmentation...
12884 tubulin found in focal plane.
Calculating fluorophore density over focal plane...
36762 fluorophores found in the focal plane.
Calculating fluorophore photon emission rate...
Fluorophore photon emission per second = 9470381.451524047
Applying point spread function to light intensity array...
Simulating shot noise...
Quantizing intensities...

Saved data to /Users/karan/microsegmentation/SyntheticData_TRIVIAL_DENSE/Images/image-445.png and /Users/karan/microsegmentation/SyntheticData_TRIVIAL_DENSE/Labels/label-445.png.

Took 24.43 seconds.

Loading MT points from /Users/karan/tubulaton/tubulaton-run/tubulaton-446.vtk to numpy array...
Simulating positions of fluorophores...
Number of FPs: 12315560949.821167
Generating label segmentation...
12997 tubulin found in focal plane.
Calculating fluorophore density over focal plane...
41984 fluorophores found in the focal plane.
Calculating fluorophore photon emission rate...
Fluorophore photon emission per second = 9470381.451524047
Applying point spread function to light intensity array...
Simulating shot noise...
Quantizing intensities...

Saved data to /Users/karan/microsegmentation/SyntheticData_TRIVIAL_DENSE/Images/image-446.png and /Users/karan/microsegmentation/SyntheticData_TRIVIAL_DENSE/Labels/label-446.png.

Took 25.29 seconds.

Loading MT points from /Users/karan/tubulaton/tubulaton-run/tubulaton-447.vtk to numpy array...
Simulating positions of fluorophores...
Number of FPs: 11992927512.154778
Generating label segmentation...
9984 tubulin found in focal plane.
Calculating fluorophore density over focal plane...
40959 fluorophores found in the focal plane.
Calculating fluorophore photon emission rate...
Fluorophore photon emission per second = 9470381.451524047
Applying point spread function to light intensity array...
Simulating shot noise...
Quantizing intensities...

Saved data to /Users/karan/microsegmentation/SyntheticData_TRIVIAL_DENSE/Images/image-447.png and /Users/karan/microsegmentation/SyntheticData_TRIVIAL_DENSE/Labels/label-447.png.

Took 985.91 seconds.

Loading MT points from /Users/karan/tubulaton/tubulaton-run/tubulaton-448.vtk to numpy array...
Simulating positions of fluorophores...
Number of FPs: 12700385577.019117
Generating label segmentation...
11722 tubulin found in focal plane.
Calculating fluorophore density over focal plane...
36640 fluorophores found in the focal plane.
Calculating fluorophore photon emission rate...
Fluorophore photon emission per second = 9470381.451524047
Applying point spread function to light intensity array...
Simulating shot noise...
Quantizing intensities...

Saved data to /Users/karan/microsegmentation/SyntheticData_TRIVIAL_DENSE/Images/image-448.png and /Users/karan/microsegmentation/SyntheticData_TRIVIAL_DENSE/Labels/label-448.png.

Took 22.49 seconds.

Loading MT points from /Users/karan/tubulaton/tubulaton-run/tubulaton-449.vtk to numpy array...
Simulating positions of fluorophores...
Number of FPs: 12547688806.961475
Generating label segmentation...
7855 tubulin found in focal plane.
Calculating fluorophore density over focal plane...
31670 fluorophores found in the focal plane.
Calculating fluorophore photon emission rate...
Fluorophore photon emission per second = 9470381.451524047
Applying point spread function to light intensity array...
Simulating shot noise...
Quantizing intensities...

Saved data to /Users/karan/microsegmentation/SyntheticData_TRIVIAL_DENSE/Images/image-449.png and /Users/karan/microsegmentation/SyntheticData_TRIVIAL_DENSE/Labels/label-449.png.

Took 934.85 seconds.

Loading MT points from /Users/karan/tubulaton/tubulaton-run/tubulaton-450.vtk to numpy array...
Simulating positions of fluorophores...
Number of FPs: 13034179956.595907
Generating label segmentation...
7684 tubulin found in focal plane.
Calculating fluorophore density over focal plane...
30336 fluorophores found in the focal plane.
Calculating fluorophore photon emission rate...
Fluorophore photon emission per second = 9470381.451524047
Applying point spread function to light intensity array...
Simulating shot noise...
Quantizing intensities...

Saved data to /Users/karan/microsegmentation/SyntheticData_TRIVIAL_DENSE/Images/image-450.png and /Users/karan/microsegmentation/SyntheticData_TRIVIAL_DENSE/Labels/label-450.png.

Took 22.47 seconds.

Loading MT points from /Users/karan/tubulaton/tubulaton-run/tubulaton-451.vtk to numpy array...
Simulating positions of fluorophores...
Number of FPs: 12342907154.143824
Generating label segmentation...
10816 tubulin found in focal plane.
Calculating fluorophore density over focal plane...
38615 fluorophores found in the focal plane.
Calculating fluorophore photon emission rate...
Fluorophore photon emission per second = 9470381.451524047
Applying point spread function to light intensity array...
Simulating shot noise...
Quantizing intensities...

Saved data to /Users/karan/microsegmentation/SyntheticData_TRIVIAL_DENSE/Images/image-451.png and /Users/karan/microsegmentation/SyntheticData_TRIVIAL_DENSE/Labels/label-451.png.

Took 21.41 seconds.

Loading MT points from /Users/karan/tubulaton/tubulaton-run/tubulaton-452.vtk to numpy array...
Simulating positions of fluorophores...
Number of FPs: 12496187039.222635
Generating label segmentation...
16847 tubulin found in focal plane.
Calculating fluorophore density over focal plane...
47550 fluorophores found in the focal plane.
Calculating fluorophore photon emission rate...
Fluorophore photon emission per second = 9470381.451524047
Applying point spread function to light intensity array...
Simulating shot noise...
Quantizing intensities...

Saved data to /Users/karan/microsegmentation/SyntheticData_TRIVIAL_DENSE/Images/image-452.png and /Users/karan/microsegmentation/SyntheticData_TRIVIAL_DENSE/Labels/label-452.png.

Took 22.11 seconds.

Loading MT points from /Users/karan/tubulaton/tubulaton-run/tubulaton-453.vtk to numpy array...
Simulating positions of fluorophores...
Number of FPs: 12236216753.563095
Generating label segmentation...
8497 tubulin found in focal plane.
Calculating fluorophore density over focal plane...
39054 fluorophores found in the focal plane.
Calculating fluorophore photon emission rate...
Fluorophore photon emission per second = 9470381.451524047
Applying point spread function to light intensity array...
Simulating shot noise...
Quantizing intensities...

Saved data to /Users/karan/microsegmentation/SyntheticData_TRIVIAL_DENSE/Images/image-453.png and /Users/karan/microsegmentation/SyntheticData_TRIVIAL_DENSE/Labels/label-453.png.

Took 1000.75 seconds.

Loading MT points from /Users/karan/tubulaton/tubulaton-run/tubulaton-454.vtk to numpy array...
Simulating positions of fluorophores...
Number of FPs: 12251564142.726957
Generating label segmentation...
7728 tubulin found in focal plane.
Calculating fluorophore density over focal plane...
32323 fluorophores found in the focal plane.
Calculating fluorophore photon emission rate...
Fluorophore photon emission per second = 9470381.451524047
Applying point spread function to light intensity array...
Simulating shot noise...
Quantizing intensities...

Saved data to /Users/karan/microsegmentation/SyntheticData_TRIVIAL_DENSE/Images/image-454.png and /Users/karan/microsegmentation/SyntheticData_TRIVIAL_DENSE/Labels/label-454.png.

Took 21.31 seconds.

Loading MT points from /Users/karan/tubulaton/tubulaton-run/tubulaton-455.vtk to numpy array...
Simulating positions of fluorophores...
Number of FPs: 12517476294.360205
Generating label segmentation...
10911 tubulin found in focal plane.
Calculating fluorophore density over focal plane...
44094 fluorophores found in the focal plane.
Calculating fluorophore photon emission rate...
Fluorophore photon emission per second = 9470381.451524047
Applying point spread function to light intensity array...
Simulating shot noise...
Quantizing intensities...

Saved data to /Users/karan/microsegmentation/SyntheticData_TRIVIAL_DENSE/Images/image-455.png and /Users/karan/microsegmentation/SyntheticData_TRIVIAL_DENSE/Labels/label-455.png.

Took 22.19 seconds.

Loading MT points from /Users/karan/tubulaton/tubulaton-run/tubulaton-456.vtk to numpy array...
Simulating positions of fluorophores...
Number of FPs: 12501758208.682459
Generating label segmentation...
7791 tubulin found in focal plane.
Calculating fluorophore density over focal plane...
43718 fluorophores found in the focal plane.
Calculating fluorophore photon emission rate...
Fluorophore photon emission per second = 9470381.451524047
Applying point spread function to light intensity array...
Simulating shot noise...
Quantizing intensities...

Saved data to /Users/karan/microsegmentation/SyntheticData_TRIVIAL_DENSE/Images/image-456.png and /Users/karan/microsegmentation/SyntheticData_TRIVIAL_DENSE/Labels/label-456.png.

Took 22.31 seconds.

Loading MT points from /Users/karan/tubulaton/tubulaton-run/tubulaton-457.vtk to numpy array...
Simulating positions of fluorophores...
Number of FPs: 12495247588.734974
Generating label segmentation...
10071 tubulin found in focal plane.
Calculating fluorophore density over focal plane...
31495 fluorophores found in the focal plane.
Calculating fluorophore photon emission rate...
Fluorophore photon emission per second = 9470381.451524047
Applying point spread function to light intensity array...
Simulating shot noise...
Quantizing intensities...

Saved data to /Users/karan/microsegmentation/SyntheticData_TRIVIAL_DENSE/Images/image-457.png and /Users/karan/microsegmentation/SyntheticData_TRIVIAL_DENSE/Labels/label-457.png.

Took 24.01 seconds.

Loading MT points from /Users/karan/tubulaton/tubulaton-run/tubulaton-458.vtk to numpy array...
Simulating positions of fluorophores...
Number of FPs: 12038895058.517452
Generating label segmentation...
7490 tubulin found in focal plane.
Calculating fluorophore density over focal plane...
36896 fluorophores found in the focal plane.
Calculating fluorophore photon emission rate...
Fluorophore photon emission per second = 9470381.451524047
Applying point spread function to light intensity array...
Simulating shot noise...
Quantizing intensities...

Saved data to /Users/karan/microsegmentation/SyntheticData_TRIVIAL_DENSE/Images/image-458.png and /Users/karan/microsegmentation/SyntheticData_TRIVIAL_DENSE/Labels/label-458.png.

Took 26.47 seconds.

Loading MT points from /Users/karan/tubulaton/tubulaton-run/tubulaton-459.vtk to numpy array...
Simulating positions of fluorophores...
Number of FPs: 12969325016.561222
Generating label segmentation...
9643 tubulin found in focal plane.
Calculating fluorophore density over focal plane...
34572 fluorophores found in the focal plane.
Calculating fluorophore photon emission rate...
Fluorophore photon emission per second = 9470381.451524047
Applying point spread function to light intensity array...
Simulating shot noise...
Quantizing intensities...

Saved data to /Users/karan/microsegmentation/SyntheticData_TRIVIAL_DENSE/Images/image-459.png and /Users/karan/microsegmentation/SyntheticData_TRIVIAL_DENSE/Labels/label-459.png.

Took 23.65 seconds.

Loading MT points from /Users/karan/tubulaton/tubulaton-run/tubulaton-460.vtk to numpy array...
Simulating positions of fluorophores...
Number of FPs: 12128728274.168217
Generating label segmentation...
6409 tubulin found in focal plane.
Calculating fluorophore density over focal plane...
35495 fluorophores found in the focal plane.
Calculating fluorophore photon emission rate...
Fluorophore photon emission per second = 9470381.451524047
Applying point spread function to light intensity array...
Simulating shot noise...
Quantizing intensities...

Saved data to /Users/karan/microsegmentation/SyntheticData_TRIVIAL_DENSE/Images/image-460.png and /Users/karan/microsegmentation/SyntheticData_TRIVIAL_DENSE/Labels/label-460.png.

Took 968.63 seconds.

Loading MT points from /Users/karan/tubulaton/tubulaton-run/tubulaton-461.vtk to numpy array...
Simulating positions of fluorophores...
Number of FPs: 12585656563.474554
Generating label segmentation...
16354 tubulin found in focal plane.
Calculating fluorophore density over focal plane...
44059 fluorophores found in the focal plane.
Calculating fluorophore photon emission rate...
Fluorophore photon emission per second = 9470381.451524047
Applying point spread function to light intensity array...
Simulating shot noise...
Quantizing intensities...

Saved data to /Users/karan/microsegmentation/SyntheticData_TRIVIAL_DENSE/Images/image-461.png and /Users/karan/microsegmentation/SyntheticData_TRIVIAL_DENSE/Labels/label-461.png.

Took 22.58 seconds.

Loading MT points from /Users/karan/tubulaton/tubulaton-run/tubulaton-462.vtk to numpy array...
Simulating positions of fluorophores...
Number of FPs: 12741735116.981764
Generating label segmentation...
9406 tubulin found in focal plane.
Calculating fluorophore density over focal plane...
30952 fluorophores found in the focal plane.
Calculating fluorophore photon emission rate...
Fluorophore photon emission per second = 9470381.451524047
Applying point spread function to light intensity array...
Simulating shot noise...
Quantizing intensities...

Saved data to /Users/karan/microsegmentation/SyntheticData_TRIVIAL_DENSE/Images/image-462.png and /Users/karan/microsegmentation/SyntheticData_TRIVIAL_DENSE/Labels/label-462.png.

Took 21.52 seconds.

Loading MT points from /Users/karan/tubulaton/tubulaton-run/tubulaton-463.vtk to numpy array...
Simulating positions of fluorophores...
Number of FPs: 12720708061.294834
Generating label segmentation...
21051 tubulin found in focal plane.
Calculating fluorophore density over focal plane...
50587 fluorophores found in the focal plane.
Calculating fluorophore photon emission rate...
Fluorophore photon emission per second = 9470381.451524047
Applying point spread function to light intensity array...
Simulating shot noise...
Quantizing intensities...

Saved data to /Users/karan/microsegmentation/SyntheticData_TRIVIAL_DENSE/Images/image-463.png and /Users/karan/microsegmentation/SyntheticData_TRIVIAL_DENSE/Labels/label-463.png.

Took 22.41 seconds.

Loading MT points from /Users/karan/tubulaton/tubulaton-run/tubulaton-464.vtk to numpy array...
Simulating positions of fluorophores...
Number of FPs: 12468416851.426332
Generating label segmentation...
8859 tubulin found in focal plane.
Calculating fluorophore density over focal plane...
37428 fluorophores found in the focal plane.
Calculating fluorophore photon emission rate...
Fluorophore photon emission per second = 9470381.451524047
Applying point spread function to light intensity array...
Simulating shot noise...
Quantizing intensities...

Saved data to /Users/karan/microsegmentation/SyntheticData_TRIVIAL_DENSE/Images/image-464.png and /Users/karan/microsegmentation/SyntheticData_TRIVIAL_DENSE/Labels/label-464.png.

Took 27.13 seconds.

Loading MT points from /Users/karan/tubulaton/tubulaton-run/tubulaton-465.vtk to numpy array...
Simulating positions of fluorophores...
Number of FPs: 12645936286.843998
Generating label segmentation...
11855 tubulin found in focal plane.
Calculating fluorophore density over focal plane...
44338 fluorophores found in the focal plane.
Calculating fluorophore photon emission rate...
Fluorophore photon emission per second = 9470381.451524047
Applying point spread function to light intensity array...
Simulating shot noise...
Quantizing intensities...

Saved data to /Users/karan/microsegmentation/SyntheticData_TRIVIAL_DENSE/Images/image-465.png and /Users/karan/microsegmentation/SyntheticData_TRIVIAL_DENSE/Labels/label-465.png.

Took 980.85 seconds.

Loading MT points from /Users/karan/tubulaton/tubulaton-run/tubulaton-466.vtk to numpy array...
Simulating positions of fluorophores...
Number of FPs: 12246409597.56741
Generating label segmentation...
9317 tubulin found in focal plane.
Calculating fluorophore density over focal plane...
41467 fluorophores found in the focal plane.
Calculating fluorophore photon emission rate...
Fluorophore photon emission per second = 9470381.451524047
Applying point spread function to light intensity array...
Simulating shot noise...
Quantizing intensities...

Saved data to /Users/karan/microsegmentation/SyntheticData_TRIVIAL_DENSE/Images/image-466.png and /Users/karan/microsegmentation/SyntheticData_TRIVIAL_DENSE/Labels/label-466.png.

Took 22.14 seconds.

Loading MT points from /Users/karan/tubulaton/tubulaton-run/tubulaton-467.vtk to numpy array...
Simulating positions of fluorophores...
Number of FPs: 12597513679.180239
Generating label segmentation...
6991 tubulin found in focal plane.
Calculating fluorophore density over focal plane...
39433 fluorophores found in the focal plane.
Calculating fluorophore photon emission rate...
Fluorophore photon emission per second = 9470381.451524047
Applying point spread function to light intensity array...
Simulating shot noise...
Quantizing intensities...

Saved data to /Users/karan/microsegmentation/SyntheticData_TRIVIAL_DENSE/Images/image-467.png and /Users/karan/microsegmentation/SyntheticData_TRIVIAL_DENSE/Labels/label-467.png.

Took 1011.20 seconds.

Loading MT points from /Users/karan/tubulaton/tubulaton-run/tubulaton-468.vtk to numpy array...
Simulating positions of fluorophores...
Number of FPs: 12980093249.338198
Generating label segmentation...
14926 tubulin found in focal plane.
Calculating fluorophore density over focal plane...
48926 fluorophores found in the focal plane.
Calculating fluorophore photon emission rate...
Fluorophore photon emission per second = 9470381.451524047
Applying point spread function to light intensity array...
Simulating shot noise...
Quantizing intensities...

Saved data to /Users/karan/microsegmentation/SyntheticData_TRIVIAL_DENSE/Images/image-468.png and /Users/karan/microsegmentation/SyntheticData_TRIVIAL_DENSE/Labels/label-468.png.

Took 22.41 seconds.

Loading MT points from /Users/karan/tubulaton/tubulaton-run/tubulaton-469.vtk to numpy array...
Simulating positions of fluorophores...
Number of FPs: 12540253409.793026
Generating label segmentation...
11850 tubulin found in focal plane.
Calculating fluorophore density over focal plane...
38105 fluorophores found in the focal plane.
Calculating fluorophore photon emission rate...
Fluorophore photon emission per second = 9470381.451524047
Applying point spread function to light intensity array...
Simulating shot noise...
Quantizing intensities...

Saved data to /Users/karan/microsegmentation/SyntheticData_TRIVIAL_DENSE/Images/image-469.png and /Users/karan/microsegmentation/SyntheticData_TRIVIAL_DENSE/Labels/label-469.png.

Took 22.21 seconds.

Loading MT points from /Users/karan/tubulaton/tubulaton-run/tubulaton-470.vtk to numpy array...
Simulating positions of fluorophores...
Number of FPs: 12375181397.074585
Generating label segmentation...
7957 tubulin found in focal plane.
Calculating fluorophore density over focal plane...
40442 fluorophores found in the focal plane.
Calculating fluorophore photon emission rate...
Fluorophore photon emission per second = 9470381.451524047
Applying point spread function to light intensity array...
Simulating shot noise...
Quantizing intensities...

Saved data to /Users/karan/microsegmentation/SyntheticData_TRIVIAL_DENSE/Images/image-470.png and /Users/karan/microsegmentation/SyntheticData_TRIVIAL_DENSE/Labels/label-470.png.

Took 22.39 seconds.

Loading MT points from /Users/karan/tubulaton/tubulaton-run/tubulaton-471.vtk to numpy array...
Simulating positions of fluorophores...
Number of FPs: 12808552092.558306
Generating label segmentation...
8644 tubulin found in focal plane.
Calculating fluorophore density over focal plane...
43674 fluorophores found in the focal plane.
Calculating fluorophore photon emission rate...
Fluorophore photon emission per second = 9470381.451524047
Applying point spread function to light intensity array...
Simulating shot noise...
Quantizing intensities...

Saved data to /Users/karan/microsegmentation/SyntheticData_TRIVIAL_DENSE/Images/image-471.png and /Users/karan/microsegmentation/SyntheticData_TRIVIAL_DENSE/Labels/label-471.png.

Took 22.24 seconds.

Loading MT points from /Users/karan/tubulaton/tubulaton-run/tubulaton-472.vtk to numpy array...
Simulating positions of fluorophores...
Number of FPs: 11977117863.537657
Generating label segmentation...
17874 tubulin found in focal plane.
Calculating fluorophore density over focal plane...
46061 fluorophores found in the focal plane.
Calculating fluorophore photon emission rate...
Fluorophore photon emission per second = 9470381.451524047
Applying point spread function to light intensity array...
Simulating shot noise...
Quantizing intensities...

Saved data to /Users/karan/microsegmentation/SyntheticData_TRIVIAL_DENSE/Images/image-472.png and /Users/karan/microsegmentation/SyntheticData_TRIVIAL_DENSE/Labels/label-472.png.

Took 21.85 seconds.

Loading MT points from /Users/karan/tubulaton/tubulaton-run/tubulaton-473.vtk to numpy array...
Simulating positions of fluorophores...
Number of FPs: 13144615739.694063
Generating label segmentation...
9624 tubulin found in focal plane.
Calculating fluorophore density over focal plane...
33521 fluorophores found in the focal plane.
Calculating fluorophore photon emission rate...
Fluorophore photon emission per second = 9470381.451524047
Applying point spread function to light intensity array...
Simulating shot noise...
Quantizing intensities...

Saved data to /Users/karan/microsegmentation/SyntheticData_TRIVIAL_DENSE/Images/image-473.png and /Users/karan/microsegmentation/SyntheticData_TRIVIAL_DENSE/Labels/label-473.png.

Took 997.22 seconds.

Loading MT points from /Users/karan/tubulaton/tubulaton-run/tubulaton-474.vtk to numpy array...
Simulating positions of fluorophores...
Number of FPs: 12613426804.945086
Generating label segmentation...
16149 tubulin found in focal plane.
Calculating fluorophore density over focal plane...
58449 fluorophores found in the focal plane.
Calculating fluorophore photon emission rate...
Fluorophore photon emission per second = 9470381.451524047
Applying point spread function to light intensity array...
Simulating shot noise...
Quantizing intensities...

Saved data to /Users/karan/microsegmentation/SyntheticData_TRIVIAL_DENSE/Images/image-474.png and /Users/karan/microsegmentation/SyntheticData_TRIVIAL_DENSE/Labels/label-474.png.

Took 23.16 seconds.

Loading MT points from /Users/karan/tubulaton/tubulaton-run/tubulaton-475.vtk to numpy array...
Simulating positions of fluorophores...
Number of FPs: 12317364281.851929
Generating label segmentation...
10961 tubulin found in focal plane.
Calculating fluorophore density over focal plane...
38474 fluorophores found in the focal plane.
Calculating fluorophore photon emission rate...
Fluorophore photon emission per second = 9470381.451524047
Applying point spread function to light intensity array...
Simulating shot noise...
Quantizing intensities...

Saved data to /Users/karan/microsegmentation/SyntheticData_TRIVIAL_DENSE/Images/image-475.png and /Users/karan/microsegmentation/SyntheticData_TRIVIAL_DENSE/Labels/label-475.png.

Took 21.66 seconds.

Loading MT points from /Users/karan/tubulaton/tubulaton-run/tubulaton-476.vtk to numpy array...
Simulating positions of fluorophores...
Number of FPs: 12915191235.897274
Generating label segmentation...
9407 tubulin found in focal plane.
Calculating fluorophore density over focal plane...
39876 fluorophores found in the focal plane.
Calculating fluorophore photon emission rate...
Fluorophore photon emission per second = 9470381.451524047
Applying point spread function to light intensity array...
Simulating shot noise...
Quantizing intensities...

Saved data to /Users/karan/microsegmentation/SyntheticData_TRIVIAL_DENSE/Images/image-476.png and /Users/karan/microsegmentation/SyntheticData_TRIVIAL_DENSE/Labels/label-476.png.

Took 22.82 seconds.

Loading MT points from /Users/karan/tubulaton/tubulaton-run/tubulaton-477.vtk to numpy array...
Simulating positions of fluorophores...
Number of FPs: 12562465690.120983
Generating label segmentation...
13047 tubulin found in focal plane.
Calculating fluorophore density over focal plane...
48822 fluorophores found in the focal plane.
Calculating fluorophore photon emission rate...
Fluorophore photon emission per second = 9470381.451524047
Applying point spread function to light intensity array...
Simulating shot noise...
Quantizing intensities...

Saved data to /Users/karan/microsegmentation/SyntheticData_TRIVIAL_DENSE/Images/image-477.png and /Users/karan/microsegmentation/SyntheticData_TRIVIAL_DENSE/Labels/label-477.png.

Took 24.69 seconds.

Loading MT points from /Users/karan/tubulaton/tubulaton-run/tubulaton-478.vtk to numpy array...
Simulating positions of fluorophores...
Number of FPs: 12387594656.116806
Generating label segmentation...
14413 tubulin found in focal plane.
Calculating fluorophore density over focal plane...
41534 fluorophores found in the focal plane.
Calculating fluorophore photon emission rate...
Fluorophore photon emission per second = 9470381.451524047
Applying point spread function to light intensity array...
Simulating shot noise...
Quantizing intensities...

Saved data to /Users/karan/microsegmentation/SyntheticData_TRIVIAL_DENSE/Images/image-478.png and /Users/karan/microsegmentation/SyntheticData_TRIVIAL_DENSE/Labels/label-478.png.

Took 24.12 seconds.

Loading MT points from /Users/karan/tubulaton/tubulaton-run/tubulaton-479.vtk to numpy array...
Simulating positions of fluorophores...
Number of FPs: 12680205720.303596
Generating label segmentation...
10817 tubulin found in focal plane.
Calculating fluorophore density over focal plane...
33661 fluorophores found in the focal plane.
Calculating fluorophore photon emission rate...
Fluorophore photon emission per second = 9470381.451524047
Applying point spread function to light intensity array...
Simulating shot noise...
Quantizing intensities...

Saved data to /Users/karan/microsegmentation/SyntheticData_TRIVIAL_DENSE/Images/image-479.png and /Users/karan/microsegmentation/SyntheticData_TRIVIAL_DENSE/Labels/label-479.png.

Took 948.88 seconds.

Loading MT points from /Users/karan/tubulaton/tubulaton-run/tubulaton-480.vtk to numpy array...
Simulating positions of fluorophores...
Number of FPs: 12321900769.810968
Generating label segmentation...
8552 tubulin found in focal plane.
Calculating fluorophore density over focal plane...
38247 fluorophores found in the focal plane.
Calculating fluorophore photon emission rate...
Fluorophore photon emission per second = 9470381.451524047
Applying point spread function to light intensity array...
Simulating shot noise...
Quantizing intensities...

Saved data to /Users/karan/microsegmentation/SyntheticData_TRIVIAL_DENSE/Images/image-480.png and /Users/karan/microsegmentation/SyntheticData_TRIVIAL_DENSE/Labels/label-480.png.

Took 22.09 seconds.

Loading MT points from /Users/karan/tubulaton/tubulaton-run/tubulaton-481.vtk to numpy array...
Simulating positions of fluorophores...
Number of FPs: 12566621870.873005
Generating label segmentation...
10013 tubulin found in focal plane.
Calculating fluorophore density over focal plane...
39746 fluorophores found in the focal plane.
Calculating fluorophore photon emission rate...
Fluorophore photon emission per second = 9470381.451524047
Applying point spread function to light intensity array...
Simulating shot noise...
Quantizing intensities...

Saved data to /Users/karan/microsegmentation/SyntheticData_TRIVIAL_DENSE/Images/image-481.png and /Users/karan/microsegmentation/SyntheticData_TRIVIAL_DENSE/Labels/label-481.png.

Took 461.83 seconds.

Loading MT points from /Users/karan/tubulaton/tubulaton-run/tubulaton-482.vtk to numpy array...
Simulating positions of fluorophores...
Number of FPs: 12184773225.377998
Generating label segmentation...
14493 tubulin found in focal plane.
Calculating fluorophore density over focal plane...
48781 fluorophores found in the focal plane.
Calculating fluorophore photon emission rate...
Fluorophore photon emission per second = 9470381.451524047
Applying point spread function to light intensity array...
Simulating shot noise...
Quantizing intensities...

Saved data to /Users/karan/microsegmentation/SyntheticData_TRIVIAL_DENSE/Images/image-482.png and /Users/karan/microsegmentation/SyntheticData_TRIVIAL_DENSE/Labels/label-482.png.

Took 23.70 seconds.

Loading MT points from /Users/karan/tubulaton/tubulaton-run/tubulaton-483.vtk to numpy array...
Simulating positions of fluorophores...
Number of FPs: 13031958061.354288
Generating label segmentation...
5910 tubulin found in focal plane.
Calculating fluorophore density over focal plane...
30230 fluorophores found in the focal plane.
Calculating fluorophore photon emission rate...
Fluorophore photon emission per second = 9470381.451524047
Applying point spread function to light intensity array...
Simulating shot noise...
Quantizing intensities...

Saved data to /Users/karan/microsegmentation/SyntheticData_TRIVIAL_DENSE/Images/image-483.png and /Users/karan/microsegmentation/SyntheticData_TRIVIAL_DENSE/Labels/label-483.png.

Took 21.37 seconds.

Loading MT points from /Users/karan/tubulaton/tubulaton-run/tubulaton-484.vtk to numpy array...
Simulating positions of fluorophores...
Number of FPs: 12596740909.972698
Generating label segmentation...
11010 tubulin found in focal plane.
Calculating fluorophore density over focal plane...
39876 fluorophores found in the focal plane.
Calculating fluorophore photon emission rate...
Fluorophore photon emission per second = 9470381.451524047
Applying point spread function to light intensity array...
Simulating shot noise...
Quantizing intensities...

Saved data to /Users/karan/microsegmentation/SyntheticData_TRIVIAL_DENSE/Images/image-484.png and /Users/karan/microsegmentation/SyntheticData_TRIVIAL_DENSE/Labels/label-484.png.

Took 22.24 seconds.

Loading MT points from /Users/karan/tubulaton/tubulaton-run/tubulaton-485.vtk to numpy array...
Simulating positions of fluorophores...
Number of FPs: 12107618028.57482
Generating label segmentation...
9505 tubulin found in focal plane.
Calculating fluorophore density over focal plane...
45142 fluorophores found in the focal plane.
Calculating fluorophore photon emission rate...
Fluorophore photon emission per second = 9470381.451524047
Applying point spread function to light intensity array...
Simulating shot noise...
Quantizing intensities...

Saved data to /Users/karan/microsegmentation/SyntheticData_TRIVIAL_DENSE/Images/image-485.png and /Users/karan/microsegmentation/SyntheticData_TRIVIAL_DENSE/Labels/label-485.png.

Took 22.04 seconds.

Loading MT points from /Users/karan/tubulaton/tubulaton-run/tubulaton-486.vtk to numpy array...
Simulating positions of fluorophores...
Number of FPs: 12384451774.430233
Generating label segmentation...
11790 tubulin found in focal plane.
Calculating fluorophore density over focal plane...
35593 fluorophores found in the focal plane.
Calculating fluorophore photon emission rate...
Fluorophore photon emission per second = 9470381.451524047
Applying point spread function to light intensity array...
Simulating shot noise...
Quantizing intensities...

Saved data to /Users/karan/microsegmentation/SyntheticData_TRIVIAL_DENSE/Images/image-486.png and /Users/karan/microsegmentation/SyntheticData_TRIVIAL_DENSE/Labels/label-486.png.

Took 21.72 seconds.

Loading MT points from /Users/karan/tubulaton/tubulaton-run/tubulaton-487.vtk to numpy array...
Simulating positions of fluorophores...
Number of FPs: 12226192091.226355
Generating label segmentation...
8822 tubulin found in focal plane.
Calculating fluorophore density over focal plane...
40067 fluorophores found in the focal plane.
Calculating fluorophore photon emission rate...
Fluorophore photon emission per second = 9470381.451524047
Applying point spread function to light intensity array...
Simulating shot noise...
Quantizing intensities...

Saved data to /Users/karan/microsegmentation/SyntheticData_TRIVIAL_DENSE/Images/image-487.png and /Users/karan/microsegmentation/SyntheticData_TRIVIAL_DENSE/Labels/label-487.png.

Took 21.36 seconds.

Loading MT points from /Users/karan/tubulaton/tubulaton-run/tubulaton-488.vtk to numpy array...
Simulating positions of fluorophores...
Number of FPs: 12202039544.141935
Generating label segmentation...
10585 tubulin found in focal plane.
Calculating fluorophore density over focal plane...
39473 fluorophores found in the focal plane.
Calculating fluorophore photon emission rate...
Fluorophore photon emission per second = 9470381.451524047
Applying point spread function to light intensity array...
Simulating shot noise...
Quantizing intensities...

Saved data to /Users/karan/microsegmentation/SyntheticData_TRIVIAL_DENSE/Images/image-488.png and /Users/karan/microsegmentation/SyntheticData_TRIVIAL_DENSE/Labels/label-488.png.

Took 21.61 seconds.

Loading MT points from /Users/karan/tubulaton/tubulaton-run/tubulaton-489.vtk to numpy array...
Simulating positions of fluorophores...
Number of FPs: 12124395844.59941
Generating label segmentation...
10304 tubulin found in focal plane.
Calculating fluorophore density over focal plane...
43422 fluorophores found in the focal plane.
Calculating fluorophore photon emission rate...
Fluorophore photon emission per second = 9470381.451524047
Applying point spread function to light intensity array...
Simulating shot noise...
Quantizing intensities...

Saved data to /Users/karan/microsegmentation/SyntheticData_TRIVIAL_DENSE/Images/image-489.png and /Users/karan/microsegmentation/SyntheticData_TRIVIAL_DENSE/Labels/label-489.png.

Took 21.97 seconds.

Loading MT points from /Users/karan/tubulaton/tubulaton-run/tubulaton-490.vtk to numpy array...
Simulating positions of fluorophores...
Number of FPs: 12946207209.539207
Generating label segmentation...
8144 tubulin found in focal plane.
Calculating fluorophore density over focal plane...
39462 fluorophores found in the focal plane.
Calculating fluorophore photon emission rate...
Fluorophore photon emission per second = 9470381.451524047
Applying point spread function to light intensity array...
Simulating shot noise...
Quantizing intensities...

Saved data to /Users/karan/microsegmentation/SyntheticData_TRIVIAL_DENSE/Images/image-490.png and /Users/karan/microsegmentation/SyntheticData_TRIVIAL_DENSE/Labels/label-490.png.

Took 22.97 seconds.

Loading MT points from /Users/karan/tubulaton/tubulaton-run/tubulaton-491.vtk to numpy array...
Simulating positions of fluorophores...
Number of FPs: 12155127619.653358
Generating label segmentation...
12505 tubulin found in focal plane.
Calculating fluorophore density over focal plane...
49447 fluorophores found in the focal plane.
Calculating fluorophore photon emission rate...
Fluorophore photon emission per second = 9470381.451524047
Applying point spread function to light intensity array...
Simulating shot noise...
Quantizing intensities...

Saved data to /Users/karan/microsegmentation/SyntheticData_TRIVIAL_DENSE/Images/image-491.png and /Users/karan/microsegmentation/SyntheticData_TRIVIAL_DENSE/Labels/label-491.png.

Took 22.33 seconds.

Loading MT points from /Users/karan/tubulaton/tubulaton-run/tubulaton-492.vtk to numpy array...
Simulating positions of fluorophores...
Number of FPs: 12147021107.990475
Generating label segmentation...
10465 tubulin found in focal plane.
Calculating fluorophore density over focal plane...
40357 fluorophores found in the focal plane.
Calculating fluorophore photon emission rate...
Fluorophore photon emission per second = 9470381.451524047
Applying point spread function to light intensity array...
Simulating shot noise...
Quantizing intensities...

Saved data to /Users/karan/microsegmentation/SyntheticData_TRIVIAL_DENSE/Images/image-492.png and /Users/karan/microsegmentation/SyntheticData_TRIVIAL_DENSE/Labels/label-492.png.

Took 21.04 seconds.

Loading MT points from /Users/karan/tubulaton/tubulaton-run/tubulaton-493.vtk to numpy array...
Simulating positions of fluorophores...
Number of FPs: 12617371306.542236
Generating label segmentation...
9167 tubulin found in focal plane.
Calculating fluorophore density over focal plane...
37193 fluorophores found in the focal plane.
Calculating fluorophore photon emission rate...
Fluorophore photon emission per second = 9470381.451524047
Applying point spread function to light intensity array...
Simulating shot noise...
Quantizing intensities...

Saved data to /Users/karan/microsegmentation/SyntheticData_TRIVIAL_DENSE/Images/image-493.png and /Users/karan/microsegmentation/SyntheticData_TRIVIAL_DENSE/Labels/label-493.png.

Took 22.10 seconds.

Loading MT points from /Users/karan/tubulaton/tubulaton-run/tubulaton-494.vtk to numpy array...
Simulating positions of fluorophores...
Number of FPs: 12020791411.657898
Generating label segmentation...
7355 tubulin found in focal plane.
Calculating fluorophore density over focal plane...
40306 fluorophores found in the focal plane.
Calculating fluorophore photon emission rate...
Fluorophore photon emission per second = 9470381.451524047
Applying point spread function to light intensity array...
Simulating shot noise...
Quantizing intensities...

Saved data to /Users/karan/microsegmentation/SyntheticData_TRIVIAL_DENSE/Images/image-494.png and /Users/karan/microsegmentation/SyntheticData_TRIVIAL_DENSE/Labels/label-494.png.

Took 19.85 seconds.

Loading MT points from /Users/karan/tubulaton/tubulaton-run/tubulaton-495.vtk to numpy array...
Simulating positions of fluorophores...
Number of FPs: 12969586150.80231
Generating label segmentation...
6898 tubulin found in focal plane.
Calculating fluorophore density over focal plane...
27182 fluorophores found in the focal plane.
Calculating fluorophore photon emission rate...
Fluorophore photon emission per second = 9470381.451524047
Applying point spread function to light intensity array...
Simulating shot noise...
Quantizing intensities...

Saved data to /Users/karan/microsegmentation/SyntheticData_TRIVIAL_DENSE/Images/image-495.png and /Users/karan/microsegmentation/SyntheticData_TRIVIAL_DENSE/Labels/label-495.png.

Took 19.57 seconds.

Loading MT points from /Users/karan/tubulaton/tubulaton-run/tubulaton-496.vtk to numpy array...
Simulating positions of fluorophores...
Number of FPs: 12119178510.647202
Generating label segmentation...
10333 tubulin found in focal plane.
Calculating fluorophore density over focal plane...
37857 fluorophores found in the focal plane.
Calculating fluorophore photon emission rate...
Fluorophore photon emission per second = 9470381.451524047
Applying point spread function to light intensity array...
Simulating shot noise...
Quantizing intensities...

Saved data to /Users/karan/microsegmentation/SyntheticData_TRIVIAL_DENSE/Images/image-496.png and /Users/karan/microsegmentation/SyntheticData_TRIVIAL_DENSE/Labels/label-496.png.

Took 19.59 seconds.

Loading MT points from /Users/karan/tubulaton/tubulaton-run/tubulaton-497.vtk to numpy array...
Simulating positions of fluorophores...
Number of FPs: 13076302363.850588
Generating label segmentation...
6242 tubulin found in focal plane.
Calculating fluorophore density over focal plane...
29353 fluorophores found in the focal plane.
Calculating fluorophore photon emission rate...
Fluorophore photon emission per second = 9470381.451524047
Applying point spread function to light intensity array...
Simulating shot noise...
Quantizing intensities...

Saved data to /Users/karan/microsegmentation/SyntheticData_TRIVIAL_DENSE/Images/image-497.png and /Users/karan/microsegmentation/SyntheticData_TRIVIAL_DENSE/Labels/label-497.png.

Took 19.54 seconds.

Loading MT points from /Users/karan/tubulaton/tubulaton-run/tubulaton-498.vtk to numpy array...
Simulating positions of fluorophores...
Number of FPs: 11841524470.055323
Generating label segmentation...
11397 tubulin found in focal plane.
Calculating fluorophore density over focal plane...
44517 fluorophores found in the focal plane.
Calculating fluorophore photon emission rate...
Fluorophore photon emission per second = 9470381.451524047
Applying point spread function to light intensity array...
Simulating shot noise...
Quantizing intensities...

Saved data to /Users/karan/microsegmentation/SyntheticData_TRIVIAL_DENSE/Images/image-498.png and /Users/karan/microsegmentation/SyntheticData_TRIVIAL_DENSE/Labels/label-498.png.

Took 19.55 seconds.

Loading MT points from /Users/karan/tubulaton/tubulaton-run/tubulaton-499.vtk to numpy array...
Simulating positions of fluorophores...
Number of FPs: 12178198409.548779
Generating label segmentation...
9729 tubulin found in focal plane.
Calculating fluorophore density over focal plane...
44155 fluorophores found in the focal plane.
Calculating fluorophore photon emission rate...
Fluorophore photon emission per second = 9470381.451524047
Applying point spread function to light intensity array...
Simulating shot noise...
Quantizing intensities...

Saved data to /Users/karan/microsegmentation/SyntheticData_TRIVIAL_DENSE/Images/image-499.png and /Users/karan/microsegmentation/SyntheticData_TRIVIAL_DENSE/Labels/label-499.png.

Took 19.50 seconds.

Loading MT points from /Users/karan/tubulaton/tubulaton-run/tubulaton-500.vtk to numpy array...
Simulating positions of fluorophores...
Number of FPs: 12325449022.981022
Generating label segmentation...
10414 tubulin found in focal plane.
Calculating fluorophore density over focal plane...
42082 fluorophores found in the focal plane.
Calculating fluorophore photon emission rate...
Fluorophore photon emission per second = 9470381.451524047
Applying point spread function to light intensity array...
Simulating shot noise...
Quantizing intensities...

Saved data to /Users/karan/microsegmentation/SyntheticData_TRIVIAL_DENSE/Images/image-500.png and /Users/karan/microsegmentation/SyntheticData_TRIVIAL_DENSE/Labels/label-500.png.

Took 19.64 seconds.


Took 21795.93 seconds in total.
(217.96 seconds per .vtk file)
