Loaded config file: /Users/karan/microsegmentation/generation/generate_configs/trivial.json5
Using depolymerization rate: 0.09129197754142793

Loading MT points from /Users/karan/tubulaton/tubulaton-run/tubulaton-901.vtk to numpy array...
Simulating positions of fluorophores...
Number of FPs: 11238552281.184196
Generating label segmentation...
49361 tubulin found in focal plane.
Calculating fluorophore density over focal plane...
55541 fluorophores found in the focal plane.
Calculating fluorophore photon emission rate...
Fluorophore photon emission per second = 9470381.451524047
Applying point spread function to light intensity array...
Simulating shot noise...
Quantizing intensities...

Saved data to /Users/karan/microsegmentation/SyntheticData_TRIVIAL_DENSE/Images/image-901.png and /Users/karan/microsegmentation/SyntheticData_TRIVIAL_DENSE/Labels/label-901.png.

Took 23.94 seconds.

Loading MT points from /Users/karan/tubulaton/tubulaton-run/tubulaton-902.vtk to numpy array...
Simulating positions of fluorophores...
Number of FPs: 10591240092.991657
Generating label segmentation...
53314 tubulin found in focal plane.
Calculating fluorophore density over focal plane...
56920 fluorophores found in the focal plane.
Calculating fluorophore photon emission rate...
Fluorophore photon emission per second = 9470381.451524047
Applying point spread function to light intensity array...
Simulating shot noise...
Quantizing intensities...

Saved data to /Users/karan/microsegmentation/SyntheticData_TRIVIAL_DENSE/Images/image-902.png and /Users/karan/microsegmentation/SyntheticData_TRIVIAL_DENSE/Labels/label-902.png.

Took 20.87 seconds.

Loading MT points from /Users/karan/tubulaton/tubulaton-run/tubulaton-903.vtk to numpy array...
Simulating positions of fluorophores...
Number of FPs: 11181608214.886223
Generating label segmentation...
30214 tubulin found in focal plane.
Calculating fluorophore density over focal plane...
34023 fluorophores found in the focal plane.
Calculating fluorophore photon emission rate...
Fluorophore photon emission per second = 9470381.451524047
Applying point spread function to light intensity array...
Simulating shot noise...
Quantizing intensities...

Saved data to /Users/karan/microsegmentation/SyntheticData_TRIVIAL_DENSE/Images/image-903.png and /Users/karan/microsegmentation/SyntheticData_TRIVIAL_DENSE/Labels/label-903.png.

Took 18.91 seconds.

Loading MT points from /Users/karan/tubulaton/tubulaton-run/tubulaton-904.vtk to numpy array...
Simulating positions of fluorophores...
Number of FPs: 10955857085.689672
Generating label segmentation...
35787 tubulin found in focal plane.
Calculating fluorophore density over focal plane...
39490 fluorophores found in the focal plane.
Calculating fluorophore photon emission rate...
Fluorophore photon emission per second = 9470381.451524047
Applying point spread function to light intensity array...
Simulating shot noise...
Quantizing intensities...

Saved data to /Users/karan/microsegmentation/SyntheticData_TRIVIAL_DENSE/Images/image-904.png and /Users/karan/microsegmentation/SyntheticData_TRIVIAL_DENSE/Labels/label-904.png.

Took 19.70 seconds.

Loading MT points from /Users/karan/tubulaton/tubulaton-run/tubulaton-905.vtk to numpy array...
Simulating positions of fluorophores...
Number of FPs: 10543204957.886738
Generating label segmentation...
49745 tubulin found in focal plane.
Calculating fluorophore density over focal plane...
48676 fluorophores found in the focal plane.
Calculating fluorophore photon emission rate...
Fluorophore photon emission per second = 9470381.451524047
Applying point spread function to light intensity array...
Simulating shot noise...
Quantizing intensities...

Saved data to /Users/karan/microsegmentation/SyntheticData_TRIVIAL_DENSE/Images/image-905.png and /Users/karan/microsegmentation/SyntheticData_TRIVIAL_DENSE/Labels/label-905.png.

Took 18.80 seconds.

Loading MT points from /Users/karan/tubulaton/tubulaton-run/tubulaton-906.vtk to numpy array...
Simulating positions of fluorophores...
Number of FPs: 11136485855.642832
Generating label segmentation...
37392 tubulin found in focal plane.
Calculating fluorophore density over focal plane...
41574 fluorophores found in the focal plane.
Calculating fluorophore photon emission rate...
Fluorophore photon emission per second = 9470381.451524047
Applying point spread function to light intensity array...
Simulating shot noise...
Quantizing intensities...

Saved data to /Users/karan/microsegmentation/SyntheticData_TRIVIAL_DENSE/Images/image-906.png and /Users/karan/microsegmentation/SyntheticData_TRIVIAL_DENSE/Labels/label-906.png.

Took 18.81 seconds.

Loading MT points from /Users/karan/tubulaton/tubulaton-run/tubulaton-907.vtk to numpy array...
Simulating positions of fluorophores...
Number of FPs: 11438969830.921797
Generating label segmentation...
59385 tubulin found in focal plane.
Calculating fluorophore density over focal plane...
64893 fluorophores found in the focal plane.
Calculating fluorophore photon emission rate...
Fluorophore photon emission per second = 9470381.451524047
Applying point spread function to light intensity array...
Simulating shot noise...
Quantizing intensities...

Saved data to /Users/karan/microsegmentation/SyntheticData_TRIVIAL_DENSE/Images/image-907.png and /Users/karan/microsegmentation/SyntheticData_TRIVIAL_DENSE/Labels/label-907.png.

Took 20.06 seconds.

Loading MT points from /Users/karan/tubulaton/tubulaton-run/tubulaton-908.vtk to numpy array...
Simulating positions of fluorophores...
Number of FPs: 10834313105.528316
Generating label segmentation...
40239 tubulin found in focal plane.
Calculating fluorophore density over focal plane...
44341 fluorophores found in the focal plane.
Calculating fluorophore photon emission rate...
Fluorophore photon emission per second = 9470381.451524047
Applying point spread function to light intensity array...
Simulating shot noise...
Quantizing intensities...

Saved data to /Users/karan/microsegmentation/SyntheticData_TRIVIAL_DENSE/Images/image-908.png and /Users/karan/microsegmentation/SyntheticData_TRIVIAL_DENSE/Labels/label-908.png.

Took 19.46 seconds.

Loading MT points from /Users/karan/tubulaton/tubulaton-run/tubulaton-909.vtk to numpy array...
Simulating positions of fluorophores...
Number of FPs: 11331290750.719717
Generating label segmentation...
33779 tubulin found in focal plane.
Calculating fluorophore density over focal plane...
36005 fluorophores found in the focal plane.
Calculating fluorophore photon emission rate...
Fluorophore photon emission per second = 9470381.451524047
Applying point spread function to light intensity array...
Simulating shot noise...
Quantizing intensities...

Saved data to /Users/karan/microsegmentation/SyntheticData_TRIVIAL_DENSE/Images/image-909.png and /Users/karan/microsegmentation/SyntheticData_TRIVIAL_DENSE/Labels/label-909.png.

Took 19.66 seconds.

Loading MT points from /Users/karan/tubulaton/tubulaton-run/tubulaton-910.vtk to numpy array...
Simulating positions of fluorophores...
Number of FPs: 11090982670.09299
Generating label segmentation...
35928 tubulin found in focal plane.
Calculating fluorophore density over focal plane...
39405 fluorophores found in the focal plane.
Calculating fluorophore photon emission rate...
Fluorophore photon emission per second = 9470381.451524047
Applying point spread function to light intensity array...
Simulating shot noise...
Quantizing intensities...

Saved data to /Users/karan/microsegmentation/SyntheticData_TRIVIAL_DENSE/Images/image-910.png and /Users/karan/microsegmentation/SyntheticData_TRIVIAL_DENSE/Labels/label-910.png.

Took 18.66 seconds.

Loading MT points from /Users/karan/tubulaton/tubulaton-run/tubulaton-911.vtk to numpy array...
Simulating positions of fluorophores...
Number of FPs: 11549740591.890291
Generating label segmentation...
45307 tubulin found in focal plane.
Calculating fluorophore density over focal plane...
47734 fluorophores found in the focal plane.
Calculating fluorophore photon emission rate...
Fluorophore photon emission per second = 9470381.451524047
Applying point spread function to light intensity array...
Simulating shot noise...
Quantizing intensities...

Saved data to /Users/karan/microsegmentation/SyntheticData_TRIVIAL_DENSE/Images/image-911.png and /Users/karan/microsegmentation/SyntheticData_TRIVIAL_DENSE/Labels/label-911.png.

Took 19.03 seconds.

Loading MT points from /Users/karan/tubulaton/tubulaton-run/tubulaton-912.vtk to numpy array...
Simulating positions of fluorophores...
Number of FPs: 11668380994.599688
Generating label segmentation...
44921 tubulin found in focal plane.
Calculating fluorophore density over focal plane...
50758 fluorophores found in the focal plane.
Calculating fluorophore photon emission rate...
Fluorophore photon emission per second = 9470381.451524047
Applying point spread function to light intensity array...
Simulating shot noise...
Quantizing intensities...

Saved data to /Users/karan/microsegmentation/SyntheticData_TRIVIAL_DENSE/Images/image-912.png and /Users/karan/microsegmentation/SyntheticData_TRIVIAL_DENSE/Labels/label-912.png.

Took 20.47 seconds.

Loading MT points from /Users/karan/tubulaton/tubulaton-run/tubulaton-913.vtk to numpy array...
Simulating positions of fluorophores...
Number of FPs: 11216779460.082188
Generating label segmentation...
48098 tubulin found in focal plane.
Calculating fluorophore density over focal plane...
52663 fluorophores found in the focal plane.
Calculating fluorophore photon emission rate...
Fluorophore photon emission per second = 9470381.451524047
Applying point spread function to light intensity array...
Simulating shot noise...
Quantizing intensities...

Saved data to /Users/karan/microsegmentation/SyntheticData_TRIVIAL_DENSE/Images/image-913.png and /Users/karan/microsegmentation/SyntheticData_TRIVIAL_DENSE/Labels/label-913.png.

Took 19.49 seconds.

Loading MT points from /Users/karan/tubulaton/tubulaton-run/tubulaton-914.vtk to numpy array...
Simulating positions of fluorophores...
Number of FPs: 10948144316.559425
Generating label segmentation...
35403 tubulin found in focal plane.
Calculating fluorophore density over focal plane...
39202 fluorophores found in the focal plane.
Calculating fluorophore photon emission rate...
Fluorophore photon emission per second = 9470381.451524047
Applying point spread function to light intensity array...
Simulating shot noise...
Quantizing intensities...

Saved data to /Users/karan/microsegmentation/SyntheticData_TRIVIAL_DENSE/Images/image-914.png and /Users/karan/microsegmentation/SyntheticData_TRIVIAL_DENSE/Labels/label-914.png.

Took 18.94 seconds.

Loading MT points from /Users/karan/tubulaton/tubulaton-run/tubulaton-915.vtk to numpy array...
Simulating positions of fluorophores...
Number of FPs: 11079595340.624168
Generating label segmentation...
34368 tubulin found in focal plane.
Calculating fluorophore density over focal plane...
40356 fluorophores found in the focal plane.
Calculating fluorophore photon emission rate...
Fluorophore photon emission per second = 9470381.451524047
Applying point spread function to light intensity array...
Simulating shot noise...
Quantizing intensities...

Saved data to /Users/karan/microsegmentation/SyntheticData_TRIVIAL_DENSE/Images/image-915.png and /Users/karan/microsegmentation/SyntheticData_TRIVIAL_DENSE/Labels/label-915.png.

Took 20.88 seconds.

Loading MT points from /Users/karan/tubulaton/tubulaton-run/tubulaton-916.vtk to numpy array...
Simulating positions of fluorophores...
Number of FPs: 11126167465.543793
Generating label segmentation...
50574 tubulin found in focal plane.
Calculating fluorophore density over focal plane...
54562 fluorophores found in the focal plane.
Calculating fluorophore photon emission rate...
Fluorophore photon emission per second = 9470381.451524047
Applying point spread function to light intensity array...
Simulating shot noise...
Quantizing intensities...

Saved data to /Users/karan/microsegmentation/SyntheticData_TRIVIAL_DENSE/Images/image-916.png and /Users/karan/microsegmentation/SyntheticData_TRIVIAL_DENSE/Labels/label-916.png.

Took 20.44 seconds.

Loading MT points from /Users/karan/tubulaton/tubulaton-run/tubulaton-917.vtk to numpy array...
Simulating positions of fluorophores...
Number of FPs: 11145727265.32138
Generating label segmentation...
39924 tubulin found in focal plane.
Calculating fluorophore density over focal plane...
44252 fluorophores found in the focal plane.
Calculating fluorophore photon emission rate...
Fluorophore photon emission per second = 9470381.451524047
Applying point spread function to light intensity array...
Simulating shot noise...
Quantizing intensities...

Saved data to /Users/karan/microsegmentation/SyntheticData_TRIVIAL_DENSE/Images/image-917.png and /Users/karan/microsegmentation/SyntheticData_TRIVIAL_DENSE/Labels/label-917.png.

Took 20.28 seconds.

Loading MT points from /Users/karan/tubulaton/tubulaton-run/tubulaton-918.vtk to numpy array...
Simulating positions of fluorophores...
Number of FPs: 10285940891.67078
Generating label segmentation...
43812 tubulin found in focal plane.
Calculating fluorophore density over focal plane...
42950 fluorophores found in the focal plane.
Calculating fluorophore photon emission rate...
Fluorophore photon emission per second = 9470381.451524047
Applying point spread function to light intensity array...
Simulating shot noise...
Quantizing intensities...

Saved data to /Users/karan/microsegmentation/SyntheticData_TRIVIAL_DENSE/Images/image-918.png and /Users/karan/microsegmentation/SyntheticData_TRIVIAL_DENSE/Labels/label-918.png.

Took 18.49 seconds.

Loading MT points from /Users/karan/tubulaton/tubulaton-run/tubulaton-919.vtk to numpy array...
Simulating positions of fluorophores...
Number of FPs: 10771868019.01137
Generating label segmentation...
57868 tubulin found in focal plane.
Calculating fluorophore density over focal plane...
58881 fluorophores found in the focal plane.
Calculating fluorophore photon emission rate...
Fluorophore photon emission per second = 9470381.451524047
Applying point spread function to light intensity array...
Simulating shot noise...
Quantizing intensities...

Saved data to /Users/karan/microsegmentation/SyntheticData_TRIVIAL_DENSE/Images/image-919.png and /Users/karan/microsegmentation/SyntheticData_TRIVIAL_DENSE/Labels/label-919.png.

Took 19.15 seconds.

Loading MT points from /Users/karan/tubulaton/tubulaton-run/tubulaton-920.vtk to numpy array...
Simulating positions of fluorophores...
Number of FPs: 10861638761.728504
Generating label segmentation...
49214 tubulin found in focal plane.
Calculating fluorophore density over focal plane...
52370 fluorophores found in the focal plane.
Calculating fluorophore photon emission rate...
Fluorophore photon emission per second = 9470381.451524047
Applying point spread function to light intensity array...
Simulating shot noise...
Quantizing intensities...

Saved data to /Users/karan/microsegmentation/SyntheticData_TRIVIAL_DENSE/Images/image-920.png and /Users/karan/microsegmentation/SyntheticData_TRIVIAL_DENSE/Labels/label-920.png.

Took 18.95 seconds.

Loading MT points from /Users/karan/tubulaton/tubulaton-run/tubulaton-921.vtk to numpy array...
Simulating positions of fluorophores...
Number of FPs: 11512074216.53417
Generating label segmentation...
44299 tubulin found in focal plane.
Calculating fluorophore density over focal plane...
48966 fluorophores found in the focal plane.
Calculating fluorophore photon emission rate...
Fluorophore photon emission per second = 9470381.451524047
Applying point spread function to light intensity array...
Simulating shot noise...
Quantizing intensities...

Saved data to /Users/karan/microsegmentation/SyntheticData_TRIVIAL_DENSE/Images/image-921.png and /Users/karan/microsegmentation/SyntheticData_TRIVIAL_DENSE/Labels/label-921.png.

Took 19.73 seconds.

Loading MT points from /Users/karan/tubulaton/tubulaton-run/tubulaton-922.vtk to numpy array...
Simulating positions of fluorophores...
Number of FPs: 10324562634.131573
Generating label segmentation...
37634 tubulin found in focal plane.
Calculating fluorophore density over focal plane...
42905 fluorophores found in the focal plane.
Calculating fluorophore photon emission rate...
Fluorophore photon emission per second = 9470381.451524047
Applying point spread function to light intensity array...
Simulating shot noise...
Quantizing intensities...

Saved data to /Users/karan/microsegmentation/SyntheticData_TRIVIAL_DENSE/Images/image-922.png and /Users/karan/microsegmentation/SyntheticData_TRIVIAL_DENSE/Labels/label-922.png.

Took 19.22 seconds.

Loading MT points from /Users/karan/tubulaton/tubulaton-run/tubulaton-923.vtk to numpy array...
Simulating positions of fluorophores...
Number of FPs: 10750336077.014952
Generating label segmentation...
33782 tubulin found in focal plane.
Calculating fluorophore density over focal plane...
38198 fluorophores found in the focal plane.
Calculating fluorophore photon emission rate...
Fluorophore photon emission per second = 9470381.451524047
Applying point spread function to light intensity array...
Simulating shot noise...
Quantizing intensities...

Saved data to /Users/karan/microsegmentation/SyntheticData_TRIVIAL_DENSE/Images/image-923.png and /Users/karan/microsegmentation/SyntheticData_TRIVIAL_DENSE/Labels/label-923.png.

Took 18.78 seconds.

Loading MT points from /Users/karan/tubulaton/tubulaton-run/tubulaton-924.vtk to numpy array...
Simulating positions of fluorophores...
Number of FPs: 10955937917.01661
Generating label segmentation...
45184 tubulin found in focal plane.
Calculating fluorophore density over focal plane...
48293 fluorophores found in the focal plane.
Calculating fluorophore photon emission rate...
Fluorophore photon emission per second = 9470381.451524047
Applying point spread function to light intensity array...
Simulating shot noise...
Quantizing intensities...

Saved data to /Users/karan/microsegmentation/SyntheticData_TRIVIAL_DENSE/Images/image-924.png and /Users/karan/microsegmentation/SyntheticData_TRIVIAL_DENSE/Labels/label-924.png.

Took 19.35 seconds.

Loading MT points from /Users/karan/tubulaton/tubulaton-run/tubulaton-925.vtk to numpy array...
Simulating positions of fluorophores...
Number of FPs: 10378674009.793417
Generating label segmentation...
49839 tubulin found in focal plane.
Calculating fluorophore density over focal plane...
52713 fluorophores found in the focal plane.
Calculating fluorophore photon emission rate...
Fluorophore photon emission per second = 9470381.451524047
Applying point spread function to light intensity array...
Simulating shot noise...
Quantizing intensities...

Saved data to /Users/karan/microsegmentation/SyntheticData_TRIVIAL_DENSE/Images/image-925.png and /Users/karan/microsegmentation/SyntheticData_TRIVIAL_DENSE/Labels/label-925.png.

Took 19.00 seconds.

Loading MT points from /Users/karan/tubulaton/tubulaton-run/tubulaton-926.vtk to numpy array...
Simulating positions of fluorophores...
Number of FPs: 11427605177.534712
Generating label segmentation...
33691 tubulin found in focal plane.
Calculating fluorophore density over focal plane...
36676 fluorophores found in the focal plane.
Calculating fluorophore photon emission rate...
Fluorophore photon emission per second = 9470381.451524047
Applying point spread function to light intensity array...
Simulating shot noise...
Quantizing intensities...

Saved data to /Users/karan/microsegmentation/SyntheticData_TRIVIAL_DENSE/Images/image-926.png and /Users/karan/microsegmentation/SyntheticData_TRIVIAL_DENSE/Labels/label-926.png.

Took 19.03 seconds.

Loading MT points from /Users/karan/tubulaton/tubulaton-run/tubulaton-927.vtk to numpy array...
Simulating positions of fluorophores...
Number of FPs: 10794856959.586493
Generating label segmentation...
43637 tubulin found in focal plane.
Calculating fluorophore density over focal plane...
51159 fluorophores found in the focal plane.
Calculating fluorophore photon emission rate...
Fluorophore photon emission per second = 9470381.451524047
Applying point spread function to light intensity array...
Simulating shot noise...
Quantizing intensities...

Saved data to /Users/karan/microsegmentation/SyntheticData_TRIVIAL_DENSE/Images/image-927.png and /Users/karan/microsegmentation/SyntheticData_TRIVIAL_DENSE/Labels/label-927.png.

Took 19.16 seconds.

Loading MT points from /Users/karan/tubulaton/tubulaton-run/tubulaton-928.vtk to numpy array...
Simulating positions of fluorophores...
Number of FPs: 10615819162.022266
Generating label segmentation...
49251 tubulin found in focal plane.
Calculating fluorophore density over focal plane...
52366 fluorophores found in the focal plane.
Calculating fluorophore photon emission rate...
Fluorophore photon emission per second = 9470381.451524047
Applying point spread function to light intensity array...
Simulating shot noise...
Quantizing intensities...

Saved data to /Users/karan/microsegmentation/SyntheticData_TRIVIAL_DENSE/Images/image-928.png and /Users/karan/microsegmentation/SyntheticData_TRIVIAL_DENSE/Labels/label-928.png.

Took 18.89 seconds.

Loading MT points from /Users/karan/tubulaton/tubulaton-run/tubulaton-929.vtk to numpy array...
Simulating positions of fluorophores...
Number of FPs: 10839002544.488564
Generating label segmentation...
33395 tubulin found in focal plane.
Calculating fluorophore density over focal plane...
35781 fluorophores found in the focal plane.
Calculating fluorophore photon emission rate...
Fluorophore photon emission per second = 9470381.451524047
Applying point spread function to light intensity array...
Simulating shot noise...
Quantizing intensities...

Saved data to /Users/karan/microsegmentation/SyntheticData_TRIVIAL_DENSE/Images/image-929.png and /Users/karan/microsegmentation/SyntheticData_TRIVIAL_DENSE/Labels/label-929.png.

Took 18.48 seconds.

Loading MT points from /Users/karan/tubulaton/tubulaton-run/tubulaton-930.vtk to numpy array...
Simulating positions of fluorophores...
Number of FPs: 10593751418.658009
Generating label segmentation...
52008 tubulin found in focal plane.
Calculating fluorophore density over focal plane...
54077 fluorophores found in the focal plane.
Calculating fluorophore photon emission rate...
Fluorophore photon emission per second = 9470381.451524047
Applying point spread function to light intensity array...
Simulating shot noise...
Quantizing intensities...

Saved data to /Users/karan/microsegmentation/SyntheticData_TRIVIAL_DENSE/Images/image-930.png and /Users/karan/microsegmentation/SyntheticData_TRIVIAL_DENSE/Labels/label-930.png.

Took 19.29 seconds.

Loading MT points from /Users/karan/tubulaton/tubulaton-run/tubulaton-931.vtk to numpy array...
Simulating positions of fluorophores...
Number of FPs: 11621253545.82082
Generating label segmentation...
41378 tubulin found in focal plane.
Calculating fluorophore density over focal plane...
47624 fluorophores found in the focal plane.
Calculating fluorophore photon emission rate...
Fluorophore photon emission per second = 9470381.451524047
Applying point spread function to light intensity array...
Simulating shot noise...
Quantizing intensities...

Saved data to /Users/karan/microsegmentation/SyntheticData_TRIVIAL_DENSE/Images/image-931.png and /Users/karan/microsegmentation/SyntheticData_TRIVIAL_DENSE/Labels/label-931.png.

Took 19.81 seconds.

Loading MT points from /Users/karan/tubulaton/tubulaton-run/tubulaton-932.vtk to numpy array...
Simulating positions of fluorophores...
Number of FPs: 10394370692.26643
Generating label segmentation...
43346 tubulin found in focal plane.
Calculating fluorophore density over focal plane...
47750 fluorophores found in the focal plane.
Calculating fluorophore photon emission rate...
Fluorophore photon emission per second = 9470381.451524047
Applying point spread function to light intensity array...
Simulating shot noise...
Quantizing intensities...

Saved data to /Users/karan/microsegmentation/SyntheticData_TRIVIAL_DENSE/Images/image-932.png and /Users/karan/microsegmentation/SyntheticData_TRIVIAL_DENSE/Labels/label-932.png.

Took 18.94 seconds.

Loading MT points from /Users/karan/tubulaton/tubulaton-run/tubulaton-933.vtk to numpy array...
Simulating positions of fluorophores...
Number of FPs: 11425893133.178596
Generating label segmentation...
40381 tubulin found in focal plane.
Calculating fluorophore density over focal plane...
43305 fluorophores found in the focal plane.
Calculating fluorophore photon emission rate...
Fluorophore photon emission per second = 9470381.451524047
Applying point spread function to light intensity array...
Simulating shot noise...
Quantizing intensities...

Saved data to /Users/karan/microsegmentation/SyntheticData_TRIVIAL_DENSE/Images/image-933.png and /Users/karan/microsegmentation/SyntheticData_TRIVIAL_DENSE/Labels/label-933.png.

Took 19.26 seconds.

Loading MT points from /Users/karan/tubulaton/tubulaton-run/tubulaton-934.vtk to numpy array...
Simulating positions of fluorophores...
Number of FPs: 10306892407.158676
Generating label segmentation...
29533 tubulin found in focal plane.
Calculating fluorophore density over focal plane...
36441 fluorophores found in the focal plane.
Calculating fluorophore photon emission rate...
Fluorophore photon emission per second = 9470381.451524047
Applying point spread function to light intensity array...
Simulating shot noise...
Quantizing intensities...

Saved data to /Users/karan/microsegmentation/SyntheticData_TRIVIAL_DENSE/Images/image-934.png and /Users/karan/microsegmentation/SyntheticData_TRIVIAL_DENSE/Labels/label-934.png.

Took 17.91 seconds.

Loading MT points from /Users/karan/tubulaton/tubulaton-run/tubulaton-935.vtk to numpy array...
Simulating positions of fluorophores...
Number of FPs: 10921507017.810293
Generating label segmentation...
37344 tubulin found in focal plane.
Calculating fluorophore density over focal plane...
41273 fluorophores found in the focal plane.
Calculating fluorophore photon emission rate...
Fluorophore photon emission per second = 9470381.451524047
Applying point spread function to light intensity array...
Simulating shot noise...
Quantizing intensities...

Saved data to /Users/karan/microsegmentation/SyntheticData_TRIVIAL_DENSE/Images/image-935.png and /Users/karan/microsegmentation/SyntheticData_TRIVIAL_DENSE/Labels/label-935.png.

Took 18.87 seconds.

Loading MT points from /Users/karan/tubulaton/tubulaton-run/tubulaton-936.vtk to numpy array...
Simulating positions of fluorophores...
Number of FPs: 11050851057.414516
Generating label segmentation...
45346 tubulin found in focal plane.
Calculating fluorophore density over focal plane...
49336 fluorophores found in the focal plane.
Calculating fluorophore photon emission rate...
Fluorophore photon emission per second = 9470381.451524047
Applying point spread function to light intensity array...
Simulating shot noise...
Quantizing intensities...

Saved data to /Users/karan/microsegmentation/SyntheticData_TRIVIAL_DENSE/Images/image-936.png and /Users/karan/microsegmentation/SyntheticData_TRIVIAL_DENSE/Labels/label-936.png.

Took 19.65 seconds.

Loading MT points from /Users/karan/tubulaton/tubulaton-run/tubulaton-937.vtk to numpy array...
Simulating positions of fluorophores...
Number of FPs: 11892443851.162603
Generating label segmentation...
55119 tubulin found in focal plane.
Calculating fluorophore density over focal plane...
59002 fluorophores found in the focal plane.
Calculating fluorophore photon emission rate...
Fluorophore photon emission per second = 9470381.451524047
Applying point spread function to light intensity array...
Simulating shot noise...
Quantizing intensities...

Saved data to /Users/karan/microsegmentation/SyntheticData_TRIVIAL_DENSE/Images/image-937.png and /Users/karan/microsegmentation/SyntheticData_TRIVIAL_DENSE/Labels/label-937.png.

Took 20.62 seconds.

Loading MT points from /Users/karan/tubulaton/tubulaton-run/tubulaton-938.vtk to numpy array...
Simulating positions of fluorophores...
Number of FPs: 11150643536.041065
Generating label segmentation...
47556 tubulin found in focal plane.
Calculating fluorophore density over focal plane...
52679 fluorophores found in the focal plane.
Calculating fluorophore photon emission rate...
Fluorophore photon emission per second = 9470381.451524047
Applying point spread function to light intensity array...
Simulating shot noise...
Quantizing intensities...

Saved data to /Users/karan/microsegmentation/SyntheticData_TRIVIAL_DENSE/Images/image-938.png and /Users/karan/microsegmentation/SyntheticData_TRIVIAL_DENSE/Labels/label-938.png.

Took 19.71 seconds.

Loading MT points from /Users/karan/tubulaton/tubulaton-run/tubulaton-939.vtk to numpy array...
Simulating positions of fluorophores...
Number of FPs: 10507620885.577837
Generating label segmentation...
34095 tubulin found in focal plane.
Calculating fluorophore density over focal plane...
39443 fluorophores found in the focal plane.
Calculating fluorophore photon emission rate...
Fluorophore photon emission per second = 9470381.451524047
Applying point spread function to light intensity array...
Simulating shot noise...
Quantizing intensities...

Saved data to /Users/karan/microsegmentation/SyntheticData_TRIVIAL_DENSE/Images/image-939.png and /Users/karan/microsegmentation/SyntheticData_TRIVIAL_DENSE/Labels/label-939.png.

Took 18.80 seconds.

Loading MT points from /Users/karan/tubulaton/tubulaton-run/tubulaton-940.vtk to numpy array...
Simulating positions of fluorophores...
Number of FPs: 11233199332.490501
Generating label segmentation...
40937 tubulin found in focal plane.
Calculating fluorophore density over focal plane...
44963 fluorophores found in the focal plane.
Calculating fluorophore photon emission rate...
Fluorophore photon emission per second = 9470381.451524047
Applying point spread function to light intensity array...
Simulating shot noise...
Quantizing intensities...

Saved data to /Users/karan/microsegmentation/SyntheticData_TRIVIAL_DENSE/Images/image-940.png and /Users/karan/microsegmentation/SyntheticData_TRIVIAL_DENSE/Labels/label-940.png.

Took 20.15 seconds.

Loading MT points from /Users/karan/tubulaton/tubulaton-run/tubulaton-941.vtk to numpy array...
Simulating positions of fluorophores...
Number of FPs: 10357133367.736794
Generating label segmentation...
38300 tubulin found in focal plane.
Calculating fluorophore density over focal plane...
44038 fluorophores found in the focal plane.
Calculating fluorophore photon emission rate...
Fluorophore photon emission per second = 9470381.451524047
Applying point spread function to light intensity array...
Simulating shot noise...
Quantizing intensities...

Saved data to /Users/karan/microsegmentation/SyntheticData_TRIVIAL_DENSE/Images/image-941.png and /Users/karan/microsegmentation/SyntheticData_TRIVIAL_DENSE/Labels/label-941.png.

Took 18.85 seconds.

Loading MT points from /Users/karan/tubulaton/tubulaton-run/tubulaton-942.vtk to numpy array...
Simulating positions of fluorophores...
Number of FPs: 10804524701.290882
Generating label segmentation...
35120 tubulin found in focal plane.
Calculating fluorophore density over focal plane...
38297 fluorophores found in the focal plane.
Calculating fluorophore photon emission rate...
Fluorophore photon emission per second = 9470381.451524047
Applying point spread function to light intensity array...
Simulating shot noise...
Quantizing intensities...

Saved data to /Users/karan/microsegmentation/SyntheticData_TRIVIAL_DENSE/Images/image-942.png and /Users/karan/microsegmentation/SyntheticData_TRIVIAL_DENSE/Labels/label-942.png.

Took 18.94 seconds.

Loading MT points from /Users/karan/tubulaton/tubulaton-run/tubulaton-943.vtk to numpy array...
Simulating positions of fluorophores...
Number of FPs: 10820780053.397003
Generating label segmentation...
36152 tubulin found in focal plane.
Calculating fluorophore density over focal plane...
39634 fluorophores found in the focal plane.
Calculating fluorophore photon emission rate...
Fluorophore photon emission per second = 9470381.451524047
Applying point spread function to light intensity array...
Simulating shot noise...
Quantizing intensities...

Saved data to /Users/karan/microsegmentation/SyntheticData_TRIVIAL_DENSE/Images/image-943.png and /Users/karan/microsegmentation/SyntheticData_TRIVIAL_DENSE/Labels/label-943.png.

Took 18.64 seconds.

Loading MT points from /Users/karan/tubulaton/tubulaton-run/tubulaton-944.vtk to numpy array...
Simulating positions of fluorophores...
Number of FPs: 10318772739.85082
Generating label segmentation...
38483 tubulin found in focal plane.
Calculating fluorophore density over focal plane...
41936 fluorophores found in the focal plane.
Calculating fluorophore photon emission rate...
Fluorophore photon emission per second = 9470381.451524047
Applying point spread function to light intensity array...
Simulating shot noise...
Quantizing intensities...

Saved data to /Users/karan/microsegmentation/SyntheticData_TRIVIAL_DENSE/Images/image-944.png and /Users/karan/microsegmentation/SyntheticData_TRIVIAL_DENSE/Labels/label-944.png.

Took 18.46 seconds.

Loading MT points from /Users/karan/tubulaton/tubulaton-run/tubulaton-945.vtk to numpy array...
Simulating positions of fluorophores...
Number of FPs: 10763793887.812717
Generating label segmentation...
36626 tubulin found in focal plane.
Calculating fluorophore density over focal plane...
39616 fluorophores found in the focal plane.
Calculating fluorophore photon emission rate...
Fluorophore photon emission per second = 9470381.451524047
Applying point spread function to light intensity array...
Simulating shot noise...
Quantizing intensities...

Saved data to /Users/karan/microsegmentation/SyntheticData_TRIVIAL_DENSE/Images/image-945.png and /Users/karan/microsegmentation/SyntheticData_TRIVIAL_DENSE/Labels/label-945.png.

Took 18.48 seconds.

Loading MT points from /Users/karan/tubulaton/tubulaton-run/tubulaton-946.vtk to numpy array...
Simulating positions of fluorophores...
Number of FPs: 10561282082.336567
Generating label segmentation...
47401 tubulin found in focal plane.
Calculating fluorophore density over focal plane...
54314 fluorophores found in the focal plane.
Calculating fluorophore photon emission rate...
Fluorophore photon emission per second = 9470381.451524047
Applying point spread function to light intensity array...
Simulating shot noise...
Quantizing intensities...

Saved data to /Users/karan/microsegmentation/SyntheticData_TRIVIAL_DENSE/Images/image-946.png and /Users/karan/microsegmentation/SyntheticData_TRIVIAL_DENSE/Labels/label-946.png.

Took 19.09 seconds.

Loading MT points from /Users/karan/tubulaton/tubulaton-run/tubulaton-947.vtk to numpy array...
Simulating positions of fluorophores...
Number of FPs: 11435789135.520166
Generating label segmentation...
44760 tubulin found in focal plane.
Calculating fluorophore density over focal plane...
50109 fluorophores found in the focal plane.
Calculating fluorophore photon emission rate...
Fluorophore photon emission per second = 9470381.451524047
Applying point spread function to light intensity array...
Simulating shot noise...
Quantizing intensities...

Saved data to /Users/karan/microsegmentation/SyntheticData_TRIVIAL_DENSE/Images/image-947.png and /Users/karan/microsegmentation/SyntheticData_TRIVIAL_DENSE/Labels/label-947.png.

Took 20.11 seconds.

Loading MT points from /Users/karan/tubulaton/tubulaton-run/tubulaton-948.vtk to numpy array...
Simulating positions of fluorophores...
Number of FPs: 11300075497.744146
Generating label segmentation...
34232 tubulin found in focal plane.
Calculating fluorophore density over focal plane...
39145 fluorophores found in the focal plane.
Calculating fluorophore photon emission rate...
Fluorophore photon emission per second = 9470381.451524047
Applying point spread function to light intensity array...
Simulating shot noise...
Quantizing intensities...

Saved data to /Users/karan/microsegmentation/SyntheticData_TRIVIAL_DENSE/Images/image-948.png and /Users/karan/microsegmentation/SyntheticData_TRIVIAL_DENSE/Labels/label-948.png.

Took 19.32 seconds.

Loading MT points from /Users/karan/tubulaton/tubulaton-run/tubulaton-949.vtk to numpy array...
Simulating positions of fluorophores...
Number of FPs: 10519478960.053802
Generating label segmentation...
55057 tubulin found in focal plane.
Calculating fluorophore density over focal plane...
56584 fluorophores found in the focal plane.
Calculating fluorophore photon emission rate...
Fluorophore photon emission per second = 9470381.451524047
Applying point spread function to light intensity array...
Simulating shot noise...
Quantizing intensities...

Saved data to /Users/karan/microsegmentation/SyntheticData_TRIVIAL_DENSE/Images/image-949.png and /Users/karan/microsegmentation/SyntheticData_TRIVIAL_DENSE/Labels/label-949.png.

Took 18.79 seconds.

Loading MT points from /Users/karan/tubulaton/tubulaton-run/tubulaton-950.vtk to numpy array...
Simulating positions of fluorophores...
Number of FPs: 10830268584.00807
Generating label segmentation...
44440 tubulin found in focal plane.
Calculating fluorophore density over focal plane...
47979 fluorophores found in the focal plane.
Calculating fluorophore photon emission rate...
Fluorophore photon emission per second = 9470381.451524047
Applying point spread function to light intensity array...
Simulating shot noise...
Quantizing intensities...

Saved data to /Users/karan/microsegmentation/SyntheticData_TRIVIAL_DENSE/Images/image-950.png and /Users/karan/microsegmentation/SyntheticData_TRIVIAL_DENSE/Labels/label-950.png.

Took 19.20 seconds.

Loading MT points from /Users/karan/tubulaton/tubulaton-run/tubulaton-951.vtk to numpy array...
Simulating positions of fluorophores...
Number of FPs: 11272979323.632786
Generating label segmentation...
38282 tubulin found in focal plane.
Calculating fluorophore density over focal plane...
42732 fluorophores found in the focal plane.
Calculating fluorophore photon emission rate...
Fluorophore photon emission per second = 9470381.451524047
Applying point spread function to light intensity array...
Simulating shot noise...
Quantizing intensities...

Saved data to /Users/karan/microsegmentation/SyntheticData_TRIVIAL_DENSE/Images/image-951.png and /Users/karan/microsegmentation/SyntheticData_TRIVIAL_DENSE/Labels/label-951.png.

Took 19.59 seconds.

Loading MT points from /Users/karan/tubulaton/tubulaton-run/tubulaton-952.vtk to numpy array...
Simulating positions of fluorophores...
Number of FPs: 10767577990.70613
Generating label segmentation...
51943 tubulin found in focal plane.
Calculating fluorophore density over focal plane...
54534 fluorophores found in the focal plane.
Calculating fluorophore photon emission rate...
Fluorophore photon emission per second = 9470381.451524047
Applying point spread function to light intensity array...
Simulating shot noise...
Quantizing intensities...

Saved data to /Users/karan/microsegmentation/SyntheticData_TRIVIAL_DENSE/Images/image-952.png and /Users/karan/microsegmentation/SyntheticData_TRIVIAL_DENSE/Labels/label-952.png.

Took 18.97 seconds.

Loading MT points from /Users/karan/tubulaton/tubulaton-run/tubulaton-953.vtk to numpy array...
Simulating positions of fluorophores...
Number of FPs: 11386462435.162127
Generating label segmentation...
43615 tubulin found in focal plane.
Calculating fluorophore density over focal plane...
48651 fluorophores found in the focal plane.
Calculating fluorophore photon emission rate...
Fluorophore photon emission per second = 9470381.451524047
Applying point spread function to light intensity array...
Simulating shot noise...
Quantizing intensities...

Saved data to /Users/karan/microsegmentation/SyntheticData_TRIVIAL_DENSE/Images/image-953.png and /Users/karan/microsegmentation/SyntheticData_TRIVIAL_DENSE/Labels/label-953.png.

Took 19.11 seconds.

Loading MT points from /Users/karan/tubulaton/tubulaton-run/tubulaton-954.vtk to numpy array...
Simulating positions of fluorophores...
Number of FPs: 10263774765.292568
Generating label segmentation...
48763 tubulin found in focal plane.
Calculating fluorophore density over focal plane...
50351 fluorophores found in the focal plane.
Calculating fluorophore photon emission rate...
Fluorophore photon emission per second = 9470381.451524047
Applying point spread function to light intensity array...
Simulating shot noise...
Quantizing intensities...

Saved data to /Users/karan/microsegmentation/SyntheticData_TRIVIAL_DENSE/Images/image-954.png and /Users/karan/microsegmentation/SyntheticData_TRIVIAL_DENSE/Labels/label-954.png.

Took 18.76 seconds.

Loading MT points from /Users/karan/tubulaton/tubulaton-run/tubulaton-955.vtk to numpy array...
Simulating positions of fluorophores...
Number of FPs: 11723272277.813478
Generating label segmentation...
29585 tubulin found in focal plane.
Calculating fluorophore density over focal plane...
34753 fluorophores found in the focal plane.
Calculating fluorophore photon emission rate...
Fluorophore photon emission per second = 9470381.451524047
Applying point spread function to light intensity array...
Simulating shot noise...
Quantizing intensities...

Saved data to /Users/karan/microsegmentation/SyntheticData_TRIVIAL_DENSE/Images/image-955.png and /Users/karan/microsegmentation/SyntheticData_TRIVIAL_DENSE/Labels/label-955.png.

Took 19.08 seconds.

Loading MT points from /Users/karan/tubulaton/tubulaton-run/tubulaton-956.vtk to numpy array...
Simulating positions of fluorophores...
Number of FPs: 11962807296.453068
Generating label segmentation...
43641 tubulin found in focal plane.
Calculating fluorophore density over focal plane...
47119 fluorophores found in the focal plane.
Calculating fluorophore photon emission rate...
Fluorophore photon emission per second = 9470381.451524047
Applying point spread function to light intensity array...
Simulating shot noise...
Quantizing intensities...

Saved data to /Users/karan/microsegmentation/SyntheticData_TRIVIAL_DENSE/Images/image-956.png and /Users/karan/microsegmentation/SyntheticData_TRIVIAL_DENSE/Labels/label-956.png.

Took 19.85 seconds.

Loading MT points from /Users/karan/tubulaton/tubulaton-run/tubulaton-957.vtk to numpy array...
Simulating positions of fluorophores...
Number of FPs: 10694558964.478016
Generating label segmentation...
38433 tubulin found in focal plane.
Calculating fluorophore density over focal plane...
43841 fluorophores found in the focal plane.
Calculating fluorophore photon emission rate...
Fluorophore photon emission per second = 9470381.451524047
Applying point spread function to light intensity array...
Simulating shot noise...
Quantizing intensities...

Saved data to /Users/karan/microsegmentation/SyntheticData_TRIVIAL_DENSE/Images/image-957.png and /Users/karan/microsegmentation/SyntheticData_TRIVIAL_DENSE/Labels/label-957.png.

Took 19.10 seconds.

Loading MT points from /Users/karan/tubulaton/tubulaton-run/tubulaton-958.vtk to numpy array...
Simulating positions of fluorophores...
Number of FPs: 11486208311.840298
Generating label segmentation...
52366 tubulin found in focal plane.
Calculating fluorophore density over focal plane...
54903 fluorophores found in the focal plane.
Calculating fluorophore photon emission rate...
Fluorophore photon emission per second = 9470381.451524047
Applying point spread function to light intensity array...
Simulating shot noise...
Quantizing intensities...

Saved data to /Users/karan/microsegmentation/SyntheticData_TRIVIAL_DENSE/Images/image-958.png and /Users/karan/microsegmentation/SyntheticData_TRIVIAL_DENSE/Labels/label-958.png.

Took 19.43 seconds.

Loading MT points from /Users/karan/tubulaton/tubulaton-run/tubulaton-959.vtk to numpy array...
Simulating positions of fluorophores...
Number of FPs: 11432978826.799759
Generating label segmentation...
44719 tubulin found in focal plane.
Calculating fluorophore density over focal plane...
51657 fluorophores found in the focal plane.
Calculating fluorophore photon emission rate...
Fluorophore photon emission per second = 9470381.451524047
Applying point spread function to light intensity array...
Simulating shot noise...
Quantizing intensities...

Saved data to /Users/karan/microsegmentation/SyntheticData_TRIVIAL_DENSE/Images/image-959.png and /Users/karan/microsegmentation/SyntheticData_TRIVIAL_DENSE/Labels/label-959.png.

Took 19.74 seconds.

Loading MT points from /Users/karan/tubulaton/tubulaton-run/tubulaton-960.vtk to numpy array...
Simulating positions of fluorophores...
Number of FPs: 10286347537.707064
Generating label segmentation...
49256 tubulin found in focal plane.
Calculating fluorophore density over focal plane...
53532 fluorophores found in the focal plane.
Calculating fluorophore photon emission rate...
Fluorophore photon emission per second = 9470381.451524047
Applying point spread function to light intensity array...
Simulating shot noise...
Quantizing intensities...

Saved data to /Users/karan/microsegmentation/SyntheticData_TRIVIAL_DENSE/Images/image-960.png and /Users/karan/microsegmentation/SyntheticData_TRIVIAL_DENSE/Labels/label-960.png.

Took 18.82 seconds.

Loading MT points from /Users/karan/tubulaton/tubulaton-run/tubulaton-961.vtk to numpy array...
Simulating positions of fluorophores...
Number of FPs: 10472572005.399563
Generating label segmentation...
43909 tubulin found in focal plane.
Calculating fluorophore density over focal plane...
47132 fluorophores found in the focal plane.
Calculating fluorophore photon emission rate...
Fluorophore photon emission per second = 9470381.451524047
Applying point spread function to light intensity array...
Simulating shot noise...
Quantizing intensities...

Saved data to /Users/karan/microsegmentation/SyntheticData_TRIVIAL_DENSE/Images/image-961.png and /Users/karan/microsegmentation/SyntheticData_TRIVIAL_DENSE/Labels/label-961.png.

Took 18.89 seconds.

Loading MT points from /Users/karan/tubulaton/tubulaton-run/tubulaton-962.vtk to numpy array...
Simulating positions of fluorophores...
Number of FPs: 10422176674.786428
Generating label segmentation...
47930 tubulin found in focal plane.
Calculating fluorophore density over focal plane...
52700 fluorophores found in the focal plane.
Calculating fluorophore photon emission rate...
Fluorophore photon emission per second = 9470381.451524047
Applying point spread function to light intensity array...
Simulating shot noise...
Quantizing intensities...

Saved data to /Users/karan/microsegmentation/SyntheticData_TRIVIAL_DENSE/Images/image-962.png and /Users/karan/microsegmentation/SyntheticData_TRIVIAL_DENSE/Labels/label-962.png.

Took 19.34 seconds.

Loading MT points from /Users/karan/tubulaton/tubulaton-run/tubulaton-963.vtk to numpy array...
Simulating positions of fluorophores...
Number of FPs: 9803301180.15334
Generating label segmentation...
55460 tubulin found in focal plane.
Calculating fluorophore density over focal plane...
54048 fluorophores found in the focal plane.
Calculating fluorophore photon emission rate...
Fluorophore photon emission per second = 9470381.451524047
Applying point spread function to light intensity array...
Simulating shot noise...
Quantizing intensities...

Saved data to /Users/karan/microsegmentation/SyntheticData_TRIVIAL_DENSE/Images/image-963.png and /Users/karan/microsegmentation/SyntheticData_TRIVIAL_DENSE/Labels/label-963.png.

Took 18.16 seconds.

Loading MT points from /Users/karan/tubulaton/tubulaton-run/tubulaton-964.vtk to numpy array...
Simulating positions of fluorophores...
Number of FPs: 10557055600.246681
Generating label segmentation...
45317 tubulin found in focal plane.
Calculating fluorophore density over focal plane...
47078 fluorophores found in the focal plane.
Calculating fluorophore photon emission rate...
Fluorophore photon emission per second = 9470381.451524047
Applying point spread function to light intensity array...
Simulating shot noise...
Quantizing intensities...

Saved data to /Users/karan/microsegmentation/SyntheticData_TRIVIAL_DENSE/Images/image-964.png and /Users/karan/microsegmentation/SyntheticData_TRIVIAL_DENSE/Labels/label-964.png.

Took 18.80 seconds.

Loading MT points from /Users/karan/tubulaton/tubulaton-run/tubulaton-965.vtk to numpy array...
Simulating positions of fluorophores...
Number of FPs: 10259968063.942303
Generating label segmentation...
41137 tubulin found in focal plane.
Calculating fluorophore density over focal plane...
45746 fluorophores found in the focal plane.
Calculating fluorophore photon emission rate...
Fluorophore photon emission per second = 9470381.451524047
Applying point spread function to light intensity array...
Simulating shot noise...
Quantizing intensities...

Saved data to /Users/karan/microsegmentation/SyntheticData_TRIVIAL_DENSE/Images/image-965.png and /Users/karan/microsegmentation/SyntheticData_TRIVIAL_DENSE/Labels/label-965.png.

Took 18.41 seconds.

Loading MT points from /Users/karan/tubulaton/tubulaton-run/tubulaton-966.vtk to numpy array...
Simulating positions of fluorophores...
Number of FPs: 10499300985.623945
Generating label segmentation...
46983 tubulin found in focal plane.
Calculating fluorophore density over focal plane...
53449 fluorophores found in the focal plane.
Calculating fluorophore photon emission rate...
Fluorophore photon emission per second = 9470381.451524047
Applying point spread function to light intensity array...
Simulating shot noise...
Quantizing intensities...

Saved data to /Users/karan/microsegmentation/SyntheticData_TRIVIAL_DENSE/Images/image-966.png and /Users/karan/microsegmentation/SyntheticData_TRIVIAL_DENSE/Labels/label-966.png.

Took 20.11 seconds.

Loading MT points from /Users/karan/tubulaton/tubulaton-run/tubulaton-967.vtk to numpy array...
Simulating positions of fluorophores...
Number of FPs: 10714910224.87974
Generating label segmentation...
36233 tubulin found in focal plane.
Calculating fluorophore density over focal plane...
41507 fluorophores found in the focal plane.
Calculating fluorophore photon emission rate...
Fluorophore photon emission per second = 9470381.451524047
Applying point spread function to light intensity array...
Simulating shot noise...
Quantizing intensities...

Saved data to /Users/karan/microsegmentation/SyntheticData_TRIVIAL_DENSE/Images/image-967.png and /Users/karan/microsegmentation/SyntheticData_TRIVIAL_DENSE/Labels/label-967.png.

Took 19.26 seconds.

Loading MT points from /Users/karan/tubulaton/tubulaton-run/tubulaton-968.vtk to numpy array...
Simulating positions of fluorophores...
Number of FPs: 10725736717.1255
Generating label segmentation...
47221 tubulin found in focal plane.
Calculating fluorophore density over focal plane...
52073 fluorophores found in the focal plane.
Calculating fluorophore photon emission rate...
Fluorophore photon emission per second = 9470381.451524047
Applying point spread function to light intensity array...
Simulating shot noise...
Quantizing intensities...

Saved data to /Users/karan/microsegmentation/SyntheticData_TRIVIAL_DENSE/Images/image-968.png and /Users/karan/microsegmentation/SyntheticData_TRIVIAL_DENSE/Labels/label-968.png.

Took 19.28 seconds.

Loading MT points from /Users/karan/tubulaton/tubulaton-run/tubulaton-969.vtk to numpy array...
Simulating positions of fluorophores...
Number of FPs: 10676225839.56011
Generating label segmentation...
40604 tubulin found in focal plane.
Calculating fluorophore density over focal plane...
47422 fluorophores found in the focal plane.
Calculating fluorophore photon emission rate...
Fluorophore photon emission per second = 9470381.451524047
Applying point spread function to light intensity array...
Simulating shot noise...
Quantizing intensities...

Saved data to /Users/karan/microsegmentation/SyntheticData_TRIVIAL_DENSE/Images/image-969.png and /Users/karan/microsegmentation/SyntheticData_TRIVIAL_DENSE/Labels/label-969.png.

Took 18.64 seconds.

Loading MT points from /Users/karan/tubulaton/tubulaton-run/tubulaton-970.vtk to numpy array...
Simulating positions of fluorophores...
Number of FPs: 10799145355.726221
Generating label segmentation...
40626 tubulin found in focal plane.
Calculating fluorophore density over focal plane...
42652 fluorophores found in the focal plane.
Calculating fluorophore photon emission rate...
Fluorophore photon emission per second = 9470381.451524047
Applying point spread function to light intensity array...
Simulating shot noise...
Quantizing intensities...

Saved data to /Users/karan/microsegmentation/SyntheticData_TRIVIAL_DENSE/Images/image-970.png and /Users/karan/microsegmentation/SyntheticData_TRIVIAL_DENSE/Labels/label-970.png.

Took 18.36 seconds.

Loading MT points from /Users/karan/tubulaton/tubulaton-run/tubulaton-971.vtk to numpy array...
Simulating positions of fluorophores...
Number of FPs: 10848619998.61794
Generating label segmentation...
53340 tubulin found in focal plane.
Calculating fluorophore density over focal plane...
57281 fluorophores found in the focal plane.
Calculating fluorophore photon emission rate...
Fluorophore photon emission per second = 9470381.451524047
Applying point spread function to light intensity array...
Simulating shot noise...
Quantizing intensities...

Saved data to /Users/karan/microsegmentation/SyntheticData_TRIVIAL_DENSE/Images/image-971.png and /Users/karan/microsegmentation/SyntheticData_TRIVIAL_DENSE/Labels/label-971.png.

Took 19.25 seconds.

Loading MT points from /Users/karan/tubulaton/tubulaton-run/tubulaton-972.vtk to numpy array...
Simulating positions of fluorophores...
Number of FPs: 11475213008.168676
Generating label segmentation...
60088 tubulin found in focal plane.
Calculating fluorophore density over focal plane...
63877 fluorophores found in the focal plane.
Calculating fluorophore photon emission rate...
Fluorophore photon emission per second = 9470381.451524047
Applying point spread function to light intensity array...
Simulating shot noise...
Quantizing intensities...

Saved data to /Users/karan/microsegmentation/SyntheticData_TRIVIAL_DENSE/Images/image-972.png and /Users/karan/microsegmentation/SyntheticData_TRIVIAL_DENSE/Labels/label-972.png.

Took 19.47 seconds.

Loading MT points from /Users/karan/tubulaton/tubulaton-run/tubulaton-973.vtk to numpy array...
Simulating positions of fluorophores...
Number of FPs: 10612166337.432394
Generating label segmentation...
38378 tubulin found in focal plane.
Calculating fluorophore density over focal plane...
42897 fluorophores found in the focal plane.
Calculating fluorophore photon emission rate...
Fluorophore photon emission per second = 9470381.451524047
Applying point spread function to light intensity array...
Simulating shot noise...
Quantizing intensities...

Saved data to /Users/karan/microsegmentation/SyntheticData_TRIVIAL_DENSE/Images/image-973.png and /Users/karan/microsegmentation/SyntheticData_TRIVIAL_DENSE/Labels/label-973.png.

Took 19.22 seconds.

Loading MT points from /Users/karan/tubulaton/tubulaton-run/tubulaton-974.vtk to numpy array...
Simulating positions of fluorophores...
Number of FPs: 10824531467.102276
Generating label segmentation...
47527 tubulin found in focal plane.
Calculating fluorophore density over focal plane...
52628 fluorophores found in the focal plane.
Calculating fluorophore photon emission rate...
Fluorophore photon emission per second = 9470381.451524047
Applying point spread function to light intensity array...
Simulating shot noise...
Quantizing intensities...

Saved data to /Users/karan/microsegmentation/SyntheticData_TRIVIAL_DENSE/Images/image-974.png and /Users/karan/microsegmentation/SyntheticData_TRIVIAL_DENSE/Labels/label-974.png.

Took 19.79 seconds.

Loading MT points from /Users/karan/tubulaton/tubulaton-run/tubulaton-975.vtk to numpy array...
Simulating positions of fluorophores...
Number of FPs: 10804836129.587275
Generating label segmentation...
48045 tubulin found in focal plane.
Calculating fluorophore density over focal plane...
50680 fluorophores found in the focal plane.
Calculating fluorophore photon emission rate...
Fluorophore photon emission per second = 9470381.451524047
Applying point spread function to light intensity array...
Simulating shot noise...
Quantizing intensities...

Saved data to /Users/karan/microsegmentation/SyntheticData_TRIVIAL_DENSE/Images/image-975.png and /Users/karan/microsegmentation/SyntheticData_TRIVIAL_DENSE/Labels/label-975.png.

Took 19.31 seconds.

Loading MT points from /Users/karan/tubulaton/tubulaton-run/tubulaton-976.vtk to numpy array...
Simulating positions of fluorophores...
Number of FPs: 10069123934.97896
Generating label segmentation...
46097 tubulin found in focal plane.
Calculating fluorophore density over focal plane...
50083 fluorophores found in the focal plane.
Calculating fluorophore photon emission rate...
Fluorophore photon emission per second = 9470381.451524047
Applying point spread function to light intensity array...
Simulating shot noise...
Quantizing intensities...

Saved data to /Users/karan/microsegmentation/SyntheticData_TRIVIAL_DENSE/Images/image-976.png and /Users/karan/microsegmentation/SyntheticData_TRIVIAL_DENSE/Labels/label-976.png.

Took 18.35 seconds.

Loading MT points from /Users/karan/tubulaton/tubulaton-run/tubulaton-977.vtk to numpy array...
Simulating positions of fluorophores...
Number of FPs: 10401224096.179827
Generating label segmentation...
41547 tubulin found in focal plane.
Calculating fluorophore density over focal plane...
47833 fluorophores found in the focal plane.
Calculating fluorophore photon emission rate...
Fluorophore photon emission per second = 9470381.451524047
Applying point spread function to light intensity array...
Simulating shot noise...
Quantizing intensities...

Saved data to /Users/karan/microsegmentation/SyntheticData_TRIVIAL_DENSE/Images/image-977.png and /Users/karan/microsegmentation/SyntheticData_TRIVIAL_DENSE/Labels/label-977.png.

Took 18.71 seconds.

Loading MT points from /Users/karan/tubulaton/tubulaton-run/tubulaton-978.vtk to numpy array...
Simulating positions of fluorophores...
Number of FPs: 10990295327.135128
Generating label segmentation...
45548 tubulin found in focal plane.
Calculating fluorophore density over focal plane...
50351 fluorophores found in the focal plane.
Calculating fluorophore photon emission rate...
Fluorophore photon emission per second = 9470381.451524047
Applying point spread function to light intensity array...
Simulating shot noise...
Quantizing intensities...

Saved data to /Users/karan/microsegmentation/SyntheticData_TRIVIAL_DENSE/Images/image-978.png and /Users/karan/microsegmentation/SyntheticData_TRIVIAL_DENSE/Labels/label-978.png.

Took 18.97 seconds.

Loading MT points from /Users/karan/tubulaton/tubulaton-run/tubulaton-979.vtk to numpy array...
Simulating positions of fluorophores...
Number of FPs: 10861799790.234539
Generating label segmentation...
47275 tubulin found in focal plane.
Calculating fluorophore density over focal plane...
49961 fluorophores found in the focal plane.
Calculating fluorophore photon emission rate...
Fluorophore photon emission per second = 9470381.451524047
Applying point spread function to light intensity array...
Simulating shot noise...
Quantizing intensities...

Saved data to /Users/karan/microsegmentation/SyntheticData_TRIVIAL_DENSE/Images/image-979.png and /Users/karan/microsegmentation/SyntheticData_TRIVIAL_DENSE/Labels/label-979.png.

Took 19.57 seconds.

Loading MT points from /Users/karan/tubulaton/tubulaton-run/tubulaton-980.vtk to numpy array...
Simulating positions of fluorophores...
Number of FPs: 10650067934.031734
Generating label segmentation...
39152 tubulin found in focal plane.
Calculating fluorophore density over focal plane...
44746 fluorophores found in the focal plane.
Calculating fluorophore photon emission rate...
Fluorophore photon emission per second = 9470381.451524047
Applying point spread function to light intensity array...
Simulating shot noise...
Quantizing intensities...

Saved data to /Users/karan/microsegmentation/SyntheticData_TRIVIAL_DENSE/Images/image-980.png and /Users/karan/microsegmentation/SyntheticData_TRIVIAL_DENSE/Labels/label-980.png.

Took 19.03 seconds.

Loading MT points from /Users/karan/tubulaton/tubulaton-run/tubulaton-981.vtk to numpy array...
Simulating positions of fluorophores...
Number of FPs: 10567006893.147243
Generating label segmentation...
28245 tubulin found in focal plane.
Calculating fluorophore density over focal plane...
35207 fluorophores found in the focal plane.
Calculating fluorophore photon emission rate...
Fluorophore photon emission per second = 9470381.451524047
Applying point spread function to light intensity array...
Simulating shot noise...
Quantizing intensities...

Saved data to /Users/karan/microsegmentation/SyntheticData_TRIVIAL_DENSE/Images/image-981.png and /Users/karan/microsegmentation/SyntheticData_TRIVIAL_DENSE/Labels/label-981.png.

Took 19.36 seconds.

Loading MT points from /Users/karan/tubulaton/tubulaton-run/tubulaton-982.vtk to numpy array...
Simulating positions of fluorophores...
Number of FPs: 10588966882.77725
Generating label segmentation...
47980 tubulin found in focal plane.
Calculating fluorophore density over focal plane...
51858 fluorophores found in the focal plane.
Calculating fluorophore photon emission rate...
Fluorophore photon emission per second = 9470381.451524047
Applying point spread function to light intensity array...
Simulating shot noise...
Quantizing intensities...

Saved data to /Users/karan/microsegmentation/SyntheticData_TRIVIAL_DENSE/Images/image-982.png and /Users/karan/microsegmentation/SyntheticData_TRIVIAL_DENSE/Labels/label-982.png.

Took 19.41 seconds.

Loading MT points from /Users/karan/tubulaton/tubulaton-run/tubulaton-983.vtk to numpy array...
Simulating positions of fluorophores...
Number of FPs: 10962342430.557333
Generating label segmentation...
41228 tubulin found in focal plane.
Calculating fluorophore density over focal plane...
46211 fluorophores found in the focal plane.
Calculating fluorophore photon emission rate...
Fluorophore photon emission per second = 9470381.451524047
Applying point spread function to light intensity array...
Simulating shot noise...
Quantizing intensities...

Saved data to /Users/karan/microsegmentation/SyntheticData_TRIVIAL_DENSE/Images/image-983.png and /Users/karan/microsegmentation/SyntheticData_TRIVIAL_DENSE/Labels/label-983.png.

Took 19.40 seconds.

Loading MT points from /Users/karan/tubulaton/tubulaton-run/tubulaton-984.vtk to numpy array...
Simulating positions of fluorophores...
Number of FPs: 11716744065.00376
Generating label segmentation...
37165 tubulin found in focal plane.
Calculating fluorophore density over focal plane...
43288 fluorophores found in the focal plane.
Calculating fluorophore photon emission rate...
Fluorophore photon emission per second = 9470381.451524047
Applying point spread function to light intensity array...
Simulating shot noise...
Quantizing intensities...

Saved data to /Users/karan/microsegmentation/SyntheticData_TRIVIAL_DENSE/Images/image-984.png and /Users/karan/microsegmentation/SyntheticData_TRIVIAL_DENSE/Labels/label-984.png.

Took 19.61 seconds.

Loading MT points from /Users/karan/tubulaton/tubulaton-run/tubulaton-985.vtk to numpy array...
Simulating positions of fluorophores...
Number of FPs: 10448455889.033646
Generating label segmentation...
32909 tubulin found in focal plane.
Calculating fluorophore density over focal plane...
36342 fluorophores found in the focal plane.
Calculating fluorophore photon emission rate...
Fluorophore photon emission per second = 9470381.451524047
Applying point spread function to light intensity array...
Simulating shot noise...
Quantizing intensities...

Saved data to /Users/karan/microsegmentation/SyntheticData_TRIVIAL_DENSE/Images/image-985.png and /Users/karan/microsegmentation/SyntheticData_TRIVIAL_DENSE/Labels/label-985.png.

Took 18.72 seconds.

Loading MT points from /Users/karan/tubulaton/tubulaton-run/tubulaton-986.vtk to numpy array...
Simulating positions of fluorophores...
Number of FPs: 9866430883.540918
Generating label segmentation...
35132 tubulin found in focal plane.
Calculating fluorophore density over focal plane...
37189 fluorophores found in the focal plane.
Calculating fluorophore photon emission rate...
Fluorophore photon emission per second = 9470381.451524047
Applying point spread function to light intensity array...
Simulating shot noise...
Quantizing intensities...

Saved data to /Users/karan/microsegmentation/SyntheticData_TRIVIAL_DENSE/Images/image-986.png and /Users/karan/microsegmentation/SyntheticData_TRIVIAL_DENSE/Labels/label-986.png.

Took 17.79 seconds.

Loading MT points from /Users/karan/tubulaton/tubulaton-run/tubulaton-987.vtk to numpy array...
Simulating positions of fluorophores...
Number of FPs: 10660829674.92314
Generating label segmentation...
47106 tubulin found in focal plane.
Calculating fluorophore density over focal plane...
51909 fluorophores found in the focal plane.
Calculating fluorophore photon emission rate...
Fluorophore photon emission per second = 9470381.451524047
Applying point spread function to light intensity array...
Simulating shot noise...
Quantizing intensities...

Saved data to /Users/karan/microsegmentation/SyntheticData_TRIVIAL_DENSE/Images/image-987.png and /Users/karan/microsegmentation/SyntheticData_TRIVIAL_DENSE/Labels/label-987.png.

Took 19.23 seconds.

Loading MT points from /Users/karan/tubulaton/tubulaton-run/tubulaton-988.vtk to numpy array...
Simulating positions of fluorophores...
Number of FPs: 10473041393.121548
Generating label segmentation...
33303 tubulin found in focal plane.
Calculating fluorophore density over focal plane...
36592 fluorophores found in the focal plane.
Calculating fluorophore photon emission rate...
Fluorophore photon emission per second = 9470381.451524047
Applying point spread function to light intensity array...
Simulating shot noise...
Quantizing intensities...

Saved data to /Users/karan/microsegmentation/SyntheticData_TRIVIAL_DENSE/Images/image-988.png and /Users/karan/microsegmentation/SyntheticData_TRIVIAL_DENSE/Labels/label-988.png.

Took 18.06 seconds.

Loading MT points from /Users/karan/tubulaton/tubulaton-run/tubulaton-989.vtk to numpy array...
Simulating positions of fluorophores...
Number of FPs: 10188948487.799137
Generating label segmentation...
53465 tubulin found in focal plane.
Calculating fluorophore density over focal plane...
55593 fluorophores found in the focal plane.
Calculating fluorophore photon emission rate...
Fluorophore photon emission per second = 9470381.451524047
Applying point spread function to light intensity array...
Simulating shot noise...
Quantizing intensities...

Saved data to /Users/karan/microsegmentation/SyntheticData_TRIVIAL_DENSE/Images/image-989.png and /Users/karan/microsegmentation/SyntheticData_TRIVIAL_DENSE/Labels/label-989.png.

Took 18.62 seconds.

Loading MT points from /Users/karan/tubulaton/tubulaton-run/tubulaton-990.vtk to numpy array...
Simulating positions of fluorophores...
Number of FPs: 10606229291.843807
Generating label segmentation...
42260 tubulin found in focal plane.
Calculating fluorophore density over focal plane...
46260 fluorophores found in the focal plane.
Calculating fluorophore photon emission rate...
Fluorophore photon emission per second = 9470381.451524047
Applying point spread function to light intensity array...
Simulating shot noise...
Quantizing intensities...

Saved data to /Users/karan/microsegmentation/SyntheticData_TRIVIAL_DENSE/Images/image-990.png and /Users/karan/microsegmentation/SyntheticData_TRIVIAL_DENSE/Labels/label-990.png.

Took 18.22 seconds.

Loading MT points from /Users/karan/tubulaton/tubulaton-run/tubulaton-991.vtk to numpy array...
Simulating positions of fluorophores...
Number of FPs: 10951908884.533266
Generating label segmentation...
44177 tubulin found in focal plane.
Calculating fluorophore density over focal plane...
47519 fluorophores found in the focal plane.
Calculating fluorophore photon emission rate...
Fluorophore photon emission per second = 9470381.451524047
Applying point spread function to light intensity array...
Simulating shot noise...
Quantizing intensities...

Saved data to /Users/karan/microsegmentation/SyntheticData_TRIVIAL_DENSE/Images/image-991.png and /Users/karan/microsegmentation/SyntheticData_TRIVIAL_DENSE/Labels/label-991.png.

Took 19.10 seconds.

Loading MT points from /Users/karan/tubulaton/tubulaton-run/tubulaton-992.vtk to numpy array...
Simulating positions of fluorophores...
Number of FPs: 10681617319.284698
Generating label segmentation...
42373 tubulin found in focal plane.
Calculating fluorophore density over focal plane...
45891 fluorophores found in the focal plane.
Calculating fluorophore photon emission rate...
Fluorophore photon emission per second = 9470381.451524047
Applying point spread function to light intensity array...
Simulating shot noise...
Quantizing intensities...

Saved data to /Users/karan/microsegmentation/SyntheticData_TRIVIAL_DENSE/Images/image-992.png and /Users/karan/microsegmentation/SyntheticData_TRIVIAL_DENSE/Labels/label-992.png.

Took 18.93 seconds.

Loading MT points from /Users/karan/tubulaton/tubulaton-run/tubulaton-993.vtk to numpy array...
Simulating positions of fluorophores...
Number of FPs: 10824183973.762579
Generating label segmentation...
47797 tubulin found in focal plane.
Calculating fluorophore density over focal plane...
51800 fluorophores found in the focal plane.
Calculating fluorophore photon emission rate...
Fluorophore photon emission per second = 9470381.451524047
Applying point spread function to light intensity array...
Simulating shot noise...
Quantizing intensities...

Saved data to /Users/karan/microsegmentation/SyntheticData_TRIVIAL_DENSE/Images/image-993.png and /Users/karan/microsegmentation/SyntheticData_TRIVIAL_DENSE/Labels/label-993.png.

Took 19.07 seconds.

Loading MT points from /Users/karan/tubulaton/tubulaton-run/tubulaton-994.vtk to numpy array...
Simulating positions of fluorophores...
Number of FPs: 10523511786.265596
Generating label segmentation...
43383 tubulin found in focal plane.
Calculating fluorophore density over focal plane...
47282 fluorophores found in the focal plane.
Calculating fluorophore photon emission rate...
Fluorophore photon emission per second = 9470381.451524047
Applying point spread function to light intensity array...
Simulating shot noise...
Quantizing intensities...

Saved data to /Users/karan/microsegmentation/SyntheticData_TRIVIAL_DENSE/Images/image-994.png and /Users/karan/microsegmentation/SyntheticData_TRIVIAL_DENSE/Labels/label-994.png.

Took 18.85 seconds.

Loading MT points from /Users/karan/tubulaton/tubulaton-run/tubulaton-995.vtk to numpy array...
Simulating positions of fluorophores...
Number of FPs: 11124469284.971664
Generating label segmentation...
42033 tubulin found in focal plane.
Calculating fluorophore density over focal plane...
46435 fluorophores found in the focal plane.
Calculating fluorophore photon emission rate...
Fluorophore photon emission per second = 9470381.451524047
Applying point spread function to light intensity array...
Simulating shot noise...
Quantizing intensities...

Saved data to /Users/karan/microsegmentation/SyntheticData_TRIVIAL_DENSE/Images/image-995.png and /Users/karan/microsegmentation/SyntheticData_TRIVIAL_DENSE/Labels/label-995.png.

Took 19.29 seconds.

Loading MT points from /Users/karan/tubulaton/tubulaton-run/tubulaton-996.vtk to numpy array...
Simulating positions of fluorophores...
Number of FPs: 11019183089.72718
Generating label segmentation...
45328 tubulin found in focal plane.
Calculating fluorophore density over focal plane...
50683 fluorophores found in the focal plane.
Calculating fluorophore photon emission rate...
Fluorophore photon emission per second = 9470381.451524047
Applying point spread function to light intensity array...
Simulating shot noise...
Quantizing intensities...

Saved data to /Users/karan/microsegmentation/SyntheticData_TRIVIAL_DENSE/Images/image-996.png and /Users/karan/microsegmentation/SyntheticData_TRIVIAL_DENSE/Labels/label-996.png.

Took 19.99 seconds.

Loading MT points from /Users/karan/tubulaton/tubulaton-run/tubulaton-997.vtk to numpy array...
Simulating positions of fluorophores...
Number of FPs: 10771169010.69219
Generating label segmentation...
45486 tubulin found in focal plane.
Calculating fluorophore density over focal plane...
47895 fluorophores found in the focal plane.
Calculating fluorophore photon emission rate...
Fluorophore photon emission per second = 9470381.451524047
Applying point spread function to light intensity array...
Simulating shot noise...
Quantizing intensities...

Saved data to /Users/karan/microsegmentation/SyntheticData_TRIVIAL_DENSE/Images/image-997.png and /Users/karan/microsegmentation/SyntheticData_TRIVIAL_DENSE/Labels/label-997.png.

Took 19.03 seconds.

Loading MT points from /Users/karan/tubulaton/tubulaton-run/tubulaton-998.vtk to numpy array...
Simulating positions of fluorophores...
Number of FPs: 12005999678.706244
Generating label segmentation...
42120 tubulin found in focal plane.
Calculating fluorophore density over focal plane...
49288 fluorophores found in the focal plane.
Calculating fluorophore photon emission rate...
Fluorophore photon emission per second = 9470381.451524047
Applying point spread function to light intensity array...
Simulating shot noise...
Quantizing intensities...

Saved data to /Users/karan/microsegmentation/SyntheticData_TRIVIAL_DENSE/Images/image-998.png and /Users/karan/microsegmentation/SyntheticData_TRIVIAL_DENSE/Labels/label-998.png.

Took 20.49 seconds.

Loading MT points from /Users/karan/tubulaton/tubulaton-run/tubulaton-999.vtk to numpy array...
Simulating positions of fluorophores...
Number of FPs: 10633928193.550688
Generating label segmentation...
45827 tubulin found in focal plane.
Calculating fluorophore density over focal plane...
48411 fluorophores found in the focal plane.
Calculating fluorophore photon emission rate...
Fluorophore photon emission per second = 9470381.451524047
Applying point spread function to light intensity array...
Simulating shot noise...
Quantizing intensities...

Saved data to /Users/karan/microsegmentation/SyntheticData_TRIVIAL_DENSE/Images/image-999.png and /Users/karan/microsegmentation/SyntheticData_TRIVIAL_DENSE/Labels/label-999.png.

Took 19.00 seconds.

Loading MT points from /Users/karan/tubulaton/tubulaton-run/tubulaton-1000.vtk to numpy array...
Simulating positions of fluorophores...
Number of FPs: 10573982501.190332
Generating label segmentation...
39055 tubulin found in focal plane.
Calculating fluorophore density over focal plane...
42626 fluorophores found in the focal plane.
Calculating fluorophore photon emission rate...
Fluorophore photon emission per second = 9470381.451524047
Applying point spread function to light intensity array...
Simulating shot noise...
Quantizing intensities...

Saved data to /Users/karan/microsegmentation/SyntheticData_TRIVIAL_DENSE/Images/image-1000.png and /Users/karan/microsegmentation/SyntheticData_TRIVIAL_DENSE/Labels/label-1000.png.

Took 18.80 seconds.


Took 1923.85 seconds in total.
(19.24 seconds per .vtk file)
