Loaded config file: /Users/karan/microsegmentation/generation/generate_configs/trivial.json5
Using depolymerization rate: 0.26099595344852133

Loading MT points from /Users/karan/tubulaton/tubulaton-run/tubulaton-201.vtk to numpy array...
Simulating positions of fluorophores...
Number of FPs: 11875767235.321995
Generating label segmentation...
35815 tubulin found in focal plane.
Calculating fluorophore density over focal plane...
47397 fluorophores found in the focal plane.
Calculating fluorophore photon emission rate...
Fluorophore photon emission per second = 9470381.451524047
Applying point spread function to light intensity array...
Simulating shot noise...
Quantizing intensities...

Saved data to /Users/karan/microsegmentation/SyntheticData_TRIVIAL_DENSE/Images/image-201.png and /Users/karan/microsegmentation/SyntheticData_TRIVIAL_DENSE/Labels/label-201.png.

Took 27.87 seconds.

Loading MT points from /Users/karan/tubulaton/tubulaton-run/tubulaton-202.vtk to numpy array...
Simulating positions of fluorophores...
Number of FPs: 11292342398.082401
Generating label segmentation...
32967 tubulin found in focal plane.
Calculating fluorophore density over focal plane...
42184 fluorophores found in the focal plane.
Calculating fluorophore photon emission rate...
Fluorophore photon emission per second = 9470381.451524047
Applying point spread function to light intensity array...
Simulating shot noise...
Quantizing intensities...

Saved data to /Users/karan/microsegmentation/SyntheticData_TRIVIAL_DENSE/Images/image-202.png and /Users/karan/microsegmentation/SyntheticData_TRIVIAL_DENSE/Labels/label-202.png.

Took 1054.70 seconds.

Loading MT points from /Users/karan/tubulaton/tubulaton-run/tubulaton-203.vtk to numpy array...
Simulating positions of fluorophores...
Number of FPs: 12680397486.4483
Generating label segmentation...
16411 tubulin found in focal plane.
Calculating fluorophore density over focal plane...
19067 fluorophores found in the focal plane.
Calculating fluorophore photon emission rate...
Fluorophore photon emission per second = 9470381.451524047
Applying point spread function to light intensity array...
Simulating shot noise...
Quantizing intensities...

Saved data to /Users/karan/microsegmentation/SyntheticData_TRIVIAL_DENSE/Images/image-203.png and /Users/karan/microsegmentation/SyntheticData_TRIVIAL_DENSE/Labels/label-203.png.

Took 23.78 seconds.

Loading MT points from /Users/karan/tubulaton/tubulaton-run/tubulaton-204.vtk to numpy array...
Simulating positions of fluorophores...
Number of FPs: 11644348834.092237
Generating label segmentation...
34465 tubulin found in focal plane.
Calculating fluorophore density over focal plane...
47910 fluorophores found in the focal plane.
Calculating fluorophore photon emission rate...
Fluorophore photon emission per second = 9470381.451524047
Applying point spread function to light intensity array...
Simulating shot noise...
Quantizing intensities...

Saved data to /Users/karan/microsegmentation/SyntheticData_TRIVIAL_DENSE/Images/image-204.png and /Users/karan/microsegmentation/SyntheticData_TRIVIAL_DENSE/Labels/label-204.png.

Took 1000.13 seconds.

Loading MT points from /Users/karan/tubulaton/tubulaton-run/tubulaton-205.vtk to numpy array...
Simulating positions of fluorophores...
Number of FPs: 11780689636.312855
Generating label segmentation...
43980 tubulin found in focal plane.
Calculating fluorophore density over focal plane...
53443 fluorophores found in the focal plane.
Calculating fluorophore photon emission rate...
Fluorophore photon emission per second = 9470381.451524047
Applying point spread function to light intensity array...
Simulating shot noise...
Quantizing intensities...

Saved data to /Users/karan/microsegmentation/SyntheticData_TRIVIAL_DENSE/Images/image-205.png and /Users/karan/microsegmentation/SyntheticData_TRIVIAL_DENSE/Labels/label-205.png.

Took 22.75 seconds.

Loading MT points from /Users/karan/tubulaton/tubulaton-run/tubulaton-206.vtk to numpy array...
Simulating positions of fluorophores...
Number of FPs: 11293235632.134062
Generating label segmentation...
50413 tubulin found in focal plane.
Calculating fluorophore density over focal plane...
56293 fluorophores found in the focal plane.
Calculating fluorophore photon emission rate...
Fluorophore photon emission per second = 9470381.451524047
Applying point spread function to light intensity array...
Simulating shot noise...
Quantizing intensities...

Saved data to /Users/karan/microsegmentation/SyntheticData_TRIVIAL_DENSE/Images/image-206.png and /Users/karan/microsegmentation/SyntheticData_TRIVIAL_DENSE/Labels/label-206.png.

Took 20.33 seconds.

Loading MT points from /Users/karan/tubulaton/tubulaton-run/tubulaton-207.vtk to numpy array...
Simulating positions of fluorophores...
Number of FPs: 12779997083.929388
Generating label segmentation...
37952 tubulin found in focal plane.
Calculating fluorophore density over focal plane...
44357 fluorophores found in the focal plane.
Calculating fluorophore photon emission rate...
Fluorophore photon emission per second = 9470381.451524047
Applying point spread function to light intensity array...
Simulating shot noise...
Quantizing intensities...

Saved data to /Users/karan/microsegmentation/SyntheticData_TRIVIAL_DENSE/Images/image-207.png and /Users/karan/microsegmentation/SyntheticData_TRIVIAL_DENSE/Labels/label-207.png.

Took 814.80 seconds.

Loading MT points from /Users/karan/tubulaton/tubulaton-run/tubulaton-208.vtk to numpy array...
Simulating positions of fluorophores...
Number of FPs: 11257093796.21549
Generating label segmentation...
38573 tubulin found in focal plane.
Calculating fluorophore density over focal plane...
50236 fluorophores found in the focal plane.
Calculating fluorophore photon emission rate...
Fluorophore photon emission per second = 9470381.451524047
Applying point spread function to light intensity array...
Simulating shot noise...
Quantizing intensities...

Saved data to /Users/karan/microsegmentation/SyntheticData_TRIVIAL_DENSE/Images/image-208.png and /Users/karan/microsegmentation/SyntheticData_TRIVIAL_DENSE/Labels/label-208.png.

Took 19.80 seconds.

Loading MT points from /Users/karan/tubulaton/tubulaton-run/tubulaton-209.vtk to numpy array...
Simulating positions of fluorophores...
Number of FPs: 11705958853.489239
Generating label segmentation...
33908 tubulin found in focal plane.
Calculating fluorophore density over focal plane...
44558 fluorophores found in the focal plane.
Calculating fluorophore photon emission rate...
Fluorophore photon emission per second = 9470381.451524047
Applying point spread function to light intensity array...
Simulating shot noise...
Quantizing intensities...

Saved data to /Users/karan/microsegmentation/SyntheticData_TRIVIAL_DENSE/Images/image-209.png and /Users/karan/microsegmentation/SyntheticData_TRIVIAL_DENSE/Labels/label-209.png.

Took 20.41 seconds.

Loading MT points from /Users/karan/tubulaton/tubulaton-run/tubulaton-210.vtk to numpy array...
Simulating positions of fluorophores...
Number of FPs: 11558795491.083529
Generating label segmentation...
33192 tubulin found in focal plane.
Calculating fluorophore density over focal plane...
44306 fluorophores found in the focal plane.
Calculating fluorophore photon emission rate...
Fluorophore photon emission per second = 9470381.451524047
Applying point spread function to light intensity array...
Simulating shot noise...
Quantizing intensities...

Saved data to /Users/karan/microsegmentation/SyntheticData_TRIVIAL_DENSE/Images/image-210.png and /Users/karan/microsegmentation/SyntheticData_TRIVIAL_DENSE/Labels/label-210.png.

Took 920.66 seconds.

Loading MT points from /Users/karan/tubulaton/tubulaton-run/tubulaton-211.vtk to numpy array...
Simulating positions of fluorophores...
Number of FPs: 12312316695.790361
Generating label segmentation...
33994 tubulin found in focal plane.
Calculating fluorophore density over focal plane...
46682 fluorophores found in the focal plane.
Calculating fluorophore photon emission rate...
Fluorophore photon emission per second = 9470381.451524047
Applying point spread function to light intensity array...
Simulating shot noise...
Quantizing intensities...

Saved data to /Users/karan/microsegmentation/SyntheticData_TRIVIAL_DENSE/Images/image-211.png and /Users/karan/microsegmentation/SyntheticData_TRIVIAL_DENSE/Labels/label-211.png.

Took 21.72 seconds.

Loading MT points from /Users/karan/tubulaton/tubulaton-run/tubulaton-212.vtk to numpy array...
Simulating positions of fluorophores...
Number of FPs: 12203003015.48622
Generating label segmentation...
36189 tubulin found in focal plane.
Calculating fluorophore density over focal plane...
45653 fluorophores found in the focal plane.
Calculating fluorophore photon emission rate...
Fluorophore photon emission per second = 9470381.451524047
Applying point spread function to light intensity array...
Simulating shot noise...
Quantizing intensities...

Saved data to /Users/karan/microsegmentation/SyntheticData_TRIVIAL_DENSE/Images/image-212.png and /Users/karan/microsegmentation/SyntheticData_TRIVIAL_DENSE/Labels/label-212.png.

Took 937.89 seconds.

Loading MT points from /Users/karan/tubulaton/tubulaton-run/tubulaton-213.vtk to numpy array...
Simulating positions of fluorophores...
Number of FPs: 11993198786.360006
Generating label segmentation...
33493 tubulin found in focal plane.
Calculating fluorophore density over focal plane...
42567 fluorophores found in the focal plane.
Calculating fluorophore photon emission rate...
Fluorophore photon emission per second = 9470381.451524047
Applying point spread function to light intensity array...
Simulating shot noise...
Quantizing intensities...

Saved data to /Users/karan/microsegmentation/SyntheticData_TRIVIAL_DENSE/Images/image-213.png and /Users/karan/microsegmentation/SyntheticData_TRIVIAL_DENSE/Labels/label-213.png.

Took 20.91 seconds.

Loading MT points from /Users/karan/tubulaton/tubulaton-run/tubulaton-214.vtk to numpy array...
Simulating positions of fluorophores...
Number of FPs: 12007104687.954277
Generating label segmentation...
35782 tubulin found in focal plane.
Calculating fluorophore density over focal plane...
46652 fluorophores found in the focal plane.
Calculating fluorophore photon emission rate...
Fluorophore photon emission per second = 9470381.451524047
Applying point spread function to light intensity array...
Simulating shot noise...
Quantizing intensities...

Saved data to /Users/karan/microsegmentation/SyntheticData_TRIVIAL_DENSE/Images/image-214.png and /Users/karan/microsegmentation/SyntheticData_TRIVIAL_DENSE/Labels/label-214.png.

Took 20.74 seconds.

Loading MT points from /Users/karan/tubulaton/tubulaton-run/tubulaton-215.vtk to numpy array...
Simulating positions of fluorophores...
Number of FPs: 12224085270.102198
Generating label segmentation...
31811 tubulin found in focal plane.
Calculating fluorophore density over focal plane...
40803 fluorophores found in the focal plane.
Calculating fluorophore photon emission rate...
Fluorophore photon emission per second = 9470381.451524047
Applying point spread function to light intensity array...
Simulating shot noise...
Quantizing intensities...

Saved data to /Users/karan/microsegmentation/SyntheticData_TRIVIAL_DENSE/Images/image-215.png and /Users/karan/microsegmentation/SyntheticData_TRIVIAL_DENSE/Labels/label-215.png.

Took 1021.75 seconds.

Loading MT points from /Users/karan/tubulaton/tubulaton-run/tubulaton-216.vtk to numpy array...
Simulating positions of fluorophores...
Number of FPs: 11266928113.68164
Generating label segmentation...
30974 tubulin found in focal plane.
Calculating fluorophore density over focal plane...
43749 fluorophores found in the focal plane.
Calculating fluorophore photon emission rate...
Fluorophore photon emission per second = 9470381.451524047
Applying point spread function to light intensity array...
Simulating shot noise...
Quantizing intensities...

Saved data to /Users/karan/microsegmentation/SyntheticData_TRIVIAL_DENSE/Images/image-216.png and /Users/karan/microsegmentation/SyntheticData_TRIVIAL_DENSE/Labels/label-216.png.

Took 19.85 seconds.

Loading MT points from /Users/karan/tubulaton/tubulaton-run/tubulaton-217.vtk to numpy array...
Simulating positions of fluorophores...
Number of FPs: 11623936842.96475
Generating label segmentation...
35401 tubulin found in focal plane.
Calculating fluorophore density over focal plane...
50484 fluorophores found in the focal plane.
Calculating fluorophore photon emission rate...
Fluorophore photon emission per second = 9470381.451524047
Applying point spread function to light intensity array...
Simulating shot noise...
Quantizing intensities...

Saved data to /Users/karan/microsegmentation/SyntheticData_TRIVIAL_DENSE/Images/image-217.png and /Users/karan/microsegmentation/SyntheticData_TRIVIAL_DENSE/Labels/label-217.png.

Took 945.37 seconds.

Loading MT points from /Users/karan/tubulaton/tubulaton-run/tubulaton-218.vtk to numpy array...
Simulating positions of fluorophores...
Number of FPs: 12251582279.886614
Generating label segmentation...
38352 tubulin found in focal plane.
Calculating fluorophore density over focal plane...
51113 fluorophores found in the focal plane.
Calculating fluorophore photon emission rate...
Fluorophore photon emission per second = 9470381.451524047
Applying point spread function to light intensity array...
Simulating shot noise...
Quantizing intensities...

Saved data to /Users/karan/microsegmentation/SyntheticData_TRIVIAL_DENSE/Images/image-218.png and /Users/karan/microsegmentation/SyntheticData_TRIVIAL_DENSE/Labels/label-218.png.

Took 20.98 seconds.

Loading MT points from /Users/karan/tubulaton/tubulaton-run/tubulaton-219.vtk to numpy array...
Simulating positions of fluorophores...
Number of FPs: 11836587871.2931
Generating label segmentation...
30918 tubulin found in focal plane.
Calculating fluorophore density over focal plane...
38297 fluorophores found in the focal plane.
Calculating fluorophore photon emission rate...
Fluorophore photon emission per second = 9470381.451524047
Applying point spread function to light intensity array...
Simulating shot noise...
Quantizing intensities...

Saved data to /Users/karan/microsegmentation/SyntheticData_TRIVIAL_DENSE/Images/image-219.png and /Users/karan/microsegmentation/SyntheticData_TRIVIAL_DENSE/Labels/label-219.png.

Took 20.43 seconds.

Loading MT points from /Users/karan/tubulaton/tubulaton-run/tubulaton-220.vtk to numpy array...
Simulating positions of fluorophores...
Number of FPs: 11124242189.470675
Generating label segmentation...
30709 tubulin found in focal plane.
Calculating fluorophore density over focal plane...
41829 fluorophores found in the focal plane.
Calculating fluorophore photon emission rate...
Fluorophore photon emission per second = 9470381.451524047
Applying point spread function to light intensity array...
Simulating shot noise...
Quantizing intensities...

Saved data to /Users/karan/microsegmentation/SyntheticData_TRIVIAL_DENSE/Images/image-220.png and /Users/karan/microsegmentation/SyntheticData_TRIVIAL_DENSE/Labels/label-220.png.

Took 19.74 seconds.

Loading MT points from /Users/karan/tubulaton/tubulaton-run/tubulaton-221.vtk to numpy array...
Simulating positions of fluorophores...
Number of FPs: 12122386728.971554
Generating label segmentation...
22863 tubulin found in focal plane.
Calculating fluorophore density over focal plane...
31251 fluorophores found in the focal plane.
Calculating fluorophore photon emission rate...
Fluorophore photon emission per second = 9470381.451524047
Applying point spread function to light intensity array...
Simulating shot noise...
Quantizing intensities...

Saved data to /Users/karan/microsegmentation/SyntheticData_TRIVIAL_DENSE/Images/image-221.png and /Users/karan/microsegmentation/SyntheticData_TRIVIAL_DENSE/Labels/label-221.png.

Took 23.12 seconds.

Loading MT points from /Users/karan/tubulaton/tubulaton-run/tubulaton-222.vtk to numpy array...
Simulating positions of fluorophores...
Number of FPs: 11575064440.561665
Generating label segmentation...
34427 tubulin found in focal plane.
Calculating fluorophore density over focal plane...
47150 fluorophores found in the focal plane.
Calculating fluorophore photon emission rate...
Fluorophore photon emission per second = 9470381.451524047
Applying point spread function to light intensity array...
Simulating shot noise...
Quantizing intensities...

Saved data to /Users/karan/microsegmentation/SyntheticData_TRIVIAL_DENSE/Images/image-222.png and /Users/karan/microsegmentation/SyntheticData_TRIVIAL_DENSE/Labels/label-222.png.

Took 23.89 seconds.

Loading MT points from /Users/karan/tubulaton/tubulaton-run/tubulaton-223.vtk to numpy array...
Simulating positions of fluorophores...
Number of FPs: 11214676086.293253
Generating label segmentation...
36667 tubulin found in focal plane.
Calculating fluorophore density over focal plane...
53339 fluorophores found in the focal plane.
Calculating fluorophore photon emission rate...
Fluorophore photon emission per second = 9470381.451524047
Applying point spread function to light intensity array...
Simulating shot noise...
Quantizing intensities...

Saved data to /Users/karan/microsegmentation/SyntheticData_TRIVIAL_DENSE/Images/image-223.png and /Users/karan/microsegmentation/SyntheticData_TRIVIAL_DENSE/Labels/label-223.png.

Took 22.26 seconds.

Loading MT points from /Users/karan/tubulaton/tubulaton-run/tubulaton-224.vtk to numpy array...
Simulating positions of fluorophores...
Number of FPs: 11726716544.520338
Generating label segmentation...
30216 tubulin found in focal plane.
Calculating fluorophore density over focal plane...
43743 fluorophores found in the focal plane.
Calculating fluorophore photon emission rate...
Fluorophore photon emission per second = 9470381.451524047
Applying point spread function to light intensity array...
Simulating shot noise...
Quantizing intensities...

Saved data to /Users/karan/microsegmentation/SyntheticData_TRIVIAL_DENSE/Images/image-224.png and /Users/karan/microsegmentation/SyntheticData_TRIVIAL_DENSE/Labels/label-224.png.

Took 948.93 seconds.

Loading MT points from /Users/karan/tubulaton/tubulaton-run/tubulaton-225.vtk to numpy array...
Simulating positions of fluorophores...
Number of FPs: 11920543314.384003
Generating label segmentation...
27548 tubulin found in focal plane.
Calculating fluorophore density over focal plane...
39268 fluorophores found in the focal plane.
Calculating fluorophore photon emission rate...
Fluorophore photon emission per second = 9470381.451524047
Applying point spread function to light intensity array...
Simulating shot noise...
Quantizing intensities...

Saved data to /Users/karan/microsegmentation/SyntheticData_TRIVIAL_DENSE/Images/image-225.png and /Users/karan/microsegmentation/SyntheticData_TRIVIAL_DENSE/Labels/label-225.png.

Took 20.79 seconds.

Loading MT points from /Users/karan/tubulaton/tubulaton-run/tubulaton-226.vtk to numpy array...
Simulating positions of fluorophores...
Number of FPs: 11474170956.535788
Generating label segmentation...
34643 tubulin found in focal plane.
Calculating fluorophore density over focal plane...
45475 fluorophores found in the focal plane.
Calculating fluorophore photon emission rate...
Fluorophore photon emission per second = 9470381.451524047
Applying point spread function to light intensity array...
Simulating shot noise...
Quantizing intensities...

Saved data to /Users/karan/microsegmentation/SyntheticData_TRIVIAL_DENSE/Images/image-226.png and /Users/karan/microsegmentation/SyntheticData_TRIVIAL_DENSE/Labels/label-226.png.

Took 20.55 seconds.

Loading MT points from /Users/karan/tubulaton/tubulaton-run/tubulaton-227.vtk to numpy array...
Simulating positions of fluorophores...
Number of FPs: 11925114457.009232
Generating label segmentation...
40038 tubulin found in focal plane.
Calculating fluorophore density over focal plane...
51243 fluorophores found in the focal plane.
Calculating fluorophore photon emission rate...
Fluorophore photon emission per second = 9470381.451524047
Applying point spread function to light intensity array...
Simulating shot noise...
Quantizing intensities...

Saved data to /Users/karan/microsegmentation/SyntheticData_TRIVIAL_DENSE/Images/image-227.png and /Users/karan/microsegmentation/SyntheticData_TRIVIAL_DENSE/Labels/label-227.png.

Took 21.22 seconds.

Loading MT points from /Users/karan/tubulaton/tubulaton-run/tubulaton-228.vtk to numpy array...
Simulating positions of fluorophores...
Number of FPs: 11938138248.389042
Generating label segmentation...
32420 tubulin found in focal plane.
Calculating fluorophore density over focal plane...
45133 fluorophores found in the focal plane.
Calculating fluorophore photon emission rate...
Fluorophore photon emission per second = 9470381.451524047
Applying point spread function to light intensity array...
Simulating shot noise...
Quantizing intensities...

Saved data to /Users/karan/microsegmentation/SyntheticData_TRIVIAL_DENSE/Images/image-228.png and /Users/karan/microsegmentation/SyntheticData_TRIVIAL_DENSE/Labels/label-228.png.

Took 26.44 seconds.

Loading MT points from /Users/karan/tubulaton/tubulaton-run/tubulaton-229.vtk to numpy array...
Simulating positions of fluorophores...
Number of FPs: 12320445873.993464
Generating label segmentation...
31376 tubulin found in focal plane.
Calculating fluorophore density over focal plane...
37897 fluorophores found in the focal plane.
Calculating fluorophore photon emission rate...
Fluorophore photon emission per second = 9470381.451524047
Applying point spread function to light intensity array...
Simulating shot noise...
Quantizing intensities...

Saved data to /Users/karan/microsegmentation/SyntheticData_TRIVIAL_DENSE/Images/image-229.png and /Users/karan/microsegmentation/SyntheticData_TRIVIAL_DENSE/Labels/label-229.png.

Took 21.48 seconds.

Loading MT points from /Users/karan/tubulaton/tubulaton-run/tubulaton-230.vtk to numpy array...
Simulating positions of fluorophores...
Number of FPs: 11666001306.898262
Generating label segmentation...
38738 tubulin found in focal plane.
Calculating fluorophore density over focal plane...
48024 fluorophores found in the focal plane.
Calculating fluorophore photon emission rate...
Fluorophore photon emission per second = 9470381.451524047
Applying point spread function to light intensity array...
Simulating shot noise...
Quantizing intensities...

Saved data to /Users/karan/microsegmentation/SyntheticData_TRIVIAL_DENSE/Images/image-230.png and /Users/karan/microsegmentation/SyntheticData_TRIVIAL_DENSE/Labels/label-230.png.

Took 22.65 seconds.

Loading MT points from /Users/karan/tubulaton/tubulaton-run/tubulaton-231.vtk to numpy array...
Simulating positions of fluorophores...
Number of FPs: 11881875246.813904
Generating label segmentation...
27616 tubulin found in focal plane.
Calculating fluorophore density over focal plane...
36859 fluorophores found in the focal plane.
Calculating fluorophore photon emission rate...
Fluorophore photon emission per second = 9470381.451524047
Applying point spread function to light intensity array...
Simulating shot noise...
Quantizing intensities...

Saved data to /Users/karan/microsegmentation/SyntheticData_TRIVIAL_DENSE/Images/image-231.png and /Users/karan/microsegmentation/SyntheticData_TRIVIAL_DENSE/Labels/label-231.png.

Took 1064.32 seconds.

Loading MT points from /Users/karan/tubulaton/tubulaton-run/tubulaton-232.vtk to numpy array...
Simulating positions of fluorophores...
Number of FPs: 11958797244.67475
Generating label segmentation...
24372 tubulin found in focal plane.
Calculating fluorophore density over focal plane...
33935 fluorophores found in the focal plane.
Calculating fluorophore photon emission rate...
Fluorophore photon emission per second = 9470381.451524047
Applying point spread function to light intensity array...
Simulating shot noise...
Quantizing intensities...

Saved data to /Users/karan/microsegmentation/SyntheticData_TRIVIAL_DENSE/Images/image-232.png and /Users/karan/microsegmentation/SyntheticData_TRIVIAL_DENSE/Labels/label-232.png.

Took 20.34 seconds.

Loading MT points from /Users/karan/tubulaton/tubulaton-run/tubulaton-233.vtk to numpy array...
Simulating positions of fluorophores...
Number of FPs: 11346390342.704897
Generating label segmentation...
34466 tubulin found in focal plane.
Calculating fluorophore density over focal plane...
45591 fluorophores found in the focal plane.
Calculating fluorophore photon emission rate...
Fluorophore photon emission per second = 9470381.451524047
Applying point spread function to light intensity array...
Simulating shot noise...
Quantizing intensities...

Saved data to /Users/karan/microsegmentation/SyntheticData_TRIVIAL_DENSE/Images/image-233.png and /Users/karan/microsegmentation/SyntheticData_TRIVIAL_DENSE/Labels/label-233.png.

Took 20.16 seconds.

Loading MT points from /Users/karan/tubulaton/tubulaton-run/tubulaton-234.vtk to numpy array...
Simulating positions of fluorophores...
Number of FPs: 11951158117.988544
Generating label segmentation...
27466 tubulin found in focal plane.
Calculating fluorophore density over focal plane...
41393 fluorophores found in the focal plane.
Calculating fluorophore photon emission rate...
Fluorophore photon emission per second = 9470381.451524047
Applying point spread function to light intensity array...
Simulating shot noise...
Quantizing intensities...

Saved data to /Users/karan/microsegmentation/SyntheticData_TRIVIAL_DENSE/Images/image-234.png and /Users/karan/microsegmentation/SyntheticData_TRIVIAL_DENSE/Labels/label-234.png.

Took 20.37 seconds.

Loading MT points from /Users/karan/tubulaton/tubulaton-run/tubulaton-235.vtk to numpy array...
Simulating positions of fluorophores...
Number of FPs: 11814397292.547844
Generating label segmentation...
26488 tubulin found in focal plane.
Calculating fluorophore density over focal plane...
34678 fluorophores found in the focal plane.
Calculating fluorophore photon emission rate...
Fluorophore photon emission per second = 9470381.451524047
Applying point spread function to light intensity array...
Simulating shot noise...
Quantizing intensities...

Saved data to /Users/karan/microsegmentation/SyntheticData_TRIVIAL_DENSE/Images/image-235.png and /Users/karan/microsegmentation/SyntheticData_TRIVIAL_DENSE/Labels/label-235.png.

Took 1023.44 seconds.

Loading MT points from /Users/karan/tubulaton/tubulaton-run/tubulaton-236.vtk to numpy array...
Simulating positions of fluorophores...
Number of FPs: 11285714713.684277
Generating label segmentation...
43637 tubulin found in focal plane.
Calculating fluorophore density over focal plane...
56740 fluorophores found in the focal plane.
Calculating fluorophore photon emission rate...
Fluorophore photon emission per second = 9470381.451524047
Applying point spread function to light intensity array...
Simulating shot noise...
Quantizing intensities...

Saved data to /Users/karan/microsegmentation/SyntheticData_TRIVIAL_DENSE/Images/image-236.png and /Users/karan/microsegmentation/SyntheticData_TRIVIAL_DENSE/Labels/label-236.png.

Took 20.08 seconds.

Loading MT points from /Users/karan/tubulaton/tubulaton-run/tubulaton-237.vtk to numpy array...
Simulating positions of fluorophores...
Number of FPs: 12030846245.956968
Generating label segmentation...
35757 tubulin found in focal plane.
Calculating fluorophore density over focal plane...
49215 fluorophores found in the focal plane.
Calculating fluorophore photon emission rate...
Fluorophore photon emission per second = 9470381.451524047
Applying point spread function to light intensity array...
Simulating shot noise...
Quantizing intensities...

Saved data to /Users/karan/microsegmentation/SyntheticData_TRIVIAL_DENSE/Images/image-237.png and /Users/karan/microsegmentation/SyntheticData_TRIVIAL_DENSE/Labels/label-237.png.

Took 1000.68 seconds.

Loading MT points from /Users/karan/tubulaton/tubulaton-run/tubulaton-238.vtk to numpy array...
Simulating positions of fluorophores...
Number of FPs: 11740065809.088223
Generating label segmentation...
39619 tubulin found in focal plane.
Calculating fluorophore density over focal plane...
50852 fluorophores found in the focal plane.
Calculating fluorophore photon emission rate...
Fluorophore photon emission per second = 9470381.451524047
Applying point spread function to light intensity array...
Simulating shot noise...
Quantizing intensities...

Saved data to /Users/karan/microsegmentation/SyntheticData_TRIVIAL_DENSE/Images/image-238.png and /Users/karan/microsegmentation/SyntheticData_TRIVIAL_DENSE/Labels/label-238.png.

Took 20.75 seconds.

Loading MT points from /Users/karan/tubulaton/tubulaton-run/tubulaton-239.vtk to numpy array...
Simulating positions of fluorophores...
Number of FPs: 12017325012.702682
Generating label segmentation...
32034 tubulin found in focal plane.
Calculating fluorophore density over focal plane...
45936 fluorophores found in the focal plane.
Calculating fluorophore photon emission rate...
Fluorophore photon emission per second = 9470381.451524047
Applying point spread function to light intensity array...
Simulating shot noise...
Quantizing intensities...

Saved data to /Users/karan/microsegmentation/SyntheticData_TRIVIAL_DENSE/Images/image-239.png and /Users/karan/microsegmentation/SyntheticData_TRIVIAL_DENSE/Labels/label-239.png.

Took 20.90 seconds.

Loading MT points from /Users/karan/tubulaton/tubulaton-run/tubulaton-240.vtk to numpy array...
Simulating positions of fluorophores...
Number of FPs: 11480025186.981924
Generating label segmentation...
30851 tubulin found in focal plane.
Calculating fluorophore density over focal plane...
40910 fluorophores found in the focal plane.
Calculating fluorophore photon emission rate...
Fluorophore photon emission per second = 9470381.451524047
Applying point spread function to light intensity array...
Simulating shot noise...
Quantizing intensities...

Saved data to /Users/karan/microsegmentation/SyntheticData_TRIVIAL_DENSE/Images/image-240.png and /Users/karan/microsegmentation/SyntheticData_TRIVIAL_DENSE/Labels/label-240.png.

Took 19.85 seconds.

Loading MT points from /Users/karan/tubulaton/tubulaton-run/tubulaton-241.vtk to numpy array...
Simulating positions of fluorophores...
Number of FPs: 11466068127.595636
Generating label segmentation...
27801 tubulin found in focal plane.
Calculating fluorophore density over focal plane...
38074 fluorophores found in the focal plane.
Calculating fluorophore photon emission rate...
Fluorophore photon emission per second = 9470381.451524047
Applying point spread function to light intensity array...
Simulating shot noise...
Quantizing intensities...

Saved data to /Users/karan/microsegmentation/SyntheticData_TRIVIAL_DENSE/Images/image-241.png and /Users/karan/microsegmentation/SyntheticData_TRIVIAL_DENSE/Labels/label-241.png.

Took 22.94 seconds.

Loading MT points from /Users/karan/tubulaton/tubulaton-run/tubulaton-242.vtk to numpy array...
Simulating positions of fluorophores...
Number of FPs: 11856576317.768349
Generating label segmentation...
46550 tubulin found in focal plane.
Calculating fluorophore density over focal plane...
60426 fluorophores found in the focal plane.
Calculating fluorophore photon emission rate...
Fluorophore photon emission per second = 9470381.451524047
Applying point spread function to light intensity array...
Simulating shot noise...
Quantizing intensities...

Saved data to /Users/karan/microsegmentation/SyntheticData_TRIVIAL_DENSE/Images/image-242.png and /Users/karan/microsegmentation/SyntheticData_TRIVIAL_DENSE/Labels/label-242.png.

Took 23.61 seconds.

Loading MT points from /Users/karan/tubulaton/tubulaton-run/tubulaton-243.vtk to numpy array...
Simulating positions of fluorophores...
Number of FPs: 12348353390.70289
Generating label segmentation...
37278 tubulin found in focal plane.
Calculating fluorophore density over focal plane...
43700 fluorophores found in the focal plane.
Calculating fluorophore photon emission rate...
Fluorophore photon emission per second = 9470381.451524047
Applying point spread function to light intensity array...
Simulating shot noise...
Quantizing intensities...

Saved data to /Users/karan/microsegmentation/SyntheticData_TRIVIAL_DENSE/Images/image-243.png and /Users/karan/microsegmentation/SyntheticData_TRIVIAL_DENSE/Labels/label-243.png.

Took 24.76 seconds.

Loading MT points from /Users/karan/tubulaton/tubulaton-run/tubulaton-244.vtk to numpy array...
Simulating positions of fluorophores...
Number of FPs: 11065920263.569202
Generating label segmentation...
35704 tubulin found in focal plane.
Calculating fluorophore density over focal plane...
47532 fluorophores found in the focal plane.
Calculating fluorophore photon emission rate...
Fluorophore photon emission per second = 9470381.451524047
Applying point spread function to light intensity array...
Simulating shot noise...
Quantizing intensities...

Saved data to /Users/karan/microsegmentation/SyntheticData_TRIVIAL_DENSE/Images/image-244.png and /Users/karan/microsegmentation/SyntheticData_TRIVIAL_DENSE/Labels/label-244.png.

Took 967.62 seconds.

Loading MT points from /Users/karan/tubulaton/tubulaton-run/tubulaton-245.vtk to numpy array...
Simulating positions of fluorophores...
Number of FPs: 11466222201.88564
Generating label segmentation...
43688 tubulin found in focal plane.
Calculating fluorophore density over focal plane...
57125 fluorophores found in the focal plane.
Calculating fluorophore photon emission rate...
Fluorophore photon emission per second = 9470381.451524047
Applying point spread function to light intensity array...
Simulating shot noise...
Quantizing intensities...

Saved data to /Users/karan/microsegmentation/SyntheticData_TRIVIAL_DENSE/Images/image-245.png and /Users/karan/microsegmentation/SyntheticData_TRIVIAL_DENSE/Labels/label-245.png.

Took 20.87 seconds.

Loading MT points from /Users/karan/tubulaton/tubulaton-run/tubulaton-246.vtk to numpy array...
Simulating positions of fluorophores...
Number of FPs: 11409288783.034279
Generating label segmentation...
33200 tubulin found in focal plane.
Calculating fluorophore density over focal plane...
40934 fluorophores found in the focal plane.
Calculating fluorophore photon emission rate...
Fluorophore photon emission per second = 9470381.451524047
Applying point spread function to light intensity array...
Simulating shot noise...
Quantizing intensities...

Saved data to /Users/karan/microsegmentation/SyntheticData_TRIVIAL_DENSE/Images/image-246.png and /Users/karan/microsegmentation/SyntheticData_TRIVIAL_DENSE/Labels/label-246.png.

Took 19.80 seconds.

Loading MT points from /Users/karan/tubulaton/tubulaton-run/tubulaton-247.vtk to numpy array...
Simulating positions of fluorophores...
Number of FPs: 11421593375.419975
Generating label segmentation...
34416 tubulin found in focal plane.
Calculating fluorophore density over focal plane...
47634 fluorophores found in the focal plane.
Calculating fluorophore photon emission rate...
Fluorophore photon emission per second = 9470381.451524047
Applying point spread function to light intensity array...
Simulating shot noise...
Quantizing intensities...

Saved data to /Users/karan/microsegmentation/SyntheticData_TRIVIAL_DENSE/Images/image-247.png and /Users/karan/microsegmentation/SyntheticData_TRIVIAL_DENSE/Labels/label-247.png.

Took 20.51 seconds.

Loading MT points from /Users/karan/tubulaton/tubulaton-run/tubulaton-248.vtk to numpy array...
Simulating positions of fluorophores...
Number of FPs: 12123146901.05141
Generating label segmentation...
33118 tubulin found in focal plane.
Calculating fluorophore density over focal plane...
38950 fluorophores found in the focal plane.
Calculating fluorophore photon emission rate...
Fluorophore photon emission per second = 9470381.451524047
Applying point spread function to light intensity array...
Simulating shot noise...
Quantizing intensities...

Saved data to /Users/karan/microsegmentation/SyntheticData_TRIVIAL_DENSE/Images/image-248.png and /Users/karan/microsegmentation/SyntheticData_TRIVIAL_DENSE/Labels/label-248.png.

Took 21.17 seconds.

Loading MT points from /Users/karan/tubulaton/tubulaton-run/tubulaton-249.vtk to numpy array...
Simulating positions of fluorophores...
Number of FPs: 11600060326.530115
Generating label segmentation...
36983 tubulin found in focal plane.
Calculating fluorophore density over focal plane...
49787 fluorophores found in the focal plane.
Calculating fluorophore photon emission rate...
Fluorophore photon emission per second = 9470381.451524047
Applying point spread function to light intensity array...
Simulating shot noise...
Quantizing intensities...

Saved data to /Users/karan/microsegmentation/SyntheticData_TRIVIAL_DENSE/Images/image-249.png and /Users/karan/microsegmentation/SyntheticData_TRIVIAL_DENSE/Labels/label-249.png.

Took 24.79 seconds.

Loading MT points from /Users/karan/tubulaton/tubulaton-run/tubulaton-250.vtk to numpy array...
Simulating positions of fluorophores...
Number of FPs: 11587836764.021065
Generating label segmentation...
35496 tubulin found in focal plane.
Calculating fluorophore density over focal plane...
45302 fluorophores found in the focal plane.
Calculating fluorophore photon emission rate...
Fluorophore photon emission per second = 9470381.451524047
Applying point spread function to light intensity array...
Simulating shot noise...
Quantizing intensities...

Saved data to /Users/karan/microsegmentation/SyntheticData_TRIVIAL_DENSE/Images/image-250.png and /Users/karan/microsegmentation/SyntheticData_TRIVIAL_DENSE/Labels/label-250.png.

Took 984.79 seconds.

Loading MT points from /Users/karan/tubulaton/tubulaton-run/tubulaton-251.vtk to numpy array...
Simulating positions of fluorophores...
Number of FPs: 11938098726.600052
Generating label segmentation...
32516 tubulin found in focal plane.
Calculating fluorophore density over focal plane...
45360 fluorophores found in the focal plane.
Calculating fluorophore photon emission rate...
Fluorophore photon emission per second = 9470381.451524047
Applying point spread function to light intensity array...
Simulating shot noise...
Quantizing intensities...

Saved data to /Users/karan/microsegmentation/SyntheticData_TRIVIAL_DENSE/Images/image-251.png and /Users/karan/microsegmentation/SyntheticData_TRIVIAL_DENSE/Labels/label-251.png.

Took 20.77 seconds.

Loading MT points from /Users/karan/tubulaton/tubulaton-run/tubulaton-252.vtk to numpy array...
Simulating positions of fluorophores...
Number of FPs: 12184926083.987694
Generating label segmentation...
27185 tubulin found in focal plane.
Calculating fluorophore density over focal plane...
35571 fluorophores found in the focal plane.
Calculating fluorophore photon emission rate...
Fluorophore photon emission per second = 9470381.451524047
Applying point spread function to light intensity array...
Simulating shot noise...
Quantizing intensities...

Saved data to /Users/karan/microsegmentation/SyntheticData_TRIVIAL_DENSE/Images/image-252.png and /Users/karan/microsegmentation/SyntheticData_TRIVIAL_DENSE/Labels/label-252.png.

Took 20.59 seconds.

Loading MT points from /Users/karan/tubulaton/tubulaton-run/tubulaton-253.vtk to numpy array...
Simulating positions of fluorophores...
Number of FPs: 11514750873.115503
Generating label segmentation...
34323 tubulin found in focal plane.
Calculating fluorophore density over focal plane...
43823 fluorophores found in the focal plane.
Calculating fluorophore photon emission rate...
Fluorophore photon emission per second = 9470381.451524047
Applying point spread function to light intensity array...
Simulating shot noise...
Quantizing intensities...

Saved data to /Users/karan/microsegmentation/SyntheticData_TRIVIAL_DENSE/Images/image-253.png and /Users/karan/microsegmentation/SyntheticData_TRIVIAL_DENSE/Labels/label-253.png.

Took 933.53 seconds.

Loading MT points from /Users/karan/tubulaton/tubulaton-run/tubulaton-254.vtk to numpy array...
Simulating positions of fluorophores...
Number of FPs: 11575413756.44789
Generating label segmentation...
28034 tubulin found in focal plane.
Calculating fluorophore density over focal plane...
37436 fluorophores found in the focal plane.
Calculating fluorophore photon emission rate...
Fluorophore photon emission per second = 9470381.451524047
Applying point spread function to light intensity array...
Simulating shot noise...
Quantizing intensities...

Saved data to /Users/karan/microsegmentation/SyntheticData_TRIVIAL_DENSE/Images/image-254.png and /Users/karan/microsegmentation/SyntheticData_TRIVIAL_DENSE/Labels/label-254.png.

Took 20.24 seconds.

Loading MT points from /Users/karan/tubulaton/tubulaton-run/tubulaton-255.vtk to numpy array...
Simulating positions of fluorophores...
Number of FPs: 12233315709.907722
Generating label segmentation...
23532 tubulin found in focal plane.
Calculating fluorophore density over focal plane...
37520 fluorophores found in the focal plane.
Calculating fluorophore photon emission rate...
Fluorophore photon emission per second = 9470381.451524047
Applying point spread function to light intensity array...
Simulating shot noise...
Quantizing intensities...

Saved data to /Users/karan/microsegmentation/SyntheticData_TRIVIAL_DENSE/Images/image-255.png and /Users/karan/microsegmentation/SyntheticData_TRIVIAL_DENSE/Labels/label-255.png.

Took 21.28 seconds.

Loading MT points from /Users/karan/tubulaton/tubulaton-run/tubulaton-256.vtk to numpy array...
Simulating positions of fluorophores...
Number of FPs: 11583700773.474487
Generating label segmentation...
33198 tubulin found in focal plane.
Calculating fluorophore density over focal plane...
45018 fluorophores found in the focal plane.
Calculating fluorophore photon emission rate...
Fluorophore photon emission per second = 9470381.451524047
Applying point spread function to light intensity array...
Simulating shot noise...
Quantizing intensities...

Saved data to /Users/karan/microsegmentation/SyntheticData_TRIVIAL_DENSE/Images/image-256.png and /Users/karan/microsegmentation/SyntheticData_TRIVIAL_DENSE/Labels/label-256.png.

Took 20.89 seconds.

Loading MT points from /Users/karan/tubulaton/tubulaton-run/tubulaton-257.vtk to numpy array...
Simulating positions of fluorophores...
Number of FPs: 11184062438.601578
Generating label segmentation...
37753 tubulin found in focal plane.
Calculating fluorophore density over focal plane...
48583 fluorophores found in the focal plane.
Calculating fluorophore photon emission rate...
Fluorophore photon emission per second = 9470381.451524047
Applying point spread function to light intensity array...
Simulating shot noise...
Quantizing intensities...

Saved data to /Users/karan/microsegmentation/SyntheticData_TRIVIAL_DENSE/Images/image-257.png and /Users/karan/microsegmentation/SyntheticData_TRIVIAL_DENSE/Labels/label-257.png.

Took 999.56 seconds.

Loading MT points from /Users/karan/tubulaton/tubulaton-run/tubulaton-258.vtk to numpy array...
Simulating positions of fluorophores...
Number of FPs: 11893781760.337885
Generating label segmentation...
33881 tubulin found in focal plane.
Calculating fluorophore density over focal plane...
44552 fluorophores found in the focal plane.
Calculating fluorophore photon emission rate...
Fluorophore photon emission per second = 9470381.451524047
Applying point spread function to light intensity array...
Simulating shot noise...
Quantizing intensities...

Saved data to /Users/karan/microsegmentation/SyntheticData_TRIVIAL_DENSE/Images/image-258.png and /Users/karan/microsegmentation/SyntheticData_TRIVIAL_DENSE/Labels/label-258.png.

Took 20.68 seconds.

Loading MT points from /Users/karan/tubulaton/tubulaton-run/tubulaton-259.vtk to numpy array...
Simulating positions of fluorophores...
Number of FPs: 12520548604.13718
Generating label segmentation...
31118 tubulin found in focal plane.
Calculating fluorophore density over focal plane...
38980 fluorophores found in the focal plane.
Calculating fluorophore photon emission rate...
Fluorophore photon emission per second = 9470381.451524047
Applying point spread function to light intensity array...
Simulating shot noise...
Quantizing intensities...

Saved data to /Users/karan/microsegmentation/SyntheticData_TRIVIAL_DENSE/Images/image-259.png and /Users/karan/microsegmentation/SyntheticData_TRIVIAL_DENSE/Labels/label-259.png.

Took 19.88 seconds.

Loading MT points from /Users/karan/tubulaton/tubulaton-run/tubulaton-260.vtk to numpy array...
Simulating positions of fluorophores...
Number of FPs: 11819518804.673462
Generating label segmentation...
32168 tubulin found in focal plane.
Calculating fluorophore density over focal plane...
44256 fluorophores found in the focal plane.
Calculating fluorophore photon emission rate...
Fluorophore photon emission per second = 9470381.451524047
Applying point spread function to light intensity array...
Simulating shot noise...
Quantizing intensities...

Saved data to /Users/karan/microsegmentation/SyntheticData_TRIVIAL_DENSE/Images/image-260.png and /Users/karan/microsegmentation/SyntheticData_TRIVIAL_DENSE/Labels/label-260.png.

Took 20.80 seconds.

Loading MT points from /Users/karan/tubulaton/tubulaton-run/tubulaton-261.vtk to numpy array...
Simulating positions of fluorophores...
Number of FPs: 12124423090.83315
Generating label segmentation...
31635 tubulin found in focal plane.
Calculating fluorophore density over focal plane...
47115 fluorophores found in the focal plane.
Calculating fluorophore photon emission rate...
Fluorophore photon emission per second = 9470381.451524047
Applying point spread function to light intensity array...
Simulating shot noise...
Quantizing intensities...

Saved data to /Users/karan/microsegmentation/SyntheticData_TRIVIAL_DENSE/Images/image-261.png and /Users/karan/microsegmentation/SyntheticData_TRIVIAL_DENSE/Labels/label-261.png.

Took 23.94 seconds.

Loading MT points from /Users/karan/tubulaton/tubulaton-run/tubulaton-262.vtk to numpy array...
Simulating positions of fluorophores...
Number of FPs: 11692068085.698965
Generating label segmentation...
26873 tubulin found in focal plane.
Calculating fluorophore density over focal plane...
37385 fluorophores found in the focal plane.
Calculating fluorophore photon emission rate...
Fluorophore photon emission per second = 9470381.451524047
Applying point spread function to light intensity array...
Simulating shot noise...
Quantizing intensities...

Saved data to /Users/karan/microsegmentation/SyntheticData_TRIVIAL_DENSE/Images/image-262.png and /Users/karan/microsegmentation/SyntheticData_TRIVIAL_DENSE/Labels/label-262.png.

Took 25.59 seconds.

Loading MT points from /Users/karan/tubulaton/tubulaton-run/tubulaton-263.vtk to numpy array...
Simulating positions of fluorophores...
Number of FPs: 11686580353.068598
Generating label segmentation...
52029 tubulin found in focal plane.
Calculating fluorophore density over focal plane...
60969 fluorophores found in the focal plane.
Calculating fluorophore photon emission rate...
Fluorophore photon emission per second = 9470381.451524047
Applying point spread function to light intensity array...
Simulating shot noise...
Quantizing intensities...

Saved data to /Users/karan/microsegmentation/SyntheticData_TRIVIAL_DENSE/Images/image-263.png and /Users/karan/microsegmentation/SyntheticData_TRIVIAL_DENSE/Labels/label-263.png.

Took 22.19 seconds.

Loading MT points from /Users/karan/tubulaton/tubulaton-run/tubulaton-264.vtk to numpy array...
Simulating positions of fluorophores...
Number of FPs: 11903448889.928553
Generating label segmentation...
31917 tubulin found in focal plane.
Calculating fluorophore density over focal plane...
47723 fluorophores found in the focal plane.
Calculating fluorophore photon emission rate...
Fluorophore photon emission per second = 9470381.451524047
Applying point spread function to light intensity array...
Simulating shot noise...
Quantizing intensities...

Saved data to /Users/karan/microsegmentation/SyntheticData_TRIVIAL_DENSE/Images/image-264.png and /Users/karan/microsegmentation/SyntheticData_TRIVIAL_DENSE/Labels/label-264.png.

Took 967.80 seconds.

Loading MT points from /Users/karan/tubulaton/tubulaton-run/tubulaton-265.vtk to numpy array...
Simulating positions of fluorophores...
Number of FPs: 11466100099.676165
Generating label segmentation...
25560 tubulin found in focal plane.
Calculating fluorophore density over focal plane...
39521 fluorophores found in the focal plane.
Calculating fluorophore photon emission rate...
Fluorophore photon emission per second = 9470381.451524047
Applying point spread function to light intensity array...
Simulating shot noise...
Quantizing intensities...

Saved data to /Users/karan/microsegmentation/SyntheticData_TRIVIAL_DENSE/Images/image-265.png and /Users/karan/microsegmentation/SyntheticData_TRIVIAL_DENSE/Labels/label-265.png.

Took 20.32 seconds.

Loading MT points from /Users/karan/tubulaton/tubulaton-run/tubulaton-266.vtk to numpy array...
Simulating positions of fluorophores...
Number of FPs: 11394015219.216166
Generating label segmentation...
39258 tubulin found in focal plane.
Calculating fluorophore density over focal plane...
46407 fluorophores found in the focal plane.
Calculating fluorophore photon emission rate...
Fluorophore photon emission per second = 9470381.451524047
Applying point spread function to light intensity array...
Simulating shot noise...
Quantizing intensities...

Saved data to /Users/karan/microsegmentation/SyntheticData_TRIVIAL_DENSE/Images/image-266.png and /Users/karan/microsegmentation/SyntheticData_TRIVIAL_DENSE/Labels/label-266.png.

Took 19.92 seconds.

Loading MT points from /Users/karan/tubulaton/tubulaton-run/tubulaton-267.vtk to numpy array...
Simulating positions of fluorophores...
Number of FPs: 11589575973.002745
Generating label segmentation...
32823 tubulin found in focal plane.
Calculating fluorophore density over focal plane...
43222 fluorophores found in the focal plane.
Calculating fluorophore photon emission rate...
Fluorophore photon emission per second = 9470381.451524047
Applying point spread function to light intensity array...
Simulating shot noise...
Quantizing intensities...

Saved data to /Users/karan/microsegmentation/SyntheticData_TRIVIAL_DENSE/Images/image-267.png and /Users/karan/microsegmentation/SyntheticData_TRIVIAL_DENSE/Labels/label-267.png.

Took 20.11 seconds.

Loading MT points from /Users/karan/tubulaton/tubulaton-run/tubulaton-268.vtk to numpy array...
Simulating positions of fluorophores...
Number of FPs: 11712116893.179186
Generating label segmentation...
32947 tubulin found in focal plane.
Calculating fluorophore density over focal plane...
44035 fluorophores found in the focal plane.
Calculating fluorophore photon emission rate...
Fluorophore photon emission per second = 9470381.451524047
Applying point spread function to light intensity array...
Simulating shot noise...
Quantizing intensities...

Saved data to /Users/karan/microsegmentation/SyntheticData_TRIVIAL_DENSE/Images/image-268.png and /Users/karan/microsegmentation/SyntheticData_TRIVIAL_DENSE/Labels/label-268.png.

Took 22.87 seconds.

Loading MT points from /Users/karan/tubulaton/tubulaton-run/tubulaton-269.vtk to numpy array...
Simulating positions of fluorophores...
Number of FPs: 11605563050.772177
Generating label segmentation...
28792 tubulin found in focal plane.
Calculating fluorophore density over focal plane...
39546 fluorophores found in the focal plane.
Calculating fluorophore photon emission rate...
Fluorophore photon emission per second = 9470381.451524047
Applying point spread function to light intensity array...
Simulating shot noise...
Quantizing intensities...

Saved data to /Users/karan/microsegmentation/SyntheticData_TRIVIAL_DENSE/Images/image-269.png and /Users/karan/microsegmentation/SyntheticData_TRIVIAL_DENSE/Labels/label-269.png.

Took 22.74 seconds.

Loading MT points from /Users/karan/tubulaton/tubulaton-run/tubulaton-270.vtk to numpy array...
Simulating positions of fluorophores...
Number of FPs: 11720308433.74696
Generating label segmentation...
41216 tubulin found in focal plane.
Calculating fluorophore density over focal plane...
50704 fluorophores found in the focal plane.
Calculating fluorophore photon emission rate...
Fluorophore photon emission per second = 9470381.451524047
Applying point spread function to light intensity array...
Simulating shot noise...
Quantizing intensities...

Saved data to /Users/karan/microsegmentation/SyntheticData_TRIVIAL_DENSE/Images/image-270.png and /Users/karan/microsegmentation/SyntheticData_TRIVIAL_DENSE/Labels/label-270.png.

Took 978.03 seconds.

Loading MT points from /Users/karan/tubulaton/tubulaton-run/tubulaton-271.vtk to numpy array...
Simulating positions of fluorophores...
Number of FPs: 11863463169.240671
Generating label segmentation...
22048 tubulin found in focal plane.
Calculating fluorophore density over focal plane...
31345 fluorophores found in the focal plane.
Calculating fluorophore photon emission rate...
Fluorophore photon emission per second = 9470381.451524047
Applying point spread function to light intensity array...
Simulating shot noise...
Quantizing intensities...

Saved data to /Users/karan/microsegmentation/SyntheticData_TRIVIAL_DENSE/Images/image-271.png and /Users/karan/microsegmentation/SyntheticData_TRIVIAL_DENSE/Labels/label-271.png.

Took 19.95 seconds.

Loading MT points from /Users/karan/tubulaton/tubulaton-run/tubulaton-272.vtk to numpy array...
Simulating positions of fluorophores...
Number of FPs: 11930948881.615667
Generating label segmentation...
24597 tubulin found in focal plane.
Calculating fluorophore density over focal plane...
35477 fluorophores found in the focal plane.
Calculating fluorophore photon emission rate...
Fluorophore photon emission per second = 9470381.451524047
Applying point spread function to light intensity array...
Simulating shot noise...
Quantizing intensities...

Saved data to /Users/karan/microsegmentation/SyntheticData_TRIVIAL_DENSE/Images/image-272.png and /Users/karan/microsegmentation/SyntheticData_TRIVIAL_DENSE/Labels/label-272.png.

Took 1009.02 seconds.

Loading MT points from /Users/karan/tubulaton/tubulaton-run/tubulaton-273.vtk to numpy array...
Simulating positions of fluorophores...
Number of FPs: 11848880862.949577
Generating label segmentation...
26324 tubulin found in focal plane.
Calculating fluorophore density over focal plane...
38841 fluorophores found in the focal plane.
Calculating fluorophore photon emission rate...
Fluorophore photon emission per second = 9470381.451524047
Applying point spread function to light intensity array...
Simulating shot noise...
Quantizing intensities...

Saved data to /Users/karan/microsegmentation/SyntheticData_TRIVIAL_DENSE/Images/image-273.png and /Users/karan/microsegmentation/SyntheticData_TRIVIAL_DENSE/Labels/label-273.png.

Took 20.77 seconds.

Loading MT points from /Users/karan/tubulaton/tubulaton-run/tubulaton-274.vtk to numpy array...
Simulating positions of fluorophores...
Number of FPs: 11373496230.605534
Generating label segmentation...
32404 tubulin found in focal plane.
Calculating fluorophore density over focal plane...
46665 fluorophores found in the focal plane.
Calculating fluorophore photon emission rate...
Fluorophore photon emission per second = 9470381.451524047
Applying point spread function to light intensity array...
Simulating shot noise...
Quantizing intensities...

Saved data to /Users/karan/microsegmentation/SyntheticData_TRIVIAL_DENSE/Images/image-274.png and /Users/karan/microsegmentation/SyntheticData_TRIVIAL_DENSE/Labels/label-274.png.

Took 20.57 seconds.

Loading MT points from /Users/karan/tubulaton/tubulaton-run/tubulaton-275.vtk to numpy array...
Simulating positions of fluorophores...
Number of FPs: 11814245678.587467
Generating label segmentation...
27647 tubulin found in focal plane.
Calculating fluorophore density over focal plane...
39085 fluorophores found in the focal plane.
Calculating fluorophore photon emission rate...
Fluorophore photon emission per second = 9470381.451524047
Applying point spread function to light intensity array...
Simulating shot noise...
Quantizing intensities...

Saved data to /Users/karan/microsegmentation/SyntheticData_TRIVIAL_DENSE/Images/image-275.png and /Users/karan/microsegmentation/SyntheticData_TRIVIAL_DENSE/Labels/label-275.png.

Took 20.38 seconds.

Loading MT points from /Users/karan/tubulaton/tubulaton-run/tubulaton-276.vtk to numpy array...
Simulating positions of fluorophores...
Number of FPs: 11256838077.473356
Generating label segmentation...
31809 tubulin found in focal plane.
Calculating fluorophore density over focal plane...
46588 fluorophores found in the focal plane.
Calculating fluorophore photon emission rate...
Fluorophore photon emission per second = 9470381.451524047
Applying point spread function to light intensity array...
Simulating shot noise...
Quantizing intensities...

Saved data to /Users/karan/microsegmentation/SyntheticData_TRIVIAL_DENSE/Images/image-276.png and /Users/karan/microsegmentation/SyntheticData_TRIVIAL_DENSE/Labels/label-276.png.

Took 19.96 seconds.

Loading MT points from /Users/karan/tubulaton/tubulaton-run/tubulaton-277.vtk to numpy array...
Simulating positions of fluorophores...
Number of FPs: 12556713289.41631
Generating label segmentation...
33109 tubulin found in focal plane.
Calculating fluorophore density over focal plane...
45198 fluorophores found in the focal plane.
Calculating fluorophore photon emission rate...
Fluorophore photon emission per second = 9470381.451524047
Applying point spread function to light intensity array...
Simulating shot noise...
Quantizing intensities...

Saved data to /Users/karan/microsegmentation/SyntheticData_TRIVIAL_DENSE/Images/image-277.png and /Users/karan/microsegmentation/SyntheticData_TRIVIAL_DENSE/Labels/label-277.png.

Took 21.05 seconds.

Loading MT points from /Users/karan/tubulaton/tubulaton-run/tubulaton-278.vtk to numpy array...
Simulating positions of fluorophores...
Number of FPs: 11644082472.87524
Generating label segmentation...
30621 tubulin found in focal plane.
Calculating fluorophore density over focal plane...
41922 fluorophores found in the focal plane.
Calculating fluorophore photon emission rate...
Fluorophore photon emission per second = 9470381.451524047
Applying point spread function to light intensity array...
Simulating shot noise...
Quantizing intensities...

Saved data to /Users/karan/microsegmentation/SyntheticData_TRIVIAL_DENSE/Images/image-278.png and /Users/karan/microsegmentation/SyntheticData_TRIVIAL_DENSE/Labels/label-278.png.

Took 20.21 seconds.

Loading MT points from /Users/karan/tubulaton/tubulaton-run/tubulaton-279.vtk to numpy array...
Simulating positions of fluorophores...
Number of FPs: 11678727268.312872
Generating label segmentation...
29924 tubulin found in focal plane.
Calculating fluorophore density over focal plane...
40366 fluorophores found in the focal plane.
Calculating fluorophore photon emission rate...
Fluorophore photon emission per second = 9470381.451524047
Applying point spread function to light intensity array...
Simulating shot noise...
Quantizing intensities...

Saved data to /Users/karan/microsegmentation/SyntheticData_TRIVIAL_DENSE/Images/image-279.png and /Users/karan/microsegmentation/SyntheticData_TRIVIAL_DENSE/Labels/label-279.png.

Took 995.35 seconds.

Loading MT points from /Users/karan/tubulaton/tubulaton-run/tubulaton-280.vtk to numpy array...
Simulating positions of fluorophores...
Number of FPs: 12126957522.299437
Generating label segmentation...
26009 tubulin found in focal plane.
Calculating fluorophore density over focal plane...
36297 fluorophores found in the focal plane.
Calculating fluorophore photon emission rate...
Fluorophore photon emission per second = 9470381.451524047
Applying point spread function to light intensity array...
Simulating shot noise...
Quantizing intensities...

Saved data to /Users/karan/microsegmentation/SyntheticData_TRIVIAL_DENSE/Images/image-280.png and /Users/karan/microsegmentation/SyntheticData_TRIVIAL_DENSE/Labels/label-280.png.

Took 20.86 seconds.

Loading MT points from /Users/karan/tubulaton/tubulaton-run/tubulaton-281.vtk to numpy array...
Simulating positions of fluorophores...
Number of FPs: 11757039989.149649
Generating label segmentation...
27776 tubulin found in focal plane.
Calculating fluorophore density over focal plane...
39912 fluorophores found in the focal plane.
Calculating fluorophore photon emission rate...
Fluorophore photon emission per second = 9470381.451524047
Applying point spread function to light intensity array...
Simulating shot noise...
Quantizing intensities...

Saved data to /Users/karan/microsegmentation/SyntheticData_TRIVIAL_DENSE/Images/image-281.png and /Users/karan/microsegmentation/SyntheticData_TRIVIAL_DENSE/Labels/label-281.png.

Took 20.13 seconds.

Loading MT points from /Users/karan/tubulaton/tubulaton-run/tubulaton-282.vtk to numpy array...
Simulating positions of fluorophores...
Number of FPs: 11949433745.90417
Generating label segmentation...
30961 tubulin found in focal plane.
Calculating fluorophore density over focal plane...
39570 fluorophores found in the focal plane.
Calculating fluorophore photon emission rate...
Fluorophore photon emission per second = 9470381.451524047
Applying point spread function to light intensity array...
Simulating shot noise...
Quantizing intensities...

Saved data to /Users/karan/microsegmentation/SyntheticData_TRIVIAL_DENSE/Images/image-282.png and /Users/karan/microsegmentation/SyntheticData_TRIVIAL_DENSE/Labels/label-282.png.

Took 20.20 seconds.

Loading MT points from /Users/karan/tubulaton/tubulaton-run/tubulaton-283.vtk to numpy array...
Simulating positions of fluorophores...
Number of FPs: 12970562248.077078
Generating label segmentation...
33802 tubulin found in focal plane.
Calculating fluorophore density over focal plane...
43295 fluorophores found in the focal plane.
Calculating fluorophore photon emission rate...
Fluorophore photon emission per second = 9470381.451524047
Applying point spread function to light intensity array...
Simulating shot noise...
Quantizing intensities...

Saved data to /Users/karan/microsegmentation/SyntheticData_TRIVIAL_DENSE/Images/image-283.png and /Users/karan/microsegmentation/SyntheticData_TRIVIAL_DENSE/Labels/label-283.png.

Took 23.89 seconds.

Loading MT points from /Users/karan/tubulaton/tubulaton-run/tubulaton-284.vtk to numpy array...
Simulating positions of fluorophores...
Number of FPs: 11782293273.885918
Generating label segmentation...
31029 tubulin found in focal plane.
Calculating fluorophore density over focal plane...
41584 fluorophores found in the focal plane.
Calculating fluorophore photon emission rate...
Fluorophore photon emission per second = 9470381.451524047
Applying point spread function to light intensity array...
Simulating shot noise...
Quantizing intensities...

Saved data to /Users/karan/microsegmentation/SyntheticData_TRIVIAL_DENSE/Images/image-284.png and /Users/karan/microsegmentation/SyntheticData_TRIVIAL_DENSE/Labels/label-284.png.

Took 23.76 seconds.

Loading MT points from /Users/karan/tubulaton/tubulaton-run/tubulaton-285.vtk to numpy array...
Simulating positions of fluorophores...
Number of FPs: 11792382748.6623
Generating label segmentation...
32161 tubulin found in focal plane.
Calculating fluorophore density over focal plane...
42693 fluorophores found in the focal plane.
Calculating fluorophore photon emission rate...
Fluorophore photon emission per second = 9470381.451524047
Applying point spread function to light intensity array...
Simulating shot noise...
Quantizing intensities...

Saved data to /Users/karan/microsegmentation/SyntheticData_TRIVIAL_DENSE/Images/image-285.png and /Users/karan/microsegmentation/SyntheticData_TRIVIAL_DENSE/Labels/label-285.png.

Took 946.52 seconds.

Loading MT points from /Users/karan/tubulaton/tubulaton-run/tubulaton-286.vtk to numpy array...
Simulating positions of fluorophores...
Number of FPs: 11782326790.54841
Generating label segmentation...
36692 tubulin found in focal plane.
Calculating fluorophore density over focal plane...
49928 fluorophores found in the focal plane.
Calculating fluorophore photon emission rate...
Fluorophore photon emission per second = 9470381.451524047
Applying point spread function to light intensity array...
Simulating shot noise...
Quantizing intensities...

Saved data to /Users/karan/microsegmentation/SyntheticData_TRIVIAL_DENSE/Images/image-286.png and /Users/karan/microsegmentation/SyntheticData_TRIVIAL_DENSE/Labels/label-286.png.

Took 21.23 seconds.

Loading MT points from /Users/karan/tubulaton/tubulaton-run/tubulaton-287.vtk to numpy array...
Simulating positions of fluorophores...
Number of FPs: 11944467829.006409
Generating label segmentation...
24818 tubulin found in focal plane.
Calculating fluorophore density over focal plane...
30648 fluorophores found in the focal plane.
Calculating fluorophore photon emission rate...
Fluorophore photon emission per second = 9470381.451524047
Applying point spread function to light intensity array...
Simulating shot noise...
Quantizing intensities...

Saved data to /Users/karan/microsegmentation/SyntheticData_TRIVIAL_DENSE/Images/image-287.png and /Users/karan/microsegmentation/SyntheticData_TRIVIAL_DENSE/Labels/label-287.png.

Took 459.27 seconds.

Loading MT points from /Users/karan/tubulaton/tubulaton-run/tubulaton-288.vtk to numpy array...
Simulating positions of fluorophores...
Number of FPs: 12253926443.236294
Generating label segmentation...
30968 tubulin found in focal plane.
Calculating fluorophore density over focal plane...
39697 fluorophores found in the focal plane.
Calculating fluorophore photon emission rate...
Fluorophore photon emission per second = 9470381.451524047
Applying point spread function to light intensity array...
Simulating shot noise...
Quantizing intensities...

Saved data to /Users/karan/microsegmentation/SyntheticData_TRIVIAL_DENSE/Images/image-288.png and /Users/karan/microsegmentation/SyntheticData_TRIVIAL_DENSE/Labels/label-288.png.

Took 22.21 seconds.

Loading MT points from /Users/karan/tubulaton/tubulaton-run/tubulaton-289.vtk to numpy array...
Simulating positions of fluorophores...
Number of FPs: 11421361043.1482
Generating label segmentation...
30786 tubulin found in focal plane.
Calculating fluorophore density over focal plane...
41783 fluorophores found in the focal plane.
Calculating fluorophore photon emission rate...
Fluorophore photon emission per second = 9470381.451524047
Applying point spread function to light intensity array...
Simulating shot noise...
Quantizing intensities...

Saved data to /Users/karan/microsegmentation/SyntheticData_TRIVIAL_DENSE/Images/image-289.png and /Users/karan/microsegmentation/SyntheticData_TRIVIAL_DENSE/Labels/label-289.png.

Took 20.47 seconds.

Loading MT points from /Users/karan/tubulaton/tubulaton-run/tubulaton-290.vtk to numpy array...
Simulating positions of fluorophores...
Number of FPs: 11821734238.043028
Generating label segmentation...
29465 tubulin found in focal plane.
Calculating fluorophore density over focal plane...
39628 fluorophores found in the focal plane.
Calculating fluorophore photon emission rate...
Fluorophore photon emission per second = 9470381.451524047
Applying point spread function to light intensity array...
Simulating shot noise...
Quantizing intensities...

Saved data to /Users/karan/microsegmentation/SyntheticData_TRIVIAL_DENSE/Images/image-290.png and /Users/karan/microsegmentation/SyntheticData_TRIVIAL_DENSE/Labels/label-290.png.

Took 19.51 seconds.

Loading MT points from /Users/karan/tubulaton/tubulaton-run/tubulaton-291.vtk to numpy array...
Simulating positions of fluorophores...
Number of FPs: 11410258529.043028
Generating label segmentation...
39314 tubulin found in focal plane.
Calculating fluorophore density over focal plane...
50508 fluorophores found in the focal plane.
Calculating fluorophore photon emission rate...
Fluorophore photon emission per second = 9470381.451524047
Applying point spread function to light intensity array...
Simulating shot noise...
Quantizing intensities...

Saved data to /Users/karan/microsegmentation/SyntheticData_TRIVIAL_DENSE/Images/image-291.png and /Users/karan/microsegmentation/SyntheticData_TRIVIAL_DENSE/Labels/label-291.png.

Took 20.58 seconds.

Loading MT points from /Users/karan/tubulaton/tubulaton-run/tubulaton-292.vtk to numpy array...
Simulating positions of fluorophores...
Number of FPs: 11592554704.575354
Generating label segmentation...
32747 tubulin found in focal plane.
Calculating fluorophore density over focal plane...
42681 fluorophores found in the focal plane.
Calculating fluorophore photon emission rate...
Fluorophore photon emission per second = 9470381.451524047
Applying point spread function to light intensity array...
Simulating shot noise...
Quantizing intensities...

Saved data to /Users/karan/microsegmentation/SyntheticData_TRIVIAL_DENSE/Images/image-292.png and /Users/karan/microsegmentation/SyntheticData_TRIVIAL_DENSE/Labels/label-292.png.

Took 20.33 seconds.

Loading MT points from /Users/karan/tubulaton/tubulaton-run/tubulaton-293.vtk to numpy array...
Simulating positions of fluorophores...
Number of FPs: 11522370263.448536
Generating label segmentation...
36031 tubulin found in focal plane.
Calculating fluorophore density over focal plane...
51443 fluorophores found in the focal plane.
Calculating fluorophore photon emission rate...
Fluorophore photon emission per second = 9470381.451524047
Applying point spread function to light intensity array...
Simulating shot noise...
Quantizing intensities...

Saved data to /Users/karan/microsegmentation/SyntheticData_TRIVIAL_DENSE/Images/image-293.png and /Users/karan/microsegmentation/SyntheticData_TRIVIAL_DENSE/Labels/label-293.png.

Took 20.56 seconds.

Loading MT points from /Users/karan/tubulaton/tubulaton-run/tubulaton-294.vtk to numpy array...
Simulating positions of fluorophores...
Number of FPs: 11587101217.770666
Generating label segmentation...
40301 tubulin found in focal plane.
Calculating fluorophore density over focal plane...
51741 fluorophores found in the focal plane.
Calculating fluorophore photon emission rate...
Fluorophore photon emission per second = 9470381.451524047
Applying point spread function to light intensity array...
Simulating shot noise...
Quantizing intensities...

Saved data to /Users/karan/microsegmentation/SyntheticData_TRIVIAL_DENSE/Images/image-294.png and /Users/karan/microsegmentation/SyntheticData_TRIVIAL_DENSE/Labels/label-294.png.

Took 20.13 seconds.

Loading MT points from /Users/karan/tubulaton/tubulaton-run/tubulaton-295.vtk to numpy array...
Simulating positions of fluorophores...
Number of FPs: 11649716736.95618
Generating label segmentation...
34841 tubulin found in focal plane.
Calculating fluorophore density over focal plane...
50277 fluorophores found in the focal plane.
Calculating fluorophore photon emission rate...
Fluorophore photon emission per second = 9470381.451524047
Applying point spread function to light intensity array...
Simulating shot noise...
Quantizing intensities...

Saved data to /Users/karan/microsegmentation/SyntheticData_TRIVIAL_DENSE/Images/image-295.png and /Users/karan/microsegmentation/SyntheticData_TRIVIAL_DENSE/Labels/label-295.png.

Took 20.50 seconds.

Loading MT points from /Users/karan/tubulaton/tubulaton-run/tubulaton-296.vtk to numpy array...
Simulating positions of fluorophores...
Number of FPs: 11252993547.57789
Generating label segmentation...
34198 tubulin found in focal plane.
Calculating fluorophore density over focal plane...
43778 fluorophores found in the focal plane.
Calculating fluorophore photon emission rate...
Fluorophore photon emission per second = 9470381.451524047
Applying point spread function to light intensity array...
Simulating shot noise...
Quantizing intensities...

Saved data to /Users/karan/microsegmentation/SyntheticData_TRIVIAL_DENSE/Images/image-296.png and /Users/karan/microsegmentation/SyntheticData_TRIVIAL_DENSE/Labels/label-296.png.

Took 20.75 seconds.

Loading MT points from /Users/karan/tubulaton/tubulaton-run/tubulaton-297.vtk to numpy array...
Simulating positions of fluorophores...
Number of FPs: 11435774096.717474
Generating label segmentation...
17341 tubulin found in focal plane.
Calculating fluorophore density over focal plane...
34226 fluorophores found in the focal plane.
Calculating fluorophore photon emission rate...
Fluorophore photon emission per second = 9470381.451524047
Applying point spread function to light intensity array...
Simulating shot noise...
Quantizing intensities...

Saved data to /Users/karan/microsegmentation/SyntheticData_TRIVIAL_DENSE/Images/image-297.png and /Users/karan/microsegmentation/SyntheticData_TRIVIAL_DENSE/Labels/label-297.png.

Took 20.19 seconds.

Loading MT points from /Users/karan/tubulaton/tubulaton-run/tubulaton-298.vtk to numpy array...
Simulating positions of fluorophores...
Number of FPs: 11777971378.72545
Generating label segmentation...
33641 tubulin found in focal plane.
Calculating fluorophore density over focal plane...
46507 fluorophores found in the focal plane.
Calculating fluorophore photon emission rate...
Fluorophore photon emission per second = 9470381.451524047
Applying point spread function to light intensity array...
Simulating shot noise...
Quantizing intensities...

Saved data to /Users/karan/microsegmentation/SyntheticData_TRIVIAL_DENSE/Images/image-298.png and /Users/karan/microsegmentation/SyntheticData_TRIVIAL_DENSE/Labels/label-298.png.

Took 20.41 seconds.

Loading MT points from /Users/karan/tubulaton/tubulaton-run/tubulaton-299.vtk to numpy array...
Simulating positions of fluorophores...
Number of FPs: 11834473131.81222
Generating label segmentation...
36456 tubulin found in focal plane.
Calculating fluorophore density over focal plane...
49283 fluorophores found in the focal plane.
Calculating fluorophore photon emission rate...
Fluorophore photon emission per second = 9470381.451524047
Applying point spread function to light intensity array...
Simulating shot noise...
Quantizing intensities...

Saved data to /Users/karan/microsegmentation/SyntheticData_TRIVIAL_DENSE/Images/image-299.png and /Users/karan/microsegmentation/SyntheticData_TRIVIAL_DENSE/Labels/label-299.png.

Took 20.75 seconds.

Loading MT points from /Users/karan/tubulaton/tubulaton-run/tubulaton-300.vtk to numpy array...
Simulating positions of fluorophores...
Number of FPs: 11601111357.753244
Generating label segmentation...
30912 tubulin found in focal plane.
Calculating fluorophore density over focal plane...
41343 fluorophores found in the focal plane.
Calculating fluorophore photon emission rate...
Fluorophore photon emission per second = 9470381.451524047
Applying point spread function to light intensity array...
Simulating shot noise...
Quantizing intensities...

Saved data to /Users/karan/microsegmentation/SyntheticData_TRIVIAL_DENSE/Images/image-300.png and /Users/karan/microsegmentation/SyntheticData_TRIVIAL_DENSE/Labels/label-300.png.

Took 20.73 seconds.


Took 21659.65 seconds in total.
(216.60 seconds per .vtk file)
