Loaded config file: /Users/karan/microsegmentation/generation/generate_configs/trivial.json5
Using depolymerization rate: 0.7686928811865257

Loading MT points from /Users/karan/tubulaton/tubulaton-run/tubulaton-501.vtk to numpy array...
Simulating positions of fluorophores...
Number of FPs: 12744918995.927908
Generating label segmentation...
10053 tubulin found in focal plane.
Calculating fluorophore density over focal plane...
43455 fluorophores found in the focal plane.
Calculating fluorophore photon emission rate...
Fluorophore photon emission per second = 9470381.451524047
Applying point spread function to light intensity array...
Simulating shot noise...
Quantizing intensities...

Saved data to /Users/karan/microsegmentation/SyntheticData_TRIVIAL_DENSE/Images/image-501.png and /Users/karan/microsegmentation/SyntheticData_TRIVIAL_DENSE/Labels/label-501.png.

Took 27.11 seconds.

Loading MT points from /Users/karan/tubulaton/tubulaton-run/tubulaton-502.vtk to numpy array...
Simulating positions of fluorophores...
Number of FPs: 12067371221.45818
Generating label segmentation...
14249 tubulin found in focal plane.
Calculating fluorophore density over focal plane...
45457 fluorophores found in the focal plane.
Calculating fluorophore photon emission rate...
Fluorophore photon emission per second = 9470381.451524047
Applying point spread function to light intensity array...
Simulating shot noise...
Quantizing intensities...

Saved data to /Users/karan/microsegmentation/SyntheticData_TRIVIAL_DENSE/Images/image-502.png and /Users/karan/microsegmentation/SyntheticData_TRIVIAL_DENSE/Labels/label-502.png.

Took 23.36 seconds.

Loading MT points from /Users/karan/tubulaton/tubulaton-run/tubulaton-503.vtk to numpy array...
Simulating positions of fluorophores...
Number of FPs: 12201986382.088823
Generating label segmentation...
12190 tubulin found in focal plane.
Calculating fluorophore density over focal plane...
37297 fluorophores found in the focal plane.
Calculating fluorophore photon emission rate...
Fluorophore photon emission per second = 9470381.451524047
Applying point spread function to light intensity array...
Simulating shot noise...
Quantizing intensities...

Saved data to /Users/karan/microsegmentation/SyntheticData_TRIVIAL_DENSE/Images/image-503.png and /Users/karan/microsegmentation/SyntheticData_TRIVIAL_DENSE/Labels/label-503.png.

Took 21.53 seconds.

Loading MT points from /Users/karan/tubulaton/tubulaton-run/tubulaton-504.vtk to numpy array...
Simulating positions of fluorophores...
Number of FPs: 12770699668.489777
Generating label segmentation...
7265 tubulin found in focal plane.
Calculating fluorophore density over focal plane...
45875 fluorophores found in the focal plane.
Calculating fluorophore photon emission rate...
Fluorophore photon emission per second = 9470381.451524047
Applying point spread function to light intensity array...
Simulating shot noise...
Quantizing intensities...

Saved data to /Users/karan/microsegmentation/SyntheticData_TRIVIAL_DENSE/Images/image-504.png and /Users/karan/microsegmentation/SyntheticData_TRIVIAL_DENSE/Labels/label-504.png.

Took 22.16 seconds.

Loading MT points from /Users/karan/tubulaton/tubulaton-run/tubulaton-505.vtk to numpy array...
Simulating positions of fluorophores...
Number of FPs: 12642868072.80759
Generating label segmentation...
9083 tubulin found in focal plane.
Calculating fluorophore density over focal plane...
36450 fluorophores found in the focal plane.
Calculating fluorophore photon emission rate...
Fluorophore photon emission per second = 9470381.451524047
Applying point spread function to light intensity array...
Simulating shot noise...
Quantizing intensities...

Saved data to /Users/karan/microsegmentation/SyntheticData_TRIVIAL_DENSE/Images/image-505.png and /Users/karan/microsegmentation/SyntheticData_TRIVIAL_DENSE/Labels/label-505.png.

Took 22.17 seconds.

Loading MT points from /Users/karan/tubulaton/tubulaton-run/tubulaton-506.vtk to numpy array...
Simulating positions of fluorophores...
Number of FPs: 12488283837.37525
Generating label segmentation...
11811 tubulin found in focal plane.
Calculating fluorophore density over focal plane...
37213 fluorophores found in the focal plane.
Calculating fluorophore photon emission rate...
Fluorophore photon emission per second = 9470381.451524047
Applying point spread function to light intensity array...
Simulating shot noise...
Quantizing intensities...

Saved data to /Users/karan/microsegmentation/SyntheticData_TRIVIAL_DENSE/Images/image-506.png and /Users/karan/microsegmentation/SyntheticData_TRIVIAL_DENSE/Labels/label-506.png.

Took 21.79 seconds.

Loading MT points from /Users/karan/tubulaton/tubulaton-run/tubulaton-507.vtk to numpy array...
Simulating positions of fluorophores...
Number of FPs: 12092559016.855505
Generating label segmentation...
15132 tubulin found in focal plane.
Calculating fluorophore density over focal plane...
44599 fluorophores found in the focal plane.
Calculating fluorophore photon emission rate...
Fluorophore photon emission per second = 9470381.451524047
Applying point spread function to light intensity array...
Simulating shot noise...
Quantizing intensities...

Saved data to /Users/karan/microsegmentation/SyntheticData_TRIVIAL_DENSE/Images/image-507.png and /Users/karan/microsegmentation/SyntheticData_TRIVIAL_DENSE/Labels/label-507.png.

Took 21.76 seconds.

Loading MT points from /Users/karan/tubulaton/tubulaton-run/tubulaton-508.vtk to numpy array...
Simulating positions of fluorophores...
Number of FPs: 12404976935.75826
Generating label segmentation...
7869 tubulin found in focal plane.
Calculating fluorophore density over focal plane...
31826 fluorophores found in the focal plane.
Calculating fluorophore photon emission rate...
Fluorophore photon emission per second = 9470381.451524047
Applying point spread function to light intensity array...
Simulating shot noise...
Quantizing intensities...

Saved data to /Users/karan/microsegmentation/SyntheticData_TRIVIAL_DENSE/Images/image-508.png and /Users/karan/microsegmentation/SyntheticData_TRIVIAL_DENSE/Labels/label-508.png.

Took 21.89 seconds.

Loading MT points from /Users/karan/tubulaton/tubulaton-run/tubulaton-509.vtk to numpy array...
Simulating positions of fluorophores...
Number of FPs: 12251770118.088827
Generating label segmentation...
7528 tubulin found in focal plane.
Calculating fluorophore density over focal plane...
35752 fluorophores found in the focal plane.
Calculating fluorophore photon emission rate...
Fluorophore photon emission per second = 9470381.451524047
Applying point spread function to light intensity array...
Simulating shot noise...
Quantizing intensities...

Saved data to /Users/karan/microsegmentation/SyntheticData_TRIVIAL_DENSE/Images/image-509.png and /Users/karan/microsegmentation/SyntheticData_TRIVIAL_DENSE/Labels/label-509.png.

Took 21.57 seconds.

Loading MT points from /Users/karan/tubulaton/tubulaton-run/tubulaton-510.vtk to numpy array...
Simulating positions of fluorophores...
Number of FPs: 11891313573.707415
Generating label segmentation...
13977 tubulin found in focal plane.
Calculating fluorophore density over focal plane...
48423 fluorophores found in the focal plane.
Calculating fluorophore photon emission rate...
Fluorophore photon emission per second = 9470381.451524047
Applying point spread function to light intensity array...
Simulating shot noise...
Quantizing intensities...

Saved data to /Users/karan/microsegmentation/SyntheticData_TRIVIAL_DENSE/Images/image-510.png and /Users/karan/microsegmentation/SyntheticData_TRIVIAL_DENSE/Labels/label-510.png.

Took 21.94 seconds.

Loading MT points from /Users/karan/tubulaton/tubulaton-run/tubulaton-511.vtk to numpy array...
Simulating positions of fluorophores...
Number of FPs: 13204062089.606026
Generating label segmentation...
3190 tubulin found in focal plane.
Calculating fluorophore density over focal plane...
22248 fluorophores found in the focal plane.
Calculating fluorophore photon emission rate...
Fluorophore photon emission per second = 9470381.451524047
Applying point spread function to light intensity array...
Simulating shot noise...
Quantizing intensities...

Saved data to /Users/karan/microsegmentation/SyntheticData_TRIVIAL_DENSE/Images/image-511.png and /Users/karan/microsegmentation/SyntheticData_TRIVIAL_DENSE/Labels/label-511.png.

Took 21.51 seconds.

Loading MT points from /Users/karan/tubulaton/tubulaton-run/tubulaton-512.vtk to numpy array...
Simulating positions of fluorophores...
Number of FPs: 12322471457.943
Generating label segmentation...
9609 tubulin found in focal plane.
Calculating fluorophore density over focal plane...
43520 fluorophores found in the focal plane.
Calculating fluorophore photon emission rate...
Fluorophore photon emission per second = 9470381.451524047
Applying point spread function to light intensity array...
Simulating shot noise...
Quantizing intensities...

Saved data to /Users/karan/microsegmentation/SyntheticData_TRIVIAL_DENSE/Images/image-512.png and /Users/karan/microsegmentation/SyntheticData_TRIVIAL_DENSE/Labels/label-512.png.

Took 22.19 seconds.

Loading MT points from /Users/karan/tubulaton/tubulaton-run/tubulaton-513.vtk to numpy array...
Simulating positions of fluorophores...
Number of FPs: 12238692724.781578
Generating label segmentation...
15645 tubulin found in focal plane.
Calculating fluorophore density over focal plane...
49514 fluorophores found in the focal plane.
Calculating fluorophore photon emission rate...
Fluorophore photon emission per second = 9470381.451524047
Applying point spread function to light intensity array...
Simulating shot noise...
Quantizing intensities...

Saved data to /Users/karan/microsegmentation/SyntheticData_TRIVIAL_DENSE/Images/image-513.png and /Users/karan/microsegmentation/SyntheticData_TRIVIAL_DENSE/Labels/label-513.png.

Took 22.12 seconds.

Loading MT points from /Users/karan/tubulaton/tubulaton-run/tubulaton-514.vtk to numpy array...
Simulating positions of fluorophores...
Number of FPs: 12907254863.34722
Generating label segmentation...
8004 tubulin found in focal plane.
Calculating fluorophore density over focal plane...
43598 fluorophores found in the focal plane.
Calculating fluorophore photon emission rate...
Fluorophore photon emission per second = 9470381.451524047
Applying point spread function to light intensity array...
Simulating shot noise...
Quantizing intensities...

Saved data to /Users/karan/microsegmentation/SyntheticData_TRIVIAL_DENSE/Images/image-514.png and /Users/karan/microsegmentation/SyntheticData_TRIVIAL_DENSE/Labels/label-514.png.

Took 22.81 seconds.

Loading MT points from /Users/karan/tubulaton/tubulaton-run/tubulaton-515.vtk to numpy array...
Simulating positions of fluorophores...
Number of FPs: 12381149566.491941
Generating label segmentation...
9683 tubulin found in focal plane.
Calculating fluorophore density over focal plane...
42853 fluorophores found in the focal plane.
Calculating fluorophore photon emission rate...
Fluorophore photon emission per second = 9470381.451524047
Applying point spread function to light intensity array...
Simulating shot noise...
Quantizing intensities...

Saved data to /Users/karan/microsegmentation/SyntheticData_TRIVIAL_DENSE/Images/image-515.png and /Users/karan/microsegmentation/SyntheticData_TRIVIAL_DENSE/Labels/label-515.png.

Took 21.98 seconds.

Loading MT points from /Users/karan/tubulaton/tubulaton-run/tubulaton-516.vtk to numpy array...
Simulating positions of fluorophores...
Number of FPs: 13422922238.632519
Generating label segmentation...
6544 tubulin found in focal plane.
Calculating fluorophore density over focal plane...
32762 fluorophores found in the focal plane.
Calculating fluorophore photon emission rate...
Fluorophore photon emission per second = 9470381.451524047
Applying point spread function to light intensity array...
Simulating shot noise...
Quantizing intensities...

Saved data to /Users/karan/microsegmentation/SyntheticData_TRIVIAL_DENSE/Images/image-516.png and /Users/karan/microsegmentation/SyntheticData_TRIVIAL_DENSE/Labels/label-516.png.

Took 22.65 seconds.

Loading MT points from /Users/karan/tubulaton/tubulaton-run/tubulaton-517.vtk to numpy array...
Simulating positions of fluorophores...
Number of FPs: 12181023326.833944
Generating label segmentation...
11490 tubulin found in focal plane.
Calculating fluorophore density over focal plane...
45268 fluorophores found in the focal plane.
Calculating fluorophore photon emission rate...
Fluorophore photon emission per second = 9470381.451524047
Applying point spread function to light intensity array...
Simulating shot noise...
Quantizing intensities...

Saved data to /Users/karan/microsegmentation/SyntheticData_TRIVIAL_DENSE/Images/image-517.png and /Users/karan/microsegmentation/SyntheticData_TRIVIAL_DENSE/Labels/label-517.png.

Took 22.09 seconds.

Loading MT points from /Users/karan/tubulaton/tubulaton-run/tubulaton-518.vtk to numpy array...
Simulating positions of fluorophores...
Number of FPs: 12008111047.942963
Generating label segmentation...
7202 tubulin found in focal plane.
Calculating fluorophore density over focal plane...
35640 fluorophores found in the focal plane.
Calculating fluorophore photon emission rate...
Fluorophore photon emission per second = 9470381.451524047
Applying point spread function to light intensity array...
Simulating shot noise...
Quantizing intensities...

Saved data to /Users/karan/microsegmentation/SyntheticData_TRIVIAL_DENSE/Images/image-518.png and /Users/karan/microsegmentation/SyntheticData_TRIVIAL_DENSE/Labels/label-518.png.

Took 21.61 seconds.

Loading MT points from /Users/karan/tubulaton/tubulaton-run/tubulaton-519.vtk to numpy array...
Simulating positions of fluorophores...
Number of FPs: 12356415949.175322
Generating label segmentation...
8555 tubulin found in focal plane.
Calculating fluorophore density over focal plane...
36160 fluorophores found in the focal plane.
Calculating fluorophore photon emission rate...
Fluorophore photon emission per second = 9470381.451524047
Applying point spread function to light intensity array...
Simulating shot noise...
Quantizing intensities...

Saved data to /Users/karan/microsegmentation/SyntheticData_TRIVIAL_DENSE/Images/image-519.png and /Users/karan/microsegmentation/SyntheticData_TRIVIAL_DENSE/Labels/label-519.png.

Took 21.69 seconds.

Loading MT points from /Users/karan/tubulaton/tubulaton-run/tubulaton-520.vtk to numpy array...
Simulating positions of fluorophores...
Number of FPs: 12415130981.021746
Generating label segmentation...
9762 tubulin found in focal plane.
Calculating fluorophore density over focal plane...
36246 fluorophores found in the focal plane.
Calculating fluorophore photon emission rate...
Fluorophore photon emission per second = 9470381.451524047
Applying point spread function to light intensity array...
Simulating shot noise...
Quantizing intensities...

Saved data to /Users/karan/microsegmentation/SyntheticData_TRIVIAL_DENSE/Images/image-520.png and /Users/karan/microsegmentation/SyntheticData_TRIVIAL_DENSE/Labels/label-520.png.

Took 21.73 seconds.

Loading MT points from /Users/karan/tubulaton/tubulaton-run/tubulaton-521.vtk to numpy array...
Simulating positions of fluorophores...
Number of FPs: 12029277788.636322
Generating label segmentation...
10386 tubulin found in focal plane.
Calculating fluorophore density over focal plane...
45338 fluorophores found in the focal plane.
Calculating fluorophore photon emission rate...
Fluorophore photon emission per second = 9470381.451524047
Applying point spread function to light intensity array...
Simulating shot noise...
Quantizing intensities...

Saved data to /Users/karan/microsegmentation/SyntheticData_TRIVIAL_DENSE/Images/image-521.png and /Users/karan/microsegmentation/SyntheticData_TRIVIAL_DENSE/Labels/label-521.png.

Took 22.24 seconds.

Loading MT points from /Users/karan/tubulaton/tubulaton-run/tubulaton-522.vtk to numpy array...
Simulating positions of fluorophores...
Number of FPs: 12759090795.65943
Generating label segmentation...
7215 tubulin found in focal plane.
Calculating fluorophore density over focal plane...
28392 fluorophores found in the focal plane.
Calculating fluorophore photon emission rate...
Fluorophore photon emission per second = 9470381.451524047
Applying point spread function to light intensity array...
Simulating shot noise...
Quantizing intensities...

Saved data to /Users/karan/microsegmentation/SyntheticData_TRIVIAL_DENSE/Images/image-522.png and /Users/karan/microsegmentation/SyntheticData_TRIVIAL_DENSE/Labels/label-522.png.

Took 21.42 seconds.

Loading MT points from /Users/karan/tubulaton/tubulaton-run/tubulaton-523.vtk to numpy array...
Simulating positions of fluorophores...
Number of FPs: 12590230046.71092
Generating label segmentation...
11970 tubulin found in focal plane.
Calculating fluorophore density over focal plane...
44821 fluorophores found in the focal plane.
Calculating fluorophore photon emission rate...
Fluorophore photon emission per second = 9470381.451524047
Applying point spread function to light intensity array...
Simulating shot noise...
Quantizing intensities...

Saved data to /Users/karan/microsegmentation/SyntheticData_TRIVIAL_DENSE/Images/image-523.png and /Users/karan/microsegmentation/SyntheticData_TRIVIAL_DENSE/Labels/label-523.png.

Took 22.29 seconds.

Loading MT points from /Users/karan/tubulaton/tubulaton-run/tubulaton-524.vtk to numpy array...
Simulating positions of fluorophores...
Number of FPs: 12862157559.271572
Generating label segmentation...
4507 tubulin found in focal plane.
Calculating fluorophore density over focal plane...
34545 fluorophores found in the focal plane.
Calculating fluorophore photon emission rate...
Fluorophore photon emission per second = 9470381.451524047
Applying point spread function to light intensity array...
Simulating shot noise...
Quantizing intensities...

Saved data to /Users/karan/microsegmentation/SyntheticData_TRIVIAL_DENSE/Images/image-524.png and /Users/karan/microsegmentation/SyntheticData_TRIVIAL_DENSE/Labels/label-524.png.

Took 22.14 seconds.

Loading MT points from /Users/karan/tubulaton/tubulaton-run/tubulaton-525.vtk to numpy array...
Simulating positions of fluorophores...
Number of FPs: 12586920908.867626
Generating label segmentation...
9520 tubulin found in focal plane.
Calculating fluorophore density over focal plane...
38707 fluorophores found in the focal plane.
Calculating fluorophore photon emission rate...
Fluorophore photon emission per second = 9470381.451524047
Applying point spread function to light intensity array...
Simulating shot noise...
Quantizing intensities...

Saved data to /Users/karan/microsegmentation/SyntheticData_TRIVIAL_DENSE/Images/image-525.png and /Users/karan/microsegmentation/SyntheticData_TRIVIAL_DENSE/Labels/label-525.png.

Took 21.93 seconds.

Loading MT points from /Users/karan/tubulaton/tubulaton-run/tubulaton-526.vtk to numpy array...
Simulating positions of fluorophores...
Number of FPs: 12539068779.034054
Generating label segmentation...
10786 tubulin found in focal plane.
Calculating fluorophore density over focal plane...
50624 fluorophores found in the focal plane.
Calculating fluorophore photon emission rate...
Fluorophore photon emission per second = 9470381.451524047
Applying point spread function to light intensity array...
Simulating shot noise...
Quantizing intensities...

Saved data to /Users/karan/microsegmentation/SyntheticData_TRIVIAL_DENSE/Images/image-526.png and /Users/karan/microsegmentation/SyntheticData_TRIVIAL_DENSE/Labels/label-526.png.

Took 22.31 seconds.

Loading MT points from /Users/karan/tubulaton/tubulaton-run/tubulaton-527.vtk to numpy array...
Simulating positions of fluorophores...
Number of FPs: 12244852448.618225
Generating label segmentation...
10379 tubulin found in focal plane.
Calculating fluorophore density over focal plane...
38826 fluorophores found in the focal plane.
Calculating fluorophore photon emission rate...
Fluorophore photon emission per second = 9470381.451524047
Applying point spread function to light intensity array...
Simulating shot noise...
Quantizing intensities...

Saved data to /Users/karan/microsegmentation/SyntheticData_TRIVIAL_DENSE/Images/image-527.png and /Users/karan/microsegmentation/SyntheticData_TRIVIAL_DENSE/Labels/label-527.png.

Took 21.52 seconds.

Loading MT points from /Users/karan/tubulaton/tubulaton-run/tubulaton-528.vtk to numpy array...
Simulating positions of fluorophores...
Number of FPs: 12394131455.23136
Generating label segmentation...
11310 tubulin found in focal plane.
Calculating fluorophore density over focal plane...
42808 fluorophores found in the focal plane.
Calculating fluorophore photon emission rate...
Fluorophore photon emission per second = 9470381.451524047
Applying point spread function to light intensity array...
Simulating shot noise...
Quantizing intensities...

Saved data to /Users/karan/microsegmentation/SyntheticData_TRIVIAL_DENSE/Images/image-528.png and /Users/karan/microsegmentation/SyntheticData_TRIVIAL_DENSE/Labels/label-528.png.

Took 22.04 seconds.

Loading MT points from /Users/karan/tubulaton/tubulaton-run/tubulaton-529.vtk to numpy array...
Simulating positions of fluorophores...
Number of FPs: 12312744639.967344
Generating label segmentation...
6624 tubulin found in focal plane.
Calculating fluorophore density over focal plane...
42664 fluorophores found in the focal plane.
Calculating fluorophore photon emission rate...
Fluorophore photon emission per second = 9470381.451524047
Applying point spread function to light intensity array...
Simulating shot noise...
Quantizing intensities...

Saved data to /Users/karan/microsegmentation/SyntheticData_TRIVIAL_DENSE/Images/image-529.png and /Users/karan/microsegmentation/SyntheticData_TRIVIAL_DENSE/Labels/label-529.png.

Took 22.01 seconds.

Loading MT points from /Users/karan/tubulaton/tubulaton-run/tubulaton-530.vtk to numpy array...
Simulating positions of fluorophores...
Number of FPs: 12761705963.950333
Generating label segmentation...
8760 tubulin found in focal plane.
Calculating fluorophore density over focal plane...
50320 fluorophores found in the focal plane.
Calculating fluorophore photon emission rate...
Fluorophore photon emission per second = 9470381.451524047
Applying point spread function to light intensity array...
Simulating shot noise...
Quantizing intensities...

Saved data to /Users/karan/microsegmentation/SyntheticData_TRIVIAL_DENSE/Images/image-530.png and /Users/karan/microsegmentation/SyntheticData_TRIVIAL_DENSE/Labels/label-530.png.

Took 22.56 seconds.

Loading MT points from /Users/karan/tubulaton/tubulaton-run/tubulaton-531.vtk to numpy array...
Simulating positions of fluorophores...
Number of FPs: 11747773708.36621
Generating label segmentation...
11370 tubulin found in focal plane.
Calculating fluorophore density over focal plane...
43353 fluorophores found in the focal plane.
Calculating fluorophore photon emission rate...
Fluorophore photon emission per second = 9470381.451524047
Applying point spread function to light intensity array...
Simulating shot noise...
Quantizing intensities...

Saved data to /Users/karan/microsegmentation/SyntheticData_TRIVIAL_DENSE/Images/image-531.png and /Users/karan/microsegmentation/SyntheticData_TRIVIAL_DENSE/Labels/label-531.png.

Took 21.18 seconds.

Loading MT points from /Users/karan/tubulaton/tubulaton-run/tubulaton-532.vtk to numpy array...
Simulating positions of fluorophores...
Number of FPs: 13571177057.398977
Generating label segmentation...
13354 tubulin found in focal plane.
Calculating fluorophore density over focal plane...
41982 fluorophores found in the focal plane.
Calculating fluorophore photon emission rate...
Fluorophore photon emission per second = 9470381.451524047
Applying point spread function to light intensity array...
Simulating shot noise...
Quantizing intensities...

Saved data to /Users/karan/microsegmentation/SyntheticData_TRIVIAL_DENSE/Images/image-532.png and /Users/karan/microsegmentation/SyntheticData_TRIVIAL_DENSE/Labels/label-532.png.

Took 23.37 seconds.

Loading MT points from /Users/karan/tubulaton/tubulaton-run/tubulaton-533.vtk to numpy array...
Simulating positions of fluorophores...
Number of FPs: 12343299180.714468
Generating label segmentation...
12476 tubulin found in focal plane.
Calculating fluorophore density over focal plane...
44280 fluorophores found in the focal plane.
Calculating fluorophore photon emission rate...
Fluorophore photon emission per second = 9470381.451524047
Applying point spread function to light intensity array...
Simulating shot noise...
Quantizing intensities...

Saved data to /Users/karan/microsegmentation/SyntheticData_TRIVIAL_DENSE/Images/image-533.png and /Users/karan/microsegmentation/SyntheticData_TRIVIAL_DENSE/Labels/label-533.png.

Took 21.82 seconds.

Loading MT points from /Users/karan/tubulaton/tubulaton-run/tubulaton-534.vtk to numpy array...
Simulating positions of fluorophores...
Number of FPs: 11982054232.790865
Generating label segmentation...
14686 tubulin found in focal plane.
Calculating fluorophore density over focal plane...
51446 fluorophores found in the focal plane.
Calculating fluorophore photon emission rate...
Fluorophore photon emission per second = 9470381.451524047
Applying point spread function to light intensity array...
Simulating shot noise...
Quantizing intensities...

Saved data to /Users/karan/microsegmentation/SyntheticData_TRIVIAL_DENSE/Images/image-534.png and /Users/karan/microsegmentation/SyntheticData_TRIVIAL_DENSE/Labels/label-534.png.

Took 22.41 seconds.

Loading MT points from /Users/karan/tubulaton/tubulaton-run/tubulaton-535.vtk to numpy array...
Simulating positions of fluorophores...
Number of FPs: 12172749251.893051
Generating label segmentation...
8484 tubulin found in focal plane.
Calculating fluorophore density over focal plane...
43731 fluorophores found in the focal plane.
Calculating fluorophore photon emission rate...
Fluorophore photon emission per second = 9470381.451524047
Applying point spread function to light intensity array...
Simulating shot noise...
Quantizing intensities...

Saved data to /Users/karan/microsegmentation/SyntheticData_TRIVIAL_DENSE/Images/image-535.png and /Users/karan/microsegmentation/SyntheticData_TRIVIAL_DENSE/Labels/label-535.png.

Took 22.30 seconds.

Loading MT points from /Users/karan/tubulaton/tubulaton-run/tubulaton-536.vtk to numpy array...
Simulating positions of fluorophores...
Number of FPs: 12177443121.219868
Generating label segmentation...
11822 tubulin found in focal plane.
Calculating fluorophore density over focal plane...
49530 fluorophores found in the focal plane.
Calculating fluorophore photon emission rate...
Fluorophore photon emission per second = 9470381.451524047
Applying point spread function to light intensity array...
Simulating shot noise...
Quantizing intensities...

Saved data to /Users/karan/microsegmentation/SyntheticData_TRIVIAL_DENSE/Images/image-536.png and /Users/karan/microsegmentation/SyntheticData_TRIVIAL_DENSE/Labels/label-536.png.

Took 22.16 seconds.

Loading MT points from /Users/karan/tubulaton/tubulaton-run/tubulaton-537.vtk to numpy array...
Simulating positions of fluorophores...
Number of FPs: 12011886812.21096
Generating label segmentation...
9011 tubulin found in focal plane.
Calculating fluorophore density over focal plane...
35904 fluorophores found in the focal plane.
Calculating fluorophore photon emission rate...
Fluorophore photon emission per second = 9470381.451524047
Applying point spread function to light intensity array...
Simulating shot noise...
Quantizing intensities...

Saved data to /Users/karan/microsegmentation/SyntheticData_TRIVIAL_DENSE/Images/image-537.png and /Users/karan/microsegmentation/SyntheticData_TRIVIAL_DENSE/Labels/label-537.png.

Took 21.45 seconds.

Loading MT points from /Users/karan/tubulaton/tubulaton-run/tubulaton-538.vtk to numpy array...
Simulating positions of fluorophores...
Number of FPs: 12449556135.956894
Generating label segmentation...
10162 tubulin found in focal plane.
Calculating fluorophore density over focal plane...
40531 fluorophores found in the focal plane.
Calculating fluorophore photon emission rate...
Fluorophore photon emission per second = 9470381.451524047
Applying point spread function to light intensity array...
Simulating shot noise...
Quantizing intensities...

Saved data to /Users/karan/microsegmentation/SyntheticData_TRIVIAL_DENSE/Images/image-538.png and /Users/karan/microsegmentation/SyntheticData_TRIVIAL_DENSE/Labels/label-538.png.

Took 22.23 seconds.

Loading MT points from /Users/karan/tubulaton/tubulaton-run/tubulaton-539.vtk to numpy array...
Simulating positions of fluorophores...
Number of FPs: 12513170853.918884
Generating label segmentation...
12209 tubulin found in focal plane.
Calculating fluorophore density over focal plane...
40814 fluorophores found in the focal plane.
Calculating fluorophore photon emission rate...
Fluorophore photon emission per second = 9470381.451524047
Applying point spread function to light intensity array...
Simulating shot noise...
Quantizing intensities...

Saved data to /Users/karan/microsegmentation/SyntheticData_TRIVIAL_DENSE/Images/image-539.png and /Users/karan/microsegmentation/SyntheticData_TRIVIAL_DENSE/Labels/label-539.png.

Took 22.38 seconds.

Loading MT points from /Users/karan/tubulaton/tubulaton-run/tubulaton-540.vtk to numpy array...
Simulating positions of fluorophores...
Number of FPs: 12984522931.479477
Generating label segmentation...
6860 tubulin found in focal plane.
Calculating fluorophore density over focal plane...
35082 fluorophores found in the focal plane.
Calculating fluorophore photon emission rate...
Fluorophore photon emission per second = 9470381.451524047
Applying point spread function to light intensity array...
Simulating shot noise...
Quantizing intensities...

Saved data to /Users/karan/microsegmentation/SyntheticData_TRIVIAL_DENSE/Images/image-540.png and /Users/karan/microsegmentation/SyntheticData_TRIVIAL_DENSE/Labels/label-540.png.

Took 22.64 seconds.

Loading MT points from /Users/karan/tubulaton/tubulaton-run/tubulaton-541.vtk to numpy array...
Simulating positions of fluorophores...
Number of FPs: 12720054226.353733
Generating label segmentation...
8675 tubulin found in focal plane.
Calculating fluorophore density over focal plane...
34256 fluorophores found in the focal plane.
Calculating fluorophore photon emission rate...
Fluorophore photon emission per second = 9470381.451524047
Applying point spread function to light intensity array...
Simulating shot noise...
Quantizing intensities...

Saved data to /Users/karan/microsegmentation/SyntheticData_TRIVIAL_DENSE/Images/image-541.png and /Users/karan/microsegmentation/SyntheticData_TRIVIAL_DENSE/Labels/label-541.png.

Took 22.33 seconds.

Loading MT points from /Users/karan/tubulaton/tubulaton-run/tubulaton-542.vtk to numpy array...
Simulating positions of fluorophores...
Number of FPs: 12692576337.322811
Generating label segmentation...
9297 tubulin found in focal plane.
Calculating fluorophore density over focal plane...
39754 fluorophores found in the focal plane.
Calculating fluorophore photon emission rate...
Fluorophore photon emission per second = 9470381.451524047
Applying point spread function to light intensity array...
Simulating shot noise...
Quantizing intensities...

Saved data to /Users/karan/microsegmentation/SyntheticData_TRIVIAL_DENSE/Images/image-542.png and /Users/karan/microsegmentation/SyntheticData_TRIVIAL_DENSE/Labels/label-542.png.

Took 22.49 seconds.

Loading MT points from /Users/karan/tubulaton/tubulaton-run/tubulaton-543.vtk to numpy array...
Simulating positions of fluorophores...
Number of FPs: 12349406697.131454
Generating label segmentation...
6233 tubulin found in focal plane.
Calculating fluorophore density over focal plane...
35341 fluorophores found in the focal plane.
Calculating fluorophore photon emission rate...
Fluorophore photon emission per second = 9470381.451524047
Applying point spread function to light intensity array...
Simulating shot noise...
Quantizing intensities...

Saved data to /Users/karan/microsegmentation/SyntheticData_TRIVIAL_DENSE/Images/image-543.png and /Users/karan/microsegmentation/SyntheticData_TRIVIAL_DENSE/Labels/label-543.png.

Took 21.75 seconds.

Loading MT points from /Users/karan/tubulaton/tubulaton-run/tubulaton-544.vtk to numpy array...
Simulating positions of fluorophores...
Number of FPs: 12720014156.456179
Generating label segmentation...
9857 tubulin found in focal plane.
Calculating fluorophore density over focal plane...
38186 fluorophores found in the focal plane.
Calculating fluorophore photon emission rate...
Fluorophore photon emission per second = 9470381.451524047
Applying point spread function to light intensity array...
Simulating shot noise...
Quantizing intensities...

Saved data to /Users/karan/microsegmentation/SyntheticData_TRIVIAL_DENSE/Images/image-544.png and /Users/karan/microsegmentation/SyntheticData_TRIVIAL_DENSE/Labels/label-544.png.

Took 22.38 seconds.

Loading MT points from /Users/karan/tubulaton/tubulaton-run/tubulaton-545.vtk to numpy array...
Simulating positions of fluorophores...
Number of FPs: 12492015533.864656
Generating label segmentation...
13374 tubulin found in focal plane.
Calculating fluorophore density over focal plane...
41866 fluorophores found in the focal plane.
Calculating fluorophore photon emission rate...
Fluorophore photon emission per second = 9470381.451524047
Applying point spread function to light intensity array...
Simulating shot noise...
Quantizing intensities...

Saved data to /Users/karan/microsegmentation/SyntheticData_TRIVIAL_DENSE/Images/image-545.png and /Users/karan/microsegmentation/SyntheticData_TRIVIAL_DENSE/Labels/label-545.png.

Took 21.42 seconds.

Loading MT points from /Users/karan/tubulaton/tubulaton-run/tubulaton-546.vtk to numpy array...
Simulating positions of fluorophores...
Number of FPs: 12777649196.874512
Generating label segmentation...
12083 tubulin found in focal plane.
Calculating fluorophore density over focal plane...
53185 fluorophores found in the focal plane.
Calculating fluorophore photon emission rate...
Fluorophore photon emission per second = 9470381.451524047
Applying point spread function to light intensity array...
Simulating shot noise...
Quantizing intensities...

Saved data to /Users/karan/microsegmentation/SyntheticData_TRIVIAL_DENSE/Images/image-546.png and /Users/karan/microsegmentation/SyntheticData_TRIVIAL_DENSE/Labels/label-546.png.

Took 22.91 seconds.

Loading MT points from /Users/karan/tubulaton/tubulaton-run/tubulaton-547.vtk to numpy array...
Simulating positions of fluorophores...
Number of FPs: 12386418753.443714
Generating label segmentation...
12615 tubulin found in focal plane.
Calculating fluorophore density over focal plane...
42994 fluorophores found in the focal plane.
Calculating fluorophore photon emission rate...
Fluorophore photon emission per second = 9470381.451524047
Applying point spread function to light intensity array...
Simulating shot noise...
Quantizing intensities...

Saved data to /Users/karan/microsegmentation/SyntheticData_TRIVIAL_DENSE/Images/image-547.png and /Users/karan/microsegmentation/SyntheticData_TRIVIAL_DENSE/Labels/label-547.png.

Took 22.32 seconds.

Loading MT points from /Users/karan/tubulaton/tubulaton-run/tubulaton-548.vtk to numpy array...
Simulating positions of fluorophores...
Number of FPs: 12206365963.233435
Generating label segmentation...
9700 tubulin found in focal plane.
Calculating fluorophore density over focal plane...
42454 fluorophores found in the focal plane.
Calculating fluorophore photon emission rate...
Fluorophore photon emission per second = 9470381.451524047
Applying point spread function to light intensity array...
Simulating shot noise...
Quantizing intensities...

Saved data to /Users/karan/microsegmentation/SyntheticData_TRIVIAL_DENSE/Images/image-548.png and /Users/karan/microsegmentation/SyntheticData_TRIVIAL_DENSE/Labels/label-548.png.

Took 22.33 seconds.

Loading MT points from /Users/karan/tubulaton/tubulaton-run/tubulaton-549.vtk to numpy array...
Simulating positions of fluorophores...
Number of FPs: 12988082216.165798
Generating label segmentation...
10473 tubulin found in focal plane.
Calculating fluorophore density over focal plane...
37898 fluorophores found in the focal plane.
Calculating fluorophore photon emission rate...
Fluorophore photon emission per second = 9470381.451524047
Applying point spread function to light intensity array...
Simulating shot noise...
Quantizing intensities...

Saved data to /Users/karan/microsegmentation/SyntheticData_TRIVIAL_DENSE/Images/image-549.png and /Users/karan/microsegmentation/SyntheticData_TRIVIAL_DENSE/Labels/label-549.png.

Took 22.29 seconds.

Loading MT points from /Users/karan/tubulaton/tubulaton-run/tubulaton-550.vtk to numpy array...
Simulating positions of fluorophores...
Number of FPs: 12743977120.133823
Generating label segmentation...
10737 tubulin found in focal plane.
Calculating fluorophore density over focal plane...
41862 fluorophores found in the focal plane.
Calculating fluorophore photon emission rate...
Fluorophore photon emission per second = 9470381.451524047
Applying point spread function to light intensity array...
Simulating shot noise...
Quantizing intensities...

Saved data to /Users/karan/microsegmentation/SyntheticData_TRIVIAL_DENSE/Images/image-550.png and /Users/karan/microsegmentation/SyntheticData_TRIVIAL_DENSE/Labels/label-550.png.

Took 22.51 seconds.

Loading MT points from /Users/karan/tubulaton/tubulaton-run/tubulaton-551.vtk to numpy array...
Simulating positions of fluorophores...
Number of FPs: 11972751906.557062
Generating label segmentation...
16107 tubulin found in focal plane.
Calculating fluorophore density over focal plane...
47591 fluorophores found in the focal plane.
Calculating fluorophore photon emission rate...
Fluorophore photon emission per second = 9470381.451524047
Applying point spread function to light intensity array...
Simulating shot noise...
Quantizing intensities...

Saved data to /Users/karan/microsegmentation/SyntheticData_TRIVIAL_DENSE/Images/image-551.png and /Users/karan/microsegmentation/SyntheticData_TRIVIAL_DENSE/Labels/label-551.png.

Took 21.73 seconds.

Loading MT points from /Users/karan/tubulaton/tubulaton-run/tubulaton-552.vtk to numpy array...
Simulating positions of fluorophores...
Number of FPs: 12183902525.579594
Generating label segmentation...
9207 tubulin found in focal plane.
Calculating fluorophore density over focal plane...
39190 fluorophores found in the focal plane.
Calculating fluorophore photon emission rate...
Fluorophore photon emission per second = 9470381.451524047
Applying point spread function to light intensity array...
Simulating shot noise...
Quantizing intensities...

Saved data to /Users/karan/microsegmentation/SyntheticData_TRIVIAL_DENSE/Images/image-552.png and /Users/karan/microsegmentation/SyntheticData_TRIVIAL_DENSE/Labels/label-552.png.

Took 21.92 seconds.

Loading MT points from /Users/karan/tubulaton/tubulaton-run/tubulaton-553.vtk to numpy array...
Simulating positions of fluorophores...
Number of FPs: 12358059272.184376
Generating label segmentation...
11037 tubulin found in focal plane.
Calculating fluorophore density over focal plane...
44086 fluorophores found in the focal plane.
Calculating fluorophore photon emission rate...
Fluorophore photon emission per second = 9470381.451524047
Applying point spread function to light intensity array...
Simulating shot noise...
Quantizing intensities...

Saved data to /Users/karan/microsegmentation/SyntheticData_TRIVIAL_DENSE/Images/image-553.png and /Users/karan/microsegmentation/SyntheticData_TRIVIAL_DENSE/Labels/label-553.png.

Took 21.81 seconds.

Loading MT points from /Users/karan/tubulaton/tubulaton-run/tubulaton-554.vtk to numpy array...
Simulating positions of fluorophores...
Number of FPs: 12339229630.068624
Generating label segmentation...
8532 tubulin found in focal plane.
Calculating fluorophore density over focal plane...
44198 fluorophores found in the focal plane.
Calculating fluorophore photon emission rate...
Fluorophore photon emission per second = 9470381.451524047
Applying point spread function to light intensity array...
Simulating shot noise...
Quantizing intensities...

Saved data to /Users/karan/microsegmentation/SyntheticData_TRIVIAL_DENSE/Images/image-554.png and /Users/karan/microsegmentation/SyntheticData_TRIVIAL_DENSE/Labels/label-554.png.

Took 21.86 seconds.

Loading MT points from /Users/karan/tubulaton/tubulaton-run/tubulaton-555.vtk to numpy array...
Simulating positions of fluorophores...
Number of FPs: 13293144419.168371
Generating label segmentation...
7802 tubulin found in focal plane.
Calculating fluorophore density over focal plane...
32286 fluorophores found in the focal plane.
Calculating fluorophore photon emission rate...
Fluorophore photon emission per second = 9470381.451524047
Applying point spread function to light intensity array...
Simulating shot noise...
Quantizing intensities...

Saved data to /Users/karan/microsegmentation/SyntheticData_TRIVIAL_DENSE/Images/image-555.png and /Users/karan/microsegmentation/SyntheticData_TRIVIAL_DENSE/Labels/label-555.png.

Took 22.58 seconds.

Loading MT points from /Users/karan/tubulaton/tubulaton-run/tubulaton-556.vtk to numpy array...
Simulating positions of fluorophores...
Number of FPs: 12704895049.460567
Generating label segmentation...
11226 tubulin found in focal plane.
Calculating fluorophore density over focal plane...
44662 fluorophores found in the focal plane.
Calculating fluorophore photon emission rate...
Fluorophore photon emission per second = 9470381.451524047
Applying point spread function to light intensity array...
Simulating shot noise...
Quantizing intensities...

Saved data to /Users/karan/microsegmentation/SyntheticData_TRIVIAL_DENSE/Images/image-556.png and /Users/karan/microsegmentation/SyntheticData_TRIVIAL_DENSE/Labels/label-556.png.

Took 22.75 seconds.

Loading MT points from /Users/karan/tubulaton/tubulaton-run/tubulaton-557.vtk to numpy array...
Simulating positions of fluorophores...
Number of FPs: 12517681077.830387
Generating label segmentation...
12469 tubulin found in focal plane.
Calculating fluorophore density over focal plane...
41565 fluorophores found in the focal plane.
Calculating fluorophore photon emission rate...
Fluorophore photon emission per second = 9470381.451524047
Applying point spread function to light intensity array...
Simulating shot noise...
Quantizing intensities...

Saved data to /Users/karan/microsegmentation/SyntheticData_TRIVIAL_DENSE/Images/image-557.png and /Users/karan/microsegmentation/SyntheticData_TRIVIAL_DENSE/Labels/label-557.png.

Took 22.03 seconds.

Loading MT points from /Users/karan/tubulaton/tubulaton-run/tubulaton-558.vtk to numpy array...
Simulating positions of fluorophores...
Number of FPs: 12779906998.097532
Generating label segmentation...
7317 tubulin found in focal plane.
Calculating fluorophore density over focal plane...
33594 fluorophores found in the focal plane.
Calculating fluorophore photon emission rate...
Fluorophore photon emission per second = 9470381.451524047
Applying point spread function to light intensity array...
Simulating shot noise...
Quantizing intensities...

Saved data to /Users/karan/microsegmentation/SyntheticData_TRIVIAL_DENSE/Images/image-558.png and /Users/karan/microsegmentation/SyntheticData_TRIVIAL_DENSE/Labels/label-558.png.

Took 21.81 seconds.

Loading MT points from /Users/karan/tubulaton/tubulaton-run/tubulaton-559.vtk to numpy array...
Simulating positions of fluorophores...
Number of FPs: 12402865041.29464
Generating label segmentation...
9263 tubulin found in focal plane.
Calculating fluorophore density over focal plane...
36186 fluorophores found in the focal plane.
Calculating fluorophore photon emission rate...
Fluorophore photon emission per second = 9470381.451524047
Applying point spread function to light intensity array...
Simulating shot noise...
Quantizing intensities...

Saved data to /Users/karan/microsegmentation/SyntheticData_TRIVIAL_DENSE/Images/image-559.png and /Users/karan/microsegmentation/SyntheticData_TRIVIAL_DENSE/Labels/label-559.png.

Took 21.48 seconds.

Loading MT points from /Users/karan/tubulaton/tubulaton-run/tubulaton-560.vtk to numpy array...
Simulating positions of fluorophores...
Number of FPs: 12059048927.572783
Generating label segmentation...
6539 tubulin found in focal plane.
Calculating fluorophore density over focal plane...
41043 fluorophores found in the focal plane.
Calculating fluorophore photon emission rate...
Fluorophore photon emission per second = 9470381.451524047
Applying point spread function to light intensity array...
Simulating shot noise...
Quantizing intensities...

Saved data to /Users/karan/microsegmentation/SyntheticData_TRIVIAL_DENSE/Images/image-560.png and /Users/karan/microsegmentation/SyntheticData_TRIVIAL_DENSE/Labels/label-560.png.

Took 21.18 seconds.

Loading MT points from /Users/karan/tubulaton/tubulaton-run/tubulaton-561.vtk to numpy array...
Simulating positions of fluorophores...
Number of FPs: 12578670265.558119
Generating label segmentation...
9410 tubulin found in focal plane.
Calculating fluorophore density over focal plane...
41432 fluorophores found in the focal plane.
Calculating fluorophore photon emission rate...
Fluorophore photon emission per second = 9470381.451524047
Applying point spread function to light intensity array...
Simulating shot noise...
Quantizing intensities...

Saved data to /Users/karan/microsegmentation/SyntheticData_TRIVIAL_DENSE/Images/image-561.png and /Users/karan/microsegmentation/SyntheticData_TRIVIAL_DENSE/Labels/label-561.png.

Took 22.68 seconds.

Loading MT points from /Users/karan/tubulaton/tubulaton-run/tubulaton-562.vtk to numpy array...
Simulating positions of fluorophores...
Number of FPs: 12288661678.761583
Generating label segmentation...
10560 tubulin found in focal plane.
Calculating fluorophore density over focal plane...
40418 fluorophores found in the focal plane.
Calculating fluorophore photon emission rate...
Fluorophore photon emission per second = 9470381.451524047
Applying point spread function to light intensity array...
Simulating shot noise...
Quantizing intensities...

Saved data to /Users/karan/microsegmentation/SyntheticData_TRIVIAL_DENSE/Images/image-562.png and /Users/karan/microsegmentation/SyntheticData_TRIVIAL_DENSE/Labels/label-562.png.

Took 21.97 seconds.

Loading MT points from /Users/karan/tubulaton/tubulaton-run/tubulaton-563.vtk to numpy array...
Simulating positions of fluorophores...
Number of FPs: 12170473133.517344
Generating label segmentation...
12123 tubulin found in focal plane.
Calculating fluorophore density over focal plane...
43894 fluorophores found in the focal plane.
Calculating fluorophore photon emission rate...
Fluorophore photon emission per second = 9470381.451524047
Applying point spread function to light intensity array...
Simulating shot noise...
Quantizing intensities...

Saved data to /Users/karan/microsegmentation/SyntheticData_TRIVIAL_DENSE/Images/image-563.png and /Users/karan/microsegmentation/SyntheticData_TRIVIAL_DENSE/Labels/label-563.png.

Took 21.63 seconds.

Loading MT points from /Users/karan/tubulaton/tubulaton-run/tubulaton-564.vtk to numpy array...
Simulating positions of fluorophores...
Number of FPs: 12198600646.639818
Generating label segmentation...
13065 tubulin found in focal plane.
Calculating fluorophore density over focal plane...
47877 fluorophores found in the focal plane.
Calculating fluorophore photon emission rate...
Fluorophore photon emission per second = 9470381.451524047
Applying point spread function to light intensity array...
Simulating shot noise...
Quantizing intensities...

Saved data to /Users/karan/microsegmentation/SyntheticData_TRIVIAL_DENSE/Images/image-564.png and /Users/karan/microsegmentation/SyntheticData_TRIVIAL_DENSE/Labels/label-564.png.

Took 21.90 seconds.

Loading MT points from /Users/karan/tubulaton/tubulaton-run/tubulaton-565.vtk to numpy array...
Simulating positions of fluorophores...
Number of FPs: 12798353638.945778
Generating label segmentation...
4272 tubulin found in focal plane.
Calculating fluorophore density over focal plane...
33651 fluorophores found in the focal plane.
Calculating fluorophore photon emission rate...
Fluorophore photon emission per second = 9470381.451524047
Applying point spread function to light intensity array...
Simulating shot noise...
Quantizing intensities...

Saved data to /Users/karan/microsegmentation/SyntheticData_TRIVIAL_DENSE/Images/image-565.png and /Users/karan/microsegmentation/SyntheticData_TRIVIAL_DENSE/Labels/label-565.png.

Took 21.88 seconds.

Loading MT points from /Users/karan/tubulaton/tubulaton-run/tubulaton-566.vtk to numpy array...
Simulating positions of fluorophores...
Number of FPs: 12955187247.164207
Generating label segmentation...
4901 tubulin found in focal plane.
Calculating fluorophore density over focal plane...
30887 fluorophores found in the focal plane.
Calculating fluorophore photon emission rate...
Fluorophore photon emission per second = 9470381.451524047
Applying point spread function to light intensity array...
Simulating shot noise...
Quantizing intensities...

Saved data to /Users/karan/microsegmentation/SyntheticData_TRIVIAL_DENSE/Images/image-566.png and /Users/karan/microsegmentation/SyntheticData_TRIVIAL_DENSE/Labels/label-566.png.

Took 22.12 seconds.

Loading MT points from /Users/karan/tubulaton/tubulaton-run/tubulaton-567.vtk to numpy array...
Simulating positions of fluorophores...
Number of FPs: 12626867141.341257
Generating label segmentation...
13369 tubulin found in focal plane.
Calculating fluorophore density over focal plane...
37153 fluorophores found in the focal plane.
Calculating fluorophore photon emission rate...
Fluorophore photon emission per second = 9470381.451524047
Applying point spread function to light intensity array...
Simulating shot noise...
Quantizing intensities...

Saved data to /Users/karan/microsegmentation/SyntheticData_TRIVIAL_DENSE/Images/image-567.png and /Users/karan/microsegmentation/SyntheticData_TRIVIAL_DENSE/Labels/label-567.png.

Took 21.97 seconds.

Loading MT points from /Users/karan/tubulaton/tubulaton-run/tubulaton-568.vtk to numpy array...
Simulating positions of fluorophores...
Number of FPs: 12693727924.066452
Generating label segmentation...
7970 tubulin found in focal plane.
Calculating fluorophore density over focal plane...
46171 fluorophores found in the focal plane.
Calculating fluorophore photon emission rate...
Fluorophore photon emission per second = 9470381.451524047
Applying point spread function to light intensity array...
Simulating shot noise...
Quantizing intensities...

Saved data to /Users/karan/microsegmentation/SyntheticData_TRIVIAL_DENSE/Images/image-568.png and /Users/karan/microsegmentation/SyntheticData_TRIVIAL_DENSE/Labels/label-568.png.

Took 22.15 seconds.

Loading MT points from /Users/karan/tubulaton/tubulaton-run/tubulaton-569.vtk to numpy array...
Simulating positions of fluorophores...
Number of FPs: 12672552604.244095
Generating label segmentation...
10490 tubulin found in focal plane.
Calculating fluorophore density over focal plane...
43339 fluorophores found in the focal plane.
Calculating fluorophore photon emission rate...
Fluorophore photon emission per second = 9470381.451524047
Applying point spread function to light intensity array...
Simulating shot noise...
Quantizing intensities...

Saved data to /Users/karan/microsegmentation/SyntheticData_TRIVIAL_DENSE/Images/image-569.png and /Users/karan/microsegmentation/SyntheticData_TRIVIAL_DENSE/Labels/label-569.png.

Took 22.41 seconds.

Loading MT points from /Users/karan/tubulaton/tubulaton-run/tubulaton-570.vtk to numpy array...
Simulating positions of fluorophores...
Number of FPs: 12466396502.08318
Generating label segmentation...
9394 tubulin found in focal plane.
Calculating fluorophore density over focal plane...
41953 fluorophores found in the focal plane.
Calculating fluorophore photon emission rate...
Fluorophore photon emission per second = 9470381.451524047
Applying point spread function to light intensity array...
Simulating shot noise...
Quantizing intensities...

Saved data to /Users/karan/microsegmentation/SyntheticData_TRIVIAL_DENSE/Images/image-570.png and /Users/karan/microsegmentation/SyntheticData_TRIVIAL_DENSE/Labels/label-570.png.

Took 22.15 seconds.

Loading MT points from /Users/karan/tubulaton/tubulaton-run/tubulaton-571.vtk to numpy array...
Simulating positions of fluorophores...
Number of FPs: 12254401957.480316
Generating label segmentation...
11410 tubulin found in focal plane.
Calculating fluorophore density over focal plane...
46712 fluorophores found in the focal plane.
Calculating fluorophore photon emission rate...
Fluorophore photon emission per second = 9470381.451524047
Applying point spread function to light intensity array...
Simulating shot noise...
Quantizing intensities...

Saved data to /Users/karan/microsegmentation/SyntheticData_TRIVIAL_DENSE/Images/image-571.png and /Users/karan/microsegmentation/SyntheticData_TRIVIAL_DENSE/Labels/label-571.png.

Took 22.02 seconds.

Loading MT points from /Users/karan/tubulaton/tubulaton-run/tubulaton-572.vtk to numpy array...
Simulating positions of fluorophores...
Number of FPs: 12259049674.056767
Generating label segmentation...
7834 tubulin found in focal plane.
Calculating fluorophore density over focal plane...
42470 fluorophores found in the focal plane.
Calculating fluorophore photon emission rate...
Fluorophore photon emission per second = 9470381.451524047
Applying point spread function to light intensity array...
Simulating shot noise...
Quantizing intensities...

Saved data to /Users/karan/microsegmentation/SyntheticData_TRIVIAL_DENSE/Images/image-572.png and /Users/karan/microsegmentation/SyntheticData_TRIVIAL_DENSE/Labels/label-572.png.

Took 22.35 seconds.

Loading MT points from /Users/karan/tubulaton/tubulaton-run/tubulaton-573.vtk to numpy array...
Simulating positions of fluorophores...
Number of FPs: 12157055639.958641
Generating label segmentation...
7732 tubulin found in focal plane.
Calculating fluorophore density over focal plane...
41090 fluorophores found in the focal plane.
Calculating fluorophore photon emission rate...
Fluorophore photon emission per second = 9470381.451524047
Applying point spread function to light intensity array...
Simulating shot noise...
Quantizing intensities...

Saved data to /Users/karan/microsegmentation/SyntheticData_TRIVIAL_DENSE/Images/image-573.png and /Users/karan/microsegmentation/SyntheticData_TRIVIAL_DENSE/Labels/label-573.png.

Took 21.71 seconds.

Loading MT points from /Users/karan/tubulaton/tubulaton-run/tubulaton-574.vtk to numpy array...
Simulating positions of fluorophores...
Number of FPs: 12652211574.38736
Generating label segmentation...
8109 tubulin found in focal plane.
Calculating fluorophore density over focal plane...
43293 fluorophores found in the focal plane.
Calculating fluorophore photon emission rate...
Fluorophore photon emission per second = 9470381.451524047
Applying point spread function to light intensity array...
Simulating shot noise...
Quantizing intensities...

Saved data to /Users/karan/microsegmentation/SyntheticData_TRIVIAL_DENSE/Images/image-574.png and /Users/karan/microsegmentation/SyntheticData_TRIVIAL_DENSE/Labels/label-574.png.

Took 22.63 seconds.

Loading MT points from /Users/karan/tubulaton/tubulaton-run/tubulaton-575.vtk to numpy array...
Simulating positions of fluorophores...
Number of FPs: 12269244225.170855
Generating label segmentation...
8449 tubulin found in focal plane.
Calculating fluorophore density over focal plane...
38983 fluorophores found in the focal plane.
Calculating fluorophore photon emission rate...
Fluorophore photon emission per second = 9470381.451524047
Applying point spread function to light intensity array...
Simulating shot noise...
Quantizing intensities...

Saved data to /Users/karan/microsegmentation/SyntheticData_TRIVIAL_DENSE/Images/image-575.png and /Users/karan/microsegmentation/SyntheticData_TRIVIAL_DENSE/Labels/label-575.png.

Took 21.74 seconds.

Loading MT points from /Users/karan/tubulaton/tubulaton-run/tubulaton-576.vtk to numpy array...
Simulating positions of fluorophores...
Number of FPs: 12321734696.48875
Generating label segmentation...
9426 tubulin found in focal plane.
Calculating fluorophore density over focal plane...
42614 fluorophores found in the focal plane.
Calculating fluorophore photon emission rate...
Fluorophore photon emission per second = 9470381.451524047
Applying point spread function to light intensity array...
Simulating shot noise...
Quantizing intensities...

Saved data to /Users/karan/microsegmentation/SyntheticData_TRIVIAL_DENSE/Images/image-576.png and /Users/karan/microsegmentation/SyntheticData_TRIVIAL_DENSE/Labels/label-576.png.

Took 22.17 seconds.

Loading MT points from /Users/karan/tubulaton/tubulaton-run/tubulaton-577.vtk to numpy array...
Simulating positions of fluorophores...
Number of FPs: 12480428654.379301
Generating label segmentation...
12742 tubulin found in focal plane.
Calculating fluorophore density over focal plane...
41348 fluorophores found in the focal plane.
Calculating fluorophore photon emission rate...
Fluorophore photon emission per second = 9470381.451524047
Applying point spread function to light intensity array...
Simulating shot noise...
Quantizing intensities...

Saved data to /Users/karan/microsegmentation/SyntheticData_TRIVIAL_DENSE/Images/image-577.png and /Users/karan/microsegmentation/SyntheticData_TRIVIAL_DENSE/Labels/label-577.png.

Took 22.45 seconds.

Loading MT points from /Users/karan/tubulaton/tubulaton-run/tubulaton-578.vtk to numpy array...
Simulating positions of fluorophores...
Number of FPs: 12682162019.496962
Generating label segmentation...
12308 tubulin found in focal plane.
Calculating fluorophore density over focal plane...
44085 fluorophores found in the focal plane.
Calculating fluorophore photon emission rate...
Fluorophore photon emission per second = 9470381.451524047
Applying point spread function to light intensity array...
Simulating shot noise...
Quantizing intensities...

Saved data to /Users/karan/microsegmentation/SyntheticData_TRIVIAL_DENSE/Images/image-578.png and /Users/karan/microsegmentation/SyntheticData_TRIVIAL_DENSE/Labels/label-578.png.

Took 22.56 seconds.

Loading MT points from /Users/karan/tubulaton/tubulaton-run/tubulaton-579.vtk to numpy array...
Simulating positions of fluorophores...
Number of FPs: 12087190611.895058
Generating label segmentation...
7942 tubulin found in focal plane.
Calculating fluorophore density over focal plane...
44489 fluorophores found in the focal plane.
Calculating fluorophore photon emission rate...
Fluorophore photon emission per second = 9470381.451524047
Applying point spread function to light intensity array...
Simulating shot noise...
Quantizing intensities...

Saved data to /Users/karan/microsegmentation/SyntheticData_TRIVIAL_DENSE/Images/image-579.png and /Users/karan/microsegmentation/SyntheticData_TRIVIAL_DENSE/Labels/label-579.png.

Took 22.09 seconds.

Loading MT points from /Users/karan/tubulaton/tubulaton-run/tubulaton-580.vtk to numpy array...
Simulating positions of fluorophores...
Number of FPs: 12026667147.228937
Generating label segmentation...
13489 tubulin found in focal plane.
Calculating fluorophore density over focal plane...
49276 fluorophores found in the focal plane.
Calculating fluorophore photon emission rate...
Fluorophore photon emission per second = 9470381.451524047
Applying point spread function to light intensity array...
Simulating shot noise...
Quantizing intensities...

Saved data to /Users/karan/microsegmentation/SyntheticData_TRIVIAL_DENSE/Images/image-580.png and /Users/karan/microsegmentation/SyntheticData_TRIVIAL_DENSE/Labels/label-580.png.

Took 21.92 seconds.

Loading MT points from /Users/karan/tubulaton/tubulaton-run/tubulaton-581.vtk to numpy array...
Simulating positions of fluorophores...
Number of FPs: 12284632207.799706
Generating label segmentation...
16244 tubulin found in focal plane.
Calculating fluorophore density over focal plane...
49199 fluorophores found in the focal plane.
Calculating fluorophore photon emission rate...
Fluorophore photon emission per second = 9470381.451524047
Applying point spread function to light intensity array...
Simulating shot noise...
Quantizing intensities...

Saved data to /Users/karan/microsegmentation/SyntheticData_TRIVIAL_DENSE/Images/image-581.png and /Users/karan/microsegmentation/SyntheticData_TRIVIAL_DENSE/Labels/label-581.png.

Took 22.00 seconds.

Loading MT points from /Users/karan/tubulaton/tubulaton-run/tubulaton-582.vtk to numpy array...
Simulating positions of fluorophores...
Number of FPs: 13126695897.34687
Generating label segmentation...
10897 tubulin found in focal plane.
Calculating fluorophore density over focal plane...
37151 fluorophores found in the focal plane.
Calculating fluorophore photon emission rate...
Fluorophore photon emission per second = 9470381.451524047
Applying point spread function to light intensity array...
Simulating shot noise...
Quantizing intensities...

Saved data to /Users/karan/microsegmentation/SyntheticData_TRIVIAL_DENSE/Images/image-582.png and /Users/karan/microsegmentation/SyntheticData_TRIVIAL_DENSE/Labels/label-582.png.

Took 22.58 seconds.

Loading MT points from /Users/karan/tubulaton/tubulaton-run/tubulaton-583.vtk to numpy array...
Simulating positions of fluorophores...
Number of FPs: 12281485653.19477
Generating label segmentation...
15452 tubulin found in focal plane.
Calculating fluorophore density over focal plane...
54163 fluorophores found in the focal plane.
Calculating fluorophore photon emission rate...
Fluorophore photon emission per second = 9470381.451524047
Applying point spread function to light intensity array...
Simulating shot noise...
Quantizing intensities...

Saved data to /Users/karan/microsegmentation/SyntheticData_TRIVIAL_DENSE/Images/image-583.png and /Users/karan/microsegmentation/SyntheticData_TRIVIAL_DENSE/Labels/label-583.png.

Took 22.31 seconds.

Loading MT points from /Users/karan/tubulaton/tubulaton-run/tubulaton-584.vtk to numpy array...
Simulating positions of fluorophores...
Number of FPs: 12730841441.111378
Generating label segmentation...
8528 tubulin found in focal plane.
Calculating fluorophore density over focal plane...
29083 fluorophores found in the focal plane.
Calculating fluorophore photon emission rate...
Fluorophore photon emission per second = 9470381.451524047
Applying point spread function to light intensity array...
Simulating shot noise...
Quantizing intensities...

Saved data to /Users/karan/microsegmentation/SyntheticData_TRIVIAL_DENSE/Images/image-584.png and /Users/karan/microsegmentation/SyntheticData_TRIVIAL_DENSE/Labels/label-584.png.

Took 21.90 seconds.

Loading MT points from /Users/karan/tubulaton/tubulaton-run/tubulaton-585.vtk to numpy array...
Simulating positions of fluorophores...
Number of FPs: 12497731897.401537
Generating label segmentation...
8381 tubulin found in focal plane.
Calculating fluorophore density over focal plane...
36193 fluorophores found in the focal plane.
Calculating fluorophore photon emission rate...
Fluorophore photon emission per second = 9470381.451524047
Applying point spread function to light intensity array...
Simulating shot noise...
Quantizing intensities...

Saved data to /Users/karan/microsegmentation/SyntheticData_TRIVIAL_DENSE/Images/image-585.png and /Users/karan/microsegmentation/SyntheticData_TRIVIAL_DENSE/Labels/label-585.png.

Took 21.92 seconds.

Loading MT points from /Users/karan/tubulaton/tubulaton-run/tubulaton-586.vtk to numpy array...
Simulating positions of fluorophores...
Number of FPs: 12573176788.692154
Generating label segmentation...
11558 tubulin found in focal plane.
Calculating fluorophore density over focal plane...
41282 fluorophores found in the focal plane.
Calculating fluorophore photon emission rate...
Fluorophore photon emission per second = 9470381.451524047
Applying point spread function to light intensity array...
Simulating shot noise...
Quantizing intensities...

Saved data to /Users/karan/microsegmentation/SyntheticData_TRIVIAL_DENSE/Images/image-586.png and /Users/karan/microsegmentation/SyntheticData_TRIVIAL_DENSE/Labels/label-586.png.

Took 22.13 seconds.

Loading MT points from /Users/karan/tubulaton/tubulaton-run/tubulaton-587.vtk to numpy array...
Simulating positions of fluorophores...
Number of FPs: 12201185184.93802
Generating label segmentation...
10392 tubulin found in focal plane.
Calculating fluorophore density over focal plane...
38441 fluorophores found in the focal plane.
Calculating fluorophore photon emission rate...
Fluorophore photon emission per second = 9470381.451524047
Applying point spread function to light intensity array...
Simulating shot noise...
Quantizing intensities...

Saved data to /Users/karan/microsegmentation/SyntheticData_TRIVIAL_DENSE/Images/image-587.png and /Users/karan/microsegmentation/SyntheticData_TRIVIAL_DENSE/Labels/label-587.png.

Took 21.62 seconds.

Loading MT points from /Users/karan/tubulaton/tubulaton-run/tubulaton-588.vtk to numpy array...
Simulating positions of fluorophores...
Number of FPs: 12531718761.593002
Generating label segmentation...
11323 tubulin found in focal plane.
Calculating fluorophore density over focal plane...
41673 fluorophores found in the focal plane.
Calculating fluorophore photon emission rate...
Fluorophore photon emission per second = 9470381.451524047
Applying point spread function to light intensity array...
Simulating shot noise...
Quantizing intensities...

Saved data to /Users/karan/microsegmentation/SyntheticData_TRIVIAL_DENSE/Images/image-588.png and /Users/karan/microsegmentation/SyntheticData_TRIVIAL_DENSE/Labels/label-588.png.

Took 20.28 seconds.

Loading MT points from /Users/karan/tubulaton/tubulaton-run/tubulaton-589.vtk to numpy array...
Simulating positions of fluorophores...
Number of FPs: 12460371764.161617
Generating label segmentation...
8950 tubulin found in focal plane.
Calculating fluorophore density over focal plane...
37361 fluorophores found in the focal plane.
Calculating fluorophore photon emission rate...
Fluorophore photon emission per second = 9470381.451524047
Applying point spread function to light intensity array...
Simulating shot noise...
Quantizing intensities...

Saved data to /Users/karan/microsegmentation/SyntheticData_TRIVIAL_DENSE/Images/image-589.png and /Users/karan/microsegmentation/SyntheticData_TRIVIAL_DENSE/Labels/label-589.png.

Took 19.62 seconds.

Loading MT points from /Users/karan/tubulaton/tubulaton-run/tubulaton-590.vtk to numpy array...
Simulating positions of fluorophores...
Number of FPs: 11900694607.465174
Generating label segmentation...
13178 tubulin found in focal plane.
Calculating fluorophore density over focal plane...
47511 fluorophores found in the focal plane.
Calculating fluorophore photon emission rate...
Fluorophore photon emission per second = 9470381.451524047
Applying point spread function to light intensity array...
Simulating shot noise...
Quantizing intensities...

Saved data to /Users/karan/microsegmentation/SyntheticData_TRIVIAL_DENSE/Images/image-590.png and /Users/karan/microsegmentation/SyntheticData_TRIVIAL_DENSE/Labels/label-590.png.

Took 19.49 seconds.

Loading MT points from /Users/karan/tubulaton/tubulaton-run/tubulaton-591.vtk to numpy array...
Simulating positions of fluorophores...
Number of FPs: 12509713088.489607
Generating label segmentation...
9397 tubulin found in focal plane.
Calculating fluorophore density over focal plane...
35603 fluorophores found in the focal plane.
Calculating fluorophore photon emission rate...
Fluorophore photon emission per second = 9470381.451524047
Applying point spread function to light intensity array...
Simulating shot noise...
Quantizing intensities...

Saved data to /Users/karan/microsegmentation/SyntheticData_TRIVIAL_DENSE/Images/image-591.png and /Users/karan/microsegmentation/SyntheticData_TRIVIAL_DENSE/Labels/label-591.png.

Took 19.38 seconds.

Loading MT points from /Users/karan/tubulaton/tubulaton-run/tubulaton-592.vtk to numpy array...
Simulating positions of fluorophores...
Number of FPs: 11765243483.282509
Generating label segmentation...
6824 tubulin found in focal plane.
Calculating fluorophore density over focal plane...
46015 fluorophores found in the focal plane.
Calculating fluorophore photon emission rate...
Fluorophore photon emission per second = 9470381.451524047
Applying point spread function to light intensity array...
Simulating shot noise...
Quantizing intensities...

Saved data to /Users/karan/microsegmentation/SyntheticData_TRIVIAL_DENSE/Images/image-592.png and /Users/karan/microsegmentation/SyntheticData_TRIVIAL_DENSE/Labels/label-592.png.

Took 19.23 seconds.

Loading MT points from /Users/karan/tubulaton/tubulaton-run/tubulaton-593.vtk to numpy array...
Simulating positions of fluorophores...
Number of FPs: 12650103087.902178
Generating label segmentation...
9520 tubulin found in focal plane.
Calculating fluorophore density over focal plane...
40822 fluorophores found in the focal plane.
Calculating fluorophore photon emission rate...
Fluorophore photon emission per second = 9470381.451524047
Applying point spread function to light intensity array...
Simulating shot noise...
Quantizing intensities...

Saved data to /Users/karan/microsegmentation/SyntheticData_TRIVIAL_DENSE/Images/image-593.png and /Users/karan/microsegmentation/SyntheticData_TRIVIAL_DENSE/Labels/label-593.png.

Took 19.68 seconds.

Loading MT points from /Users/karan/tubulaton/tubulaton-run/tubulaton-594.vtk to numpy array...
Simulating positions of fluorophores...
Number of FPs: 12869033065.07443
Generating label segmentation...
8527 tubulin found in focal plane.
Calculating fluorophore density over focal plane...
34790 fluorophores found in the focal plane.
Calculating fluorophore photon emission rate...
Fluorophore photon emission per second = 9470381.451524047
Applying point spread function to light intensity array...
Simulating shot noise...
Quantizing intensities...

Saved data to /Users/karan/microsegmentation/SyntheticData_TRIVIAL_DENSE/Images/image-594.png and /Users/karan/microsegmentation/SyntheticData_TRIVIAL_DENSE/Labels/label-594.png.

Took 19.74 seconds.

Loading MT points from /Users/karan/tubulaton/tubulaton-run/tubulaton-595.vtk to numpy array...
Simulating positions of fluorophores...
Number of FPs: 12263607870.356964
Generating label segmentation...
4083 tubulin found in focal plane.
Calculating fluorophore density over focal plane...
36874 fluorophores found in the focal plane.
Calculating fluorophore photon emission rate...
Fluorophore photon emission per second = 9470381.451524047
Applying point spread function to light intensity array...
Simulating shot noise...
Quantizing intensities...

Saved data to /Users/karan/microsegmentation/SyntheticData_TRIVIAL_DENSE/Images/image-595.png and /Users/karan/microsegmentation/SyntheticData_TRIVIAL_DENSE/Labels/label-595.png.

Took 19.65 seconds.

Loading MT points from /Users/karan/tubulaton/tubulaton-run/tubulaton-596.vtk to numpy array...
Simulating positions of fluorophores...
Number of FPs: 12126873920.79308
Generating label segmentation...
10927 tubulin found in focal plane.
Calculating fluorophore density over focal plane...
45780 fluorophores found in the focal plane.
Calculating fluorophore photon emission rate...
Fluorophore photon emission per second = 9470381.451524047
Applying point spread function to light intensity array...
Simulating shot noise...
Quantizing intensities...

Saved data to /Users/karan/microsegmentation/SyntheticData_TRIVIAL_DENSE/Images/image-596.png and /Users/karan/microsegmentation/SyntheticData_TRIVIAL_DENSE/Labels/label-596.png.

Took 19.80 seconds.

Loading MT points from /Users/karan/tubulaton/tubulaton-run/tubulaton-597.vtk to numpy array...
Simulating positions of fluorophores...
Number of FPs: 12261862493.261288
Generating label segmentation...
9378 tubulin found in focal plane.
Calculating fluorophore density over focal plane...
44474 fluorophores found in the focal plane.
Calculating fluorophore photon emission rate...
Fluorophore photon emission per second = 9470381.451524047
Applying point spread function to light intensity array...
Simulating shot noise...
Quantizing intensities...

Saved data to /Users/karan/microsegmentation/SyntheticData_TRIVIAL_DENSE/Images/image-597.png and /Users/karan/microsegmentation/SyntheticData_TRIVIAL_DENSE/Labels/label-597.png.

Took 19.85 seconds.

Loading MT points from /Users/karan/tubulaton/tubulaton-run/tubulaton-598.vtk to numpy array...
Simulating positions of fluorophores...
Number of FPs: 12624128217.738066
Generating label segmentation...
9272 tubulin found in focal plane.
Calculating fluorophore density over focal plane...
36706 fluorophores found in the focal plane.
Calculating fluorophore photon emission rate...
Fluorophore photon emission per second = 9470381.451524047
Applying point spread function to light intensity array...
Simulating shot noise...
Quantizing intensities...

Saved data to /Users/karan/microsegmentation/SyntheticData_TRIVIAL_DENSE/Images/image-598.png and /Users/karan/microsegmentation/SyntheticData_TRIVIAL_DENSE/Labels/label-598.png.

Took 19.88 seconds.

Loading MT points from /Users/karan/tubulaton/tubulaton-run/tubulaton-599.vtk to numpy array...
Simulating positions of fluorophores...
Number of FPs: 12016086641.789862
Generating label segmentation...
7998 tubulin found in focal plane.
Calculating fluorophore density over focal plane...
44373 fluorophores found in the focal plane.
Calculating fluorophore photon emission rate...
Fluorophore photon emission per second = 9470381.451524047
Applying point spread function to light intensity array...
Simulating shot noise...
Quantizing intensities...

Saved data to /Users/karan/microsegmentation/SyntheticData_TRIVIAL_DENSE/Images/image-599.png and /Users/karan/microsegmentation/SyntheticData_TRIVIAL_DENSE/Labels/label-599.png.

Took 19.77 seconds.

Loading MT points from /Users/karan/tubulaton/tubulaton-run/tubulaton-600.vtk to numpy array...
Simulating positions of fluorophores...
Number of FPs: 12301684306.485514
Generating label segmentation...
6698 tubulin found in focal plane.
Calculating fluorophore density over focal plane...
39024 fluorophores found in the focal plane.
Calculating fluorophore photon emission rate...
Fluorophore photon emission per second = 9470381.451524047
Applying point spread function to light intensity array...
Simulating shot noise...
Quantizing intensities...

Saved data to /Users/karan/microsegmentation/SyntheticData_TRIVIAL_DENSE/Images/image-600.png and /Users/karan/microsegmentation/SyntheticData_TRIVIAL_DENSE/Labels/label-600.png.

Took 19.69 seconds.


Took 2182.97 seconds in total.
(21.83 seconds per .vtk file)
