Loaded config file: /Users/karan/microsegmentation/generation/generate_configs/trivial.json5
Using depolymerization rate: 0.9431790303973464

Loading MT points from /Users/karan/tubulaton/tubulaton-run/tubulaton-101.vtk to numpy array...
Simulating positions of fluorophores...
Number of FPs: 12653618046.75984
Generating label segmentation...
1137 tubulin found in focal plane.
Calculating fluorophore density over focal plane...
30044 fluorophores found in the focal plane.
Calculating fluorophore photon emission rate...
Fluorophore photon emission per second = 9470381.451524047
Applying point spread function to light intensity array...
Simulating shot noise...
Quantizing intensities...

Saved data to /Users/karan/microsegmentation/SyntheticData_TRIVIAL_DENSE/Images/image-101.png and /Users/karan/microsegmentation/SyntheticData_TRIVIAL_DENSE/Labels/label-101.png.

Took 30.59 seconds.

Loading MT points from /Users/karan/tubulaton/tubulaton-run/tubulaton-102.vtk to numpy array...
Simulating positions of fluorophores...
Number of FPs: 12987706666.107523
Generating label segmentation...
1366 tubulin found in focal plane.
Calculating fluorophore density over focal plane...
42658 fluorophores found in the focal plane.
Calculating fluorophore photon emission rate...
Fluorophore photon emission per second = 9470381.451524047
Applying point spread function to light intensity array...
Simulating shot noise...
Quantizing intensities...

Saved data to /Users/karan/microsegmentation/SyntheticData_TRIVIAL_DENSE/Images/image-102.png and /Users/karan/microsegmentation/SyntheticData_TRIVIAL_DENSE/Labels/label-102.png.

Took 1057.38 seconds.

Loading MT points from /Users/karan/tubulaton/tubulaton-run/tubulaton-103.vtk to numpy array...
Simulating positions of fluorophores...
Number of FPs: 11919634710.196104
Generating label segmentation...
1102 tubulin found in focal plane.
Calculating fluorophore density over focal plane...
40497 fluorophores found in the focal plane.
Calculating fluorophore photon emission rate...
Fluorophore photon emission per second = 9470381.451524047
Applying point spread function to light intensity array...
Simulating shot noise...
Quantizing intensities...

Saved data to /Users/karan/microsegmentation/SyntheticData_TRIVIAL_DENSE/Images/image-103.png and /Users/karan/microsegmentation/SyntheticData_TRIVIAL_DENSE/Labels/label-103.png.

Took 26.45 seconds.

Loading MT points from /Users/karan/tubulaton/tubulaton-run/tubulaton-104.vtk to numpy array...
Simulating positions of fluorophores...
Number of FPs: 12500735859.230791
Generating label segmentation...
4063 tubulin found in focal plane.
Calculating fluorophore density over focal plane...
43751 fluorophores found in the focal plane.
Calculating fluorophore photon emission rate...
Fluorophore photon emission per second = 9470381.451524047
Applying point spread function to light intensity array...
Simulating shot noise...
Quantizing intensities...

Saved data to /Users/karan/microsegmentation/SyntheticData_TRIVIAL_DENSE/Images/image-104.png and /Users/karan/microsegmentation/SyntheticData_TRIVIAL_DENSE/Labels/label-104.png.

Took 1001.84 seconds.

Loading MT points from /Users/karan/tubulaton/tubulaton-run/tubulaton-105.vtk to numpy array...
Simulating positions of fluorophores...
Number of FPs: 12879398034.20137
Generating label segmentation...
2260 tubulin found in focal plane.
Calculating fluorophore density over focal plane...
42875 fluorophores found in the focal plane.
Calculating fluorophore photon emission rate...
Fluorophore photon emission per second = 9470381.451524047
Applying point spread function to light intensity array...
Simulating shot noise...
Quantizing intensities...

Saved data to /Users/karan/microsegmentation/SyntheticData_TRIVIAL_DENSE/Images/image-105.png and /Users/karan/microsegmentation/SyntheticData_TRIVIAL_DENSE/Labels/label-105.png.

Took 24.20 seconds.

Loading MT points from /Users/karan/tubulaton/tubulaton-run/tubulaton-106.vtk to numpy array...
Simulating positions of fluorophores...
Number of FPs: 12768825521.519358
Generating label segmentation...
2559 tubulin found in focal plane.
Calculating fluorophore density over focal plane...
41275 fluorophores found in the focal plane.
Calculating fluorophore photon emission rate...
Fluorophore photon emission per second = 9470381.451524047
Applying point spread function to light intensity array...
Simulating shot noise...
Quantizing intensities...

Saved data to /Users/karan/microsegmentation/SyntheticData_TRIVIAL_DENSE/Images/image-106.png and /Users/karan/microsegmentation/SyntheticData_TRIVIAL_DENSE/Labels/label-106.png.

Took 815.87 seconds.

Loading MT points from /Users/karan/tubulaton/tubulaton-run/tubulaton-107.vtk to numpy array...
Simulating positions of fluorophores...
Number of FPs: 12823924516.312723
Generating label segmentation...
3769 tubulin found in focal plane.
Calculating fluorophore density over focal plane...
35841 fluorophores found in the focal plane.
Calculating fluorophore photon emission rate...
Fluorophore photon emission per second = 9470381.451524047
Applying point spread function to light intensity array...
Simulating shot noise...
Quantizing intensities...

Saved data to /Users/karan/microsegmentation/SyntheticData_TRIVIAL_DENSE/Images/image-107.png and /Users/karan/microsegmentation/SyntheticData_TRIVIAL_DENSE/Labels/label-107.png.

Took 22.62 seconds.

Loading MT points from /Users/karan/tubulaton/tubulaton-run/tubulaton-108.vtk to numpy array...
Simulating positions of fluorophores...
Number of FPs: 12276845793.44798
Generating label segmentation...
4880 tubulin found in focal plane.
Calculating fluorophore density over focal plane...
41535 fluorophores found in the focal plane.
Calculating fluorophore photon emission rate...
Fluorophore photon emission per second = 9470381.451524047
Applying point spread function to light intensity array...
Simulating shot noise...
Quantizing intensities...

Saved data to /Users/karan/microsegmentation/SyntheticData_TRIVIAL_DENSE/Images/image-108.png and /Users/karan/microsegmentation/SyntheticData_TRIVIAL_DENSE/Labels/label-108.png.

Took 22.31 seconds.

Loading MT points from /Users/karan/tubulaton/tubulaton-run/tubulaton-109.vtk to numpy array...
Simulating positions of fluorophores...
Number of FPs: 12257380175.977554
Generating label segmentation...
2465 tubulin found in focal plane.
Calculating fluorophore density over focal plane...
47212 fluorophores found in the focal plane.
Calculating fluorophore photon emission rate...
Fluorophore photon emission per second = 9470381.451524047
Applying point spread function to light intensity array...
Simulating shot noise...
Quantizing intensities...

Saved data to /Users/karan/microsegmentation/SyntheticData_TRIVIAL_DENSE/Images/image-109.png and /Users/karan/microsegmentation/SyntheticData_TRIVIAL_DENSE/Labels/label-109.png.

Took 923.21 seconds.

Loading MT points from /Users/karan/tubulaton/tubulaton-run/tubulaton-110.vtk to numpy array...
Simulating positions of fluorophores...
Number of FPs: 13061058795.553247
Generating label segmentation...
1489 tubulin found in focal plane.
Calculating fluorophore density over focal plane...
41273 fluorophores found in the focal plane.
Calculating fluorophore photon emission rate...
Fluorophore photon emission per second = 9470381.451524047
Applying point spread function to light intensity array...
Simulating shot noise...
Quantizing intensities...

Saved data to /Users/karan/microsegmentation/SyntheticData_TRIVIAL_DENSE/Images/image-110.png and /Users/karan/microsegmentation/SyntheticData_TRIVIAL_DENSE/Labels/label-110.png.

Took 22.41 seconds.

Loading MT points from /Users/karan/tubulaton/tubulaton-run/tubulaton-111.vtk to numpy array...
Simulating positions of fluorophores...
Number of FPs: 13251170425.119001
Generating label segmentation...
4388 tubulin found in focal plane.
Calculating fluorophore density over focal plane...
43642 fluorophores found in the focal plane.
Calculating fluorophore photon emission rate...
Fluorophore photon emission per second = 9470381.451524047
Applying point spread function to light intensity array...
Simulating shot noise...
Quantizing intensities...

Saved data to /Users/karan/microsegmentation/SyntheticData_TRIVIAL_DENSE/Images/image-111.png and /Users/karan/microsegmentation/SyntheticData_TRIVIAL_DENSE/Labels/label-111.png.

Took 940.30 seconds.

Loading MT points from /Users/karan/tubulaton/tubulaton-run/tubulaton-112.vtk to numpy array...
Simulating positions of fluorophores...
Number of FPs: 12424337126.660152
Generating label segmentation...
1457 tubulin found in focal plane.
Calculating fluorophore density over focal plane...
40122 fluorophores found in the focal plane.
Calculating fluorophore photon emission rate...
Fluorophore photon emission per second = 9470381.451524047
Applying point spread function to light intensity array...
Simulating shot noise...
Quantizing intensities...

Saved data to /Users/karan/microsegmentation/SyntheticData_TRIVIAL_DENSE/Images/image-112.png and /Users/karan/microsegmentation/SyntheticData_TRIVIAL_DENSE/Labels/label-112.png.

Took 22.63 seconds.

Loading MT points from /Users/karan/tubulaton/tubulaton-run/tubulaton-113.vtk to numpy array...
Simulating positions of fluorophores...
Number of FPs: 12612999327.315657
Generating label segmentation...
1125 tubulin found in focal plane.
Calculating fluorophore density over focal plane...
30765 fluorophores found in the focal plane.
Calculating fluorophore photon emission rate...
Fluorophore photon emission per second = 9470381.451524047
Applying point spread function to light intensity array...
Simulating shot noise...
Quantizing intensities...

Saved data to /Users/karan/microsegmentation/SyntheticData_TRIVIAL_DENSE/Images/image-113.png and /Users/karan/microsegmentation/SyntheticData_TRIVIAL_DENSE/Labels/label-113.png.

Took 1022.05 seconds.

Loading MT points from /Users/karan/tubulaton/tubulaton-run/tubulaton-114.vtk to numpy array...
Simulating positions of fluorophores...
Number of FPs: 12738324371.853605
Generating label segmentation...
2371 tubulin found in focal plane.
Calculating fluorophore density over focal plane...
31529 fluorophores found in the focal plane.
Calculating fluorophore photon emission rate...
Fluorophore photon emission per second = 9470381.451524047
Applying point spread function to light intensity array...
Simulating shot noise...
Quantizing intensities...

Saved data to /Users/karan/microsegmentation/SyntheticData_TRIVIAL_DENSE/Images/image-114.png and /Users/karan/microsegmentation/SyntheticData_TRIVIAL_DENSE/Labels/label-114.png.

Took 22.49 seconds.

Loading MT points from /Users/karan/tubulaton/tubulaton-run/tubulaton-115.vtk to numpy array...
Simulating positions of fluorophores...
Number of FPs: 12311593219.724857
Generating label segmentation...
3956 tubulin found in focal plane.
Calculating fluorophore density over focal plane...
36446 fluorophores found in the focal plane.
Calculating fluorophore photon emission rate...
Fluorophore photon emission per second = 9470381.451524047
Applying point spread function to light intensity array...
Simulating shot noise...
Quantizing intensities...

Saved data to /Users/karan/microsegmentation/SyntheticData_TRIVIAL_DENSE/Images/image-115.png and /Users/karan/microsegmentation/SyntheticData_TRIVIAL_DENSE/Labels/label-115.png.

Took 946.46 seconds.

Loading MT points from /Users/karan/tubulaton/tubulaton-run/tubulaton-116.vtk to numpy array...
Simulating positions of fluorophores...
Number of FPs: 12406345948.873922
Generating label segmentation...
1942 tubulin found in focal plane.
Calculating fluorophore density over focal plane...
36137 fluorophores found in the focal plane.
Calculating fluorophore photon emission rate...
Fluorophore photon emission per second = 9470381.451524047
Applying point spread function to light intensity array...
Simulating shot noise...
Quantizing intensities...

Saved data to /Users/karan/microsegmentation/SyntheticData_TRIVIAL_DENSE/Images/image-116.png and /Users/karan/microsegmentation/SyntheticData_TRIVIAL_DENSE/Labels/label-116.png.

Took 21.94 seconds.

Loading MT points from /Users/karan/tubulaton/tubulaton-run/tubulaton-117.vtk to numpy array...
Simulating positions of fluorophores...
Number of FPs: 12612552450.897919
Generating label segmentation...
1066 tubulin found in focal plane.
Calculating fluorophore density over focal plane...
42662 fluorophores found in the focal plane.
Calculating fluorophore photon emission rate...
Fluorophore photon emission per second = 9470381.451524047
Applying point spread function to light intensity array...
Simulating shot noise...
Quantizing intensities...

Saved data to /Users/karan/microsegmentation/SyntheticData_TRIVIAL_DENSE/Images/image-117.png and /Users/karan/microsegmentation/SyntheticData_TRIVIAL_DENSE/Labels/label-117.png.

Took 22.25 seconds.

Loading MT points from /Users/karan/tubulaton/tubulaton-run/tubulaton-118.vtk to numpy array...
Simulating positions of fluorophores...
Number of FPs: 12607344638.279259
Generating label segmentation...
1676 tubulin found in focal plane.
Calculating fluorophore density over focal plane...
38355 fluorophores found in the focal plane.
Calculating fluorophore photon emission rate...
Fluorophore photon emission per second = 9470381.451524047
Applying point spread function to light intensity array...
Simulating shot noise...
Quantizing intensities...

Saved data to /Users/karan/microsegmentation/SyntheticData_TRIVIAL_DENSE/Images/image-118.png and /Users/karan/microsegmentation/SyntheticData_TRIVIAL_DENSE/Labels/label-118.png.

Took 21.92 seconds.

Loading MT points from /Users/karan/tubulaton/tubulaton-run/tubulaton-119.vtk to numpy array...
Simulating positions of fluorophores...
Number of FPs: 12940652068.286118
Generating label segmentation...
3421 tubulin found in focal plane.
Calculating fluorophore density over focal plane...
49875 fluorophores found in the focal plane.
Calculating fluorophore photon emission rate...
Fluorophore photon emission per second = 9470381.451524047
Applying point spread function to light intensity array...
Simulating shot noise...
Quantizing intensities...

Saved data to /Users/karan/microsegmentation/SyntheticData_TRIVIAL_DENSE/Images/image-119.png and /Users/karan/microsegmentation/SyntheticData_TRIVIAL_DENSE/Labels/label-119.png.

Took 25.84 seconds.

Loading MT points from /Users/karan/tubulaton/tubulaton-run/tubulaton-120.vtk to numpy array...
Simulating positions of fluorophores...
Number of FPs: 13223505685.478155
Generating label segmentation...
1841 tubulin found in focal plane.
Calculating fluorophore density over focal plane...
40708 fluorophores found in the focal plane.
Calculating fluorophore photon emission rate...
Fluorophore photon emission per second = 9470381.451524047
Applying point spread function to light intensity array...
Simulating shot noise...
Quantizing intensities...

Saved data to /Users/karan/microsegmentation/SyntheticData_TRIVIAL_DENSE/Images/image-120.png and /Users/karan/microsegmentation/SyntheticData_TRIVIAL_DENSE/Labels/label-120.png.

Took 25.48 seconds.

Loading MT points from /Users/karan/tubulaton/tubulaton-run/tubulaton-121.vtk to numpy array...
Simulating positions of fluorophores...
Number of FPs: 13131530149.706356
Generating label segmentation...
1912 tubulin found in focal plane.
Calculating fluorophore density over focal plane...
31013 fluorophores found in the focal plane.
Calculating fluorophore photon emission rate...
Fluorophore photon emission per second = 9470381.451524047
Applying point spread function to light intensity array...
Simulating shot noise...
Quantizing intensities...

Saved data to /Users/karan/microsegmentation/SyntheticData_TRIVIAL_DENSE/Images/image-121.png and /Users/karan/microsegmentation/SyntheticData_TRIVIAL_DENSE/Labels/label-121.png.

Took 24.79 seconds.

Loading MT points from /Users/karan/tubulaton/tubulaton-run/tubulaton-122.vtk to numpy array...
Simulating positions of fluorophores...
Number of FPs: 12581105527.975798
Generating label segmentation...
870 tubulin found in focal plane.
Calculating fluorophore density over focal plane...
40348 fluorophores found in the focal plane.
Calculating fluorophore photon emission rate...
Fluorophore photon emission per second = 9470381.451524047
Applying point spread function to light intensity array...
Simulating shot noise...
Quantizing intensities...

Saved data to /Users/karan/microsegmentation/SyntheticData_TRIVIAL_DENSE/Images/image-122.png and /Users/karan/microsegmentation/SyntheticData_TRIVIAL_DENSE/Labels/label-122.png.

Took 950.63 seconds.

Loading MT points from /Users/karan/tubulaton/tubulaton-run/tubulaton-123.vtk to numpy array...
Simulating positions of fluorophores...
Number of FPs: 13133306347.06799
Generating label segmentation...
1189 tubulin found in focal plane.
Calculating fluorophore density over focal plane...
40174 fluorophores found in the focal plane.
Calculating fluorophore photon emission rate...
Fluorophore photon emission per second = 9470381.451524047
Applying point spread function to light intensity array...
Simulating shot noise...
Quantizing intensities...

Saved data to /Users/karan/microsegmentation/SyntheticData_TRIVIAL_DENSE/Images/image-123.png and /Users/karan/microsegmentation/SyntheticData_TRIVIAL_DENSE/Labels/label-123.png.

Took 23.08 seconds.

Loading MT points from /Users/karan/tubulaton/tubulaton-run/tubulaton-124.vtk to numpy array...
Simulating positions of fluorophores...
Number of FPs: 12516017100.638664
Generating label segmentation...
2798 tubulin found in focal plane.
Calculating fluorophore density over focal plane...
46519 fluorophores found in the focal plane.
Calculating fluorophore photon emission rate...
Fluorophore photon emission per second = 9470381.451524047
Applying point spread function to light intensity array...
Simulating shot noise...
Quantizing intensities...

Saved data to /Users/karan/microsegmentation/SyntheticData_TRIVIAL_DENSE/Images/image-124.png and /Users/karan/microsegmentation/SyntheticData_TRIVIAL_DENSE/Labels/label-124.png.

Took 22.25 seconds.

Loading MT points from /Users/karan/tubulaton/tubulaton-run/tubulaton-125.vtk to numpy array...
Simulating positions of fluorophores...
Number of FPs: 12909290565.118553
Generating label segmentation...
1613 tubulin found in focal plane.
Calculating fluorophore density over focal plane...
38070 fluorophores found in the focal plane.
Calculating fluorophore photon emission rate...
Fluorophore photon emission per second = 9470381.451524047
Applying point spread function to light intensity array...
Simulating shot noise...
Quantizing intensities...

Saved data to /Users/karan/microsegmentation/SyntheticData_TRIVIAL_DENSE/Images/image-125.png and /Users/karan/microsegmentation/SyntheticData_TRIVIAL_DENSE/Labels/label-125.png.

Took 24.83 seconds.

Loading MT points from /Users/karan/tubulaton/tubulaton-run/tubulaton-126.vtk to numpy array...
Simulating positions of fluorophores...
Number of FPs: 12630356099.675077
Generating label segmentation...
1784 tubulin found in focal plane.
Calculating fluorophore density over focal plane...
37398 fluorophores found in the focal plane.
Calculating fluorophore photon emission rate...
Fluorophore photon emission per second = 9470381.451524047
Applying point spread function to light intensity array...
Simulating shot noise...
Quantizing intensities...

Saved data to /Users/karan/microsegmentation/SyntheticData_TRIVIAL_DENSE/Images/image-126.png and /Users/karan/microsegmentation/SyntheticData_TRIVIAL_DENSE/Labels/label-126.png.

Took 25.54 seconds.

Loading MT points from /Users/karan/tubulaton/tubulaton-run/tubulaton-127.vtk to numpy array...
Simulating positions of fluorophores...
Number of FPs: 12067956654.576654
Generating label segmentation...
2277 tubulin found in focal plane.
Calculating fluorophore density over focal plane...
40264 fluorophores found in the focal plane.
Calculating fluorophore photon emission rate...
Fluorophore photon emission per second = 9470381.451524047
Applying point spread function to light intensity array...
Simulating shot noise...
Quantizing intensities...

Saved data to /Users/karan/microsegmentation/SyntheticData_TRIVIAL_DENSE/Images/image-127.png and /Users/karan/microsegmentation/SyntheticData_TRIVIAL_DENSE/Labels/label-127.png.

Took 23.82 seconds.

Loading MT points from /Users/karan/tubulaton/tubulaton-run/tubulaton-128.vtk to numpy array...
Simulating positions of fluorophores...
Number of FPs: 12671713545.063892
Generating label segmentation...
411 tubulin found in focal plane.
Calculating fluorophore density over focal plane...
33220 fluorophores found in the focal plane.
Calculating fluorophore photon emission rate...
Fluorophore photon emission per second = 9470381.451524047
Applying point spread function to light intensity array...
Simulating shot noise...
Quantizing intensities...

Saved data to /Users/karan/microsegmentation/SyntheticData_TRIVIAL_DENSE/Images/image-128.png and /Users/karan/microsegmentation/SyntheticData_TRIVIAL_DENSE/Labels/label-128.png.

Took 1067.53 seconds.

Loading MT points from /Users/karan/tubulaton/tubulaton-run/tubulaton-129.vtk to numpy array...
Simulating positions of fluorophores...
Number of FPs: 13324084052.6178
Generating label segmentation...
3729 tubulin found in focal plane.
Calculating fluorophore density over focal plane...
40977 fluorophores found in the focal plane.
Calculating fluorophore photon emission rate...
Fluorophore photon emission per second = 9470381.451524047
Applying point spread function to light intensity array...
Simulating shot noise...
Quantizing intensities...

Saved data to /Users/karan/microsegmentation/SyntheticData_TRIVIAL_DENSE/Images/image-129.png and /Users/karan/microsegmentation/SyntheticData_TRIVIAL_DENSE/Labels/label-129.png.

Took 22.65 seconds.

Loading MT points from /Users/karan/tubulaton/tubulaton-run/tubulaton-130.vtk to numpy array...
Simulating positions of fluorophores...
Number of FPs: 13758541056.879742
Generating label segmentation...
1598 tubulin found in focal plane.
Calculating fluorophore density over focal plane...
32003 fluorophores found in the focal plane.
Calculating fluorophore photon emission rate...
Fluorophore photon emission per second = 9470381.451524047
Applying point spread function to light intensity array...
Simulating shot noise...
Quantizing intensities...

Saved data to /Users/karan/microsegmentation/SyntheticData_TRIVIAL_DENSE/Images/image-130.png and /Users/karan/microsegmentation/SyntheticData_TRIVIAL_DENSE/Labels/label-130.png.

Took 22.90 seconds.

Loading MT points from /Users/karan/tubulaton/tubulaton-run/tubulaton-131.vtk to numpy array...
Simulating positions of fluorophores...
Number of FPs: 13250259815.339767
Generating label segmentation...
2244 tubulin found in focal plane.
Calculating fluorophore density over focal plane...
28405 fluorophores found in the focal plane.
Calculating fluorophore photon emission rate...
Fluorophore photon emission per second = 9470381.451524047
Applying point spread function to light intensity array...
Simulating shot noise...
Quantizing intensities...

Saved data to /Users/karan/microsegmentation/SyntheticData_TRIVIAL_DENSE/Images/image-131.png and /Users/karan/microsegmentation/SyntheticData_TRIVIAL_DENSE/Labels/label-131.png.

Took 22.18 seconds.

Loading MT points from /Users/karan/tubulaton/tubulaton-run/tubulaton-132.vtk to numpy array...
Simulating positions of fluorophores...
Number of FPs: 12403306603.102692
Generating label segmentation...
2725 tubulin found in focal plane.
Calculating fluorophore density over focal plane...
37261 fluorophores found in the focal plane.
Calculating fluorophore photon emission rate...
Fluorophore photon emission per second = 9470381.451524047
Applying point spread function to light intensity array...
Simulating shot noise...
Quantizing intensities...

Saved data to /Users/karan/microsegmentation/SyntheticData_TRIVIAL_DENSE/Images/image-132.png and /Users/karan/microsegmentation/SyntheticData_TRIVIAL_DENSE/Labels/label-132.png.

Took 1024.66 seconds.

Loading MT points from /Users/karan/tubulaton/tubulaton-run/tubulaton-133.vtk to numpy array...
Simulating positions of fluorophores...
Number of FPs: 12411288167.744379
Generating label segmentation...
1523 tubulin found in focal plane.
Calculating fluorophore density over focal plane...
44819 fluorophores found in the focal plane.
Calculating fluorophore photon emission rate...
Fluorophore photon emission per second = 9470381.451524047
Applying point spread function to light intensity array...
Simulating shot noise...
Quantizing intensities...

Saved data to /Users/karan/microsegmentation/SyntheticData_TRIVIAL_DENSE/Images/image-133.png and /Users/karan/microsegmentation/SyntheticData_TRIVIAL_DENSE/Labels/label-133.png.

Took 22.14 seconds.

Loading MT points from /Users/karan/tubulaton/tubulaton-run/tubulaton-134.vtk to numpy array...
Simulating positions of fluorophores...
Number of FPs: 12822937286.898796
Generating label segmentation...
1331 tubulin found in focal plane.
Calculating fluorophore density over focal plane...
38614 fluorophores found in the focal plane.
Calculating fluorophore photon emission rate...
Fluorophore photon emission per second = 9470381.451524047
Applying point spread function to light intensity array...
Simulating shot noise...
Quantizing intensities...

Saved data to /Users/karan/microsegmentation/SyntheticData_TRIVIAL_DENSE/Images/image-134.png and /Users/karan/microsegmentation/SyntheticData_TRIVIAL_DENSE/Labels/label-134.png.

Took 1001.95 seconds.

Loading MT points from /Users/karan/tubulaton/tubulaton-run/tubulaton-135.vtk to numpy array...
Simulating positions of fluorophores...
Number of FPs: 13015821511.601652
Generating label segmentation...
2146 tubulin found in focal plane.
Calculating fluorophore density over focal plane...
43896 fluorophores found in the focal plane.
Calculating fluorophore photon emission rate...
Fluorophore photon emission per second = 9470381.451524047
Applying point spread function to light intensity array...
Simulating shot noise...
Quantizing intensities...

Saved data to /Users/karan/microsegmentation/SyntheticData_TRIVIAL_DENSE/Images/image-135.png and /Users/karan/microsegmentation/SyntheticData_TRIVIAL_DENSE/Labels/label-135.png.

Took 22.77 seconds.

Loading MT points from /Users/karan/tubulaton/tubulaton-run/tubulaton-136.vtk to numpy array...
Simulating positions of fluorophores...
Number of FPs: 11963680816.420393
Generating label segmentation...
3615 tubulin found in focal plane.
Calculating fluorophore density over focal plane...
46818 fluorophores found in the focal plane.
Calculating fluorophore photon emission rate...
Fluorophore photon emission per second = 9470381.451524047
Applying point spread function to light intensity array...
Simulating shot noise...
Quantizing intensities...

Saved data to /Users/karan/microsegmentation/SyntheticData_TRIVIAL_DENSE/Images/image-136.png and /Users/karan/microsegmentation/SyntheticData_TRIVIAL_DENSE/Labels/label-136.png.

Took 21.46 seconds.

Loading MT points from /Users/karan/tubulaton/tubulaton-run/tubulaton-137.vtk to numpy array...
Simulating positions of fluorophores...
Number of FPs: 12505374283.83799
Generating label segmentation...
3128 tubulin found in focal plane.
Calculating fluorophore density over focal plane...
44575 fluorophores found in the focal plane.
Calculating fluorophore photon emission rate...
Fluorophore photon emission per second = 9470381.451524047
Applying point spread function to light intensity array...
Simulating shot noise...
Quantizing intensities...

Saved data to /Users/karan/microsegmentation/SyntheticData_TRIVIAL_DENSE/Images/image-137.png and /Users/karan/microsegmentation/SyntheticData_TRIVIAL_DENSE/Labels/label-137.png.

Took 22.44 seconds.

Loading MT points from /Users/karan/tubulaton/tubulaton-run/tubulaton-138.vtk to numpy array...
Simulating positions of fluorophores...
Number of FPs: 13079105617.63492
Generating label segmentation...
2250 tubulin found in focal plane.
Calculating fluorophore density over focal plane...
39496 fluorophores found in the focal plane.
Calculating fluorophore photon emission rate...
Fluorophore photon emission per second = 9470381.451524047
Applying point spread function to light intensity array...
Simulating shot noise...
Quantizing intensities...

Saved data to /Users/karan/microsegmentation/SyntheticData_TRIVIAL_DENSE/Images/image-138.png and /Users/karan/microsegmentation/SyntheticData_TRIVIAL_DENSE/Labels/label-138.png.

Took 24.92 seconds.

Loading MT points from /Users/karan/tubulaton/tubulaton-run/tubulaton-139.vtk to numpy array...
Simulating positions of fluorophores...
Number of FPs: 12980859781.80093
Generating label segmentation...
4199 tubulin found in focal plane.
Calculating fluorophore density over focal plane...
47210 fluorophores found in the focal plane.
Calculating fluorophore photon emission rate...
Fluorophore photon emission per second = 9470381.451524047
Applying point spread function to light intensity array...
Simulating shot noise...
Quantizing intensities...

Saved data to /Users/karan/microsegmentation/SyntheticData_TRIVIAL_DENSE/Images/image-139.png and /Users/karan/microsegmentation/SyntheticData_TRIVIAL_DENSE/Labels/label-139.png.

Took 28.09 seconds.

Loading MT points from /Users/karan/tubulaton/tubulaton-run/tubulaton-140.vtk to numpy array...
Simulating positions of fluorophores...
Number of FPs: 13200326628.042711
Generating label segmentation...
3890 tubulin found in focal plane.
Calculating fluorophore density over focal plane...
34144 fluorophores found in the focal plane.
Calculating fluorophore photon emission rate...
Fluorophore photon emission per second = 9470381.451524047
Applying point spread function to light intensity array...
Simulating shot noise...
Quantizing intensities...

Saved data to /Users/karan/microsegmentation/SyntheticData_TRIVIAL_DENSE/Images/image-140.png and /Users/karan/microsegmentation/SyntheticData_TRIVIAL_DENSE/Labels/label-140.png.

Took 25.38 seconds.

Loading MT points from /Users/karan/tubulaton/tubulaton-run/tubulaton-141.vtk to numpy array...
Simulating positions of fluorophores...
Number of FPs: 13014481419.113062
Generating label segmentation...
2512 tubulin found in focal plane.
Calculating fluorophore density over focal plane...
40956 fluorophores found in the focal plane.
Calculating fluorophore photon emission rate...
Fluorophore photon emission per second = 9470381.451524047
Applying point spread function to light intensity array...
Simulating shot noise...
Quantizing intensities...

Saved data to /Users/karan/microsegmentation/SyntheticData_TRIVIAL_DENSE/Images/image-141.png and /Users/karan/microsegmentation/SyntheticData_TRIVIAL_DENSE/Labels/label-141.png.

Took 969.23 seconds.

Loading MT points from /Users/karan/tubulaton/tubulaton-run/tubulaton-142.vtk to numpy array...
Simulating positions of fluorophores...
Number of FPs: 12522402334.209198
Generating label segmentation...
2260 tubulin found in focal plane.
Calculating fluorophore density over focal plane...
39646 fluorophores found in the focal plane.
Calculating fluorophore photon emission rate...
Fluorophore photon emission per second = 9470381.451524047
Applying point spread function to light intensity array...
Simulating shot noise...
Quantizing intensities...

Saved data to /Users/karan/microsegmentation/SyntheticData_TRIVIAL_DENSE/Images/image-142.png and /Users/karan/microsegmentation/SyntheticData_TRIVIAL_DENSE/Labels/label-142.png.

Took 22.04 seconds.

Loading MT points from /Users/karan/tubulaton/tubulaton-run/tubulaton-143.vtk to numpy array...
Simulating positions of fluorophores...
Number of FPs: 12440994980.549633
Generating label segmentation...
5293 tubulin found in focal plane.
Calculating fluorophore density over focal plane...
49025 fluorophores found in the focal plane.
Calculating fluorophore photon emission rate...
Fluorophore photon emission per second = 9470381.451524047
Applying point spread function to light intensity array...
Simulating shot noise...
Quantizing intensities...

Saved data to /Users/karan/microsegmentation/SyntheticData_TRIVIAL_DENSE/Images/image-143.png and /Users/karan/microsegmentation/SyntheticData_TRIVIAL_DENSE/Labels/label-143.png.

Took 22.65 seconds.

Loading MT points from /Users/karan/tubulaton/tubulaton-run/tubulaton-144.vtk to numpy array...
Simulating positions of fluorophores...
Number of FPs: 13623433862.374123
Generating label segmentation...
1732 tubulin found in focal plane.
Calculating fluorophore density over focal plane...
22370 fluorophores found in the focal plane.
Calculating fluorophore photon emission rate...
Fluorophore photon emission per second = 9470381.451524047
Applying point spread function to light intensity array...
Simulating shot noise...
Quantizing intensities...

Saved data to /Users/karan/microsegmentation/SyntheticData_TRIVIAL_DENSE/Images/image-144.png and /Users/karan/microsegmentation/SyntheticData_TRIVIAL_DENSE/Labels/label-144.png.

Took 24.45 seconds.

Loading MT points from /Users/karan/tubulaton/tubulaton-run/tubulaton-145.vtk to numpy array...
Simulating positions of fluorophores...
Number of FPs: 12905824240.400797
Generating label segmentation...
5495 tubulin found in focal plane.
Calculating fluorophore density over focal plane...
36646 fluorophores found in the focal plane.
Calculating fluorophore photon emission rate...
Fluorophore photon emission per second = 9470381.451524047
Applying point spread function to light intensity array...
Simulating shot noise...
Quantizing intensities...

Saved data to /Users/karan/microsegmentation/SyntheticData_TRIVIAL_DENSE/Images/image-145.png and /Users/karan/microsegmentation/SyntheticData_TRIVIAL_DENSE/Labels/label-145.png.

Took 25.18 seconds.

Loading MT points from /Users/karan/tubulaton/tubulaton-run/tubulaton-146.vtk to numpy array...
Simulating positions of fluorophores...
Number of FPs: 13023722230.619455
Generating label segmentation...
2579 tubulin found in focal plane.
Calculating fluorophore density over focal plane...
38667 fluorophores found in the focal plane.
Calculating fluorophore photon emission rate...
Fluorophore photon emission per second = 9470381.451524047
Applying point spread function to light intensity array...
Simulating shot noise...
Quantizing intensities...

Saved data to /Users/karan/microsegmentation/SyntheticData_TRIVIAL_DENSE/Images/image-146.png and /Users/karan/microsegmentation/SyntheticData_TRIVIAL_DENSE/Labels/label-146.png.

Took 987.58 seconds.

Loading MT points from /Users/karan/tubulaton/tubulaton-run/tubulaton-147.vtk to numpy array...
Simulating positions of fluorophores...
Number of FPs: 12581185742.532616
Generating label segmentation...
2181 tubulin found in focal plane.
Calculating fluorophore density over focal plane...
35839 fluorophores found in the focal plane.
Calculating fluorophore photon emission rate...
Fluorophore photon emission per second = 9470381.451524047
Applying point spread function to light intensity array...
Simulating shot noise...
Quantizing intensities...

Saved data to /Users/karan/microsegmentation/SyntheticData_TRIVIAL_DENSE/Images/image-147.png and /Users/karan/microsegmentation/SyntheticData_TRIVIAL_DENSE/Labels/label-147.png.

Took 22.20 seconds.

Loading MT points from /Users/karan/tubulaton/tubulaton-run/tubulaton-148.vtk to numpy array...
Simulating positions of fluorophores...
Number of FPs: 12648364497.3258
Generating label segmentation...
1203 tubulin found in focal plane.
Calculating fluorophore density over focal plane...
38654 fluorophores found in the focal plane.
Calculating fluorophore photon emission rate...
Fluorophore photon emission per second = 9470381.451524047
Applying point spread function to light intensity array...
Simulating shot noise...
Quantizing intensities...

Saved data to /Users/karan/microsegmentation/SyntheticData_TRIVIAL_DENSE/Images/image-148.png and /Users/karan/microsegmentation/SyntheticData_TRIVIAL_DENSE/Labels/label-148.png.

Took 935.28 seconds.

Loading MT points from /Users/karan/tubulaton/tubulaton-run/tubulaton-149.vtk to numpy array...
Simulating positions of fluorophores...
Number of FPs: 12460520762.905682
Generating label segmentation...
2601 tubulin found in focal plane.
Calculating fluorophore density over focal plane...
36405 fluorophores found in the focal plane.
Calculating fluorophore photon emission rate...
Fluorophore photon emission per second = 9470381.451524047
Applying point spread function to light intensity array...
Simulating shot noise...
Quantizing intensities...

Saved data to /Users/karan/microsegmentation/SyntheticData_TRIVIAL_DENSE/Images/image-149.png and /Users/karan/microsegmentation/SyntheticData_TRIVIAL_DENSE/Labels/label-149.png.

Took 21.71 seconds.

Loading MT points from /Users/karan/tubulaton/tubulaton-run/tubulaton-150.vtk to numpy array...
Simulating positions of fluorophores...
Number of FPs: 12920504623.610104
Generating label segmentation...
4435 tubulin found in focal plane.
Calculating fluorophore density over focal plane...
33951 fluorophores found in the focal plane.
Calculating fluorophore photon emission rate...
Fluorophore photon emission per second = 9470381.451524047
Applying point spread function to light intensity array...
Simulating shot noise...
Quantizing intensities...

Saved data to /Users/karan/microsegmentation/SyntheticData_TRIVIAL_DENSE/Images/image-150.png and /Users/karan/microsegmentation/SyntheticData_TRIVIAL_DENSE/Labels/label-150.png.

Took 22.34 seconds.

Loading MT points from /Users/karan/tubulaton/tubulaton-run/tubulaton-151.vtk to numpy array...
Simulating positions of fluorophores...
Number of FPs: 12970356369.202276
Generating label segmentation...
892 tubulin found in focal plane.
Calculating fluorophore density over focal plane...
32725 fluorophores found in the focal plane.
Calculating fluorophore photon emission rate...
Fluorophore photon emission per second = 9470381.451524047
Applying point spread function to light intensity array...
Simulating shot noise...
Quantizing intensities...

Saved data to /Users/karan/microsegmentation/SyntheticData_TRIVIAL_DENSE/Images/image-151.png and /Users/karan/microsegmentation/SyntheticData_TRIVIAL_DENSE/Labels/label-151.png.

Took 22.36 seconds.

Loading MT points from /Users/karan/tubulaton/tubulaton-run/tubulaton-152.vtk to numpy array...
Simulating positions of fluorophores...
Number of FPs: 12464636451.437954
Generating label segmentation...
2018 tubulin found in focal plane.
Calculating fluorophore density over focal plane...
47867 fluorophores found in the focal plane.
Calculating fluorophore photon emission rate...
Fluorophore photon emission per second = 9470381.451524047
Applying point spread function to light intensity array...
Simulating shot noise...
Quantizing intensities...

Saved data to /Users/karan/microsegmentation/SyntheticData_TRIVIAL_DENSE/Images/image-152.png and /Users/karan/microsegmentation/SyntheticData_TRIVIAL_DENSE/Labels/label-152.png.

Took 1001.41 seconds.

Loading MT points from /Users/karan/tubulaton/tubulaton-run/tubulaton-153.vtk to numpy array...
Simulating positions of fluorophores...
Number of FPs: 12360353017.048885
Generating label segmentation...
3698 tubulin found in focal plane.
Calculating fluorophore density over focal plane...
42679 fluorophores found in the focal plane.
Calculating fluorophore photon emission rate...
Fluorophore photon emission per second = 9470381.451524047
Applying point spread function to light intensity array...
Simulating shot noise...
Quantizing intensities...

Saved data to /Users/karan/microsegmentation/SyntheticData_TRIVIAL_DENSE/Images/image-153.png and /Users/karan/microsegmentation/SyntheticData_TRIVIAL_DENSE/Labels/label-153.png.

Took 22.23 seconds.

Loading MT points from /Users/karan/tubulaton/tubulaton-run/tubulaton-154.vtk to numpy array...
Simulating positions of fluorophores...
Number of FPs: 13057737989.760817
Generating label segmentation...
1704 tubulin found in focal plane.
Calculating fluorophore density over focal plane...
24255 fluorophores found in the focal plane.
Calculating fluorophore photon emission rate...
Fluorophore photon emission per second = 9470381.451524047
Applying point spread function to light intensity array...
Simulating shot noise...
Quantizing intensities...

Saved data to /Users/karan/microsegmentation/SyntheticData_TRIVIAL_DENSE/Images/image-154.png and /Users/karan/microsegmentation/SyntheticData_TRIVIAL_DENSE/Labels/label-154.png.

Took 21.84 seconds.

Loading MT points from /Users/karan/tubulaton/tubulaton-run/tubulaton-155.vtk to numpy array...
Simulating positions of fluorophores...
Number of FPs: 12111602332.86598
Generating label segmentation...
1562 tubulin found in focal plane.
Calculating fluorophore density over focal plane...
45053 fluorophores found in the focal plane.
Calculating fluorophore photon emission rate...
Fluorophore photon emission per second = 9470381.451524047
Applying point spread function to light intensity array...
Simulating shot noise...
Quantizing intensities...

Saved data to /Users/karan/microsegmentation/SyntheticData_TRIVIAL_DENSE/Images/image-155.png and /Users/karan/microsegmentation/SyntheticData_TRIVIAL_DENSE/Labels/label-155.png.

Took 22.05 seconds.

Loading MT points from /Users/karan/tubulaton/tubulaton-run/tubulaton-156.vtk to numpy array...
Simulating positions of fluorophores...
Number of FPs: 12472866071.696556
Generating label segmentation...
1796 tubulin found in focal plane.
Calculating fluorophore density over focal plane...
44035 fluorophores found in the focal plane.
Calculating fluorophore photon emission rate...
Fluorophore photon emission per second = 9470381.451524047
Applying point spread function to light intensity array...
Simulating shot noise...
Quantizing intensities...

Saved data to /Users/karan/microsegmentation/SyntheticData_TRIVIAL_DENSE/Images/image-156.png and /Users/karan/microsegmentation/SyntheticData_TRIVIAL_DENSE/Labels/label-156.png.

Took 24.88 seconds.

Loading MT points from /Users/karan/tubulaton/tubulaton-run/tubulaton-157.vtk to numpy array...
Simulating positions of fluorophores...
Number of FPs: 12557915144.528482
Generating label segmentation...
4186 tubulin found in focal plane.
Calculating fluorophore density over focal plane...
44343 fluorophores found in the focal plane.
Calculating fluorophore photon emission rate...
Fluorophore photon emission per second = 9470381.451524047
Applying point spread function to light intensity array...
Simulating shot noise...
Quantizing intensities...

Saved data to /Users/karan/microsegmentation/SyntheticData_TRIVIAL_DENSE/Images/image-157.png and /Users/karan/microsegmentation/SyntheticData_TRIVIAL_DENSE/Labels/label-157.png.

Took 27.45 seconds.

Loading MT points from /Users/karan/tubulaton/tubulaton-run/tubulaton-158.vtk to numpy array...
Simulating positions of fluorophores...
Number of FPs: 12599470613.018398
Generating label segmentation...
4515 tubulin found in focal plane.
Calculating fluorophore density over focal plane...
45650 fluorophores found in the focal plane.
Calculating fluorophore photon emission rate...
Fluorophore photon emission per second = 9470381.451524047
Applying point spread function to light intensity array...
Simulating shot noise...
Quantizing intensities...

Saved data to /Users/karan/microsegmentation/SyntheticData_TRIVIAL_DENSE/Images/image-158.png and /Users/karan/microsegmentation/SyntheticData_TRIVIAL_DENSE/Labels/label-158.png.

Took 24.13 seconds.

Loading MT points from /Users/karan/tubulaton/tubulaton-run/tubulaton-159.vtk to numpy array...
Simulating positions of fluorophores...
Number of FPs: 12781253329.972857
Generating label segmentation...
5218 tubulin found in focal plane.
Calculating fluorophore density over focal plane...
41468 fluorophores found in the focal plane.
Calculating fluorophore photon emission rate...
Fluorophore photon emission per second = 9470381.451524047
Applying point spread function to light intensity array...
Simulating shot noise...
Quantizing intensities...

Saved data to /Users/karan/microsegmentation/SyntheticData_TRIVIAL_DENSE/Images/image-159.png and /Users/karan/microsegmentation/SyntheticData_TRIVIAL_DENSE/Labels/label-159.png.

Took 968.81 seconds.

Loading MT points from /Users/karan/tubulaton/tubulaton-run/tubulaton-160.vtk to numpy array...
Simulating positions of fluorophores...
Number of FPs: 12689878844.107382
Generating label segmentation...
4264 tubulin found in focal plane.
Calculating fluorophore density over focal plane...
45086 fluorophores found in the focal plane.
Calculating fluorophore photon emission rate...
Fluorophore photon emission per second = 9470381.451524047
Applying point spread function to light intensity array...
Simulating shot noise...
Quantizing intensities...

Saved data to /Users/karan/microsegmentation/SyntheticData_TRIVIAL_DENSE/Images/image-160.png and /Users/karan/microsegmentation/SyntheticData_TRIVIAL_DENSE/Labels/label-160.png.

Took 22.06 seconds.

Loading MT points from /Users/karan/tubulaton/tubulaton-run/tubulaton-161.vtk to numpy array...
Simulating positions of fluorophores...
Number of FPs: 12759112402.107386
Generating label segmentation...
1837 tubulin found in focal plane.
Calculating fluorophore density over focal plane...
38177 fluorophores found in the focal plane.
Calculating fluorophore photon emission rate...
Fluorophore photon emission per second = 9470381.451524047
Applying point spread function to light intensity array...
Simulating shot noise...
Quantizing intensities...

Saved data to /Users/karan/microsegmentation/SyntheticData_TRIVIAL_DENSE/Images/image-161.png and /Users/karan/microsegmentation/SyntheticData_TRIVIAL_DENSE/Labels/label-161.png.

Took 22.35 seconds.

Loading MT points from /Users/karan/tubulaton/tubulaton-run/tubulaton-162.vtk to numpy array...
Simulating positions of fluorophores...
Number of FPs: 12597309388.651117
Generating label segmentation...
3282 tubulin found in focal plane.
Calculating fluorophore density over focal plane...
40722 fluorophores found in the focal plane.
Calculating fluorophore photon emission rate...
Fluorophore photon emission per second = 9470381.451524047
Applying point spread function to light intensity array...
Simulating shot noise...
Quantizing intensities...

Saved data to /Users/karan/microsegmentation/SyntheticData_TRIVIAL_DENSE/Images/image-162.png and /Users/karan/microsegmentation/SyntheticData_TRIVIAL_DENSE/Labels/label-162.png.

Took 22.48 seconds.

Loading MT points from /Users/karan/tubulaton/tubulaton-run/tubulaton-163.vtk to numpy array...
Simulating positions of fluorophores...
Number of FPs: 12948322203.39754
Generating label segmentation...
801 tubulin found in focal plane.
Calculating fluorophore density over focal plane...
36150 fluorophores found in the focal plane.
Calculating fluorophore photon emission rate...
Fluorophore photon emission per second = 9470381.451524047
Applying point spread function to light intensity array...
Simulating shot noise...
Quantizing intensities...

Saved data to /Users/karan/microsegmentation/SyntheticData_TRIVIAL_DENSE/Images/image-163.png and /Users/karan/microsegmentation/SyntheticData_TRIVIAL_DENSE/Labels/label-163.png.

Took 27.35 seconds.

Loading MT points from /Users/karan/tubulaton/tubulaton-run/tubulaton-164.vtk to numpy array...
Simulating positions of fluorophores...
Number of FPs: 12898022888.456488
Generating label segmentation...
1821 tubulin found in focal plane.
Calculating fluorophore density over focal plane...
41034 fluorophores found in the focal plane.
Calculating fluorophore photon emission rate...
Fluorophore photon emission per second = 9470381.451524047
Applying point spread function to light intensity array...
Simulating shot noise...
Quantizing intensities...

Saved data to /Users/karan/microsegmentation/SyntheticData_TRIVIAL_DENSE/Images/image-164.png and /Users/karan/microsegmentation/SyntheticData_TRIVIAL_DENSE/Labels/label-164.png.

Took 981.18 seconds.

Loading MT points from /Users/karan/tubulaton/tubulaton-run/tubulaton-165.vtk to numpy array...
Simulating positions of fluorophores...
Number of FPs: 12398732587.39838
Generating label segmentation...
2156 tubulin found in focal plane.
Calculating fluorophore density over focal plane...
34252 fluorophores found in the focal plane.
Calculating fluorophore photon emission rate...
Fluorophore photon emission per second = 9470381.451524047
Applying point spread function to light intensity array...
Simulating shot noise...
Quantizing intensities...

Saved data to /Users/karan/microsegmentation/SyntheticData_TRIVIAL_DENSE/Images/image-165.png and /Users/karan/microsegmentation/SyntheticData_TRIVIAL_DENSE/Labels/label-165.png.

Took 21.78 seconds.

Loading MT points from /Users/karan/tubulaton/tubulaton-run/tubulaton-166.vtk to numpy array...
Simulating positions of fluorophores...
Number of FPs: 12399423227.72203
Generating label segmentation...
2724 tubulin found in focal plane.
Calculating fluorophore density over focal plane...
44590 fluorophores found in the focal plane.
Calculating fluorophore photon emission rate...
Fluorophore photon emission per second = 9470381.451524047
Applying point spread function to light intensity array...
Simulating shot noise...
Quantizing intensities...

Saved data to /Users/karan/microsegmentation/SyntheticData_TRIVIAL_DENSE/Images/image-166.png and /Users/karan/microsegmentation/SyntheticData_TRIVIAL_DENSE/Labels/label-166.png.

Took 1010.68 seconds.

Loading MT points from /Users/karan/tubulaton/tubulaton-run/tubulaton-167.vtk to numpy array...
Simulating positions of fluorophores...
Number of FPs: 12354103408.367626
Generating label segmentation...
5277 tubulin found in focal plane.
Calculating fluorophore density over focal plane...
36242 fluorophores found in the focal plane.
Calculating fluorophore photon emission rate...
Fluorophore photon emission per second = 9470381.451524047
Applying point spread function to light intensity array...
Simulating shot noise...
Quantizing intensities...

Saved data to /Users/karan/microsegmentation/SyntheticData_TRIVIAL_DENSE/Images/image-167.png and /Users/karan/microsegmentation/SyntheticData_TRIVIAL_DENSE/Labels/label-167.png.

Took 21.96 seconds.

Loading MT points from /Users/karan/tubulaton/tubulaton-run/tubulaton-168.vtk to numpy array...
Simulating positions of fluorophores...
Number of FPs: 12322827250.580317
Generating label segmentation...
2958 tubulin found in focal plane.
Calculating fluorophore density over focal plane...
38859 fluorophores found in the focal plane.
Calculating fluorophore photon emission rate...
Fluorophore photon emission per second = 9470381.451524047
Applying point spread function to light intensity array...
Simulating shot noise...
Quantizing intensities...

Saved data to /Users/karan/microsegmentation/SyntheticData_TRIVIAL_DENSE/Images/image-168.png and /Users/karan/microsegmentation/SyntheticData_TRIVIAL_DENSE/Labels/label-168.png.

Took 21.96 seconds.

Loading MT points from /Users/karan/tubulaton/tubulaton-run/tubulaton-169.vtk to numpy array...
Simulating positions of fluorophores...
Number of FPs: 12359278573.258606
Generating label segmentation...
2876 tubulin found in focal plane.
Calculating fluorophore density over focal plane...
39009 fluorophores found in the focal plane.
Calculating fluorophore photon emission rate...
Fluorophore photon emission per second = 9470381.451524047
Applying point spread function to light intensity array...
Simulating shot noise...
Quantizing intensities...

Saved data to /Users/karan/microsegmentation/SyntheticData_TRIVIAL_DENSE/Images/image-169.png and /Users/karan/microsegmentation/SyntheticData_TRIVIAL_DENSE/Labels/label-169.png.

Took 21.99 seconds.

Loading MT points from /Users/karan/tubulaton/tubulaton-run/tubulaton-170.vtk to numpy array...
Simulating positions of fluorophores...
Number of FPs: 13239809374.661041
Generating label segmentation...
2579 tubulin found in focal plane.
Calculating fluorophore density over focal plane...
32630 fluorophores found in the focal plane.
Calculating fluorophore photon emission rate...
Fluorophore photon emission per second = 9470381.451524047
Applying point spread function to light intensity array...
Simulating shot noise...
Quantizing intensities...

Saved data to /Users/karan/microsegmentation/SyntheticData_TRIVIAL_DENSE/Images/image-170.png and /Users/karan/microsegmentation/SyntheticData_TRIVIAL_DENSE/Labels/label-170.png.

Took 22.57 seconds.

Loading MT points from /Users/karan/tubulaton/tubulaton-run/tubulaton-171.vtk to numpy array...
Simulating positions of fluorophores...
Number of FPs: 12692794108.587673
Generating label segmentation...
1781 tubulin found in focal plane.
Calculating fluorophore density over focal plane...
30112 fluorophores found in the focal plane.
Calculating fluorophore photon emission rate...
Fluorophore photon emission per second = 9470381.451524047
Applying point spread function to light intensity array...
Simulating shot noise...
Quantizing intensities...

Saved data to /Users/karan/microsegmentation/SyntheticData_TRIVIAL_DENSE/Images/image-171.png and /Users/karan/microsegmentation/SyntheticData_TRIVIAL_DENSE/Labels/label-171.png.

Took 21.35 seconds.

Loading MT points from /Users/karan/tubulaton/tubulaton-run/tubulaton-172.vtk to numpy array...
Simulating positions of fluorophores...
Number of FPs: 12368022440.54556
Generating label segmentation...
3395 tubulin found in focal plane.
Calculating fluorophore density over focal plane...
42394 fluorophores found in the focal plane.
Calculating fluorophore photon emission rate...
Fluorophore photon emission per second = 9470381.451524047
Applying point spread function to light intensity array...
Simulating shot noise...
Quantizing intensities...

Saved data to /Users/karan/microsegmentation/SyntheticData_TRIVIAL_DENSE/Images/image-172.png and /Users/karan/microsegmentation/SyntheticData_TRIVIAL_DENSE/Labels/label-172.png.

Took 996.89 seconds.

Loading MT points from /Users/karan/tubulaton/tubulaton-run/tubulaton-173.vtk to numpy array...
Simulating positions of fluorophores...
Number of FPs: 12403659792.268076
Generating label segmentation...
3588 tubulin found in focal plane.
Calculating fluorophore density over focal plane...
46570 fluorophores found in the focal plane.
Calculating fluorophore photon emission rate...
Fluorophore photon emission per second = 9470381.451524047
Applying point spread function to light intensity array...
Simulating shot noise...
Quantizing intensities...

Saved data to /Users/karan/microsegmentation/SyntheticData_TRIVIAL_DENSE/Images/image-173.png and /Users/karan/microsegmentation/SyntheticData_TRIVIAL_DENSE/Labels/label-173.png.

Took 22.32 seconds.

Loading MT points from /Users/karan/tubulaton/tubulaton-run/tubulaton-174.vtk to numpy array...
Simulating positions of fluorophores...
Number of FPs: 12720378203.7556
Generating label segmentation...
3192 tubulin found in focal plane.
Calculating fluorophore density over focal plane...
45257 fluorophores found in the focal plane.
Calculating fluorophore photon emission rate...
Fluorophore photon emission per second = 9470381.451524047
Applying point spread function to light intensity array...
Simulating shot noise...
Quantizing intensities...

Saved data to /Users/karan/microsegmentation/SyntheticData_TRIVIAL_DENSE/Images/image-174.png and /Users/karan/microsegmentation/SyntheticData_TRIVIAL_DENSE/Labels/label-174.png.

Took 22.93 seconds.

Loading MT points from /Users/karan/tubulaton/tubulaton-run/tubulaton-175.vtk to numpy array...
Simulating positions of fluorophores...
Number of FPs: 11972142844.38248
Generating label segmentation...
3764 tubulin found in focal plane.
Calculating fluorophore density over focal plane...
42406 fluorophores found in the focal plane.
Calculating fluorophore photon emission rate...
Fluorophore photon emission per second = 9470381.451524047
Applying point spread function to light intensity array...
Simulating shot noise...
Quantizing intensities...

Saved data to /Users/karan/microsegmentation/SyntheticData_TRIVIAL_DENSE/Images/image-175.png and /Users/karan/microsegmentation/SyntheticData_TRIVIAL_DENSE/Labels/label-175.png.

Took 21.90 seconds.

Loading MT points from /Users/karan/tubulaton/tubulaton-run/tubulaton-176.vtk to numpy array...
Simulating positions of fluorophores...
Number of FPs: 12778285241.467571
Generating label segmentation...
2219 tubulin found in focal plane.
Calculating fluorophore density over focal plane...
41258 fluorophores found in the focal plane.
Calculating fluorophore photon emission rate...
Fluorophore photon emission per second = 9470381.451524047
Applying point spread function to light intensity array...
Simulating shot noise...
Quantizing intensities...

Saved data to /Users/karan/microsegmentation/SyntheticData_TRIVIAL_DENSE/Images/image-176.png and /Users/karan/microsegmentation/SyntheticData_TRIVIAL_DENSE/Labels/label-176.png.

Took 24.67 seconds.

Loading MT points from /Users/karan/tubulaton/tubulaton-run/tubulaton-177.vtk to numpy array...
Simulating positions of fluorophores...
Number of FPs: 12519550320.052769
Generating label segmentation...
2309 tubulin found in focal plane.
Calculating fluorophore density over focal plane...
44625 fluorophores found in the focal plane.
Calculating fluorophore photon emission rate...
Fluorophore photon emission per second = 9470381.451524047
Applying point spread function to light intensity array...
Simulating shot noise...
Quantizing intensities...

Saved data to /Users/karan/microsegmentation/SyntheticData_TRIVIAL_DENSE/Images/image-177.png and /Users/karan/microsegmentation/SyntheticData_TRIVIAL_DENSE/Labels/label-177.png.

Took 25.58 seconds.

Loading MT points from /Users/karan/tubulaton/tubulaton-run/tubulaton-178.vtk to numpy array...
Simulating positions of fluorophores...
Number of FPs: 12168833365.190845
Generating label segmentation...
1564 tubulin found in focal plane.
Calculating fluorophore density over focal plane...
41076 fluorophores found in the focal plane.
Calculating fluorophore photon emission rate...
Fluorophore photon emission per second = 9470381.451524047
Applying point spread function to light intensity array...
Simulating shot noise...
Quantizing intensities...

Saved data to /Users/karan/microsegmentation/SyntheticData_TRIVIAL_DENSE/Images/image-178.png and /Users/karan/microsegmentation/SyntheticData_TRIVIAL_DENSE/Labels/label-178.png.

Took 948.16 seconds.

Loading MT points from /Users/karan/tubulaton/tubulaton-run/tubulaton-179.vtk to numpy array...
Simulating positions of fluorophores...
Number of FPs: 12724592113.390926
Generating label segmentation...
4237 tubulin found in focal plane.
Calculating fluorophore density over focal plane...
40642 fluorophores found in the focal plane.
Calculating fluorophore photon emission rate...
Fluorophore photon emission per second = 9470381.451524047
Applying point spread function to light intensity array...
Simulating shot noise...
Quantizing intensities...

Saved data to /Users/karan/microsegmentation/SyntheticData_TRIVIAL_DENSE/Images/image-179.png and /Users/karan/microsegmentation/SyntheticData_TRIVIAL_DENSE/Labels/label-179.png.

Took 22.56 seconds.

Loading MT points from /Users/karan/tubulaton/tubulaton-run/tubulaton-180.vtk to numpy array...
Simulating positions of fluorophores...
Number of FPs: 12679842639.651281
Generating label segmentation...
863 tubulin found in focal plane.
Calculating fluorophore density over focal plane...
35412 fluorophores found in the focal plane.
Calculating fluorophore photon emission rate...
Fluorophore photon emission per second = 9470381.451524047
Applying point spread function to light intensity array...
Simulating shot noise...
Quantizing intensities...

Saved data to /Users/karan/microsegmentation/SyntheticData_TRIVIAL_DENSE/Images/image-180.png and /Users/karan/microsegmentation/SyntheticData_TRIVIAL_DENSE/Labels/label-180.png.

Took 461.03 seconds.

Loading MT points from /Users/karan/tubulaton/tubulaton-run/tubulaton-181.vtk to numpy array...
Simulating positions of fluorophores...
Number of FPs: 12953440914.880867
Generating label segmentation...
1678 tubulin found in focal plane.
Calculating fluorophore density over focal plane...
51549 fluorophores found in the focal plane.
Calculating fluorophore photon emission rate...
Fluorophore photon emission per second = 9470381.451524047
Applying point spread function to light intensity array...
Simulating shot noise...
Quantizing intensities...

Saved data to /Users/karan/microsegmentation/SyntheticData_TRIVIAL_DENSE/Images/image-181.png and /Users/karan/microsegmentation/SyntheticData_TRIVIAL_DENSE/Labels/label-181.png.

Took 25.02 seconds.

Loading MT points from /Users/karan/tubulaton/tubulaton-run/tubulaton-182.vtk to numpy array...
Simulating positions of fluorophores...
Number of FPs: 12838813032.077301
Generating label segmentation...
2490 tubulin found in focal plane.
Calculating fluorophore density over focal plane...
38599 fluorophores found in the focal plane.
Calculating fluorophore photon emission rate...
Fluorophore photon emission per second = 9470381.451524047
Applying point spread function to light intensity array...
Simulating shot noise...
Quantizing intensities...

Saved data to /Users/karan/microsegmentation/SyntheticData_TRIVIAL_DENSE/Images/image-182.png and /Users/karan/microsegmentation/SyntheticData_TRIVIAL_DENSE/Labels/label-182.png.

Took 22.29 seconds.

Loading MT points from /Users/karan/tubulaton/tubulaton-run/tubulaton-183.vtk to numpy array...
Simulating positions of fluorophores...
Number of FPs: 11980506629.063276
Generating label segmentation...
3257 tubulin found in focal plane.
Calculating fluorophore density over focal plane...
42239 fluorophores found in the focal plane.
Calculating fluorophore photon emission rate...
Fluorophore photon emission per second = 9470381.451524047
Applying point spread function to light intensity array...
Simulating shot noise...
Quantizing intensities...

Saved data to /Users/karan/microsegmentation/SyntheticData_TRIVIAL_DENSE/Images/image-183.png and /Users/karan/microsegmentation/SyntheticData_TRIVIAL_DENSE/Labels/label-183.png.

Took 21.29 seconds.

Loading MT points from /Users/karan/tubulaton/tubulaton-run/tubulaton-184.vtk to numpy array...
Simulating positions of fluorophores...
Number of FPs: 12406949273.160461
Generating label segmentation...
4009 tubulin found in focal plane.
Calculating fluorophore density over focal plane...
43481 fluorophores found in the focal plane.
Calculating fluorophore photon emission rate...
Fluorophore photon emission per second = 9470381.451524047
Applying point spread function to light intensity array...
Simulating shot noise...
Quantizing intensities...

Saved data to /Users/karan/microsegmentation/SyntheticData_TRIVIAL_DENSE/Images/image-184.png and /Users/karan/microsegmentation/SyntheticData_TRIVIAL_DENSE/Labels/label-184.png.

Took 22.21 seconds.

Loading MT points from /Users/karan/tubulaton/tubulaton-run/tubulaton-185.vtk to numpy array...
Simulating positions of fluorophores...
Number of FPs: 12669778799.855371
Generating label segmentation...
1564 tubulin found in focal plane.
Calculating fluorophore density over focal plane...
46149 fluorophores found in the focal plane.
Calculating fluorophore photon emission rate...
Fluorophore photon emission per second = 9470381.451524047
Applying point spread function to light intensity array...
Simulating shot noise...
Quantizing intensities...

Saved data to /Users/karan/microsegmentation/SyntheticData_TRIVIAL_DENSE/Images/image-185.png and /Users/karan/microsegmentation/SyntheticData_TRIVIAL_DENSE/Labels/label-185.png.

Took 22.78 seconds.

Loading MT points from /Users/karan/tubulaton/tubulaton-run/tubulaton-186.vtk to numpy array...
Simulating positions of fluorophores...
Number of FPs: 12582618890.362106
Generating label segmentation...
3782 tubulin found in focal plane.
Calculating fluorophore density over focal plane...
36214 fluorophores found in the focal plane.
Calculating fluorophore photon emission rate...
Fluorophore photon emission per second = 9470381.451524047
Applying point spread function to light intensity array...
Simulating shot noise...
Quantizing intensities...

Saved data to /Users/karan/microsegmentation/SyntheticData_TRIVIAL_DENSE/Images/image-186.png and /Users/karan/microsegmentation/SyntheticData_TRIVIAL_DENSE/Labels/label-186.png.

Took 22.07 seconds.

Loading MT points from /Users/karan/tubulaton/tubulaton-run/tubulaton-187.vtk to numpy array...
Simulating positions of fluorophores...
Number of FPs: 12904915862.968803
Generating label segmentation...
3528 tubulin found in focal plane.
Calculating fluorophore density over focal plane...
46853 fluorophores found in the focal plane.
Calculating fluorophore photon emission rate...
Fluorophore photon emission per second = 9470381.451524047
Applying point spread function to light intensity array...
Simulating shot noise...
Quantizing intensities...

Saved data to /Users/karan/microsegmentation/SyntheticData_TRIVIAL_DENSE/Images/image-187.png and /Users/karan/microsegmentation/SyntheticData_TRIVIAL_DENSE/Labels/label-187.png.

Took 22.82 seconds.

Loading MT points from /Users/karan/tubulaton/tubulaton-run/tubulaton-188.vtk to numpy array...
Simulating positions of fluorophores...
Number of FPs: 12392490408.083982
Generating label segmentation...
1635 tubulin found in focal plane.
Calculating fluorophore density over focal plane...
41059 fluorophores found in the focal plane.
Calculating fluorophore photon emission rate...
Fluorophore photon emission per second = 9470381.451524047
Applying point spread function to light intensity array...
Simulating shot noise...
Quantizing intensities...

Saved data to /Users/karan/microsegmentation/SyntheticData_TRIVIAL_DENSE/Images/image-188.png and /Users/karan/microsegmentation/SyntheticData_TRIVIAL_DENSE/Labels/label-188.png.

Took 22.46 seconds.

Loading MT points from /Users/karan/tubulaton/tubulaton-run/tubulaton-189.vtk to numpy array...
Simulating positions of fluorophores...
Number of FPs: 12726732654.692717
Generating label segmentation...
2582 tubulin found in focal plane.
Calculating fluorophore density over focal plane...
34419 fluorophores found in the focal plane.
Calculating fluorophore photon emission rate...
Fluorophore photon emission per second = 9470381.451524047
Applying point spread function to light intensity array...
Simulating shot noise...
Quantizing intensities...

Saved data to /Users/karan/microsegmentation/SyntheticData_TRIVIAL_DENSE/Images/image-189.png and /Users/karan/microsegmentation/SyntheticData_TRIVIAL_DENSE/Labels/label-189.png.

Took 22.57 seconds.

Loading MT points from /Users/karan/tubulaton/tubulaton-run/tubulaton-190.vtk to numpy array...
Simulating positions of fluorophores...
Number of FPs: 13196857714.936258
Generating label segmentation...
4358 tubulin found in focal plane.
Calculating fluorophore density over focal plane...
41937 fluorophores found in the focal plane.
Calculating fluorophore photon emission rate...
Fluorophore photon emission per second = 9470381.451524047
Applying point spread function to light intensity array...
Simulating shot noise...
Quantizing intensities...

Saved data to /Users/karan/microsegmentation/SyntheticData_TRIVIAL_DENSE/Images/image-190.png and /Users/karan/microsegmentation/SyntheticData_TRIVIAL_DENSE/Labels/label-190.png.

Took 23.19 seconds.

Loading MT points from /Users/karan/tubulaton/tubulaton-run/tubulaton-191.vtk to numpy array...
Simulating positions of fluorophores...
Number of FPs: 13207267176.745155
Generating label segmentation...
348 tubulin found in focal plane.
Calculating fluorophore density over focal plane...
19287 fluorophores found in the focal plane.
Calculating fluorophore photon emission rate...
Fluorophore photon emission per second = 9470381.451524047
Applying point spread function to light intensity array...
Simulating shot noise...
Quantizing intensities...

Saved data to /Users/karan/microsegmentation/SyntheticData_TRIVIAL_DENSE/Images/image-191.png and /Users/karan/microsegmentation/SyntheticData_TRIVIAL_DENSE/Labels/label-191.png.

Took 21.38 seconds.

Loading MT points from /Users/karan/tubulaton/tubulaton-run/tubulaton-192.vtk to numpy array...
Simulating positions of fluorophores...
Number of FPs: 12757368282.652208
Generating label segmentation...
2473 tubulin found in focal plane.
Calculating fluorophore density over focal plane...
39031 fluorophores found in the focal plane.
Calculating fluorophore photon emission rate...
Fluorophore photon emission per second = 9470381.451524047
Applying point spread function to light intensity array...
Simulating shot noise...
Quantizing intensities...

Saved data to /Users/karan/microsegmentation/SyntheticData_TRIVIAL_DENSE/Images/image-192.png and /Users/karan/microsegmentation/SyntheticData_TRIVIAL_DENSE/Labels/label-192.png.

Took 22.32 seconds.

Loading MT points from /Users/karan/tubulaton/tubulaton-run/tubulaton-193.vtk to numpy array...
Simulating positions of fluorophores...
Number of FPs: 12572821027.13957
Generating label segmentation...
3215 tubulin found in focal plane.
Calculating fluorophore density over focal plane...
43606 fluorophores found in the focal plane.
Calculating fluorophore photon emission rate...
Fluorophore photon emission per second = 9470381.451524047
Applying point spread function to light intensity array...
Simulating shot noise...
Quantizing intensities...

Saved data to /Users/karan/microsegmentation/SyntheticData_TRIVIAL_DENSE/Images/image-193.png and /Users/karan/microsegmentation/SyntheticData_TRIVIAL_DENSE/Labels/label-193.png.

Took 20.25 seconds.

Loading MT points from /Users/karan/tubulaton/tubulaton-run/tubulaton-194.vtk to numpy array...
Simulating positions of fluorophores...
Number of FPs: 12514724547.479061
Generating label segmentation...
2044 tubulin found in focal plane.
Calculating fluorophore density over focal plane...
42852 fluorophores found in the focal plane.
Calculating fluorophore photon emission rate...
Fluorophore photon emission per second = 9470381.451524047
Applying point spread function to light intensity array...
Simulating shot noise...
Quantizing intensities...

Saved data to /Users/karan/microsegmentation/SyntheticData_TRIVIAL_DENSE/Images/image-194.png and /Users/karan/microsegmentation/SyntheticData_TRIVIAL_DENSE/Labels/label-194.png.

Took 20.08 seconds.

Loading MT points from /Users/karan/tubulaton/tubulaton-run/tubulaton-195.vtk to numpy array...
Simulating positions of fluorophores...
Number of FPs: 12758100775.251228
Generating label segmentation...
404 tubulin found in focal plane.
Calculating fluorophore density over focal plane...
35825 fluorophores found in the focal plane.
Calculating fluorophore photon emission rate...
Fluorophore photon emission per second = 9470381.451524047
Applying point spread function to light intensity array...
Simulating shot noise...
Quantizing intensities...

Saved data to /Users/karan/microsegmentation/SyntheticData_TRIVIAL_DENSE/Images/image-195.png and /Users/karan/microsegmentation/SyntheticData_TRIVIAL_DENSE/Labels/label-195.png.

Took 19.94 seconds.

Loading MT points from /Users/karan/tubulaton/tubulaton-run/tubulaton-196.vtk to numpy array...
Simulating positions of fluorophores...
Number of FPs: 12392761272.810658
Generating label segmentation...
519 tubulin found in focal plane.
Calculating fluorophore density over focal plane...
39091 fluorophores found in the focal plane.
Calculating fluorophore photon emission rate...
Fluorophore photon emission per second = 9470381.451524047
Applying point spread function to light intensity array...
Simulating shot noise...
Quantizing intensities...

Saved data to /Users/karan/microsegmentation/SyntheticData_TRIVIAL_DENSE/Images/image-196.png and /Users/karan/microsegmentation/SyntheticData_TRIVIAL_DENSE/Labels/label-196.png.

Took 19.96 seconds.

Loading MT points from /Users/karan/tubulaton/tubulaton-run/tubulaton-197.vtk to numpy array...
Simulating positions of fluorophores...
Number of FPs: 12868453348.623951
Generating label segmentation...
3609 tubulin found in focal plane.
Calculating fluorophore density over focal plane...
40455 fluorophores found in the focal plane.
Calculating fluorophore photon emission rate...
Fluorophore photon emission per second = 9470381.451524047
Applying point spread function to light intensity array...
Simulating shot noise...
Quantizing intensities...

Saved data to /Users/karan/microsegmentation/SyntheticData_TRIVIAL_DENSE/Images/image-197.png and /Users/karan/microsegmentation/SyntheticData_TRIVIAL_DENSE/Labels/label-197.png.

Took 20.02 seconds.

Loading MT points from /Users/karan/tubulaton/tubulaton-run/tubulaton-198.vtk to numpy array...
Simulating positions of fluorophores...
Number of FPs: 12749358984.094913
Generating label segmentation...
1790 tubulin found in focal plane.
Calculating fluorophore density over focal plane...
33758 fluorophores found in the focal plane.
Calculating fluorophore photon emission rate...
Fluorophore photon emission per second = 9470381.451524047
Applying point spread function to light intensity array...
Simulating shot noise...
Quantizing intensities...

Saved data to /Users/karan/microsegmentation/SyntheticData_TRIVIAL_DENSE/Images/image-198.png and /Users/karan/microsegmentation/SyntheticData_TRIVIAL_DENSE/Labels/label-198.png.

Took 19.28 seconds.

Loading MT points from /Users/karan/tubulaton/tubulaton-run/tubulaton-199.vtk to numpy array...
Simulating positions of fluorophores...
Number of FPs: 13309075839.888998
Generating label segmentation...
1935 tubulin found in focal plane.
Calculating fluorophore density over focal plane...
37756 fluorophores found in the focal plane.
Calculating fluorophore photon emission rate...
Fluorophore photon emission per second = 9470381.451524047
Applying point spread function to light intensity array...
Simulating shot noise...
Quantizing intensities...

Saved data to /Users/karan/microsegmentation/SyntheticData_TRIVIAL_DENSE/Images/image-199.png and /Users/karan/microsegmentation/SyntheticData_TRIVIAL_DENSE/Labels/label-199.png.

Took 23.80 seconds.

Loading MT points from /Users/karan/tubulaton/tubulaton-run/tubulaton-200.vtk to numpy array...
Simulating positions of fluorophores...
Number of FPs: 13094217032.790112
Generating label segmentation...
2299 tubulin found in focal plane.
Calculating fluorophore density over focal plane...
30983 fluorophores found in the focal plane.
Calculating fluorophore photon emission rate...
Fluorophore photon emission per second = 9470381.451524047
Applying point spread function to light intensity array...
Simulating shot noise...
Quantizing intensities...

Saved data to /Users/karan/microsegmentation/SyntheticData_TRIVIAL_DENSE/Images/image-200.png and /Users/karan/microsegmentation/SyntheticData_TRIVIAL_DENSE/Labels/label-200.png.

Took 25.96 seconds.


Took 21833.53 seconds in total.
(218.34 seconds per .vtk file)
