Loaded config file: /Users/karan/microsegmentation/generation/generate_configs/trivial.json5
Using depolymerization rate: 0.8587552985726469

Loading MT points from /Users/karan/tubulaton/tubulaton-run/tubulaton-701.vtk to numpy array...
Simulating positions of fluorophores...
Number of FPs: 13627640822.301899
Generating label segmentation...
3279 tubulin found in focal plane.
Calculating fluorophore density over focal plane...
31830 fluorophores found in the focal plane.
Calculating fluorophore photon emission rate...
Fluorophore photon emission per second = 9470381.451524047
Applying point spread function to light intensity array...
Simulating shot noise...
Quantizing intensities...

Saved data to /Users/karan/microsegmentation/SyntheticData_TRIVIAL_DENSE/Images/image-701.png and /Users/karan/microsegmentation/SyntheticData_TRIVIAL_DENSE/Labels/label-701.png.

Took 27.48 seconds.

Loading MT points from /Users/karan/tubulaton/tubulaton-run/tubulaton-702.vtk to numpy array...
Simulating positions of fluorophores...
Number of FPs: 12732061878.057405
Generating label segmentation...
5957 tubulin found in focal plane.
Calculating fluorophore density over focal plane...
32823 fluorophores found in the focal plane.
Calculating fluorophore photon emission rate...
Fluorophore photon emission per second = 9470381.451524047
Applying point spread function to light intensity array...
Simulating shot noise...
Quantizing intensities...

Saved data to /Users/karan/microsegmentation/SyntheticData_TRIVIAL_DENSE/Images/image-702.png and /Users/karan/microsegmentation/SyntheticData_TRIVIAL_DENSE/Labels/label-702.png.

Took 22.76 seconds.

Loading MT points from /Users/karan/tubulaton/tubulaton-run/tubulaton-703.vtk to numpy array...
Simulating positions of fluorophores...
Number of FPs: 13121332180.866135
Generating label segmentation...
10180 tubulin found in focal plane.
Calculating fluorophore density over focal plane...
39054 fluorophores found in the focal plane.
Calculating fluorophore photon emission rate...
Fluorophore photon emission per second = 9470381.451524047
Applying point spread function to light intensity array...
Simulating shot noise...
Quantizing intensities...

Saved data to /Users/karan/microsegmentation/SyntheticData_TRIVIAL_DENSE/Images/image-703.png and /Users/karan/microsegmentation/SyntheticData_TRIVIAL_DENSE/Labels/label-703.png.

Took 23.17 seconds.

Loading MT points from /Users/karan/tubulaton/tubulaton-run/tubulaton-704.vtk to numpy array...
Simulating positions of fluorophores...
Number of FPs: 12517321795.207588
Generating label segmentation...
4085 tubulin found in focal plane.
Calculating fluorophore density over focal plane...
42587 fluorophores found in the focal plane.
Calculating fluorophore photon emission rate...
Fluorophore photon emission per second = 9470381.451524047
Applying point spread function to light intensity array...
Simulating shot noise...
Quantizing intensities...

Saved data to /Users/karan/microsegmentation/SyntheticData_TRIVIAL_DENSE/Images/image-704.png and /Users/karan/microsegmentation/SyntheticData_TRIVIAL_DENSE/Labels/label-704.png.

Took 22.44 seconds.

Loading MT points from /Users/karan/tubulaton/tubulaton-run/tubulaton-705.vtk to numpy array...
Simulating positions of fluorophores...
Number of FPs: 12529284715.674425
Generating label segmentation...
8513 tubulin found in focal plane.
Calculating fluorophore density over focal plane...
36956 fluorophores found in the focal plane.
Calculating fluorophore photon emission rate...
Fluorophore photon emission per second = 9470381.451524047
Applying point spread function to light intensity array...
Simulating shot noise...
Quantizing intensities...

Saved data to /Users/karan/microsegmentation/SyntheticData_TRIVIAL_DENSE/Images/image-705.png and /Users/karan/microsegmentation/SyntheticData_TRIVIAL_DENSE/Labels/label-705.png.

Took 21.56 seconds.

Loading MT points from /Users/karan/tubulaton/tubulaton-run/tubulaton-706.vtk to numpy array...
Simulating positions of fluorophores...
Number of FPs: 12628165695.870626
Generating label segmentation...
6022 tubulin found in focal plane.
Calculating fluorophore density over focal plane...
35888 fluorophores found in the focal plane.
Calculating fluorophore photon emission rate...
Fluorophore photon emission per second = 9470381.451524047
Applying point spread function to light intensity array...
Simulating shot noise...
Quantizing intensities...

Saved data to /Users/karan/microsegmentation/SyntheticData_TRIVIAL_DENSE/Images/image-706.png and /Users/karan/microsegmentation/SyntheticData_TRIVIAL_DENSE/Labels/label-706.png.

Took 21.70 seconds.

Loading MT points from /Users/karan/tubulaton/tubulaton-run/tubulaton-707.vtk to numpy array...
Simulating positions of fluorophores...
Number of FPs: 12624987362.616674
Generating label segmentation...
5430 tubulin found in focal plane.
Calculating fluorophore density over focal plane...
42977 fluorophores found in the focal plane.
Calculating fluorophore photon emission rate...
Fluorophore photon emission per second = 9470381.451524047
Applying point spread function to light intensity array...
Simulating shot noise...
Quantizing intensities...

Saved data to /Users/karan/microsegmentation/SyntheticData_TRIVIAL_DENSE/Images/image-707.png and /Users/karan/microsegmentation/SyntheticData_TRIVIAL_DENSE/Labels/label-707.png.

Took 22.51 seconds.

Loading MT points from /Users/karan/tubulaton/tubulaton-run/tubulaton-708.vtk to numpy array...
Simulating positions of fluorophores...
Number of FPs: 12919927673.948053
Generating label segmentation...
2781 tubulin found in focal plane.
Calculating fluorophore density over focal plane...
44349 fluorophores found in the focal plane.
Calculating fluorophore photon emission rate...
Fluorophore photon emission per second = 9470381.451524047
Applying point spread function to light intensity array...
Simulating shot noise...
Quantizing intensities...

Saved data to /Users/karan/microsegmentation/SyntheticData_TRIVIAL_DENSE/Images/image-708.png and /Users/karan/microsegmentation/SyntheticData_TRIVIAL_DENSE/Labels/label-708.png.

Took 22.64 seconds.

Loading MT points from /Users/karan/tubulaton/tubulaton-run/tubulaton-709.vtk to numpy array...
Simulating positions of fluorophores...
Number of FPs: 12649158400.922426
Generating label segmentation...
7250 tubulin found in focal plane.
Calculating fluorophore density over focal plane...
42114 fluorophores found in the focal plane.
Calculating fluorophore photon emission rate...
Fluorophore photon emission per second = 9470381.451524047
Applying point spread function to light intensity array...
Simulating shot noise...
Quantizing intensities...

Saved data to /Users/karan/microsegmentation/SyntheticData_TRIVIAL_DENSE/Images/image-709.png and /Users/karan/microsegmentation/SyntheticData_TRIVIAL_DENSE/Labels/label-709.png.

Took 22.14 seconds.

Loading MT points from /Users/karan/tubulaton/tubulaton-run/tubulaton-710.vtk to numpy array...
Simulating positions of fluorophores...
Number of FPs: 13156724660.520996
Generating label segmentation...
3479 tubulin found in focal plane.
Calculating fluorophore density over focal plane...
41660 fluorophores found in the focal plane.
Calculating fluorophore photon emission rate...
Fluorophore photon emission per second = 9470381.451524047
Applying point spread function to light intensity array...
Simulating shot noise...
Quantizing intensities...

Saved data to /Users/karan/microsegmentation/SyntheticData_TRIVIAL_DENSE/Images/image-710.png and /Users/karan/microsegmentation/SyntheticData_TRIVIAL_DENSE/Labels/label-710.png.

Took 22.44 seconds.

Loading MT points from /Users/karan/tubulaton/tubulaton-run/tubulaton-711.vtk to numpy array...
Simulating positions of fluorophores...
Number of FPs: 12670022385.46942
Generating label segmentation...
5035 tubulin found in focal plane.
Calculating fluorophore density over focal plane...
36673 fluorophores found in the focal plane.
Calculating fluorophore photon emission rate...
Fluorophore photon emission per second = 9470381.451524047
Applying point spread function to light intensity array...
Simulating shot noise...
Quantizing intensities...

Saved data to /Users/karan/microsegmentation/SyntheticData_TRIVIAL_DENSE/Images/image-711.png and /Users/karan/microsegmentation/SyntheticData_TRIVIAL_DENSE/Labels/label-711.png.

Took 22.27 seconds.

Loading MT points from /Users/karan/tubulaton/tubulaton-run/tubulaton-712.vtk to numpy array...
Simulating positions of fluorophores...
Number of FPs: 12372742227.926529
Generating label segmentation...
7745 tubulin found in focal plane.
Calculating fluorophore density over focal plane...
40626 fluorophores found in the focal plane.
Calculating fluorophore photon emission rate...
Fluorophore photon emission per second = 9470381.451524047
Applying point spread function to light intensity array...
Simulating shot noise...
Quantizing intensities...

Saved data to /Users/karan/microsegmentation/SyntheticData_TRIVIAL_DENSE/Images/image-712.png and /Users/karan/microsegmentation/SyntheticData_TRIVIAL_DENSE/Labels/label-712.png.

Took 21.69 seconds.

Loading MT points from /Users/karan/tubulaton/tubulaton-run/tubulaton-713.vtk to numpy array...
Simulating positions of fluorophores...
Number of FPs: 12670754144.924196
Generating label segmentation...
5661 tubulin found in focal plane.
Calculating fluorophore density over focal plane...
41909 fluorophores found in the focal plane.
Calculating fluorophore photon emission rate...
Fluorophore photon emission per second = 9470381.451524047
Applying point spread function to light intensity array...
Simulating shot noise...
Quantizing intensities...

Saved data to /Users/karan/microsegmentation/SyntheticData_TRIVIAL_DENSE/Images/image-713.png and /Users/karan/microsegmentation/SyntheticData_TRIVIAL_DENSE/Labels/label-713.png.

Took 22.37 seconds.

Loading MT points from /Users/karan/tubulaton/tubulaton-run/tubulaton-714.vtk to numpy array...
Simulating positions of fluorophores...
Number of FPs: 12503180725.049189
Generating label segmentation...
3858 tubulin found in focal plane.
Calculating fluorophore density over focal plane...
35569 fluorophores found in the focal plane.
Calculating fluorophore photon emission rate...
Fluorophore photon emission per second = 9470381.451524047
Applying point spread function to light intensity array...
Simulating shot noise...
Quantizing intensities...

Saved data to /Users/karan/microsegmentation/SyntheticData_TRIVIAL_DENSE/Images/image-714.png and /Users/karan/microsegmentation/SyntheticData_TRIVIAL_DENSE/Labels/label-714.png.

Took 22.42 seconds.

Loading MT points from /Users/karan/tubulaton/tubulaton-run/tubulaton-715.vtk to numpy array...
Simulating positions of fluorophores...
Number of FPs: 12958471973.15342
Generating label segmentation...
3534 tubulin found in focal plane.
Calculating fluorophore density over focal plane...
39838 fluorophores found in the focal plane.
Calculating fluorophore photon emission rate...
Fluorophore photon emission per second = 9470381.451524047
Applying point spread function to light intensity array...
Simulating shot noise...
Quantizing intensities...

Saved data to /Users/karan/microsegmentation/SyntheticData_TRIVIAL_DENSE/Images/image-715.png and /Users/karan/microsegmentation/SyntheticData_TRIVIAL_DENSE/Labels/label-715.png.

Took 22.31 seconds.

Loading MT points from /Users/karan/tubulaton/tubulaton-run/tubulaton-716.vtk to numpy array...
Simulating positions of fluorophores...
Number of FPs: 12715830229.220222
Generating label segmentation...
4460 tubulin found in focal plane.
Calculating fluorophore density over focal plane...
39542 fluorophores found in the focal plane.
Calculating fluorophore photon emission rate...
Fluorophore photon emission per second = 9470381.451524047
Applying point spread function to light intensity array...
Simulating shot noise...
Quantizing intensities...

Saved data to /Users/karan/microsegmentation/SyntheticData_TRIVIAL_DENSE/Images/image-716.png and /Users/karan/microsegmentation/SyntheticData_TRIVIAL_DENSE/Labels/label-716.png.

Took 22.01 seconds.

Loading MT points from /Users/karan/tubulaton/tubulaton-run/tubulaton-717.vtk to numpy array...
Simulating positions of fluorophores...
Number of FPs: 12498088730.785593
Generating label segmentation...
9644 tubulin found in focal plane.
Calculating fluorophore density over focal plane...
40484 fluorophores found in the focal plane.
Calculating fluorophore photon emission rate...
Fluorophore photon emission per second = 9470381.451524047
Applying point spread function to light intensity array...
Simulating shot noise...
Quantizing intensities...

Saved data to /Users/karan/microsegmentation/SyntheticData_TRIVIAL_DENSE/Images/image-717.png and /Users/karan/microsegmentation/SyntheticData_TRIVIAL_DENSE/Labels/label-717.png.

Took 22.38 seconds.

Loading MT points from /Users/karan/tubulaton/tubulaton-run/tubulaton-718.vtk to numpy array...
Simulating positions of fluorophores...
Number of FPs: 12696553770.64218
Generating label segmentation...
5538 tubulin found in focal plane.
Calculating fluorophore density over focal plane...
41421 fluorophores found in the focal plane.
Calculating fluorophore photon emission rate...
Fluorophore photon emission per second = 9470381.451524047
Applying point spread function to light intensity array...
Simulating shot noise...
Quantizing intensities...

Saved data to /Users/karan/microsegmentation/SyntheticData_TRIVIAL_DENSE/Images/image-718.png and /Users/karan/microsegmentation/SyntheticData_TRIVIAL_DENSE/Labels/label-718.png.

Took 22.26 seconds.

Loading MT points from /Users/karan/tubulaton/tubulaton-run/tubulaton-719.vtk to numpy array...
Simulating positions of fluorophores...
Number of FPs: 12440788778.461294
Generating label segmentation...
8782 tubulin found in focal plane.
Calculating fluorophore density over focal plane...
38562 fluorophores found in the focal plane.
Calculating fluorophore photon emission rate...
Fluorophore photon emission per second = 9470381.451524047
Applying point spread function to light intensity array...
Simulating shot noise...
Quantizing intensities...

Saved data to /Users/karan/microsegmentation/SyntheticData_TRIVIAL_DENSE/Images/image-719.png and /Users/karan/microsegmentation/SyntheticData_TRIVIAL_DENSE/Labels/label-719.png.

Took 21.88 seconds.

Loading MT points from /Users/karan/tubulaton/tubulaton-run/tubulaton-720.vtk to numpy array...
Simulating positions of fluorophores...
Number of FPs: 12584134032.571358
Generating label segmentation...
6637 tubulin found in focal plane.
Calculating fluorophore density over focal plane...
38697 fluorophores found in the focal plane.
Calculating fluorophore photon emission rate...
Fluorophore photon emission per second = 9470381.451524047
Applying point spread function to light intensity array...
Simulating shot noise...
Quantizing intensities...

Saved data to /Users/karan/microsegmentation/SyntheticData_TRIVIAL_DENSE/Images/image-720.png and /Users/karan/microsegmentation/SyntheticData_TRIVIAL_DENSE/Labels/label-720.png.

Took 22.12 seconds.

Loading MT points from /Users/karan/tubulaton/tubulaton-run/tubulaton-721.vtk to numpy array...
Simulating positions of fluorophores...
Number of FPs: 12759452021.040642
Generating label segmentation...
4787 tubulin found in focal plane.
Calculating fluorophore density over focal plane...
37557 fluorophores found in the focal plane.
Calculating fluorophore photon emission rate...
Fluorophore photon emission per second = 9470381.451524047
Applying point spread function to light intensity array...
Simulating shot noise...
Quantizing intensities...

Saved data to /Users/karan/microsegmentation/SyntheticData_TRIVIAL_DENSE/Images/image-721.png and /Users/karan/microsegmentation/SyntheticData_TRIVIAL_DENSE/Labels/label-721.png.

Took 22.38 seconds.

Loading MT points from /Users/karan/tubulaton/tubulaton-run/tubulaton-722.vtk to numpy array...
Simulating positions of fluorophores...
Number of FPs: 12757095919.478762
Generating label segmentation...
7680 tubulin found in focal plane.
Calculating fluorophore density over focal plane...
38115 fluorophores found in the focal plane.
Calculating fluorophore photon emission rate...
Fluorophore photon emission per second = 9470381.451524047
Applying point spread function to light intensity array...
Simulating shot noise...
Quantizing intensities...

Saved data to /Users/karan/microsegmentation/SyntheticData_TRIVIAL_DENSE/Images/image-722.png and /Users/karan/microsegmentation/SyntheticData_TRIVIAL_DENSE/Labels/label-722.png.

Took 22.42 seconds.

Loading MT points from /Users/karan/tubulaton/tubulaton-run/tubulaton-723.vtk to numpy array...
Simulating positions of fluorophores...
Number of FPs: 12513131173.655504
Generating label segmentation...
5928 tubulin found in focal plane.
Calculating fluorophore density over focal plane...
37292 fluorophores found in the focal plane.
Calculating fluorophore photon emission rate...
Fluorophore photon emission per second = 9470381.451524047
Applying point spread function to light intensity array...
Simulating shot noise...
Quantizing intensities...

Saved data to /Users/karan/microsegmentation/SyntheticData_TRIVIAL_DENSE/Images/image-723.png and /Users/karan/microsegmentation/SyntheticData_TRIVIAL_DENSE/Labels/label-723.png.

Took 21.62 seconds.

Loading MT points from /Users/karan/tubulaton/tubulaton-run/tubulaton-724.vtk to numpy array...
Simulating positions of fluorophores...
Number of FPs: 12555959046.918306
Generating label segmentation...
6849 tubulin found in focal plane.
Calculating fluorophore density over focal plane...
44943 fluorophores found in the focal plane.
Calculating fluorophore photon emission rate...
Fluorophore photon emission per second = 9470381.451524047
Applying point spread function to light intensity array...
Simulating shot noise...
Quantizing intensities...

Saved data to /Users/karan/microsegmentation/SyntheticData_TRIVIAL_DENSE/Images/image-724.png and /Users/karan/microsegmentation/SyntheticData_TRIVIAL_DENSE/Labels/label-724.png.

Took 22.57 seconds.

Loading MT points from /Users/karan/tubulaton/tubulaton-run/tubulaton-725.vtk to numpy array...
Simulating positions of fluorophores...
Number of FPs: 12320568009.128725
Generating label segmentation...
6233 tubulin found in focal plane.
Calculating fluorophore density over focal plane...
45549 fluorophores found in the focal plane.
Calculating fluorophore photon emission rate...
Fluorophore photon emission per second = 9470381.451524047
Applying point spread function to light intensity array...
Simulating shot noise...
Quantizing intensities...

Saved data to /Users/karan/microsegmentation/SyntheticData_TRIVIAL_DENSE/Images/image-725.png and /Users/karan/microsegmentation/SyntheticData_TRIVIAL_DENSE/Labels/label-725.png.

Took 22.19 seconds.

Loading MT points from /Users/karan/tubulaton/tubulaton-run/tubulaton-726.vtk to numpy array...
Simulating positions of fluorophores...
Number of FPs: 12671904467.905878
Generating label segmentation...
3982 tubulin found in focal plane.
Calculating fluorophore density over focal plane...
38608 fluorophores found in the focal plane.
Calculating fluorophore photon emission rate...
Fluorophore photon emission per second = 9470381.451524047
Applying point spread function to light intensity array...
Simulating shot noise...
Quantizing intensities...

Saved data to /Users/karan/microsegmentation/SyntheticData_TRIVIAL_DENSE/Images/image-726.png and /Users/karan/microsegmentation/SyntheticData_TRIVIAL_DENSE/Labels/label-726.png.

Took 22.37 seconds.

Loading MT points from /Users/karan/tubulaton/tubulaton-run/tubulaton-727.vtk to numpy array...
Simulating positions of fluorophores...
Number of FPs: 12830091548.508556
Generating label segmentation...
4254 tubulin found in focal plane.
Calculating fluorophore density over focal plane...
30073 fluorophores found in the focal plane.
Calculating fluorophore photon emission rate...
Fluorophore photon emission per second = 9470381.451524047
Applying point spread function to light intensity array...
Simulating shot noise...
Quantizing intensities...

Saved data to /Users/karan/microsegmentation/SyntheticData_TRIVIAL_DENSE/Images/image-727.png and /Users/karan/microsegmentation/SyntheticData_TRIVIAL_DENSE/Labels/label-727.png.

Took 22.14 seconds.

Loading MT points from /Users/karan/tubulaton/tubulaton-run/tubulaton-728.vtk to numpy array...
Simulating positions of fluorophores...
Number of FPs: 12284943973.392836
Generating label segmentation...
8680 tubulin found in focal plane.
Calculating fluorophore density over focal plane...
48983 fluorophores found in the focal plane.
Calculating fluorophore photon emission rate...
Fluorophore photon emission per second = 9470381.451524047
Applying point spread function to light intensity array...
Simulating shot noise...
Quantizing intensities...

Saved data to /Users/karan/microsegmentation/SyntheticData_TRIVIAL_DENSE/Images/image-728.png and /Users/karan/microsegmentation/SyntheticData_TRIVIAL_DENSE/Labels/label-728.png.

Took 22.15 seconds.

Loading MT points from /Users/karan/tubulaton/tubulaton-run/tubulaton-729.vtk to numpy array...
Simulating positions of fluorophores...
Number of FPs: 12202756817.100052
Generating label segmentation...
7181 tubulin found in focal plane.
Calculating fluorophore density over focal plane...
40759 fluorophores found in the focal plane.
Calculating fluorophore photon emission rate...
Fluorophore photon emission per second = 9470381.451524047
Applying point spread function to light intensity array...
Simulating shot noise...
Quantizing intensities...

Saved data to /Users/karan/microsegmentation/SyntheticData_TRIVIAL_DENSE/Images/image-729.png and /Users/karan/microsegmentation/SyntheticData_TRIVIAL_DENSE/Labels/label-729.png.

Took 22.27 seconds.

Loading MT points from /Users/karan/tubulaton/tubulaton-run/tubulaton-730.vtk to numpy array...
Simulating positions of fluorophores...
Number of FPs: 12562603416.710548
Generating label segmentation...
8838 tubulin found in focal plane.
Calculating fluorophore density over focal plane...
54979 fluorophores found in the focal plane.
Calculating fluorophore photon emission rate...
Fluorophore photon emission per second = 9470381.451524047
Applying point spread function to light intensity array...
Simulating shot noise...
Quantizing intensities...

Saved data to /Users/karan/microsegmentation/SyntheticData_TRIVIAL_DENSE/Images/image-730.png and /Users/karan/microsegmentation/SyntheticData_TRIVIAL_DENSE/Labels/label-730.png.

Took 22.39 seconds.

Loading MT points from /Users/karan/tubulaton/tubulaton-run/tubulaton-731.vtk to numpy array...
Simulating positions of fluorophores...
Number of FPs: 12516216531.95035
Generating label segmentation...
7076 tubulin found in focal plane.
Calculating fluorophore density over focal plane...
37055 fluorophores found in the focal plane.
Calculating fluorophore photon emission rate...
Fluorophore photon emission per second = 9470381.451524047
Applying point spread function to light intensity array...
Simulating shot noise...
Quantizing intensities...

Saved data to /Users/karan/microsegmentation/SyntheticData_TRIVIAL_DENSE/Images/image-731.png and /Users/karan/microsegmentation/SyntheticData_TRIVIAL_DENSE/Labels/label-731.png.

Took 21.88 seconds.

Loading MT points from /Users/karan/tubulaton/tubulaton-run/tubulaton-732.vtk to numpy array...
Simulating positions of fluorophores...
Number of FPs: 12362502635.99364
Generating label segmentation...
9637 tubulin found in focal plane.
Calculating fluorophore density over focal plane...
40017 fluorophores found in the focal plane.
Calculating fluorophore photon emission rate...
Fluorophore photon emission per second = 9470381.451524047
Applying point spread function to light intensity array...
Simulating shot noise...
Quantizing intensities...

Saved data to /Users/karan/microsegmentation/SyntheticData_TRIVIAL_DENSE/Images/image-732.png and /Users/karan/microsegmentation/SyntheticData_TRIVIAL_DENSE/Labels/label-732.png.

Took 22.16 seconds.

Loading MT points from /Users/karan/tubulaton/tubulaton-run/tubulaton-733.vtk to numpy array...
Simulating positions of fluorophores...
Number of FPs: 12827034168.351479
Generating label segmentation...
4387 tubulin found in focal plane.
Calculating fluorophore density over focal plane...
42314 fluorophores found in the focal plane.
Calculating fluorophore photon emission rate...
Fluorophore photon emission per second = 9470381.451524047
Applying point spread function to light intensity array...
Simulating shot noise...
Quantizing intensities...

Saved data to /Users/karan/microsegmentation/SyntheticData_TRIVIAL_DENSE/Images/image-733.png and /Users/karan/microsegmentation/SyntheticData_TRIVIAL_DENSE/Labels/label-733.png.

Took 22.59 seconds.

Loading MT points from /Users/karan/tubulaton/tubulaton-run/tubulaton-734.vtk to numpy array...
Simulating positions of fluorophores...
Number of FPs: 12835132851.555653
Generating label segmentation...
6628 tubulin found in focal plane.
Calculating fluorophore density over focal plane...
42613 fluorophores found in the focal plane.
Calculating fluorophore photon emission rate...
Fluorophore photon emission per second = 9470381.451524047
Applying point spread function to light intensity array...
Simulating shot noise...
Quantizing intensities...

Saved data to /Users/karan/microsegmentation/SyntheticData_TRIVIAL_DENSE/Images/image-734.png and /Users/karan/microsegmentation/SyntheticData_TRIVIAL_DENSE/Labels/label-734.png.

Took 22.64 seconds.

Loading MT points from /Users/karan/tubulaton/tubulaton-run/tubulaton-735.vtk to numpy array...
Simulating positions of fluorophores...
Number of FPs: 13450671484.209635
Generating label segmentation...
6960 tubulin found in focal plane.
Calculating fluorophore density over focal plane...
35099 fluorophores found in the focal plane.
Calculating fluorophore photon emission rate...
Fluorophore photon emission per second = 9470381.451524047
Applying point spread function to light intensity array...
Simulating shot noise...
Quantizing intensities...

Saved data to /Users/karan/microsegmentation/SyntheticData_TRIVIAL_DENSE/Images/image-735.png and /Users/karan/microsegmentation/SyntheticData_TRIVIAL_DENSE/Labels/label-735.png.

Took 21.94 seconds.

Loading MT points from /Users/karan/tubulaton/tubulaton-run/tubulaton-736.vtk to numpy array...
Simulating positions of fluorophores...
Number of FPs: 12543498284.361889
Generating label segmentation...
2261 tubulin found in focal plane.
Calculating fluorophore density over focal plane...
43007 fluorophores found in the focal plane.
Calculating fluorophore photon emission rate...
Fluorophore photon emission per second = 9470381.451524047
Applying point spread function to light intensity array...
Simulating shot noise...
Quantizing intensities...

Saved data to /Users/karan/microsegmentation/SyntheticData_TRIVIAL_DENSE/Images/image-736.png and /Users/karan/microsegmentation/SyntheticData_TRIVIAL_DENSE/Labels/label-736.png.

Took 22.12 seconds.

Loading MT points from /Users/karan/tubulaton/tubulaton-run/tubulaton-737.vtk to numpy array...
Simulating positions of fluorophores...
Number of FPs: 12767041977.171833
Generating label segmentation...
7451 tubulin found in focal plane.
Calculating fluorophore density over focal plane...
36374 fluorophores found in the focal plane.
Calculating fluorophore photon emission rate...
Fluorophore photon emission per second = 9470381.451524047
Applying point spread function to light intensity array...
Simulating shot noise...
Quantizing intensities...

Saved data to /Users/karan/microsegmentation/SyntheticData_TRIVIAL_DENSE/Images/image-737.png and /Users/karan/microsegmentation/SyntheticData_TRIVIAL_DENSE/Labels/label-737.png.

Took 22.10 seconds.

Loading MT points from /Users/karan/tubulaton/tubulaton-run/tubulaton-738.vtk to numpy array...
Simulating positions of fluorophores...
Number of FPs: 12267545533.008621
Generating label segmentation...
5658 tubulin found in focal plane.
Calculating fluorophore density over focal plane...
43198 fluorophores found in the focal plane.
Calculating fluorophore photon emission rate...
Fluorophore photon emission per second = 9470381.451524047
Applying point spread function to light intensity array...
Simulating shot noise...
Quantizing intensities...

Saved data to /Users/karan/microsegmentation/SyntheticData_TRIVIAL_DENSE/Images/image-738.png and /Users/karan/microsegmentation/SyntheticData_TRIVIAL_DENSE/Labels/label-738.png.

Took 21.76 seconds.

Loading MT points from /Users/karan/tubulaton/tubulaton-run/tubulaton-739.vtk to numpy array...
Simulating positions of fluorophores...
Number of FPs: 12519806814.244421
Generating label segmentation...
4163 tubulin found in focal plane.
Calculating fluorophore density over focal plane...
36517 fluorophores found in the focal plane.
Calculating fluorophore photon emission rate...
Fluorophore photon emission per second = 9470381.451524047
Applying point spread function to light intensity array...
Simulating shot noise...
Quantizing intensities...

Saved data to /Users/karan/microsegmentation/SyntheticData_TRIVIAL_DENSE/Images/image-739.png and /Users/karan/microsegmentation/SyntheticData_TRIVIAL_DENSE/Labels/label-739.png.

Took 21.39 seconds.

Loading MT points from /Users/karan/tubulaton/tubulaton-run/tubulaton-740.vtk to numpy array...
Simulating positions of fluorophores...
Number of FPs: 12299551957.189426
Generating label segmentation...
5117 tubulin found in focal plane.
Calculating fluorophore density over focal plane...
35778 fluorophores found in the focal plane.
Calculating fluorophore photon emission rate...
Fluorophore photon emission per second = 9470381.451524047
Applying point spread function to light intensity array...
Simulating shot noise...
Quantizing intensities...

Saved data to /Users/karan/microsegmentation/SyntheticData_TRIVIAL_DENSE/Images/image-740.png and /Users/karan/microsegmentation/SyntheticData_TRIVIAL_DENSE/Labels/label-740.png.

Took 22.50 seconds.

Loading MT points from /Users/karan/tubulaton/tubulaton-run/tubulaton-741.vtk to numpy array...
Simulating positions of fluorophores...
Number of FPs: 12831008916.294596
Generating label segmentation...
5546 tubulin found in focal plane.
Calculating fluorophore density over focal plane...
42202 fluorophores found in the focal plane.
Calculating fluorophore photon emission rate...
Fluorophore photon emission per second = 9470381.451524047
Applying point spread function to light intensity array...
Simulating shot noise...
Quantizing intensities...

Saved data to /Users/karan/microsegmentation/SyntheticData_TRIVIAL_DENSE/Images/image-741.png and /Users/karan/microsegmentation/SyntheticData_TRIVIAL_DENSE/Labels/label-741.png.

Took 23.01 seconds.

Loading MT points from /Users/karan/tubulaton/tubulaton-run/tubulaton-742.vtk to numpy array...
Simulating positions of fluorophores...
Number of FPs: 12615076685.895412
Generating label segmentation...
4155 tubulin found in focal plane.
Calculating fluorophore density over focal plane...
36462 fluorophores found in the focal plane.
Calculating fluorophore photon emission rate...
Fluorophore photon emission per second = 9470381.451524047
Applying point spread function to light intensity array...
Simulating shot noise...
Quantizing intensities...

Saved data to /Users/karan/microsegmentation/SyntheticData_TRIVIAL_DENSE/Images/image-742.png and /Users/karan/microsegmentation/SyntheticData_TRIVIAL_DENSE/Labels/label-742.png.

Took 21.59 seconds.

Loading MT points from /Users/karan/tubulaton/tubulaton-run/tubulaton-743.vtk to numpy array...
Simulating positions of fluorophores...
Number of FPs: 12710525916.137993
Generating label segmentation...
7618 tubulin found in focal plane.
Calculating fluorophore density over focal plane...
33293 fluorophores found in the focal plane.
Calculating fluorophore photon emission rate...
Fluorophore photon emission per second = 9470381.451524047
Applying point spread function to light intensity array...
Simulating shot noise...
Quantizing intensities...

Saved data to /Users/karan/microsegmentation/SyntheticData_TRIVIAL_DENSE/Images/image-743.png and /Users/karan/microsegmentation/SyntheticData_TRIVIAL_DENSE/Labels/label-743.png.

Took 21.80 seconds.

Loading MT points from /Users/karan/tubulaton/tubulaton-run/tubulaton-744.vtk to numpy array...
Simulating positions of fluorophores...
Number of FPs: 12353146262.889551
Generating label segmentation...
4097 tubulin found in focal plane.
Calculating fluorophore density over focal plane...
35381 fluorophores found in the focal plane.
Calculating fluorophore photon emission rate...
Fluorophore photon emission per second = 9470381.451524047
Applying point spread function to light intensity array...
Simulating shot noise...
Quantizing intensities...

Saved data to /Users/karan/microsegmentation/SyntheticData_TRIVIAL_DENSE/Images/image-744.png and /Users/karan/microsegmentation/SyntheticData_TRIVIAL_DENSE/Labels/label-744.png.

Took 22.10 seconds.

Loading MT points from /Users/karan/tubulaton/tubulaton-run/tubulaton-745.vtk to numpy array...
Simulating positions of fluorophores...
Number of FPs: 12695665186.142576
Generating label segmentation...
10589 tubulin found in focal plane.
Calculating fluorophore density over focal plane...
42180 fluorophores found in the focal plane.
Calculating fluorophore photon emission rate...
Fluorophore photon emission per second = 9470381.451524047
Applying point spread function to light intensity array...
Simulating shot noise...
Quantizing intensities...

Saved data to /Users/karan/microsegmentation/SyntheticData_TRIVIAL_DENSE/Images/image-745.png and /Users/karan/microsegmentation/SyntheticData_TRIVIAL_DENSE/Labels/label-745.png.

Took 22.60 seconds.

Loading MT points from /Users/karan/tubulaton/tubulaton-run/tubulaton-746.vtk to numpy array...
Simulating positions of fluorophores...
Number of FPs: 12956340917.320143
Generating label segmentation...
6305 tubulin found in focal plane.
Calculating fluorophore density over focal plane...
36558 fluorophores found in the focal plane.
Calculating fluorophore photon emission rate...
Fluorophore photon emission per second = 9470381.451524047
Applying point spread function to light intensity array...
Simulating shot noise...
Quantizing intensities...

Saved data to /Users/karan/microsegmentation/SyntheticData_TRIVIAL_DENSE/Images/image-746.png and /Users/karan/microsegmentation/SyntheticData_TRIVIAL_DENSE/Labels/label-746.png.

Took 23.07 seconds.

Loading MT points from /Users/karan/tubulaton/tubulaton-run/tubulaton-747.vtk to numpy array...
Simulating positions of fluorophores...
Number of FPs: 12473631254.222897
Generating label segmentation...
5275 tubulin found in focal plane.
Calculating fluorophore density over focal plane...
39445 fluorophores found in the focal plane.
Calculating fluorophore photon emission rate...
Fluorophore photon emission per second = 9470381.451524047
Applying point spread function to light intensity array...
Simulating shot noise...
Quantizing intensities...

Saved data to /Users/karan/microsegmentation/SyntheticData_TRIVIAL_DENSE/Images/image-747.png and /Users/karan/microsegmentation/SyntheticData_TRIVIAL_DENSE/Labels/label-747.png.

Took 21.85 seconds.

Loading MT points from /Users/karan/tubulaton/tubulaton-run/tubulaton-748.vtk to numpy array...
Simulating positions of fluorophores...
Number of FPs: 12856151390.6763
Generating label segmentation...
7775 tubulin found in focal plane.
Calculating fluorophore density over focal plane...
39797 fluorophores found in the focal plane.
Calculating fluorophore photon emission rate...
Fluorophore photon emission per second = 9470381.451524047
Applying point spread function to light intensity array...
Simulating shot noise...
Quantizing intensities...

Saved data to /Users/karan/microsegmentation/SyntheticData_TRIVIAL_DENSE/Images/image-748.png and /Users/karan/microsegmentation/SyntheticData_TRIVIAL_DENSE/Labels/label-748.png.

Took 22.45 seconds.

Loading MT points from /Users/karan/tubulaton/tubulaton-run/tubulaton-749.vtk to numpy array...
Simulating positions of fluorophores...
Number of FPs: 13219589664.35056
Generating label segmentation...
7804 tubulin found in focal plane.
Calculating fluorophore density over focal plane...
39950 fluorophores found in the focal plane.
Calculating fluorophore photon emission rate...
Fluorophore photon emission per second = 9470381.451524047
Applying point spread function to light intensity array...
Simulating shot noise...
Quantizing intensities...

Saved data to /Users/karan/microsegmentation/SyntheticData_TRIVIAL_DENSE/Images/image-749.png and /Users/karan/microsegmentation/SyntheticData_TRIVIAL_DENSE/Labels/label-749.png.

Took 22.67 seconds.

Loading MT points from /Users/karan/tubulaton/tubulaton-run/tubulaton-750.vtk to numpy array...
Simulating positions of fluorophores...
Number of FPs: 12198376088.648626
Generating label segmentation...
5380 tubulin found in focal plane.
Calculating fluorophore density over focal plane...
36522 fluorophores found in the focal plane.
Calculating fluorophore photon emission rate...
Fluorophore photon emission per second = 9470381.451524047
Applying point spread function to light intensity array...
Simulating shot noise...
Quantizing intensities...

Saved data to /Users/karan/microsegmentation/SyntheticData_TRIVIAL_DENSE/Images/image-750.png and /Users/karan/microsegmentation/SyntheticData_TRIVIAL_DENSE/Labels/label-750.png.

Took 21.93 seconds.

Loading MT points from /Users/karan/tubulaton/tubulaton-run/tubulaton-751.vtk to numpy array...
Simulating positions of fluorophores...
Number of FPs: 12047840266.098843
Generating label segmentation...
5909 tubulin found in focal plane.
Calculating fluorophore density over focal plane...
37319 fluorophores found in the focal plane.
Calculating fluorophore photon emission rate...
Fluorophore photon emission per second = 9470381.451524047
Applying point spread function to light intensity array...
Simulating shot noise...
Quantizing intensities...

Saved data to /Users/karan/microsegmentation/SyntheticData_TRIVIAL_DENSE/Images/image-751.png and /Users/karan/microsegmentation/SyntheticData_TRIVIAL_DENSE/Labels/label-751.png.

Took 21.23 seconds.

Loading MT points from /Users/karan/tubulaton/tubulaton-run/tubulaton-752.vtk to numpy array...
Simulating positions of fluorophores...
Number of FPs: 11827518896.595743
Generating label segmentation...
5206 tubulin found in focal plane.
Calculating fluorophore density over focal plane...
42025 fluorophores found in the focal plane.
Calculating fluorophore photon emission rate...
Fluorophore photon emission per second = 9470381.451524047
Applying point spread function to light intensity array...
Simulating shot noise...
Quantizing intensities...

Saved data to /Users/karan/microsegmentation/SyntheticData_TRIVIAL_DENSE/Images/image-752.png and /Users/karan/microsegmentation/SyntheticData_TRIVIAL_DENSE/Labels/label-752.png.

Took 21.38 seconds.

Loading MT points from /Users/karan/tubulaton/tubulaton-run/tubulaton-753.vtk to numpy array...
Simulating positions of fluorophores...
Number of FPs: 12340507942.081074
Generating label segmentation...
4590 tubulin found in focal plane.
Calculating fluorophore density over focal plane...
39879 fluorophores found in the focal plane.
Calculating fluorophore photon emission rate...
Fluorophore photon emission per second = 9470381.451524047
Applying point spread function to light intensity array...
Simulating shot noise...
Quantizing intensities...

Saved data to /Users/karan/microsegmentation/SyntheticData_TRIVIAL_DENSE/Images/image-753.png and /Users/karan/microsegmentation/SyntheticData_TRIVIAL_DENSE/Labels/label-753.png.

Took 22.15 seconds.

Loading MT points from /Users/karan/tubulaton/tubulaton-run/tubulaton-754.vtk to numpy array...
Simulating positions of fluorophores...
Number of FPs: 12634638144.727867
Generating label segmentation...
5044 tubulin found in focal plane.
Calculating fluorophore density over focal plane...
37320 fluorophores found in the focal plane.
Calculating fluorophore photon emission rate...
Fluorophore photon emission per second = 9470381.451524047
Applying point spread function to light intensity array...
Simulating shot noise...
Quantizing intensities...

Saved data to /Users/karan/microsegmentation/SyntheticData_TRIVIAL_DENSE/Images/image-754.png and /Users/karan/microsegmentation/SyntheticData_TRIVIAL_DENSE/Labels/label-754.png.

Took 22.41 seconds.

Loading MT points from /Users/karan/tubulaton/tubulaton-run/tubulaton-755.vtk to numpy array...
Simulating positions of fluorophores...
Number of FPs: 12614266122.557152
Generating label segmentation...
4864 tubulin found in focal plane.
Calculating fluorophore density over focal plane...
41993 fluorophores found in the focal plane.
Calculating fluorophore photon emission rate...
Fluorophore photon emission per second = 9470381.451524047
Applying point spread function to light intensity array...
Simulating shot noise...
Quantizing intensities...

Saved data to /Users/karan/microsegmentation/SyntheticData_TRIVIAL_DENSE/Images/image-755.png and /Users/karan/microsegmentation/SyntheticData_TRIVIAL_DENSE/Labels/label-755.png.

Took 22.14 seconds.

Loading MT points from /Users/karan/tubulaton/tubulaton-run/tubulaton-756.vtk to numpy array...
Simulating positions of fluorophores...
Number of FPs: 12790243629.925266
Generating label segmentation...
4620 tubulin found in focal plane.
Calculating fluorophore density over focal plane...
43670 fluorophores found in the focal plane.
Calculating fluorophore photon emission rate...
Fluorophore photon emission per second = 9470381.451524047
Applying point spread function to light intensity array...
Simulating shot noise...
Quantizing intensities...

Saved data to /Users/karan/microsegmentation/SyntheticData_TRIVIAL_DENSE/Images/image-756.png and /Users/karan/microsegmentation/SyntheticData_TRIVIAL_DENSE/Labels/label-756.png.

Took 22.33 seconds.

Loading MT points from /Users/karan/tubulaton/tubulaton-run/tubulaton-757.vtk to numpy array...
Simulating positions of fluorophores...
Number of FPs: 12330914662.631557
Generating label segmentation...
7754 tubulin found in focal plane.
Calculating fluorophore density over focal plane...
48089 fluorophores found in the focal plane.
Calculating fluorophore photon emission rate...
Fluorophore photon emission per second = 9470381.451524047
Applying point spread function to light intensity array...
Simulating shot noise...
Quantizing intensities...

Saved data to /Users/karan/microsegmentation/SyntheticData_TRIVIAL_DENSE/Images/image-757.png and /Users/karan/microsegmentation/SyntheticData_TRIVIAL_DENSE/Labels/label-757.png.

Took 22.42 seconds.

Loading MT points from /Users/karan/tubulaton/tubulaton-run/tubulaton-758.vtk to numpy array...
Simulating positions of fluorophores...
Number of FPs: 12267420712.90128
Generating label segmentation...
6134 tubulin found in focal plane.
Calculating fluorophore density over focal plane...
42888 fluorophores found in the focal plane.
Calculating fluorophore photon emission rate...
Fluorophore photon emission per second = 9470381.451524047
Applying point spread function to light intensity array...
Simulating shot noise...
Quantizing intensities...

Saved data to /Users/karan/microsegmentation/SyntheticData_TRIVIAL_DENSE/Images/image-758.png and /Users/karan/microsegmentation/SyntheticData_TRIVIAL_DENSE/Labels/label-758.png.

Took 21.93 seconds.

Loading MT points from /Users/karan/tubulaton/tubulaton-run/tubulaton-759.vtk to numpy array...
Simulating positions of fluorophores...
Number of FPs: 12727607498.398165
Generating label segmentation...
5448 tubulin found in focal plane.
Calculating fluorophore density over focal plane...
34402 fluorophores found in the focal plane.
Calculating fluorophore photon emission rate...
Fluorophore photon emission per second = 9470381.451524047
Applying point spread function to light intensity array...
Simulating shot noise...
Quantizing intensities...

Saved data to /Users/karan/microsegmentation/SyntheticData_TRIVIAL_DENSE/Images/image-759.png and /Users/karan/microsegmentation/SyntheticData_TRIVIAL_DENSE/Labels/label-759.png.

Took 21.98 seconds.

Loading MT points from /Users/karan/tubulaton/tubulaton-run/tubulaton-760.vtk to numpy array...
Simulating positions of fluorophores...
Number of FPs: 12259553114.570045
Generating label segmentation...
5549 tubulin found in focal plane.
Calculating fluorophore density over focal plane...
43567 fluorophores found in the focal plane.
Calculating fluorophore photon emission rate...
Fluorophore photon emission per second = 9470381.451524047
Applying point spread function to light intensity array...
Simulating shot noise...
Quantizing intensities...

Saved data to /Users/karan/microsegmentation/SyntheticData_TRIVIAL_DENSE/Images/image-760.png and /Users/karan/microsegmentation/SyntheticData_TRIVIAL_DENSE/Labels/label-760.png.

Took 22.05 seconds.

Loading MT points from /Users/karan/tubulaton/tubulaton-run/tubulaton-761.vtk to numpy array...
Simulating positions of fluorophores...
Number of FPs: 12713327934.293634
Generating label segmentation...
7367 tubulin found in focal plane.
Calculating fluorophore density over focal plane...
34991 fluorophores found in the focal plane.
Calculating fluorophore photon emission rate...
Fluorophore photon emission per second = 9470381.451524047
Applying point spread function to light intensity array...
Simulating shot noise...
Quantizing intensities...

Saved data to /Users/karan/microsegmentation/SyntheticData_TRIVIAL_DENSE/Images/image-761.png and /Users/karan/microsegmentation/SyntheticData_TRIVIAL_DENSE/Labels/label-761.png.

Took 22.27 seconds.

Loading MT points from /Users/karan/tubulaton/tubulaton-run/tubulaton-762.vtk to numpy array...
Simulating positions of fluorophores...
Number of FPs: 12252950708.724464
Generating label segmentation...
7420 tubulin found in focal plane.
Calculating fluorophore density over focal plane...
46599 fluorophores found in the focal plane.
Calculating fluorophore photon emission rate...
Fluorophore photon emission per second = 9470381.451524047
Applying point spread function to light intensity array...
Simulating shot noise...
Quantizing intensities...

Saved data to /Users/karan/microsegmentation/SyntheticData_TRIVIAL_DENSE/Images/image-762.png and /Users/karan/microsegmentation/SyntheticData_TRIVIAL_DENSE/Labels/label-762.png.

Took 22.15 seconds.

Loading MT points from /Users/karan/tubulaton/tubulaton-run/tubulaton-763.vtk to numpy array...
Simulating positions of fluorophores...
Number of FPs: 12142939678.178537
Generating label segmentation...
5983 tubulin found in focal plane.
Calculating fluorophore density over focal plane...
34758 fluorophores found in the focal plane.
Calculating fluorophore photon emission rate...
Fluorophore photon emission per second = 9470381.451524047
Applying point spread function to light intensity array...
Simulating shot noise...
Quantizing intensities...

Saved data to /Users/karan/microsegmentation/SyntheticData_TRIVIAL_DENSE/Images/image-763.png and /Users/karan/microsegmentation/SyntheticData_TRIVIAL_DENSE/Labels/label-763.png.

Took 21.98 seconds.

Loading MT points from /Users/karan/tubulaton/tubulaton-run/tubulaton-764.vtk to numpy array...
Simulating positions of fluorophores...
Number of FPs: 11993168528.375961
Generating label segmentation...
5325 tubulin found in focal plane.
Calculating fluorophore density over focal plane...
34926 fluorophores found in the focal plane.
Calculating fluorophore photon emission rate...
Fluorophore photon emission per second = 9470381.451524047
Applying point spread function to light intensity array...
Simulating shot noise...
Quantizing intensities...

Saved data to /Users/karan/microsegmentation/SyntheticData_TRIVIAL_DENSE/Images/image-764.png and /Users/karan/microsegmentation/SyntheticData_TRIVIAL_DENSE/Labels/label-764.png.

Took 21.54 seconds.

Loading MT points from /Users/karan/tubulaton/tubulaton-run/tubulaton-765.vtk to numpy array...
Simulating positions of fluorophores...
Number of FPs: 12454723034.404163
Generating label segmentation...
6778 tubulin found in focal plane.
Calculating fluorophore density over focal plane...
42060 fluorophores found in the focal plane.
Calculating fluorophore photon emission rate...
Fluorophore photon emission per second = 9470381.451524047
Applying point spread function to light intensity array...
Simulating shot noise...
Quantizing intensities...

Saved data to /Users/karan/microsegmentation/SyntheticData_TRIVIAL_DENSE/Images/image-765.png and /Users/karan/microsegmentation/SyntheticData_TRIVIAL_DENSE/Labels/label-765.png.

Took 22.28 seconds.

Loading MT points from /Users/karan/tubulaton/tubulaton-run/tubulaton-766.vtk to numpy array...
Simulating positions of fluorophores...
Number of FPs: 12554108078.713774
Generating label segmentation...
9715 tubulin found in focal plane.
Calculating fluorophore density over focal plane...
42483 fluorophores found in the focal plane.
Calculating fluorophore photon emission rate...
Fluorophore photon emission per second = 9470381.451524047
Applying point spread function to light intensity array...
Simulating shot noise...
Quantizing intensities...

Saved data to /Users/karan/microsegmentation/SyntheticData_TRIVIAL_DENSE/Images/image-766.png and /Users/karan/microsegmentation/SyntheticData_TRIVIAL_DENSE/Labels/label-766.png.

Took 22.16 seconds.

Loading MT points from /Users/karan/tubulaton/tubulaton-run/tubulaton-767.vtk to numpy array...
Simulating positions of fluorophores...
Number of FPs: 12157128917.721516
Generating label segmentation...
5954 tubulin found in focal plane.
Calculating fluorophore density over focal plane...
43503 fluorophores found in the focal plane.
Calculating fluorophore photon emission rate...
Fluorophore photon emission per second = 9470381.451524047
Applying point spread function to light intensity array...
Simulating shot noise...
Quantizing intensities...

Saved data to /Users/karan/microsegmentation/SyntheticData_TRIVIAL_DENSE/Images/image-767.png and /Users/karan/microsegmentation/SyntheticData_TRIVIAL_DENSE/Labels/label-767.png.

Took 21.21 seconds.

Loading MT points from /Users/karan/tubulaton/tubulaton-run/tubulaton-768.vtk to numpy array...
Simulating positions of fluorophores...
Number of FPs: 12214269760.940762
Generating label segmentation...
6587 tubulin found in focal plane.
Calculating fluorophore density over focal plane...
39599 fluorophores found in the focal plane.
Calculating fluorophore photon emission rate...
Fluorophore photon emission per second = 9470381.451524047
Applying point spread function to light intensity array...
Simulating shot noise...
Quantizing intensities...

Saved data to /Users/karan/microsegmentation/SyntheticData_TRIVIAL_DENSE/Images/image-768.png and /Users/karan/microsegmentation/SyntheticData_TRIVIAL_DENSE/Labels/label-768.png.

Took 22.00 seconds.

Loading MT points from /Users/karan/tubulaton/tubulaton-run/tubulaton-769.vtk to numpy array...
Simulating positions of fluorophores...
Number of FPs: 12124683629.897459
Generating label segmentation...
3942 tubulin found in focal plane.
Calculating fluorophore density over focal plane...
37562 fluorophores found in the focal plane.
Calculating fluorophore photon emission rate...
Fluorophore photon emission per second = 9470381.451524047
Applying point spread function to light intensity array...
Simulating shot noise...
Quantizing intensities...

Saved data to /Users/karan/microsegmentation/SyntheticData_TRIVIAL_DENSE/Images/image-769.png and /Users/karan/microsegmentation/SyntheticData_TRIVIAL_DENSE/Labels/label-769.png.

Took 22.56 seconds.

Loading MT points from /Users/karan/tubulaton/tubulaton-run/tubulaton-770.vtk to numpy array...
Simulating positions of fluorophores...
Number of FPs: 12782253229.454584
Generating label segmentation...
6676 tubulin found in focal plane.
Calculating fluorophore density over focal plane...
32426 fluorophores found in the focal plane.
Calculating fluorophore photon emission rate...
Fluorophore photon emission per second = 9470381.451524047
Applying point spread function to light intensity array...
Simulating shot noise...
Quantizing intensities...

Saved data to /Users/karan/microsegmentation/SyntheticData_TRIVIAL_DENSE/Images/image-770.png and /Users/karan/microsegmentation/SyntheticData_TRIVIAL_DENSE/Labels/label-770.png.

Took 22.02 seconds.

Loading MT points from /Users/karan/tubulaton/tubulaton-run/tubulaton-771.vtk to numpy array...
Simulating positions of fluorophores...
Number of FPs: 13091952787.41762
Generating label segmentation...
6687 tubulin found in focal plane.
Calculating fluorophore density over focal plane...
36397 fluorophores found in the focal plane.
Calculating fluorophore photon emission rate...
Fluorophore photon emission per second = 9470381.451524047
Applying point spread function to light intensity array...
Simulating shot noise...
Quantizing intensities...

Saved data to /Users/karan/microsegmentation/SyntheticData_TRIVIAL_DENSE/Images/image-771.png and /Users/karan/microsegmentation/SyntheticData_TRIVIAL_DENSE/Labels/label-771.png.

Took 22.22 seconds.

Loading MT points from /Users/karan/tubulaton/tubulaton-run/tubulaton-772.vtk to numpy array...
Simulating positions of fluorophores...
Number of FPs: 12215934754.163763
Generating label segmentation...
7301 tubulin found in focal plane.
Calculating fluorophore density over focal plane...
47325 fluorophores found in the focal plane.
Calculating fluorophore photon emission rate...
Fluorophore photon emission per second = 9470381.451524047
Applying point spread function to light intensity array...
Simulating shot noise...
Quantizing intensities...

Saved data to /Users/karan/microsegmentation/SyntheticData_TRIVIAL_DENSE/Images/image-772.png and /Users/karan/microsegmentation/SyntheticData_TRIVIAL_DENSE/Labels/label-772.png.

Took 22.62 seconds.

Loading MT points from /Users/karan/tubulaton/tubulaton-run/tubulaton-773.vtk to numpy array...
Simulating positions of fluorophores...
Number of FPs: 12765973931.020601
Generating label segmentation...
6568 tubulin found in focal plane.
Calculating fluorophore density over focal plane...
51809 fluorophores found in the focal plane.
Calculating fluorophore photon emission rate...
Fluorophore photon emission per second = 9470381.451524047
Applying point spread function to light intensity array...
Simulating shot noise...
Quantizing intensities...

Saved data to /Users/karan/microsegmentation/SyntheticData_TRIVIAL_DENSE/Images/image-773.png and /Users/karan/microsegmentation/SyntheticData_TRIVIAL_DENSE/Labels/label-773.png.

Took 22.84 seconds.

Loading MT points from /Users/karan/tubulaton/tubulaton-run/tubulaton-774.vtk to numpy array...
Simulating positions of fluorophores...
Number of FPs: 12620067213.628435
Generating label segmentation...
4306 tubulin found in focal plane.
Calculating fluorophore density over focal plane...
41695 fluorophores found in the focal plane.
Calculating fluorophore photon emission rate...
Fluorophore photon emission per second = 9470381.451524047
Applying point spread function to light intensity array...
Simulating shot noise...
Quantizing intensities...

Saved data to /Users/karan/microsegmentation/SyntheticData_TRIVIAL_DENSE/Images/image-774.png and /Users/karan/microsegmentation/SyntheticData_TRIVIAL_DENSE/Labels/label-774.png.

Took 22.50 seconds.

Loading MT points from /Users/karan/tubulaton/tubulaton-run/tubulaton-775.vtk to numpy array...
Simulating positions of fluorophores...
Number of FPs: 12835724257.358467
Generating label segmentation...
5164 tubulin found in focal plane.
Calculating fluorophore density over focal plane...
40991 fluorophores found in the focal plane.
Calculating fluorophore photon emission rate...
Fluorophore photon emission per second = 9470381.451524047
Applying point spread function to light intensity array...
Simulating shot noise...
Quantizing intensities...

Saved data to /Users/karan/microsegmentation/SyntheticData_TRIVIAL_DENSE/Images/image-775.png and /Users/karan/microsegmentation/SyntheticData_TRIVIAL_DENSE/Labels/label-775.png.

Took 22.16 seconds.

Loading MT points from /Users/karan/tubulaton/tubulaton-run/tubulaton-776.vtk to numpy array...
Simulating positions of fluorophores...
Number of FPs: 13061558695.976572
Generating label segmentation...
6188 tubulin found in focal plane.
Calculating fluorophore density over focal plane...
39126 fluorophores found in the focal plane.
Calculating fluorophore photon emission rate...
Fluorophore photon emission per second = 9470381.451524047
Applying point spread function to light intensity array...
Simulating shot noise...
Quantizing intensities...

Saved data to /Users/karan/microsegmentation/SyntheticData_TRIVIAL_DENSE/Images/image-776.png and /Users/karan/microsegmentation/SyntheticData_TRIVIAL_DENSE/Labels/label-776.png.

Took 22.51 seconds.

Loading MT points from /Users/karan/tubulaton/tubulaton-run/tubulaton-777.vtk to numpy array...
Simulating positions of fluorophores...
Number of FPs: 12402976564.479004
Generating label segmentation...
5708 tubulin found in focal plane.
Calculating fluorophore density over focal plane...
35147 fluorophores found in the focal plane.
Calculating fluorophore photon emission rate...
Fluorophore photon emission per second = 9470381.451524047
Applying point spread function to light intensity array...
Simulating shot noise...
Quantizing intensities...

Saved data to /Users/karan/microsegmentation/SyntheticData_TRIVIAL_DENSE/Images/image-777.png and /Users/karan/microsegmentation/SyntheticData_TRIVIAL_DENSE/Labels/label-777.png.

Took 21.88 seconds.

Loading MT points from /Users/karan/tubulaton/tubulaton-run/tubulaton-778.vtk to numpy array...
Simulating positions of fluorophores...
Number of FPs: 12540286319.96694
Generating label segmentation...
3777 tubulin found in focal plane.
Calculating fluorophore density over focal plane...
34612 fluorophores found in the focal plane.
Calculating fluorophore photon emission rate...
Fluorophore photon emission per second = 9470381.451524047
Applying point spread function to light intensity array...
Simulating shot noise...
Quantizing intensities...

Saved data to /Users/karan/microsegmentation/SyntheticData_TRIVIAL_DENSE/Images/image-778.png and /Users/karan/microsegmentation/SyntheticData_TRIVIAL_DENSE/Labels/label-778.png.

Took 21.56 seconds.

Loading MT points from /Users/karan/tubulaton/tubulaton-run/tubulaton-779.vtk to numpy array...
Simulating positions of fluorophores...
Number of FPs: 12374267085.951113
Generating label segmentation...
5290 tubulin found in focal plane.
Calculating fluorophore density over focal plane...
36226 fluorophores found in the focal plane.
Calculating fluorophore photon emission rate...
Fluorophore photon emission per second = 9470381.451524047
Applying point spread function to light intensity array...
Simulating shot noise...
Quantizing intensities...

Saved data to /Users/karan/microsegmentation/SyntheticData_TRIVIAL_DENSE/Images/image-779.png and /Users/karan/microsegmentation/SyntheticData_TRIVIAL_DENSE/Labels/label-779.png.

Took 21.63 seconds.

Loading MT points from /Users/karan/tubulaton/tubulaton-run/tubulaton-780.vtk to numpy array...
Simulating positions of fluorophores...
Number of FPs: 12446741015.535885
Generating label segmentation...
3838 tubulin found in focal plane.
Calculating fluorophore density over focal plane...
38280 fluorophores found in the focal plane.
Calculating fluorophore photon emission rate...
Fluorophore photon emission per second = 9470381.451524047
Applying point spread function to light intensity array...
Simulating shot noise...
Quantizing intensities...

Saved data to /Users/karan/microsegmentation/SyntheticData_TRIVIAL_DENSE/Images/image-780.png and /Users/karan/microsegmentation/SyntheticData_TRIVIAL_DENSE/Labels/label-780.png.

Took 21.92 seconds.

Loading MT points from /Users/karan/tubulaton/tubulaton-run/tubulaton-781.vtk to numpy array...
Simulating positions of fluorophores...
Number of FPs: 12778926161.665632
Generating label segmentation...
4720 tubulin found in focal plane.
Calculating fluorophore density over focal plane...
30669 fluorophores found in the focal plane.
Calculating fluorophore photon emission rate...
Fluorophore photon emission per second = 9470381.451524047
Applying point spread function to light intensity array...
Simulating shot noise...
Quantizing intensities...

Saved data to /Users/karan/microsegmentation/SyntheticData_TRIVIAL_DENSE/Images/image-781.png and /Users/karan/microsegmentation/SyntheticData_TRIVIAL_DENSE/Labels/label-781.png.

Took 21.90 seconds.

Loading MT points from /Users/karan/tubulaton/tubulaton-run/tubulaton-782.vtk to numpy array...
Simulating positions of fluorophores...
Number of FPs: 12188884014.9515
Generating label segmentation...
8878 tubulin found in focal plane.
Calculating fluorophore density over focal plane...
46111 fluorophores found in the focal plane.
Calculating fluorophore photon emission rate...
Fluorophore photon emission per second = 9470381.451524047
Applying point spread function to light intensity array...
Simulating shot noise...
Quantizing intensities...

Saved data to /Users/karan/microsegmentation/SyntheticData_TRIVIAL_DENSE/Images/image-782.png and /Users/karan/microsegmentation/SyntheticData_TRIVIAL_DENSE/Labels/label-782.png.

Took 22.35 seconds.

Loading MT points from /Users/karan/tubulaton/tubulaton-run/tubulaton-783.vtk to numpy array...
Simulating positions of fluorophores...
Number of FPs: 12776906697.199203
Generating label segmentation...
4999 tubulin found in focal plane.
Calculating fluorophore density over focal plane...
52045 fluorophores found in the focal plane.
Calculating fluorophore photon emission rate...
Fluorophore photon emission per second = 9470381.451524047
Applying point spread function to light intensity array...
Simulating shot noise...
Quantizing intensities...

Saved data to /Users/karan/microsegmentation/SyntheticData_TRIVIAL_DENSE/Images/image-783.png and /Users/karan/microsegmentation/SyntheticData_TRIVIAL_DENSE/Labels/label-783.png.

Took 22.88 seconds.

Loading MT points from /Users/karan/tubulaton/tubulaton-run/tubulaton-784.vtk to numpy array...
Simulating positions of fluorophores...
Number of FPs: 12669091658.484825
Generating label segmentation...
5203 tubulin found in focal plane.
Calculating fluorophore density over focal plane...
28589 fluorophores found in the focal plane.
Calculating fluorophore photon emission rate...
Fluorophore photon emission per second = 9470381.451524047
Applying point spread function to light intensity array...
Simulating shot noise...
Quantizing intensities...

Saved data to /Users/karan/microsegmentation/SyntheticData_TRIVIAL_DENSE/Images/image-784.png and /Users/karan/microsegmentation/SyntheticData_TRIVIAL_DENSE/Labels/label-784.png.

Took 21.63 seconds.

Loading MT points from /Users/karan/tubulaton/tubulaton-run/tubulaton-785.vtk to numpy array...
Simulating positions of fluorophores...
Number of FPs: 11991022194.94947
Generating label segmentation...
6461 tubulin found in focal plane.
Calculating fluorophore density over focal plane...
41917 fluorophores found in the focal plane.
Calculating fluorophore photon emission rate...
Fluorophore photon emission per second = 9470381.451524047
Applying point spread function to light intensity array...
Simulating shot noise...
Quantizing intensities...

Saved data to /Users/karan/microsegmentation/SyntheticData_TRIVIAL_DENSE/Images/image-785.png and /Users/karan/microsegmentation/SyntheticData_TRIVIAL_DENSE/Labels/label-785.png.

Took 21.69 seconds.

Loading MT points from /Users/karan/tubulaton/tubulaton-run/tubulaton-786.vtk to numpy array...
Simulating positions of fluorophores...
Number of FPs: 13472487324.816235
Generating label segmentation...
3584 tubulin found in focal plane.
Calculating fluorophore density over focal plane...
46066 fluorophores found in the focal plane.
Calculating fluorophore photon emission rate...
Fluorophore photon emission per second = 9470381.451524047
Applying point spread function to light intensity array...
Simulating shot noise...
Quantizing intensities...

Saved data to /Users/karan/microsegmentation/SyntheticData_TRIVIAL_DENSE/Images/image-786.png and /Users/karan/microsegmentation/SyntheticData_TRIVIAL_DENSE/Labels/label-786.png.

Took 22.41 seconds.

Loading MT points from /Users/karan/tubulaton/tubulaton-run/tubulaton-787.vtk to numpy array...
Simulating positions of fluorophores...
Number of FPs: 12901466390.822443
Generating label segmentation...
4032 tubulin found in focal plane.
Calculating fluorophore density over focal plane...
39373 fluorophores found in the focal plane.
Calculating fluorophore photon emission rate...
Fluorophore photon emission per second = 9470381.451524047
Applying point spread function to light intensity array...
Simulating shot noise...
Quantizing intensities...

Saved data to /Users/karan/microsegmentation/SyntheticData_TRIVIAL_DENSE/Images/image-787.png and /Users/karan/microsegmentation/SyntheticData_TRIVIAL_DENSE/Labels/label-787.png.

Took 22.89 seconds.

Loading MT points from /Users/karan/tubulaton/tubulaton-run/tubulaton-788.vtk to numpy array...
Simulating positions of fluorophores...
Number of FPs: 12162485840.262053
Generating label segmentation...
7570 tubulin found in focal plane.
Calculating fluorophore density over focal plane...
49162 fluorophores found in the focal plane.
Calculating fluorophore photon emission rate...
Fluorophore photon emission per second = 9470381.451524047
Applying point spread function to light intensity array...
Simulating shot noise...
Quantizing intensities...

Saved data to /Users/karan/microsegmentation/SyntheticData_TRIVIAL_DENSE/Images/image-788.png and /Users/karan/microsegmentation/SyntheticData_TRIVIAL_DENSE/Labels/label-788.png.

Took 20.42 seconds.

Loading MT points from /Users/karan/tubulaton/tubulaton-run/tubulaton-789.vtk to numpy array...
Simulating positions of fluorophores...
Number of FPs: 12750630076.958414
Generating label segmentation...
5695 tubulin found in focal plane.
Calculating fluorophore density over focal plane...
38065 fluorophores found in the focal plane.
Calculating fluorophore photon emission rate...
Fluorophore photon emission per second = 9470381.451524047
Applying point spread function to light intensity array...
Simulating shot noise...
Quantizing intensities...

Saved data to /Users/karan/microsegmentation/SyntheticData_TRIVIAL_DENSE/Images/image-789.png and /Users/karan/microsegmentation/SyntheticData_TRIVIAL_DENSE/Labels/label-789.png.

Took 20.00 seconds.

Loading MT points from /Users/karan/tubulaton/tubulaton-run/tubulaton-790.vtk to numpy array...
Simulating positions of fluorophores...
Number of FPs: 12330578919.628838
Generating label segmentation...
5710 tubulin found in focal plane.
Calculating fluorophore density over focal plane...
35801 fluorophores found in the focal plane.
Calculating fluorophore photon emission rate...
Fluorophore photon emission per second = 9470381.451524047
Applying point spread function to light intensity array...
Simulating shot noise...
Quantizing intensities...

Saved data to /Users/karan/microsegmentation/SyntheticData_TRIVIAL_DENSE/Images/image-790.png and /Users/karan/microsegmentation/SyntheticData_TRIVIAL_DENSE/Labels/label-790.png.

Took 19.76 seconds.

Loading MT points from /Users/karan/tubulaton/tubulaton-run/tubulaton-791.vtk to numpy array...
Simulating positions of fluorophores...
Number of FPs: 13274472296.163733
Generating label segmentation...
5061 tubulin found in focal plane.
Calculating fluorophore density over focal plane...
30121 fluorophores found in the focal plane.
Calculating fluorophore photon emission rate...
Fluorophore photon emission per second = 9470381.451524047
Applying point spread function to light intensity array...
Simulating shot noise...
Quantizing intensities...

Saved data to /Users/karan/microsegmentation/SyntheticData_TRIVIAL_DENSE/Images/image-791.png and /Users/karan/microsegmentation/SyntheticData_TRIVIAL_DENSE/Labels/label-791.png.

Took 20.09 seconds.

Loading MT points from /Users/karan/tubulaton/tubulaton-run/tubulaton-792.vtk to numpy array...
Simulating positions of fluorophores...
Number of FPs: 12440283005.705675
Generating label segmentation...
3979 tubulin found in focal plane.
Calculating fluorophore density over focal plane...
43874 fluorophores found in the focal plane.
Calculating fluorophore photon emission rate...
Fluorophore photon emission per second = 9470381.451524047
Applying point spread function to light intensity array...
Simulating shot noise...
Quantizing intensities...

Saved data to /Users/karan/microsegmentation/SyntheticData_TRIVIAL_DENSE/Images/image-792.png and /Users/karan/microsegmentation/SyntheticData_TRIVIAL_DENSE/Labels/label-792.png.

Took 19.95 seconds.

Loading MT points from /Users/karan/tubulaton/tubulaton-run/tubulaton-793.vtk to numpy array...
Simulating positions of fluorophores...
Number of FPs: 12484500203.795313
Generating label segmentation...
5713 tubulin found in focal plane.
Calculating fluorophore density over focal plane...
31462 fluorophores found in the focal plane.
Calculating fluorophore photon emission rate...
Fluorophore photon emission per second = 9470381.451524047
Applying point spread function to light intensity array...
Simulating shot noise...
Quantizing intensities...

Saved data to /Users/karan/microsegmentation/SyntheticData_TRIVIAL_DENSE/Images/image-793.png and /Users/karan/microsegmentation/SyntheticData_TRIVIAL_DENSE/Labels/label-793.png.

Took 19.16 seconds.

Loading MT points from /Users/karan/tubulaton/tubulaton-run/tubulaton-794.vtk to numpy array...
Simulating positions of fluorophores...
Number of FPs: 12454250329.838316
Generating label segmentation...
5246 tubulin found in focal plane.
Calculating fluorophore density over focal plane...
49042 fluorophores found in the focal plane.
Calculating fluorophore photon emission rate...
Fluorophore photon emission per second = 9470381.451524047
Applying point spread function to light intensity array...
Simulating shot noise...
Quantizing intensities...

Saved data to /Users/karan/microsegmentation/SyntheticData_TRIVIAL_DENSE/Images/image-794.png and /Users/karan/microsegmentation/SyntheticData_TRIVIAL_DENSE/Labels/label-794.png.

Took 20.44 seconds.

Loading MT points from /Users/karan/tubulaton/tubulaton-run/tubulaton-795.vtk to numpy array...
Simulating positions of fluorophores...
Number of FPs: 11981992631.305498
Generating label segmentation...
5540 tubulin found in focal plane.
Calculating fluorophore density over focal plane...
43148 fluorophores found in the focal plane.
Calculating fluorophore photon emission rate...
Fluorophore photon emission per second = 9470381.451524047
Applying point spread function to light intensity array...
Simulating shot noise...
Quantizing intensities...

Saved data to /Users/karan/microsegmentation/SyntheticData_TRIVIAL_DENSE/Images/image-795.png and /Users/karan/microsegmentation/SyntheticData_TRIVIAL_DENSE/Labels/label-795.png.

Took 19.31 seconds.

Loading MT points from /Users/karan/tubulaton/tubulaton-run/tubulaton-796.vtk to numpy array...
Simulating positions of fluorophores...
Number of FPs: 12572916974.94408
Generating label segmentation...
8561 tubulin found in focal plane.
Calculating fluorophore density over focal plane...
40436 fluorophores found in the focal plane.
Calculating fluorophore photon emission rate...
Fluorophore photon emission per second = 9470381.451524047
Applying point spread function to light intensity array...
Simulating shot noise...
Quantizing intensities...

Saved data to /Users/karan/microsegmentation/SyntheticData_TRIVIAL_DENSE/Images/image-796.png and /Users/karan/microsegmentation/SyntheticData_TRIVIAL_DENSE/Labels/label-796.png.

Took 19.73 seconds.

Loading MT points from /Users/karan/tubulaton/tubulaton-run/tubulaton-797.vtk to numpy array...
Simulating positions of fluorophores...
Number of FPs: 11876800264.359177
Generating label segmentation...
9385 tubulin found in focal plane.
Calculating fluorophore density over focal plane...
47632 fluorophores found in the focal plane.
Calculating fluorophore photon emission rate...
Fluorophore photon emission per second = 9470381.451524047
Applying point spread function to light intensity array...
Simulating shot noise...
Quantizing intensities...

Saved data to /Users/karan/microsegmentation/SyntheticData_TRIVIAL_DENSE/Images/image-797.png and /Users/karan/microsegmentation/SyntheticData_TRIVIAL_DENSE/Labels/label-797.png.

Took 19.80 seconds.

Loading MT points from /Users/karan/tubulaton/tubulaton-run/tubulaton-798.vtk to numpy array...
Simulating positions of fluorophores...
Number of FPs: 12708057648.972288
Generating label segmentation...
4890 tubulin found in focal plane.
Calculating fluorophore density over focal plane...
47954 fluorophores found in the focal plane.
Calculating fluorophore photon emission rate...
Fluorophore photon emission per second = 9470381.451524047
Applying point spread function to light intensity array...
Simulating shot noise...
Quantizing intensities...

Saved data to /Users/karan/microsegmentation/SyntheticData_TRIVIAL_DENSE/Images/image-798.png and /Users/karan/microsegmentation/SyntheticData_TRIVIAL_DENSE/Labels/label-798.png.

Took 20.55 seconds.

Loading MT points from /Users/karan/tubulaton/tubulaton-run/tubulaton-799.vtk to numpy array...
Simulating positions of fluorophores...
Number of FPs: 13177296235.72273
Generating label segmentation...
5633 tubulin found in focal plane.
Calculating fluorophore density over focal plane...
34023 fluorophores found in the focal plane.
Calculating fluorophore photon emission rate...
Fluorophore photon emission per second = 9470381.451524047
Applying point spread function to light intensity array...
Simulating shot noise...
Quantizing intensities...

Saved data to /Users/karan/microsegmentation/SyntheticData_TRIVIAL_DENSE/Images/image-799.png and /Users/karan/microsegmentation/SyntheticData_TRIVIAL_DENSE/Labels/label-799.png.

Took 19.74 seconds.

Loading MT points from /Users/karan/tubulaton/tubulaton-run/tubulaton-800.vtk to numpy array...
Simulating positions of fluorophores...
Number of FPs: 12097561624.149443
Generating label segmentation...
10030 tubulin found in focal plane.
Calculating fluorophore density over focal plane...
49033 fluorophores found in the focal plane.
Calculating fluorophore photon emission rate...
Fluorophore photon emission per second = 9470381.451524047
Applying point spread function to light intensity array...
Simulating shot noise...
Quantizing intensities...

Saved data to /Users/karan/microsegmentation/SyntheticData_TRIVIAL_DENSE/Images/image-800.png and /Users/karan/microsegmentation/SyntheticData_TRIVIAL_DENSE/Labels/label-800.png.

Took 19.39 seconds.


Took 2193.38 seconds in total.
(21.93 seconds per .vtk file)
